2025-08-27 19:06:18,907 - kite_utils - ERROR - Config file not found at config\config.yaml
2025-08-27 19:06:18,907 - kite_utils - ERROR - Error loading config: Config file not found at config\config.yaml
2025-08-27 19:12:50,468 - kite_utils - INFO - Using config file at: C:\Users\pkudithi\OneDrive - NVIDIA Corporation\Documents\GitHub\kiteconnect\code\..\config\config.yaml
2025-08-27 19:13:57,070 - kite_utils - INFO - Using config file at: C:\Users\pkudithi\OneDrive - NVIDIA Corporation\Documents\GitHub\kiteconnect\code\..\config\config.yaml
2025-08-27 19:14:02,284 - kite_utils - INFO - Using config file at: C:\Users\pkudithi\OneDrive - NVIDIA Corporation\Documents\GitHub\kiteconnect\code\..\config\config.yaml
2025-08-27 19:14:02,296 - kite_utils - INFO - Using config file at: C:\Users\pkudithi\OneDrive - NVIDIA Corporation\Documents\GitHub\kiteconnect\code\..\config\config.yaml
2025-08-27 19:14:02,298 - kite_utils - INFO - Using config file at: C:\Users\pkudithi\OneDrive - NVIDIA Corporation\Documents\GitHub\kiteconnect\code\..\config\config.yaml
2025-08-27 19:14:02,621 - kite_utils - ERROR - Access token expired. Getting new token...
2025-08-27 19:14:40,330 - kite_utils - INFO - Using config file at: C:\Users\pkudithi\OneDrive - NVIDIA Corporation\Documents\GitHub\kiteconnect\code\..\config\config.yaml
2025-08-27 19:14:40,335 - kite_utils - INFO - Using config file at: C:\Users\pkudithi\OneDrive - NVIDIA Corporation\Documents\GitHub\kiteconnect\code\..\config\config.yaml
2025-08-27 19:14:40,338 - kite_utils - INFO - Using config file at: C:\Users\pkudithi\OneDrive - NVIDIA Corporation\Documents\GitHub\kiteconnect\code\..\config\config.yaml
2025-08-27 19:14:40,510 - kite_utils - ERROR - Access token expired. Getting new token...
2025-08-27 19:14:56,163 - kite_utils - INFO - Using config file at: C:\Users\pkudithi\OneDrive - NVIDIA Corporation\Documents\GitHub\kiteconnect\code\..\config\config.yaml
2025-08-27 19:14:56,166 - kite_utils - INFO - Using config file at: C:\Users\pkudithi\OneDrive - NVIDIA Corporation\Documents\GitHub\kiteconnect\code\..\config\config.yaml
2025-08-27 19:14:56,169 - kite_utils - INFO - Using config file at: C:\Users\pkudithi\OneDrive - NVIDIA Corporation\Documents\GitHub\kiteconnect\code\..\config\config.yaml
2025-08-27 19:14:56,736 - kite_utils - ERROR - Error getting live data for ITC: Insufficient permission for that call.
2025-08-27 19:23:57,822 - kite_utils - INFO - Using config file at: C:\Users\pkudithi\OneDrive - NVIDIA Corporation\Documents\GitHub\kiteconnect\code\..\config\config.yaml
2025-08-27 19:23:57,824 - kite_utils - INFO - Using config file at: C:\Users\pkudithi\OneDrive - NVIDIA Corporation\Documents\GitHub\kiteconnect\code\..\config\config.yaml
2025-08-27 19:23:57,826 - kite_utils - INFO - Using config file at: C:\Users\pkudithi\OneDrive - NVIDIA Corporation\Documents\GitHub\kiteconnect\code\..\config\config.yaml
2025-08-27 19:24:12,977 - kite_utils - INFO - Using config file at: C:\Users\pkudithi\OneDrive - NVIDIA Corporation\Documents\GitHub\kiteconnect\code\..\config\config.yaml
2025-08-27 19:24:12,979 - kite_utils - INFO - Using config file at: C:\Users\pkudithi\OneDrive - NVIDIA Corporation\Documents\GitHub\kiteconnect\code\..\config\config.yaml
2025-08-27 19:24:12,982 - kite_utils - INFO - Using config file at: C:\Users\pkudithi\OneDrive - NVIDIA Corporation\Documents\GitHub\kiteconnect\code\..\config\config.yaml
2025-08-27 19:31:49,658 - kite_utils - INFO - Using config file at: C:\Users\pkudithi\OneDrive - NVIDIA Corporation\Documents\GitHub\kiteconnect\code\..\config\config.yaml
2025-08-27 19:31:49,660 - kite_utils - INFO - Using config file at: C:\Users\pkudithi\OneDrive - NVIDIA Corporation\Documents\GitHub\kiteconnect\code\..\config\config.yaml
2025-08-27 19:31:49,663 - kite_utils - INFO - Using config file at: C:\Users\pkudithi\OneDrive - NVIDIA Corporation\Documents\GitHub\kiteconnect\code\..\config\config.yaml
2025-08-27 19:32:32,469 - kite_utils - INFO - Using config file at: C:\Users\pkudithi\OneDrive - NVIDIA Corporation\Documents\GitHub\kiteconnect\code\..\config\config.yaml
2025-08-27 19:32:32,471 - kite_utils - INFO - Using config file at: C:\Users\pkudithi\OneDrive - NVIDIA Corporation\Documents\GitHub\kiteconnect\code\..\config\config.yaml
2025-08-27 19:32:32,473 - kite_utils - INFO - Using config file at: C:\Users\pkudithi\OneDrive - NVIDIA Corporation\Documents\GitHub\kiteconnect\code\..\config\config.yaml
2025-08-27 19:41:48,134 - kite_utils - INFO - Using config file at: C:\Users\pkudithi\OneDrive - NVIDIA Corporation\Documents\GitHub\kiteconnect\code\..\config\config.yaml
2025-08-27 19:41:48,152 - kite_utils - INFO - Using config file at: C:\Users\pkudithi\OneDrive - NVIDIA Corporation\Documents\GitHub\kiteconnect\code\..\config\config.yaml
2025-08-27 19:41:48,154 - kite_utils - INFO - Using config file at: C:\Users\pkudithi\OneDrive - NVIDIA Corporation\Documents\GitHub\kiteconnect\code\..\config\config.yaml
2025-08-27 19:49:38,311 - kite_utils - INFO - Using config file at: C:\Users\pkudithi\OneDrive - NVIDIA Corporation\Documents\GitHub\kiteconnect\code\..\config\config.yaml
2025-08-27 19:49:38,313 - kite_utils - INFO - Using config file at: C:\Users\pkudithi\OneDrive - NVIDIA Corporation\Documents\GitHub\kiteconnect\code\..\config\config.yaml
2025-08-27 19:49:38,315 - kite_utils - INFO - Using config file at: C:\Users\pkudithi\OneDrive - NVIDIA Corporation\Documents\GitHub\kiteconnect\code\..\config\config.yaml
2025-08-27 20:13:27,464 - kite_utils - INFO - Using config file at: C:\Users\pkudithi\OneDrive - NVIDIA Corporation\Documents\GitHub\kiteconnect\code\..\config\config.yaml
2025-08-27 20:13:27,479 - kite_utils - INFO - Using config file at: C:\Users\pkudithi\OneDrive - NVIDIA Corporation\Documents\GitHub\kiteconnect\code\..\config\config.yaml
2025-08-27 20:13:27,482 - kite_utils - INFO - Using config file at: C:\Users\pkudithi\OneDrive - NVIDIA Corporation\Documents\GitHub\kiteconnect\code\..\config\config.yaml
2025-08-27 20:19:53,358 - kite_utils - INFO - Using config file at: C:\Users\pkudithi\OneDrive - NVIDIA Corporation\Documents\GitHub\kiteconnect\code\..\config\config.yaml
2025-08-27 20:19:53,360 - kite_utils - INFO - Using config file at: C:\Users\pkudithi\OneDrive - NVIDIA Corporation\Documents\GitHub\kiteconnect\code\..\config\config.yaml
2025-08-27 20:19:53,363 - kite_utils - INFO - Using config file at: C:\Users\pkudithi\OneDrive - NVIDIA Corporation\Documents\GitHub\kiteconnect\code\..\config\config.yaml
2025-08-27 20:32:34,889 - kite_utils - INFO - Using config file at: C:\Users\pkudithi\OneDrive - NVIDIA Corporation\Documents\GitHub\kiteconnect\code\..\config\config.yaml
2025-08-27 21:12:08,484 - kite_utils - INFO - Using config file at: C:\Users\pkudithi\OneDrive - NVIDIA Corporation\Documents\GitHub\kiteconnect\code\..\config\config.yaml
2025-08-27 21:12:42,298 - kite_utils - INFO - Using config file at: C:\Users\pkudithi\OneDrive - NVIDIA Corporation\Documents\GitHub\kiteconnect\code\..\config\config.yaml
2025-08-27 21:18:43,477 - kite_utils - INFO - Using config file at: C:\Users\pkudithi\OneDrive - NVIDIA Corporation\Documents\GitHub\kiteconnect\code\..\config\config.yaml
2025-08-27 21:18:43,480 - kite_utils - INFO - Using config file at: C:\Users\pkudithi\OneDrive - NVIDIA Corporation\Documents\GitHub\kiteconnect\code\..\config\config.yaml
2025-08-27 21:18:43,481 - kite_utils - INFO - Using config file at: C:\Users\pkudithi\OneDrive - NVIDIA Corporation\Documents\GitHub\kiteconnect\code\..\config\config.yaml
2025-08-27 21:18:43,483 - kite_utils - INFO - Using config file at: C:\Users\pkudithi\OneDrive - NVIDIA Corporation\Documents\GitHub\kiteconnect\code\..\config\config.yaml
2025-08-27 21:28:01,628 - kite_utils - INFO - Using config file at: C:\Users\pkudithi\OneDrive - NVIDIA Corporation\Documents\GitHub\kiteconnect\code\..\config\config.yaml
2025-08-27 21:28:01,639 - kite_utils - INFO - Using config file at: C:\Users\pkudithi\OneDrive - NVIDIA Corporation\Documents\GitHub\kiteconnect\code\..\config\config.yaml
2025-08-27 21:28:01,642 - kite_utils - INFO - Using config file at: C:\Users\pkudithi\OneDrive - NVIDIA Corporation\Documents\GitHub\kiteconnect\code\..\config\config.yaml
2025-08-27 21:38:02,072 - kite_utils - INFO - Using config file at: C:\Users\pkudithi\OneDrive - NVIDIA Corporation\Documents\GitHub\kiteconnect\code\..\config\config.yaml
2025-08-27 21:38:02,074 - kite_utils - INFO - Using config file at: C:\Users\pkudithi\OneDrive - NVIDIA Corporation\Documents\GitHub\kiteconnect\code\..\config\config.yaml
2025-08-27 21:38:02,076 - kite_utils - INFO - Using config file at: C:\Users\pkudithi\OneDrive - NVIDIA Corporation\Documents\GitHub\kiteconnect\code\..\config\config.yaml
2025-08-27 21:40:11,055 - kite_utils - INFO - Using config file at: C:\Users\pkudithi\OneDrive - NVIDIA Corporation\Documents\GitHub\kiteconnect\code\..\config\config.yaml
2025-08-27 21:40:11,057 - kite_utils - INFO - Using config file at: C:\Users\pkudithi\OneDrive - NVIDIA Corporation\Documents\GitHub\kiteconnect\code\..\config\config.yaml
2025-08-27 21:40:11,058 - kite_utils - INFO - Using config file at: C:\Users\pkudithi\OneDrive - NVIDIA Corporation\Documents\GitHub\kiteconnect\code\..\config\config.yaml
2025-08-27 21:50:45,598 - kite_utils - INFO - Using config file at: C:\Users\pkudithi\OneDrive - NVIDIA Corporation\Documents\GitHub\kiteconnect\code\..\config\config.yaml
2025-08-27 21:50:45,608 - kite_utils - INFO - Using config file at: C:\Users\pkudithi\OneDrive - NVIDIA Corporation\Documents\GitHub\kiteconnect\code\..\config\config.yaml
2025-08-27 21:50:45,611 - kite_utils - INFO - Using config file at: C:\Users\pkudithi\OneDrive - NVIDIA Corporation\Documents\GitHub\kiteconnect\code\..\config\config.yaml
2025-08-27 21:52:19,623 - kite_utils - INFO - Using config file at: C:\Users\pkudithi\OneDrive - NVIDIA Corporation\Documents\GitHub\kiteconnect\code\..\config\config.yaml
2025-08-27 21:52:19,624 - kite_utils - INFO - Using config file at: C:\Users\pkudithi\OneDrive - NVIDIA Corporation\Documents\GitHub\kiteconnect\code\..\config\config.yaml
2025-08-27 21:52:19,627 - kite_utils - INFO - Using config file at: C:\Users\pkudithi\OneDrive - NVIDIA Corporation\Documents\GitHub\kiteconnect\code\..\config\config.yaml
2025-08-27 21:55:00,071 - kite_utils - INFO - Using config file at: C:\Users\pkudithi\OneDrive - NVIDIA Corporation\Documents\GitHub\kiteconnect\code\..\config\config.yaml
2025-08-27 21:55:00,075 - kite_utils - INFO - Using config file at: C:\Users\pkudithi\OneDrive - NVIDIA Corporation\Documents\GitHub\kiteconnect\code\..\config\config.yaml
2025-08-27 21:55:00,077 - kite_utils - INFO - Using config file at: C:\Users\pkudithi\OneDrive - NVIDIA Corporation\Documents\GitHub\kiteconnect\code\..\config\config.yaml
2025-08-27 21:55:00,079 - kite_utils - INFO - Using config file at: C:\Users\pkudithi\OneDrive - NVIDIA Corporation\Documents\GitHub\kiteconnect\code\..\config\config.yaml
2025-08-27 22:05:51,703 - kite_utils - INFO - Using config file at: C:\Users\pkudithi\OneDrive - NVIDIA Corporation\Documents\GitHub\kiteconnect\code\..\config\config.yaml
2025-08-27 22:05:51,705 - kite_utils - INFO - Using config file at: C:\Users\pkudithi\OneDrive - NVIDIA Corporation\Documents\GitHub\kiteconnect\code\..\config\config.yaml
2025-08-27 22:05:51,708 - kite_utils - INFO - Using config file at: C:\Users\pkudithi\OneDrive - NVIDIA Corporation\Documents\GitHub\kiteconnect\code\..\config\config.yaml
2025-08-27 22:06:11,389 - kite_utils - INFO - Using config file at: C:\Users\pkudithi\OneDrive - NVIDIA Corporation\Documents\GitHub\kiteconnect\code\..\config\config.yaml
2025-08-27 22:06:11,393 - kite_utils - INFO - Using config file at: C:\Users\pkudithi\OneDrive - NVIDIA Corporation\Documents\GitHub\kiteconnect\code\..\config\config.yaml
2025-08-27 22:06:11,396 - kite_utils - INFO - Using config file at: C:\Users\pkudithi\OneDrive - NVIDIA Corporation\Documents\GitHub\kiteconnect\code\..\config\config.yaml
2025-08-27 22:06:11,398 - kite_utils - INFO - Using config file at: C:\Users\pkudithi\OneDrive - NVIDIA Corporation\Documents\GitHub\kiteconnect\code\..\config\config.yaml
2025-08-27 22:11:26,207 - kite_utils - INFO - Using config file at: C:\Users\pkudithi\OneDrive - NVIDIA Corporation\Documents\GitHub\kiteconnect\code\..\config\config.yaml
2025-08-27 22:11:26,222 - kite_utils - INFO - Using config file at: C:\Users\pkudithi\OneDrive - NVIDIA Corporation\Documents\GitHub\kiteconnect\code\..\config\config.yaml
2025-08-27 22:11:26,224 - kite_utils - INFO - Using config file at: C:\Users\pkudithi\OneDrive - NVIDIA Corporation\Documents\GitHub\kiteconnect\code\..\config\config.yaml
2025-08-27 22:17:43,372 - kite_utils - INFO - Using config file at: C:\Users\pkudithi\OneDrive - NVIDIA Corporation\Documents\GitHub\kiteconnect\code\..\config\config.yaml
2025-08-27 22:17:43,375 - kite_utils - INFO - Using config file at: C:\Users\pkudithi\OneDrive - NVIDIA Corporation\Documents\GitHub\kiteconnect\code\..\config\config.yaml
2025-08-27 22:17:43,377 - kite_utils - INFO - Using config file at: C:\Users\pkudithi\OneDrive - NVIDIA Corporation\Documents\GitHub\kiteconnect\code\..\config\config.yaml
2025-08-27 22:17:43,380 - kite_utils - INFO - Using config file at: C:\Users\pkudithi\OneDrive - NVIDIA Corporation\Documents\GitHub\kiteconnect\code\..\config\config.yaml
2025-08-27 22:20:37,728 - kite_utils - INFO - Using config file at: C:\Users\pkudithi\OneDrive - NVIDIA Corporation\Documents\GitHub\kiteconnect\code\..\config\config.yaml
2025-08-27 22:20:37,731 - kite_utils - INFO - Using config file at: C:\Users\pkudithi\OneDrive - NVIDIA Corporation\Documents\GitHub\kiteconnect\code\..\config\config.yaml
2025-08-27 22:20:37,733 - kite_utils - INFO - Using config file at: C:\Users\pkudithi\OneDrive - NVIDIA Corporation\Documents\GitHub\kiteconnect\code\..\config\config.yaml
2025-08-27 22:20:37,735 - kite_utils - INFO - Using config file at: C:\Users\pkudithi\OneDrive - NVIDIA Corporation\Documents\GitHub\kiteconnect\code\..\config\config.yaml
2025-08-27 22:23:05,585 - kite_utils - INFO - Using config file at: C:\Users\pkudithi\OneDrive - NVIDIA Corporation\Documents\GitHub\kiteconnect\code\..\config\config.yaml
2025-08-27 22:23:05,587 - kite_utils - INFO - Using config file at: C:\Users\pkudithi\OneDrive - NVIDIA Corporation\Documents\GitHub\kiteconnect\code\..\config\config.yaml
2025-08-27 22:23:05,589 - kite_utils - INFO - Using config file at: C:\Users\pkudithi\OneDrive - NVIDIA Corporation\Documents\GitHub\kiteconnect\code\..\config\config.yaml
2025-08-27 22:23:05,591 - kite_utils - INFO - Using config file at: C:\Users\pkudithi\OneDrive - NVIDIA Corporation\Documents\GitHub\kiteconnect\code\..\config\config.yaml
2025-08-27 22:30:50,900 - kite_utils - INFO - Using config file at: C:\Users\pkudithi\OneDrive - NVIDIA Corporation\Documents\GitHub\kiteconnect\code\..\config\config.yaml
2025-08-27 22:30:50,904 - kite_utils - INFO - Using config file at: C:\Users\pkudithi\OneDrive - NVIDIA Corporation\Documents\GitHub\kiteconnect\code\..\config\config.yaml
2025-08-27 22:30:50,907 - kite_utils - INFO - Using config file at: C:\Users\pkudithi\OneDrive - NVIDIA Corporation\Documents\GitHub\kiteconnect\code\..\config\config.yaml
2025-08-27 22:30:50,909 - kite_utils - INFO - Using config file at: C:\Users\pkudithi\OneDrive - NVIDIA Corporation\Documents\GitHub\kiteconnect\code\..\config\config.yaml
2025-08-27 22:31:37,237 - kite_utils - INFO - Using config file at: C:\Users\pkudithi\OneDrive - NVIDIA Corporation\Documents\GitHub\kiteconnect\code\..\config\config.yaml
2025-08-27 22:31:37,240 - kite_utils - INFO - Using config file at: C:\Users\pkudithi\OneDrive - NVIDIA Corporation\Documents\GitHub\kiteconnect\code\..\config\config.yaml
2025-08-27 22:31:37,242 - kite_utils - INFO - Using config file at: C:\Users\pkudithi\OneDrive - NVIDIA Corporation\Documents\GitHub\kiteconnect\code\..\config\config.yaml
2025-08-27 22:31:37,244 - kite_utils - INFO - Using config file at: C:\Users\pkudithi\OneDrive - NVIDIA Corporation\Documents\GitHub\kiteconnect\code\..\config\config.yaml
2025-08-27 22:32:01,502 - kite_utils - INFO - Using config file at: C:\Users\pkudithi\OneDrive - NVIDIA Corporation\Documents\GitHub\kiteconnect\code\..\config\config.yaml
2025-08-27 22:32:01,505 - kite_utils - INFO - Using config file at: C:\Users\pkudithi\OneDrive - NVIDIA Corporation\Documents\GitHub\kiteconnect\code\..\config\config.yaml
2025-08-27 22:32:01,506 - kite_utils - INFO - Using config file at: C:\Users\pkudithi\OneDrive - NVIDIA Corporation\Documents\GitHub\kiteconnect\code\..\config\config.yaml
2025-08-27 22:32:01,509 - kite_utils - INFO - Using config file at: C:\Users\pkudithi\OneDrive - NVIDIA Corporation\Documents\GitHub\kiteconnect\code\..\config\config.yaml
2025-08-27 22:33:04,169 - kite_utils - INFO - Using config file at: C:\Users\pkudithi\OneDrive - NVIDIA Corporation\Documents\GitHub\kiteconnect\code\..\config\config.yaml
2025-08-27 22:33:04,172 - kite_utils - INFO - Using config file at: C:\Users\pkudithi\OneDrive - NVIDIA Corporation\Documents\GitHub\kiteconnect\code\..\config\config.yaml
2025-08-27 22:33:04,174 - kite_utils - INFO - Using config file at: C:\Users\pkudithi\OneDrive - NVIDIA Corporation\Documents\GitHub\kiteconnect\code\..\config\config.yaml
2025-08-27 22:33:28,880 - kite_utils - INFO - Using config file at: C:\Users\pkudithi\OneDrive - NVIDIA Corporation\Documents\GitHub\kiteconnect\code\..\config\config.yaml
2025-08-27 22:33:28,883 - kite_utils - INFO - Using config file at: C:\Users\pkudithi\OneDrive - NVIDIA Corporation\Documents\GitHub\kiteconnect\code\..\config\config.yaml
2025-08-27 22:33:28,885 - kite_utils - INFO - Using config file at: C:\Users\pkudithi\OneDrive - NVIDIA Corporation\Documents\GitHub\kiteconnect\code\..\config\config.yaml
2025-08-27 22:33:28,887 - kite_utils - INFO - Using config file at: C:\Users\pkudithi\OneDrive - NVIDIA Corporation\Documents\GitHub\kiteconnect\code\..\config\config.yaml
2025-08-27 22:34:03,948 - kite_utils - INFO - Using config file at: C:\Users\pkudithi\OneDrive - NVIDIA Corporation\Documents\GitHub\kiteconnect\code\..\config\config.yaml
2025-08-27 22:34:03,951 - kite_utils - INFO - Using config file at: C:\Users\pkudithi\OneDrive - NVIDIA Corporation\Documents\GitHub\kiteconnect\code\..\config\config.yaml
2025-08-27 22:34:03,953 - kite_utils - INFO - Using config file at: C:\Users\pkudithi\OneDrive - NVIDIA Corporation\Documents\GitHub\kiteconnect\code\..\config\config.yaml
2025-08-27 22:34:03,955 - kite_utils - INFO - Using config file at: C:\Users\pkudithi\OneDrive - NVIDIA Corporation\Documents\GitHub\kiteconnect\code\..\config\config.yaml
2025-08-27 22:43:43,537 - kite_utils - INFO - Using config file at: C:\Users\pkudithi\OneDrive - NVIDIA Corporation\Documents\GitHub\kiteconnect\code\..\config\config.yaml
2025-08-27 22:43:43,550 - kite_utils - INFO - Using config file at: C:\Users\pkudithi\OneDrive - NVIDIA Corporation\Documents\GitHub\kiteconnect\code\..\config\config.yaml
2025-08-27 22:43:43,553 - kite_utils - INFO - Using config file at: C:\Users\pkudithi\OneDrive - NVIDIA Corporation\Documents\GitHub\kiteconnect\code\..\config\config.yaml
