2025-09-01 16:29:34,983 - __main__ - INFO - Initializing GTT Order Deleter for JIOFIN
2025-09-01 16:29:34,987 - __main__ - INFO - Configuration loaded successfully
2025-09-01 16:29:34,990 - __main__ - INFO - Starting GTT order deletion process
2025-09-01 16:29:35,199 - __main__ - INFO - Successfully connected to Kite Connect
2025-09-01 16:29:35,414 - __main__ - INFO - Retrieved 5 total GTT orders
2025-09-01 16:29:35,415 - __main__ - INFO - GTT Order 1: {'id': 285822520, 'user_id': 'OVF854', 'parent_trigger': None, 'type': 'single', 'created_at': '2025-09-01 16:27:31', 'updated_at': '2025-09-01 16:27:31', 'expires_at': '2026-09-01 16:27:31', 'status': 'active', 'condition': {'exchange': 'NSE', 'last_price': 316.12, 'tradingsymbol': 'JIOFIN', 'trigger_values': [311.12], 'instrument_token': 4644609}, 'orders': [{'exchange': 'NSE', 'tradingsymbol': 'JIOFIN', 'product': 'CNC', 'order_type': 'LIMIT', 'transaction_type': 'BUY', 'quantity': 15, 'price': 311.43, 'result': None}], 'meta': {}}
2025-09-01 16:29:35,425 - __main__ - INFO - GTT Order 2: {'id': 285822519, 'user_id': 'OVF854', 'parent_trigger': None, 'type': 'single', 'created_at': '2025-09-01 16:27:31', 'updated_at': '2025-09-01 16:27:31', 'expires_at': '2026-09-01 16:27:31', 'status': 'active', 'condition': {'exchange': 'NSE', 'last_price': 317.06, 'tradingsymbol': 'JIOFIN', 'trigger_values': [312.06], 'instrument_token': 4644609}, 'orders': [{'exchange': 'NSE', 'tradingsymbol': 'JIOFIN', 'product': 'CNC', 'order_type': 'LIMIT', 'transaction_type': 'BUY', 'quantity': 14, 'price': 312.38, 'result': None}], 'meta': {}}
2025-09-01 16:29:35,425 - __main__ - INFO - GTT Order 3: {'id': 285822518, 'user_id': 'OVF854', 'parent_trigger': None, 'type': 'single', 'created_at': '2025-09-01 16:27:31', 'updated_at': '2025-09-01 16:27:31', 'expires_at': '2026-09-01 16:27:31', 'status': 'active', 'condition': {'exchange': 'NSE', 'last_price': 318.01, 'tradingsymbol': 'JIOFIN', 'trigger_values': [313.01], 'instrument_token': 4644609}, 'orders': [{'exchange': 'NSE', 'tradingsymbol': 'JIOFIN', 'product': 'CNC', 'order_type': 'LIMIT', 'transaction_type': 'BUY', 'quantity': 13, 'price': 313.32, 'result': None}], 'meta': {}}
2025-09-01 16:29:35,425 - __main__ - INFO - GTT Order 4: {'id': 285822517, 'user_id': 'OVF854', 'parent_trigger': None, 'type': 'single', 'created_at': '2025-09-01 16:27:30', 'updated_at': '2025-09-01 16:27:30', 'expires_at': '2026-09-01 16:27:30', 'status': 'active', 'condition': {'exchange': 'NSE', 'last_price': 318.95, 'tradingsymbol': 'JIOFIN', 'trigger_values': [313.95], 'instrument_token': 4644609}, 'orders': [{'exchange': 'NSE', 'tradingsymbol': 'JIOFIN', 'product': 'CNC', 'order_type': 'LIMIT', 'transaction_type': 'BUY', 'quantity': 12, 'price': 314.26, 'result': None}], 'meta': {}}
2025-09-01 16:29:35,426 - __main__ - INFO - GTT Order 5: {'id': 284474079, 'user_id': 'OVF854', 'parent_trigger': None, 'type': 'single', 'created_at': '2025-08-19 14:35:05', 'updated_at': '2025-09-01 14:55:29', 'expires_at': '2026-08-19 14:35:05', 'status': 'triggered', 'condition': {'exchange': 'NSE', 'last_price': 234.19, 'tradingsymbol': 'ONGC', 'trigger_values': [238.1], 'instrument_token': 633601}, 'orders': [{'exchange': 'NSE', 'tradingsymbol': 'ONGC', 'product': 'CNC', 'order_type': 'LIMIT', 'transaction_type': 'SELL', 'quantity': 28, 'price': 238, 'result': {'account_id': 'OVF854', 'exchange': 'NSE', 'tradingsymbol': 'ONGC', 'validity': 'DAY', 'product': 'CNC', 'order_type': 'LIMIT', 'transaction_type': 'SELL', 'quantity': 28, 'price': 238, 'ltp_atp': 'LTP', 'squareoff_abs_tick': 'absolute', 'stoploss_abs_tick': 'absolute', 'timestamp': '2025-09-01 14:55:29', 'triggered_at': 238.12, 'order_result': {'status': 'success', 'order_id': '250901120767691', 'rejection_reason': ''}}}], 'meta': {}}
2025-09-01 16:29:35,426 - __main__ - INFO - Order: Symbol=JIOFIN, Status=ACTIVE, Company=JIOFIN
2025-09-01 16:29:35,471 - __main__ - INFO - Order: Symbol=JIOFIN, Status=ACTIVE, Company=JIOFIN
2025-09-01 16:29:35,473 - __main__ - INFO - Order: Symbol=JIOFIN, Status=ACTIVE, Company=JIOFIN
2025-09-01 16:29:35,476 - __main__ - INFO - Order: Symbol=JIOFIN, Status=ACTIVE, Company=JIOFIN
2025-09-01 16:29:35,478 - __main__ - INFO - Order: Symbol=ONGC, Status=TRIGGERED, Company=JIOFIN
2025-09-01 16:29:35,478 - __main__ - INFO - Found 4 active GTT orders for JIOFIN
2025-09-01 16:29:42,369 - __main__ - INFO - Starting deletion of GTT orders...
2025-09-01 16:29:42,369 - __main__ - INFO - Starting deletion of 4 GTT orders for JIOFIN
2025-09-01 16:29:42,369 - __main__ - INFO - Deleting GTT order: Trigger ID 285822520, Symbol: JIOFIN, Quantity: 0, Price: Rs.0.00
2025-09-01 16:29:42,516 - __main__ - INFO - Successfully deleted GTT order with trigger ID: 285822520
2025-09-01 16:29:42,517 - __main__ - INFO - Deleting GTT order: Trigger ID 285822519, Symbol: JIOFIN, Quantity: 0, Price: Rs.0.00
2025-09-01 16:29:42,645 - __main__ - INFO - Successfully deleted GTT order with trigger ID: 285822519
2025-09-01 16:29:42,645 - __main__ - INFO - Deleting GTT order: Trigger ID 285822518, Symbol: JIOFIN, Quantity: 0, Price: Rs.0.00
2025-09-01 16:29:42,762 - __main__ - INFO - Successfully deleted GTT order with trigger ID: 285822518
2025-09-01 16:29:42,763 - __main__ - INFO - Deleting GTT order: Trigger ID 285822517, Symbol: JIOFIN, Quantity: 0, Price: Rs.0.00
2025-09-01 16:29:42,884 - __main__ - INFO - Successfully deleted GTT order with trigger ID: 285822517
2025-09-01 16:29:42,887 - __main__ - INFO - Deletion summary saved to workdir\orders\JIOFIN_gtt_deletion_20250901_162942.json
2025-09-01 16:29:42,891 - __main__ - INFO - GTT order deletion process completed successfully
