2025-08-27 21:28:01,627 - __main__ - INFO - Initializing GTT Order Deleter for WIPRO
2025-08-27 21:28:01,639 - __main__ - INFO - Configuration loaded successfully
2025-08-27 21:28:01,642 - __main__ - INFO - Starting GTT order deletion process
2025-08-27 21:28:01,901 - __main__ - INFO - Successfully connected to Kite Connect
2025-08-27 21:28:01,901 - __main__ - ERROR - Failed to retrieve GTT orders: 'KiteConnect' object has no attribute 'gtt_orders'
2025-08-27 21:28:01,901 - __main__ - ERROR - GTT order deletion failed: 'KiteConnect' object has no attribute 'gtt_orders'
2025-08-27 21:28:01,901 - __main__ - ERROR - Error type: AttributeError
2025-08-27 21:28:01,901 - __main__ - ERROR - Full error details: 'KiteConnect' object has no attribute 'gtt_orders'
2025-08-27 21:38:02,071 - __main__ - INFO - Initializing GTT Order Deleter for WIPRO
2025-08-27 21:38:02,073 - __main__ - INFO - Configuration loaded successfully
2025-08-27 21:38:02,075 - __main__ - INFO - Starting GTT order deletion process
2025-08-27 21:38:02,398 - __main__ - INFO - Successfully connected to Kite Connect
2025-08-27 21:38:02,398 - __main__ - ERROR - Failed to retrieve GTT orders: 'KiteConnect' object has no attribute 'gtt_orders'
2025-08-27 21:38:02,398 - __main__ - ERROR - GTT order deletion failed: 'KiteConnect' object has no attribute 'gtt_orders'
2025-08-27 21:38:02,398 - __main__ - ERROR - Error type: AttributeError
2025-08-27 21:38:02,399 - __main__ - ERROR - Full error details: 'KiteConnect' object has no attribute 'gtt_orders'
2025-08-27 21:40:11,055 - __main__ - INFO - Initializing GTT Order Deleter for WIPRO
2025-08-27 21:40:11,057 - __main__ - INFO - Configuration loaded successfully
2025-08-27 21:40:11,058 - __main__ - INFO - Starting GTT order deletion process
2025-08-27 21:40:11,234 - __main__ - INFO - Successfully connected to Kite Connect
2025-08-27 21:40:11,380 - __main__ - INFO - Retrieved 5 total GTT orders
2025-08-27 21:40:11,380 - __main__ - INFO - Found 0 active GTT orders for WIPRO
2025-08-27 21:50:45,598 - __main__ - INFO - Initializing GTT Order Deleter for WIPRO
2025-08-27 21:50:45,608 - __main__ - INFO - Configuration loaded successfully
2025-08-27 21:50:45,610 - __main__ - INFO - Starting GTT order deletion process
2025-08-27 21:50:45,941 - __main__ - INFO - Successfully connected to Kite Connect
2025-08-27 21:50:46,123 - __main__ - INFO - Retrieved 5 total GTT orders
2025-08-27 21:50:46,123 - __main__ - INFO - GTT Order 1: {'id': 285329917, 'user_id': 'OVF854', 'parent_trigger': None, 'type': 'single', 'created_at': '2025-08-27 21:20:12', 'updated_at': '2025-08-27 21:20:12', 'expires_at': '2026-08-27 21:20:12', 'status': 'active', 'condition': {'exchange': 'NSE', 'last_price': 253.97, 'tradingsymbol': 'WIPRO', 'trigger_values': [248.97], 'instrument_token': 969473}, 'orders': [{'exchange': 'NSE', 'tradingsymbol': 'WIPRO', 'product': 'CNC', 'order_type': 'LIMIT', 'transaction_type': 'BUY', 'quantity': 4, 'price': 248.72, 'result': None}], 'meta': {}}
2025-08-27 21:50:46,123 - __main__ - INFO - GTT Order 2: {'id': 285329916, 'user_id': 'OVF854', 'parent_trigger': None, 'type': 'single', 'created_at': '2025-08-27 21:20:12', 'updated_at': '2025-08-27 21:20:12', 'expires_at': '2026-08-27 21:20:12', 'status': 'active', 'condition': {'exchange': 'NSE', 'last_price': 254.98, 'tradingsymbol': 'WIPRO', 'trigger_values': [249.98], 'instrument_token': 969473}, 'orders': [{'exchange': 'NSE', 'tradingsymbol': 'WIPRO', 'product': 'CNC', 'order_type': 'LIMIT', 'transaction_type': 'BUY', 'quantity': 3, 'price': 249.73, 'result': None}], 'meta': {}}
2025-08-27 21:50:46,123 - __main__ - INFO - GTT Order 3: {'id': 285329915, 'user_id': 'OVF854', 'parent_trigger': None, 'type': 'single', 'created_at': '2025-08-27 21:20:12', 'updated_at': '2025-08-27 21:20:12', 'expires_at': '2026-08-27 21:20:12', 'status': 'active', 'condition': {'exchange': 'NSE', 'last_price': 255.99, 'tradingsymbol': 'WIPRO', 'trigger_values': [250.99], 'instrument_token': 969473}, 'orders': [{'exchange': 'NSE', 'tradingsymbol': 'WIPRO', 'product': 'CNC', 'order_type': 'LIMIT', 'transaction_type': 'BUY', 'quantity': 2, 'price': 250.74, 'result': None}], 'meta': {}}
2025-08-27 21:50:46,124 - __main__ - INFO - GTT Order 4: {'id': 285329914, 'user_id': 'OVF854', 'parent_trigger': None, 'type': 'single', 'created_at': '2025-08-27 21:20:12', 'updated_at': '2025-08-27 21:20:12', 'expires_at': '2026-08-27 21:20:12', 'status': 'active', 'condition': {'exchange': 'NSE', 'last_price': 257, 'tradingsymbol': 'WIPRO', 'trigger_values': [252], 'instrument_token': 969473}, 'orders': [{'exchange': 'NSE', 'tradingsymbol': 'WIPRO', 'product': 'CNC', 'order_type': 'LIMIT', 'transaction_type': 'BUY', 'quantity': 1, 'price': 251.75, 'result': None}], 'meta': {}}
2025-08-27 21:50:46,124 - __main__ - INFO - GTT Order 5: {'id': 284474079, 'user_id': 'OVF854', 'parent_trigger': None, 'type': 'single', 'created_at': '2025-08-19 14:35:05', 'updated_at': '2025-08-27 07:52:46', 'expires_at': '2026-08-19 14:35:05', 'status': 'active', 'condition': {'exchange': 'NSE', 'last_price': 234.19, 'tradingsymbol': 'ONGC', 'trigger_values': [238.1], 'instrument_token': 633601}, 'orders': [{'exchange': 'NSE', 'tradingsymbol': 'ONGC', 'product': 'CNC', 'order_type': 'LIMIT', 'transaction_type': 'SELL', 'quantity': 28, 'price': 238, 'result': None}], 'meta': {}}
2025-08-27 21:50:46,125 - __main__ - INFO - Order: Symbol=, Status=ACTIVE, Company=WIPRO
2025-08-27 21:50:46,125 - __main__ - INFO - Order: Symbol=, Status=ACTIVE, Company=WIPRO
2025-08-27 21:50:46,125 - __main__ - INFO - Order: Symbol=, Status=ACTIVE, Company=WIPRO
2025-08-27 21:50:46,126 - __main__ - INFO - Order: Symbol=, Status=ACTIVE, Company=WIPRO
2025-08-27 21:50:46,126 - __main__ - INFO - Order: Symbol=, Status=ACTIVE, Company=WIPRO
2025-08-27 21:50:46,126 - __main__ - INFO - Found 0 active GTT orders for WIPRO
2025-08-27 21:52:19,622 - __main__ - INFO - Initializing GTT Order Deleter for WIPRO
2025-08-27 21:52:19,624 - __main__ - INFO - Configuration loaded successfully
2025-08-27 21:52:19,627 - __main__ - INFO - Starting GTT order deletion process
2025-08-27 21:52:19,775 - __main__ - INFO - Successfully connected to Kite Connect
2025-08-27 21:52:19,929 - __main__ - INFO - Retrieved 5 total GTT orders
2025-08-27 21:52:19,929 - __main__ - INFO - GTT Order 1: {'id': 285329917, 'user_id': 'OVF854', 'parent_trigger': None, 'type': 'single', 'created_at': '2025-08-27 21:20:12', 'updated_at': '2025-08-27 21:20:12', 'expires_at': '2026-08-27 21:20:12', 'status': 'active', 'condition': {'exchange': 'NSE', 'last_price': 253.97, 'tradingsymbol': 'WIPRO', 'trigger_values': [248.97], 'instrument_token': 969473}, 'orders': [{'exchange': 'NSE', 'tradingsymbol': 'WIPRO', 'product': 'CNC', 'order_type': 'LIMIT', 'transaction_type': 'BUY', 'quantity': 4, 'price': 248.72, 'result': None}], 'meta': {}}
2025-08-27 21:52:19,930 - __main__ - INFO - GTT Order 2: {'id': 285329916, 'user_id': 'OVF854', 'parent_trigger': None, 'type': 'single', 'created_at': '2025-08-27 21:20:12', 'updated_at': '2025-08-27 21:20:12', 'expires_at': '2026-08-27 21:20:12', 'status': 'active', 'condition': {'exchange': 'NSE', 'last_price': 254.98, 'tradingsymbol': 'WIPRO', 'trigger_values': [249.98], 'instrument_token': 969473}, 'orders': [{'exchange': 'NSE', 'tradingsymbol': 'WIPRO', 'product': 'CNC', 'order_type': 'LIMIT', 'transaction_type': 'BUY', 'quantity': 3, 'price': 249.73, 'result': None}], 'meta': {}}
2025-08-27 21:52:19,930 - __main__ - INFO - GTT Order 3: {'id': 285329915, 'user_id': 'OVF854', 'parent_trigger': None, 'type': 'single', 'created_at': '2025-08-27 21:20:12', 'updated_at': '2025-08-27 21:20:12', 'expires_at': '2026-08-27 21:20:12', 'status': 'active', 'condition': {'exchange': 'NSE', 'last_price': 255.99, 'tradingsymbol': 'WIPRO', 'trigger_values': [250.99], 'instrument_token': 969473}, 'orders': [{'exchange': 'NSE', 'tradingsymbol': 'WIPRO', 'product': 'CNC', 'order_type': 'LIMIT', 'transaction_type': 'BUY', 'quantity': 2, 'price': 250.74, 'result': None}], 'meta': {}}
2025-08-27 21:52:19,930 - __main__ - INFO - GTT Order 4: {'id': 285329914, 'user_id': 'OVF854', 'parent_trigger': None, 'type': 'single', 'created_at': '2025-08-27 21:20:12', 'updated_at': '2025-08-27 21:20:12', 'expires_at': '2026-08-27 21:20:12', 'status': 'active', 'condition': {'exchange': 'NSE', 'last_price': 257, 'tradingsymbol': 'WIPRO', 'trigger_values': [252], 'instrument_token': 969473}, 'orders': [{'exchange': 'NSE', 'tradingsymbol': 'WIPRO', 'product': 'CNC', 'order_type': 'LIMIT', 'transaction_type': 'BUY', 'quantity': 1, 'price': 251.75, 'result': None}], 'meta': {}}
2025-08-27 21:52:19,931 - __main__ - INFO - GTT Order 5: {'id': 284474079, 'user_id': 'OVF854', 'parent_trigger': None, 'type': 'single', 'created_at': '2025-08-19 14:35:05', 'updated_at': '2025-08-27 07:52:46', 'expires_at': '2026-08-19 14:35:05', 'status': 'active', 'condition': {'exchange': 'NSE', 'last_price': 234.19, 'tradingsymbol': 'ONGC', 'trigger_values': [238.1], 'instrument_token': 633601}, 'orders': [{'exchange': 'NSE', 'tradingsymbol': 'ONGC', 'product': 'CNC', 'order_type': 'LIMIT', 'transaction_type': 'SELL', 'quantity': 28, 'price': 238, 'result': None}], 'meta': {}}
2025-08-27 21:52:19,931 - __main__ - INFO - Order: Symbol=WIPRO, Status=ACTIVE, Company=WIPRO
2025-08-27 21:52:19,968 - __main__ - INFO - Order: Symbol=WIPRO, Status=ACTIVE, Company=WIPRO
2025-08-27 21:52:19,970 - __main__ - INFO - Order: Symbol=WIPRO, Status=ACTIVE, Company=WIPRO
2025-08-27 21:52:19,971 - __main__ - INFO - Order: Symbol=WIPRO, Status=ACTIVE, Company=WIPRO
2025-08-27 21:52:19,972 - __main__ - INFO - Order: Symbol=ONGC, Status=ACTIVE, Company=WIPRO
2025-08-27 21:52:19,972 - __main__ - INFO - Found 4 active GTT orders for WIPRO
2025-08-27 21:52:22,590 - __main__ - INFO - Starting deletion of GTT orders...
2025-08-27 21:52:22,590 - __main__ - INFO - Starting deletion of 4 GTT orders for WIPRO
2025-08-27 21:52:22,591 - __main__ - INFO - Deleting GTT order: Trigger ID 285329917, Symbol: None, Quantity: None, Price: Rs.0.00
2025-08-27 21:52:22,747 - __main__ - INFO - Successfully deleted GTT order with trigger ID: 285329917
2025-08-27 21:52:22,748 - __main__ - INFO - Deleting GTT order: Trigger ID 285329916, Symbol: None, Quantity: None, Price: Rs.0.00
2025-08-27 21:52:22,888 - __main__ - INFO - Successfully deleted GTT order with trigger ID: 285329916
2025-08-27 21:52:22,888 - __main__ - INFO - Deleting GTT order: Trigger ID 285329915, Symbol: None, Quantity: None, Price: Rs.0.00
2025-08-27 21:52:23,040 - __main__ - INFO - Successfully deleted GTT order with trigger ID: 285329915
2025-08-27 21:52:23,040 - __main__ - INFO - Deleting GTT order: Trigger ID 285329914, Symbol: None, Quantity: None, Price: Rs.0.00
2025-08-27 21:52:23,196 - __main__ - INFO - Successfully deleted GTT order with trigger ID: 285329914
2025-08-27 21:52:23,197 - __main__ - INFO - Deletion summary saved to workdir\orders\WIPRO_gtt_deletion_20250827_215223.json
2025-08-27 21:52:23,200 - __main__ - ERROR - GTT order deletion failed: unsupported format string passed to NoneType.__format__
2025-08-27 21:52:23,201 - __main__ - ERROR - Error type: TypeError
2025-08-27 21:52:23,201 - __main__ - ERROR - Full error details: unsupported format string passed to NoneType.__format__
2025-08-27 22:05:51,703 - __main__ - INFO - Initializing GTT Order Deleter for WIPRO
2025-08-27 22:05:51,705 - __main__ - INFO - Configuration loaded successfully
2025-08-27 22:05:51,707 - __main__ - INFO - Starting GTT order deletion process
2025-08-27 22:05:51,992 - __main__ - INFO - Successfully connected to Kite Connect
2025-08-27 22:05:52,146 - __main__ - INFO - Retrieved 9 total GTT orders
2025-08-27 22:05:52,147 - __main__ - INFO - GTT Order 1: {'id': 285330981, 'user_id': 'OVF854', 'parent_trigger': None, 'type': 'single', 'created_at': '2025-08-27 21:55:51', 'updated_at': '2025-08-27 21:55:51', 'expires_at': '2026-08-27 21:55:51', 'status': 'active', 'condition': {'exchange': 'NSE', 'last_price': 248.96, 'tradingsymbol': 'WIPRO', 'trigger_values': [243.96], 'instrument_token': 969473}, 'orders': [{'exchange': 'NSE', 'tradingsymbol': 'WIPRO', 'product': 'CNC', 'order_type': 'LIMIT', 'transaction_type': 'BUY', 'quantity': 9, 'price': 243.71, 'result': None}], 'meta': {}}
2025-08-27 22:05:52,147 - __main__ - INFO - GTT Order 2: {'id': 285330980, 'user_id': 'OVF854', 'parent_trigger': None, 'type': 'single', 'created_at': '2025-08-27 21:55:51', 'updated_at': '2025-08-27 21:55:51', 'expires_at': '2026-08-27 21:55:51', 'status': 'active', 'condition': {'exchange': 'NSE', 'last_price': 249.97, 'tradingsymbol': 'WIPRO', 'trigger_values': [244.97], 'instrument_token': 969473}, 'orders': [{'exchange': 'NSE', 'tradingsymbol': 'WIPRO', 'product': 'CNC', 'order_type': 'LIMIT', 'transaction_type': 'BUY', 'quantity': 8, 'price': 244.72, 'result': None}], 'meta': {}}
2025-08-27 22:05:52,148 - __main__ - INFO - GTT Order 3: {'id': 285330979, 'user_id': 'OVF854', 'parent_trigger': None, 'type': 'single', 'created_at': '2025-08-27 21:55:50', 'updated_at': '2025-08-27 21:55:50', 'expires_at': '2026-08-27 21:55:50', 'status': 'active', 'condition': {'exchange': 'NSE', 'last_price': 250.97, 'tradingsymbol': 'WIPRO', 'trigger_values': [245.97], 'instrument_token': 969473}, 'orders': [{'exchange': 'NSE', 'tradingsymbol': 'WIPRO', 'product': 'CNC', 'order_type': 'LIMIT', 'transaction_type': 'BUY', 'quantity': 7, 'price': 245.73, 'result': None}], 'meta': {}}
2025-08-27 22:05:52,148 - __main__ - INFO - GTT Order 4: {'id': 285330978, 'user_id': 'OVF854', 'parent_trigger': None, 'type': 'single', 'created_at': '2025-08-27 21:55:50', 'updated_at': '2025-08-27 21:55:50', 'expires_at': '2026-08-27 21:55:50', 'status': 'active', 'condition': {'exchange': 'NSE', 'last_price': 251.98, 'tradingsymbol': 'WIPRO', 'trigger_values': [246.98], 'instrument_token': 969473}, 'orders': [{'exchange': 'NSE', 'tradingsymbol': 'WIPRO', 'product': 'CNC', 'order_type': 'LIMIT', 'transaction_type': 'BUY', 'quantity': 6, 'price': 246.74, 'result': None}], 'meta': {}}
2025-08-27 22:05:52,148 - __main__ - INFO - GTT Order 5: {'id': 285330977, 'user_id': 'OVF854', 'parent_trigger': None, 'type': 'single', 'created_at': '2025-08-27 21:55:50', 'updated_at': '2025-08-27 21:55:50', 'expires_at': '2026-08-27 21:55:50', 'status': 'active', 'condition': {'exchange': 'NSE', 'last_price': 252.99, 'tradingsymbol': 'WIPRO', 'trigger_values': [247.99], 'instrument_token': 969473}, 'orders': [{'exchange': 'NSE', 'tradingsymbol': 'WIPRO', 'product': 'CNC', 'order_type': 'LIMIT', 'transaction_type': 'BUY', 'quantity': 5, 'price': 247.75, 'result': None}], 'meta': {}}
2025-08-27 22:05:52,148 - __main__ - INFO - GTT Order 6: {'id': 285330975, 'user_id': 'OVF854', 'parent_trigger': None, 'type': 'single', 'created_at': '2025-08-27 21:55:49', 'updated_at': '2025-08-27 21:55:49', 'expires_at': '2026-08-27 21:55:49', 'status': 'active', 'condition': {'exchange': 'NSE', 'last_price': 254, 'tradingsymbol': 'WIPRO', 'trigger_values': [249], 'instrument_token': 969473}, 'orders': [{'exchange': 'NSE', 'tradingsymbol': 'WIPRO', 'product': 'CNC', 'order_type': 'LIMIT', 'transaction_type': 'BUY', 'quantity': 4, 'price': 248.75, 'result': None}], 'meta': {}}
2025-08-27 22:05:52,149 - __main__ - INFO - GTT Order 7: {'id': 285330974, 'user_id': 'OVF854', 'parent_trigger': None, 'type': 'single', 'created_at': '2025-08-27 21:55:49', 'updated_at': '2025-08-27 21:55:49', 'expires_at': '2026-08-27 21:55:49', 'status': 'active', 'condition': {'exchange': 'NSE', 'last_price': 255.01, 'tradingsymbol': 'WIPRO', 'trigger_values': [250.01], 'instrument_token': 969473}, 'orders': [{'exchange': 'NSE', 'tradingsymbol': 'WIPRO', 'product': 'CNC', 'order_type': 'LIMIT', 'transaction_type': 'BUY', 'quantity': 3, 'price': 249.76, 'result': None}], 'meta': {}}
2025-08-27 22:05:52,149 - __main__ - INFO - GTT Order 8: {'id': 285330973, 'user_id': 'OVF854', 'parent_trigger': None, 'type': 'single', 'created_at': '2025-08-27 21:55:49', 'updated_at': '2025-08-27 21:55:49', 'expires_at': '2026-08-27 21:55:49', 'status': 'active', 'condition': {'exchange': 'NSE', 'last_price': 256.02, 'tradingsymbol': 'WIPRO', 'trigger_values': [251.02], 'instrument_token': 969473}, 'orders': [{'exchange': 'NSE', 'tradingsymbol': 'WIPRO', 'product': 'CNC', 'order_type': 'LIMIT', 'transaction_type': 'BUY', 'quantity': 2, 'price': 250.77, 'result': None}], 'meta': {}}
2025-08-27 22:05:52,149 - __main__ - INFO - GTT Order 9: {'id': 284474079, 'user_id': 'OVF854', 'parent_trigger': None, 'type': 'single', 'created_at': '2025-08-19 14:35:05', 'updated_at': '2025-08-27 07:52:46', 'expires_at': '2026-08-19 14:35:05', 'status': 'active', 'condition': {'exchange': 'NSE', 'last_price': 234.19, 'tradingsymbol': 'ONGC', 'trigger_values': [238.1], 'instrument_token': 633601}, 'orders': [{'exchange': 'NSE', 'tradingsymbol': 'ONGC', 'product': 'CNC', 'order_type': 'LIMIT', 'transaction_type': 'SELL', 'quantity': 28, 'price': 238, 'result': None}], 'meta': {}}
2025-08-27 22:05:52,150 - __main__ - INFO - Order: Symbol=WIPRO, Status=ACTIVE, Company=WIPRO
2025-08-27 22:05:52,152 - __main__ - INFO - Order: Symbol=WIPRO, Status=ACTIVE, Company=WIPRO
2025-08-27 22:05:52,154 - __main__ - INFO - Order: Symbol=WIPRO, Status=ACTIVE, Company=WIPRO
2025-08-27 22:05:52,156 - __main__ - INFO - Order: Symbol=WIPRO, Status=ACTIVE, Company=WIPRO
2025-08-27 22:05:52,157 - __main__ - INFO - Order: Symbol=WIPRO, Status=ACTIVE, Company=WIPRO
2025-08-27 22:05:52,159 - __main__ - INFO - Order: Symbol=WIPRO, Status=ACTIVE, Company=WIPRO
2025-08-27 22:05:52,160 - __main__ - INFO - Order: Symbol=WIPRO, Status=ACTIVE, Company=WIPRO
2025-08-27 22:05:52,161 - __main__ - INFO - Order: Symbol=WIPRO, Status=ACTIVE, Company=WIPRO
2025-08-27 22:05:52,163 - __main__ - INFO - Order: Symbol=ONGC, Status=ACTIVE, Company=WIPRO
2025-08-27 22:05:52,163 - __main__ - INFO - Found 8 active GTT orders for WIPRO
2025-08-27 22:05:58,534 - __main__ - INFO - Starting deletion of GTT orders...
2025-08-27 22:05:58,534 - __main__ - INFO - Starting deletion of 8 GTT orders for WIPRO
2025-08-27 22:05:58,536 - __main__ - INFO - Deleting GTT order: Trigger ID 285330981, Symbol: WIPRO, Quantity: 0, Price: Rs.0.00
2025-08-27 22:05:58,676 - __main__ - INFO - Successfully deleted GTT order with trigger ID: 285330981
2025-08-27 22:05:58,677 - __main__ - INFO - Deleting GTT order: Trigger ID 285330980, Symbol: WIPRO, Quantity: 0, Price: Rs.0.00
2025-08-27 22:05:58,852 - __main__ - INFO - Successfully deleted GTT order with trigger ID: 285330980
2025-08-27 22:05:58,852 - __main__ - INFO - Deleting GTT order: Trigger ID 285330979, Symbol: WIPRO, Quantity: 0, Price: Rs.0.00
2025-08-27 22:05:59,006 - __main__ - INFO - Successfully deleted GTT order with trigger ID: 285330979
2025-08-27 22:05:59,007 - __main__ - INFO - Deleting GTT order: Trigger ID 285330978, Symbol: WIPRO, Quantity: 0, Price: Rs.0.00
2025-08-27 22:05:59,160 - __main__ - INFO - Successfully deleted GTT order with trigger ID: 285330978
2025-08-27 22:05:59,162 - __main__ - INFO - Deleting GTT order: Trigger ID 285330977, Symbol: WIPRO, Quantity: 0, Price: Rs.0.00
2025-08-27 22:05:59,315 - __main__ - INFO - Successfully deleted GTT order with trigger ID: 285330977
2025-08-27 22:05:59,315 - __main__ - INFO - Deleting GTT order: Trigger ID 285330975, Symbol: WIPRO, Quantity: 0, Price: Rs.0.00
2025-08-27 22:05:59,465 - __main__ - INFO - Successfully deleted GTT order with trigger ID: 285330975
2025-08-27 22:05:59,465 - __main__ - INFO - Deleting GTT order: Trigger ID 285330974, Symbol: WIPRO, Quantity: 0, Price: Rs.0.00
2025-08-27 22:05:59,607 - __main__ - INFO - Successfully deleted GTT order with trigger ID: 285330974
2025-08-27 22:05:59,607 - __main__ - INFO - Deleting GTT order: Trigger ID 285330973, Symbol: WIPRO, Quantity: 0, Price: Rs.0.00
2025-08-27 22:05:59,730 - __main__ - INFO - Successfully deleted GTT order with trigger ID: 285330973
2025-08-27 22:05:59,733 - __main__ - INFO - Deletion summary saved to workdir\orders\WIPRO_gtt_deletion_20250827_220559.json
2025-08-27 22:05:59,739 - __main__ - INFO - GTT order deletion process completed successfully
2025-08-27 22:11:26,207 - __main__ - INFO - Initializing GTT Order Deleter for WIPRO
2025-08-27 22:11:26,221 - __main__ - INFO - Configuration loaded successfully
2025-08-27 22:11:26,223 - __main__ - INFO - Starting GTT order deletion process
2025-08-27 22:11:26,535 - __main__ - INFO - Successfully connected to Kite Connect
2025-08-27 22:11:26,685 - __main__ - INFO - Retrieved 10 total GTT orders
2025-08-27 22:11:26,685 - __main__ - INFO - GTT Order 1: {'id': 285331560, 'user_id': 'OVF854', 'parent_trigger': None, 'type': 'single', 'created_at': '2025-08-27 22:10:44', 'updated_at': '2025-08-27 22:10:44', 'expires_at': '2026-08-27 22:10:44', 'status': 'active', 'condition': {'exchange': 'NSE', 'last_price': 250.55, 'tradingsymbol': 'WIPRO', 'trigger_values': [245.55], 'instrument_token': 969473}, 'orders': [{'exchange': 'NSE', 'tradingsymbol': 'WIPRO', 'product': 'CNC', 'order_type': 'LIMIT', 'transaction_type': 'BUY', 'quantity': 9, 'price': 245.79, 'result': None}], 'meta': {}}
2025-08-27 22:11:26,686 - __main__ - INFO - GTT Order 2: {'id': 285331559, 'user_id': 'OVF854', 'parent_trigger': None, 'type': 'single', 'created_at': '2025-08-27 22:10:44', 'updated_at': '2025-08-27 22:10:44', 'expires_at': '2026-08-27 22:10:44', 'status': 'active', 'condition': {'exchange': 'NSE', 'last_price': 251.3, 'tradingsymbol': 'WIPRO', 'trigger_values': [246.3], 'instrument_token': 969473}, 'orders': [{'exchange': 'NSE', 'tradingsymbol': 'WIPRO', 'product': 'CNC', 'order_type': 'LIMIT', 'transaction_type': 'BUY', 'quantity': 8, 'price': 246.55, 'result': None}], 'meta': {}}
2025-08-27 22:11:26,686 - __main__ - INFO - GTT Order 3: {'id': 285331558, 'user_id': 'OVF854', 'parent_trigger': None, 'type': 'single', 'created_at': '2025-08-27 22:10:43', 'updated_at': '2025-08-27 22:10:43', 'expires_at': '2026-08-27 22:10:43', 'status': 'active', 'condition': {'exchange': 'NSE', 'last_price': 252.06, 'tradingsymbol': 'WIPRO', 'trigger_values': [247.06], 'instrument_token': 969473}, 'orders': [{'exchange': 'NSE', 'tradingsymbol': 'WIPRO', 'product': 'CNC', 'order_type': 'LIMIT', 'transaction_type': 'BUY', 'quantity': 7, 'price': 247.3, 'result': None}], 'meta': {}}
2025-08-27 22:11:26,686 - __main__ - INFO - GTT Order 4: {'id': 285331556, 'user_id': 'OVF854', 'parent_trigger': None, 'type': 'single', 'created_at': '2025-08-27 22:10:43', 'updated_at': '2025-08-27 22:10:43', 'expires_at': '2026-08-27 22:10:43', 'status': 'active', 'condition': {'exchange': 'NSE', 'last_price': 252.81, 'tradingsymbol': 'WIPRO', 'trigger_values': [247.81], 'instrument_token': 969473}, 'orders': [{'exchange': 'NSE', 'tradingsymbol': 'WIPRO', 'product': 'CNC', 'order_type': 'LIMIT', 'transaction_type': 'BUY', 'quantity': 6, 'price': 248.06, 'result': None}], 'meta': {}}
2025-08-27 22:11:26,687 - __main__ - INFO - GTT Order 5: {'id': 285331555, 'user_id': 'OVF854', 'parent_trigger': None, 'type': 'single', 'created_at': '2025-08-27 22:10:43', 'updated_at': '2025-08-27 22:10:43', 'expires_at': '2026-08-27 22:10:43', 'status': 'active', 'condition': {'exchange': 'NSE', 'last_price': 253.57, 'tradingsymbol': 'WIPRO', 'trigger_values': [248.57], 'instrument_token': 969473}, 'orders': [{'exchange': 'NSE', 'tradingsymbol': 'WIPRO', 'product': 'CNC', 'order_type': 'LIMIT', 'transaction_type': 'BUY', 'quantity': 5, 'price': 248.82, 'result': None}], 'meta': {}}
2025-08-27 22:11:26,687 - __main__ - INFO - GTT Order 6: {'id': 285331554, 'user_id': 'OVF854', 'parent_trigger': None, 'type': 'single', 'created_at': '2025-08-27 22:10:42', 'updated_at': '2025-08-27 22:10:42', 'expires_at': '2026-08-27 22:10:42', 'status': 'active', 'condition': {'exchange': 'NSE', 'last_price': 254.32, 'tradingsymbol': 'WIPRO', 'trigger_values': [249.32], 'instrument_token': 969473}, 'orders': [{'exchange': 'NSE', 'tradingsymbol': 'WIPRO', 'product': 'CNC', 'order_type': 'LIMIT', 'transaction_type': 'BUY', 'quantity': 4, 'price': 249.57, 'result': None}], 'meta': {}}
2025-08-27 22:11:26,687 - __main__ - INFO - GTT Order 7: {'id': 285331553, 'user_id': 'OVF854', 'parent_trigger': None, 'type': 'single', 'created_at': '2025-08-27 22:10:42', 'updated_at': '2025-08-27 22:10:42', 'expires_at': '2026-08-27 22:10:42', 'status': 'active', 'condition': {'exchange': 'NSE', 'last_price': 255.08, 'tradingsymbol': 'WIPRO', 'trigger_values': [250.08], 'instrument_token': 969473}, 'orders': [{'exchange': 'NSE', 'tradingsymbol': 'WIPRO', 'product': 'CNC', 'order_type': 'LIMIT', 'transaction_type': 'BUY', 'quantity': 3, 'price': 250.33, 'result': None}], 'meta': {}}
2025-08-27 22:11:26,688 - __main__ - INFO - GTT Order 8: {'id': 285331552, 'user_id': 'OVF854', 'parent_trigger': None, 'type': 'single', 'created_at': '2025-08-27 22:10:42', 'updated_at': '2025-08-27 22:10:42', 'expires_at': '2026-08-27 22:10:42', 'status': 'active', 'condition': {'exchange': 'NSE', 'last_price': 255.83, 'tradingsymbol': 'WIPRO', 'trigger_values': [250.83], 'instrument_token': 969473}, 'orders': [{'exchange': 'NSE', 'tradingsymbol': 'WIPRO', 'product': 'CNC', 'order_type': 'LIMIT', 'transaction_type': 'BUY', 'quantity': 2, 'price': 251.08, 'result': None}], 'meta': {}}
2025-08-27 22:11:26,688 - __main__ - INFO - GTT Order 9: {'id': 285331551, 'user_id': 'OVF854', 'parent_trigger': None, 'type': 'single', 'created_at': '2025-08-27 22:10:41', 'updated_at': '2025-08-27 22:10:41', 'expires_at': '2026-08-27 22:10:41', 'status': 'active', 'condition': {'exchange': 'NSE', 'last_price': 256.59000000000003, 'tradingsymbol': 'WIPRO', 'trigger_values': [251.59], 'instrument_token': 969473}, 'orders': [{'exchange': 'NSE', 'tradingsymbol': 'WIPRO', 'product': 'CNC', 'order_type': 'LIMIT', 'transaction_type': 'BUY', 'quantity': 1, 'price': 251.84, 'result': None}], 'meta': {}}
2025-08-27 22:11:26,688 - __main__ - INFO - GTT Order 10: {'id': 284474079, 'user_id': 'OVF854', 'parent_trigger': None, 'type': 'single', 'created_at': '2025-08-19 14:35:05', 'updated_at': '2025-08-27 07:52:46', 'expires_at': '2026-08-19 14:35:05', 'status': 'active', 'condition': {'exchange': 'NSE', 'last_price': 234.19, 'tradingsymbol': 'ONGC', 'trigger_values': [238.1], 'instrument_token': 633601}, 'orders': [{'exchange': 'NSE', 'tradingsymbol': 'ONGC', 'product': 'CNC', 'order_type': 'LIMIT', 'transaction_type': 'SELL', 'quantity': 28, 'price': 238, 'result': None}], 'meta': {}}
2025-08-27 22:11:26,688 - __main__ - INFO - Order: Symbol=WIPRO, Status=ACTIVE, Company=WIPRO
2025-08-27 22:11:26,724 - __main__ - INFO - Order: Symbol=WIPRO, Status=ACTIVE, Company=WIPRO
2025-08-27 22:11:26,726 - __main__ - INFO - Order: Symbol=WIPRO, Status=ACTIVE, Company=WIPRO
2025-08-27 22:11:26,728 - __main__ - INFO - Order: Symbol=WIPRO, Status=ACTIVE, Company=WIPRO
2025-08-27 22:11:26,730 - __main__ - INFO - Order: Symbol=WIPRO, Status=ACTIVE, Company=WIPRO
2025-08-27 22:11:26,732 - __main__ - INFO - Order: Symbol=WIPRO, Status=ACTIVE, Company=WIPRO
2025-08-27 22:11:26,734 - __main__ - INFO - Order: Symbol=WIPRO, Status=ACTIVE, Company=WIPRO
2025-08-27 22:11:26,735 - __main__ - INFO - Order: Symbol=WIPRO, Status=ACTIVE, Company=WIPRO
2025-08-27 22:11:26,737 - __main__ - INFO - Order: Symbol=WIPRO, Status=ACTIVE, Company=WIPRO
2025-08-27 22:11:26,739 - __main__ - INFO - Order: Symbol=ONGC, Status=ACTIVE, Company=WIPRO
2025-08-27 22:11:26,739 - __main__ - INFO - Found 9 active GTT orders for WIPRO
2025-08-27 22:11:29,375 - __main__ - INFO - Starting deletion of GTT orders...
2025-08-27 22:11:29,375 - __main__ - INFO - Starting deletion of 9 GTT orders for WIPRO
2025-08-27 22:11:29,376 - __main__ - INFO - Deleting GTT order: Trigger ID 285331560, Symbol: WIPRO, Quantity: 0, Price: Rs.0.00
2025-08-27 22:11:29,525 - __main__ - INFO - Successfully deleted GTT order with trigger ID: 285331560
2025-08-27 22:11:29,526 - __main__ - INFO - Deleting GTT order: Trigger ID 285331559, Symbol: WIPRO, Quantity: 0, Price: Rs.0.00
2025-08-27 22:11:29,678 - __main__ - INFO - Successfully deleted GTT order with trigger ID: 285331559
2025-08-27 22:11:29,678 - __main__ - INFO - Deleting GTT order: Trigger ID 285331558, Symbol: WIPRO, Quantity: 0, Price: Rs.0.00
2025-08-27 22:11:29,850 - __main__ - INFO - Successfully deleted GTT order with trigger ID: 285331558
2025-08-27 22:11:29,850 - __main__ - INFO - Deleting GTT order: Trigger ID 285331556, Symbol: WIPRO, Quantity: 0, Price: Rs.0.00
2025-08-27 22:11:30,020 - __main__ - INFO - Successfully deleted GTT order with trigger ID: 285331556
2025-08-27 22:11:30,021 - __main__ - INFO - Deleting GTT order: Trigger ID 285331555, Symbol: WIPRO, Quantity: 0, Price: Rs.0.00
2025-08-27 22:11:30,182 - __main__ - INFO - Successfully deleted GTT order with trigger ID: 285331555
2025-08-27 22:11:30,182 - __main__ - INFO - Deleting GTT order: Trigger ID 285331554, Symbol: WIPRO, Quantity: 0, Price: Rs.0.00
2025-08-27 22:11:30,397 - __main__ - INFO - Successfully deleted GTT order with trigger ID: 285331554
2025-08-27 22:11:30,397 - __main__ - INFO - Deleting GTT order: Trigger ID 285331553, Symbol: WIPRO, Quantity: 0, Price: Rs.0.00
2025-08-27 22:11:30,531 - __main__ - INFO - Successfully deleted GTT order with trigger ID: 285331553
2025-08-27 22:11:30,531 - __main__ - INFO - Deleting GTT order: Trigger ID 285331552, Symbol: WIPRO, Quantity: 0, Price: Rs.0.00
2025-08-27 22:11:30,694 - __main__ - INFO - Successfully deleted GTT order with trigger ID: 285331552
2025-08-27 22:11:30,694 - __main__ - INFO - Deleting GTT order: Trigger ID 285331551, Symbol: WIPRO, Quantity: 0, Price: Rs.0.00
2025-08-27 22:11:30,845 - __main__ - INFO - Successfully deleted GTT order with trigger ID: 285331551
2025-08-27 22:11:30,847 - __main__ - INFO - Deletion summary saved to workdir\orders\WIPRO_gtt_deletion_20250827_221130.json
2025-08-27 22:11:30,855 - __main__ - INFO - GTT order deletion process completed successfully
2025-08-27 22:33:04,167 - __main__ - INFO - Initializing GTT Order Deleter for WIPRO
2025-08-27 22:33:04,171 - __main__ - INFO - Configuration loaded successfully
2025-08-27 22:33:04,174 - __main__ - INFO - Starting GTT order deletion process
2025-08-27 22:33:04,328 - __main__ - INFO - Successfully connected to Kite Connect
2025-08-27 22:33:04,479 - __main__ - INFO - Retrieved 19 total GTT orders
2025-08-27 22:33:04,480 - __main__ - INFO - GTT Order 1: {'id': 285332647, 'user_id': 'OVF854', 'parent_trigger': None, 'type': 'single', 'created_at': '2025-08-27 22:32:46', 'updated_at': '2025-08-27 22:32:46', 'expires_at': '2026-08-27 22:32:46', 'status': 'active', 'condition': {'exchange': 'NSE', 'last_price': 250.55, 'tradingsymbol': 'WIPRO', 'trigger_values': [245.55], 'instrument_token': 969473}, 'orders': [{'exchange': 'NSE', 'tradingsymbol': 'WIPRO', 'product': 'CNC', 'order_type': 'LIMIT', 'transaction_type': 'BUY', 'quantity': 18, 'price': 245.79, 'result': None}], 'meta': {}}
2025-08-27 22:33:04,480 - __main__ - INFO - GTT Order 2: {'id': 285332646, 'user_id': 'OVF854', 'parent_trigger': None, 'type': 'single', 'created_at': '2025-08-27 22:32:46', 'updated_at': '2025-08-27 22:32:46', 'expires_at': '2026-08-27 22:32:46', 'status': 'active', 'condition': {'exchange': 'NSE', 'last_price': 251.3, 'tradingsymbol': 'WIPRO', 'trigger_values': [246.3], 'instrument_token': 969473}, 'orders': [{'exchange': 'NSE', 'tradingsymbol': 'WIPRO', 'product': 'CNC', 'order_type': 'LIMIT', 'transaction_type': 'BUY', 'quantity': 17, 'price': 246.55, 'result': None}], 'meta': {}}
2025-08-27 22:33:04,480 - __main__ - INFO - GTT Order 3: {'id': 285332645, 'user_id': 'OVF854', 'parent_trigger': None, 'type': 'single', 'created_at': '2025-08-27 22:32:46', 'updated_at': '2025-08-27 22:32:46', 'expires_at': '2026-08-27 22:32:46', 'status': 'active', 'condition': {'exchange': 'NSE', 'last_price': 252.06, 'tradingsymbol': 'WIPRO', 'trigger_values': [247.06], 'instrument_token': 969473}, 'orders': [{'exchange': 'NSE', 'tradingsymbol': 'WIPRO', 'product': 'CNC', 'order_type': 'LIMIT', 'transaction_type': 'BUY', 'quantity': 16, 'price': 247.3, 'result': None}], 'meta': {}}
2025-08-27 22:33:04,480 - __main__ - INFO - GTT Order 4: {'id': 285332644, 'user_id': 'OVF854', 'parent_trigger': None, 'type': 'single', 'created_at': '2025-08-27 22:32:45', 'updated_at': '2025-08-27 22:32:45', 'expires_at': '2026-08-27 22:32:45', 'status': 'active', 'condition': {'exchange': 'NSE', 'last_price': 252.81, 'tradingsymbol': 'WIPRO', 'trigger_values': [247.81], 'instrument_token': 969473}, 'orders': [{'exchange': 'NSE', 'tradingsymbol': 'WIPRO', 'product': 'CNC', 'order_type': 'LIMIT', 'transaction_type': 'BUY', 'quantity': 15, 'price': 248.06, 'result': None}], 'meta': {}}
2025-08-27 22:33:04,481 - __main__ - INFO - GTT Order 5: {'id': 285332643, 'user_id': 'OVF854', 'parent_trigger': None, 'type': 'single', 'created_at': '2025-08-27 22:32:45', 'updated_at': '2025-08-27 22:32:45', 'expires_at': '2026-08-27 22:32:45', 'status': 'active', 'condition': {'exchange': 'NSE', 'last_price': 253.57, 'tradingsymbol': 'WIPRO', 'trigger_values': [248.57], 'instrument_token': 969473}, 'orders': [{'exchange': 'NSE', 'tradingsymbol': 'WIPRO', 'product': 'CNC', 'order_type': 'LIMIT', 'transaction_type': 'BUY', 'quantity': 14, 'price': 248.82, 'result': None}], 'meta': {}}
2025-08-27 22:33:04,481 - __main__ - INFO - GTT Order 6: {'id': 285332642, 'user_id': 'OVF854', 'parent_trigger': None, 'type': 'single', 'created_at': '2025-08-27 22:32:45', 'updated_at': '2025-08-27 22:32:45', 'expires_at': '2026-08-27 22:32:45', 'status': 'active', 'condition': {'exchange': 'NSE', 'last_price': 254.32, 'tradingsymbol': 'WIPRO', 'trigger_values': [249.32], 'instrument_token': 969473}, 'orders': [{'exchange': 'NSE', 'tradingsymbol': 'WIPRO', 'product': 'CNC', 'order_type': 'LIMIT', 'transaction_type': 'BUY', 'quantity': 13, 'price': 249.57, 'result': None}], 'meta': {}}
2025-08-27 22:33:04,481 - __main__ - INFO - GTT Order 7: {'id': 285332641, 'user_id': 'OVF854', 'parent_trigger': None, 'type': 'single', 'created_at': '2025-08-27 22:32:44', 'updated_at': '2025-08-27 22:32:44', 'expires_at': '2026-08-27 22:32:44', 'status': 'active', 'condition': {'exchange': 'NSE', 'last_price': 255.08, 'tradingsymbol': 'WIPRO', 'trigger_values': [250.08], 'instrument_token': 969473}, 'orders': [{'exchange': 'NSE', 'tradingsymbol': 'WIPRO', 'product': 'CNC', 'order_type': 'LIMIT', 'transaction_type': 'BUY', 'quantity': 12, 'price': 250.33, 'result': None}], 'meta': {}}
2025-08-27 22:33:04,482 - __main__ - INFO - GTT Order 8: {'id': 285332640, 'user_id': 'OVF854', 'parent_trigger': None, 'type': 'single', 'created_at': '2025-08-27 22:32:44', 'updated_at': '2025-08-27 22:32:44', 'expires_at': '2026-08-27 22:32:44', 'status': 'active', 'condition': {'exchange': 'NSE', 'last_price': 255.83, 'tradingsymbol': 'WIPRO', 'trigger_values': [250.83], 'instrument_token': 969473}, 'orders': [{'exchange': 'NSE', 'tradingsymbol': 'WIPRO', 'product': 'CNC', 'order_type': 'LIMIT', 'transaction_type': 'BUY', 'quantity': 11, 'price': 251.08, 'result': None}], 'meta': {}}
2025-08-27 22:33:04,482 - __main__ - INFO - GTT Order 9: {'id': 285332639, 'user_id': 'OVF854', 'parent_trigger': None, 'type': 'single', 'created_at': '2025-08-27 22:32:44', 'updated_at': '2025-08-27 22:32:44', 'expires_at': '2026-08-27 22:32:44', 'status': 'active', 'condition': {'exchange': 'NSE', 'last_price': 256.59000000000003, 'tradingsymbol': 'WIPRO', 'trigger_values': [251.59], 'instrument_token': 969473}, 'orders': [{'exchange': 'NSE', 'tradingsymbol': 'WIPRO', 'product': 'CNC', 'order_type': 'LIMIT', 'transaction_type': 'BUY', 'quantity': 10, 'price': 251.84, 'result': None}], 'meta': {}}
2025-08-27 22:33:04,482 - __main__ - INFO - GTT Order 10: {'id': 285332333, 'user_id': 'OVF854', 'parent_trigger': None, 'type': 'single', 'created_at': '2025-08-27 22:24:46', 'updated_at': '2025-08-27 22:24:46', 'expires_at': '2026-08-27 22:24:46', 'status': 'active', 'condition': {'exchange': 'NSE', 'last_price': 250.55, 'tradingsymbol': 'WIPRO', 'trigger_values': [245.55], 'instrument_token': 969473}, 'orders': [{'exchange': 'NSE', 'tradingsymbol': 'WIPRO', 'product': 'CNC', 'order_type': 'LIMIT', 'transaction_type': 'BUY', 'quantity': 9, 'price': 245.79, 'result': None}], 'meta': {}}
2025-08-27 22:33:04,482 - __main__ - INFO - GTT Order 11: {'id': 285332332, 'user_id': 'OVF854', 'parent_trigger': None, 'type': 'single', 'created_at': '2025-08-27 22:24:45', 'updated_at': '2025-08-27 22:24:45', 'expires_at': '2026-08-27 22:24:45', 'status': 'active', 'condition': {'exchange': 'NSE', 'last_price': 251.3, 'tradingsymbol': 'WIPRO', 'trigger_values': [246.3], 'instrument_token': 969473}, 'orders': [{'exchange': 'NSE', 'tradingsymbol': 'WIPRO', 'product': 'CNC', 'order_type': 'LIMIT', 'transaction_type': 'BUY', 'quantity': 8, 'price': 246.55, 'result': None}], 'meta': {}}
2025-08-27 22:33:04,483 - __main__ - INFO - GTT Order 12: {'id': 285332331, 'user_id': 'OVF854', 'parent_trigger': None, 'type': 'single', 'created_at': '2025-08-27 22:24:45', 'updated_at': '2025-08-27 22:24:45', 'expires_at': '2026-08-27 22:24:45', 'status': 'active', 'condition': {'exchange': 'NSE', 'last_price': 252.06, 'tradingsymbol': 'WIPRO', 'trigger_values': [247.06], 'instrument_token': 969473}, 'orders': [{'exchange': 'NSE', 'tradingsymbol': 'WIPRO', 'product': 'CNC', 'order_type': 'LIMIT', 'transaction_type': 'BUY', 'quantity': 7, 'price': 247.3, 'result': None}], 'meta': {}}
2025-08-27 22:33:04,483 - __main__ - INFO - GTT Order 13: {'id': 285332330, 'user_id': 'OVF854', 'parent_trigger': None, 'type': 'single', 'created_at': '2025-08-27 22:24:45', 'updated_at': '2025-08-27 22:24:45', 'expires_at': '2026-08-27 22:24:45', 'status': 'active', 'condition': {'exchange': 'NSE', 'last_price': 252.81, 'tradingsymbol': 'WIPRO', 'trigger_values': [247.81], 'instrument_token': 969473}, 'orders': [{'exchange': 'NSE', 'tradingsymbol': 'WIPRO', 'product': 'CNC', 'order_type': 'LIMIT', 'transaction_type': 'BUY', 'quantity': 6, 'price': 248.06, 'result': None}], 'meta': {}}
2025-08-27 22:33:04,483 - __main__ - INFO - GTT Order 14: {'id': 285332328, 'user_id': 'OVF854', 'parent_trigger': None, 'type': 'single', 'created_at': '2025-08-27 22:24:45', 'updated_at': '2025-08-27 22:24:45', 'expires_at': '2026-08-27 22:24:45', 'status': 'active', 'condition': {'exchange': 'NSE', 'last_price': 253.57, 'tradingsymbol': 'WIPRO', 'trigger_values': [248.57], 'instrument_token': 969473}, 'orders': [{'exchange': 'NSE', 'tradingsymbol': 'WIPRO', 'product': 'CNC', 'order_type': 'LIMIT', 'transaction_type': 'BUY', 'quantity': 5, 'price': 248.82, 'result': None}], 'meta': {}}
2025-08-27 22:33:04,483 - __main__ - INFO - GTT Order 15: {'id': 285332327, 'user_id': 'OVF854', 'parent_trigger': None, 'type': 'single', 'created_at': '2025-08-27 22:24:44', 'updated_at': '2025-08-27 22:24:44', 'expires_at': '2026-08-27 22:24:44', 'status': 'active', 'condition': {'exchange': 'NSE', 'last_price': 254.32, 'tradingsymbol': 'WIPRO', 'trigger_values': [249.32], 'instrument_token': 969473}, 'orders': [{'exchange': 'NSE', 'tradingsymbol': 'WIPRO', 'product': 'CNC', 'order_type': 'LIMIT', 'transaction_type': 'BUY', 'quantity': 4, 'price': 249.57, 'result': None}], 'meta': {}}
2025-08-27 22:33:04,484 - __main__ - INFO - GTT Order 16: {'id': 285332325, 'user_id': 'OVF854', 'parent_trigger': None, 'type': 'single', 'created_at': '2025-08-27 22:24:44', 'updated_at': '2025-08-27 22:24:44', 'expires_at': '2026-08-27 22:24:44', 'status': 'active', 'condition': {'exchange': 'NSE', 'last_price': 255.08, 'tradingsymbol': 'WIPRO', 'trigger_values': [250.08], 'instrument_token': 969473}, 'orders': [{'exchange': 'NSE', 'tradingsymbol': 'WIPRO', 'product': 'CNC', 'order_type': 'LIMIT', 'transaction_type': 'BUY', 'quantity': 3, 'price': 250.33, 'result': None}], 'meta': {}}
2025-08-27 22:33:04,484 - __main__ - INFO - GTT Order 17: {'id': 285332323, 'user_id': 'OVF854', 'parent_trigger': None, 'type': 'single', 'created_at': '2025-08-27 22:24:44', 'updated_at': '2025-08-27 22:24:44', 'expires_at': '2026-08-27 22:24:44', 'status': 'active', 'condition': {'exchange': 'NSE', 'last_price': 255.83, 'tradingsymbol': 'WIPRO', 'trigger_values': [250.83], 'instrument_token': 969473}, 'orders': [{'exchange': 'NSE', 'tradingsymbol': 'WIPRO', 'product': 'CNC', 'order_type': 'LIMIT', 'transaction_type': 'BUY', 'quantity': 2, 'price': 251.08, 'result': None}], 'meta': {}}
2025-08-27 22:33:04,484 - __main__ - INFO - GTT Order 18: {'id': 285332321, 'user_id': 'OVF854', 'parent_trigger': None, 'type': 'single', 'created_at': '2025-08-27 22:24:43', 'updated_at': '2025-08-27 22:24:43', 'expires_at': '2026-08-27 22:24:43', 'status': 'active', 'condition': {'exchange': 'NSE', 'last_price': 256.59000000000003, 'tradingsymbol': 'WIPRO', 'trigger_values': [251.59], 'instrument_token': 969473}, 'orders': [{'exchange': 'NSE', 'tradingsymbol': 'WIPRO', 'product': 'CNC', 'order_type': 'LIMIT', 'transaction_type': 'BUY', 'quantity': 1, 'price': 251.84, 'result': None}], 'meta': {}}
2025-08-27 22:33:04,485 - __main__ - INFO - GTT Order 19: {'id': 284474079, 'user_id': 'OVF854', 'parent_trigger': None, 'type': 'single', 'created_at': '2025-08-19 14:35:05', 'updated_at': '2025-08-27 07:52:46', 'expires_at': '2026-08-19 14:35:05', 'status': 'active', 'condition': {'exchange': 'NSE', 'last_price': 234.19, 'tradingsymbol': 'ONGC', 'trigger_values': [238.1], 'instrument_token': 633601}, 'orders': [{'exchange': 'NSE', 'tradingsymbol': 'ONGC', 'product': 'CNC', 'order_type': 'LIMIT', 'transaction_type': 'SELL', 'quantity': 28, 'price': 238, 'result': None}], 'meta': {}}
2025-08-27 22:33:04,485 - __main__ - INFO - Order: Symbol=WIPRO, Status=ACTIVE, Company=WIPRO
2025-08-27 22:33:04,529 - __main__ - INFO - Order: Symbol=WIPRO, Status=ACTIVE, Company=WIPRO
2025-08-27 22:33:04,532 - __main__ - INFO - Order: Symbol=WIPRO, Status=ACTIVE, Company=WIPRO
2025-08-27 22:33:04,534 - __main__ - INFO - Order: Symbol=WIPRO, Status=ACTIVE, Company=WIPRO
2025-08-27 22:33:04,537 - __main__ - INFO - Order: Symbol=WIPRO, Status=ACTIVE, Company=WIPRO
2025-08-27 22:33:04,539 - __main__ - INFO - Order: Symbol=WIPRO, Status=ACTIVE, Company=WIPRO
2025-08-27 22:33:04,541 - __main__ - INFO - Order: Symbol=WIPRO, Status=ACTIVE, Company=WIPRO
2025-08-27 22:33:04,544 - __main__ - INFO - Order: Symbol=WIPRO, Status=ACTIVE, Company=WIPRO
2025-08-27 22:33:04,546 - __main__ - INFO - Order: Symbol=WIPRO, Status=ACTIVE, Company=WIPRO
2025-08-27 22:33:04,547 - __main__ - INFO - Order: Symbol=WIPRO, Status=ACTIVE, Company=WIPRO
2025-08-27 22:33:04,548 - __main__ - INFO - Order: Symbol=WIPRO, Status=ACTIVE, Company=WIPRO
2025-08-27 22:33:04,550 - __main__ - INFO - Order: Symbol=WIPRO, Status=ACTIVE, Company=WIPRO
2025-08-27 22:33:04,552 - __main__ - INFO - Order: Symbol=WIPRO, Status=ACTIVE, Company=WIPRO
2025-08-27 22:33:04,554 - __main__ - INFO - Order: Symbol=WIPRO, Status=ACTIVE, Company=WIPRO
2025-08-27 22:33:04,557 - __main__ - INFO - Order: Symbol=WIPRO, Status=ACTIVE, Company=WIPRO
2025-08-27 22:33:04,559 - __main__ - INFO - Order: Symbol=WIPRO, Status=ACTIVE, Company=WIPRO
2025-08-27 22:33:04,560 - __main__ - INFO - Order: Symbol=WIPRO, Status=ACTIVE, Company=WIPRO
2025-08-27 22:33:04,562 - __main__ - INFO - Order: Symbol=WIPRO, Status=ACTIVE, Company=WIPRO
2025-08-27 22:33:04,564 - __main__ - INFO - Order: Symbol=ONGC, Status=ACTIVE, Company=WIPRO
2025-08-27 22:33:04,564 - __main__ - INFO - Found 18 active GTT orders for WIPRO
2025-08-27 22:33:07,984 - __main__ - INFO - Starting deletion of GTT orders...
2025-08-27 22:33:07,984 - __main__ - INFO - Starting deletion of 18 GTT orders for WIPRO
2025-08-27 22:33:07,984 - __main__ - INFO - Deleting GTT order: Trigger ID 285332647, Symbol: WIPRO, Quantity: 0, Price: Rs.0.00
2025-08-27 22:33:08,132 - __main__ - INFO - Successfully deleted GTT order with trigger ID: 285332647
2025-08-27 22:33:08,132 - __main__ - INFO - Deleting GTT order: Trigger ID 285332646, Symbol: WIPRO, Quantity: 0, Price: Rs.0.00
2025-08-27 22:33:08,279 - __main__ - INFO - Successfully deleted GTT order with trigger ID: 285332646
2025-08-27 22:33:08,280 - __main__ - INFO - Deleting GTT order: Trigger ID 285332645, Symbol: WIPRO, Quantity: 0, Price: Rs.0.00
2025-08-27 22:33:08,419 - __main__ - INFO - Successfully deleted GTT order with trigger ID: 285332645
2025-08-27 22:33:08,419 - __main__ - INFO - Deleting GTT order: Trigger ID 285332644, Symbol: WIPRO, Quantity: 0, Price: Rs.0.00
2025-08-27 22:33:08,562 - __main__ - INFO - Successfully deleted GTT order with trigger ID: 285332644
2025-08-27 22:33:08,563 - __main__ - INFO - Deleting GTT order: Trigger ID 285332643, Symbol: WIPRO, Quantity: 0, Price: Rs.0.00
2025-08-27 22:33:08,682 - __main__ - INFO - Successfully deleted GTT order with trigger ID: 285332643
2025-08-27 22:33:08,683 - __main__ - INFO - Deleting GTT order: Trigger ID 285332642, Symbol: WIPRO, Quantity: 0, Price: Rs.0.00
2025-08-27 22:33:08,847 - __main__ - INFO - Successfully deleted GTT order with trigger ID: 285332642
2025-08-27 22:33:08,847 - __main__ - INFO - Deleting GTT order: Trigger ID 285332641, Symbol: WIPRO, Quantity: 0, Price: Rs.0.00
2025-08-27 22:33:09,006 - __main__ - INFO - Successfully deleted GTT order with trigger ID: 285332641
2025-08-27 22:33:09,007 - __main__ - INFO - Deleting GTT order: Trigger ID 285332640, Symbol: WIPRO, Quantity: 0, Price: Rs.0.00
2025-08-27 22:33:09,144 - __main__ - INFO - Successfully deleted GTT order with trigger ID: 285332640
2025-08-27 22:33:09,144 - __main__ - INFO - Deleting GTT order: Trigger ID 285332639, Symbol: WIPRO, Quantity: 0, Price: Rs.0.00
2025-08-27 22:33:09,290 - __main__ - INFO - Successfully deleted GTT order with trigger ID: 285332639
2025-08-27 22:33:09,290 - __main__ - INFO - Deleting GTT order: Trigger ID 285332333, Symbol: WIPRO, Quantity: 0, Price: Rs.0.00
2025-08-27 22:33:09,433 - __main__ - INFO - Successfully deleted GTT order with trigger ID: 285332333
2025-08-27 22:33:09,433 - __main__ - INFO - Deleting GTT order: Trigger ID 285332332, Symbol: WIPRO, Quantity: 0, Price: Rs.0.00
2025-08-27 22:33:09,571 - __main__ - INFO - Successfully deleted GTT order with trigger ID: 285332332
2025-08-27 22:33:09,571 - __main__ - INFO - Deleting GTT order: Trigger ID 285332331, Symbol: WIPRO, Quantity: 0, Price: Rs.0.00
2025-08-27 22:33:09,756 - __main__ - INFO - Successfully deleted GTT order with trigger ID: 285332331
2025-08-27 22:33:09,756 - __main__ - INFO - Deleting GTT order: Trigger ID 285332330, Symbol: WIPRO, Quantity: 0, Price: Rs.0.00
2025-08-27 22:33:09,917 - __main__ - INFO - Successfully deleted GTT order with trigger ID: 285332330
2025-08-27 22:33:09,917 - __main__ - INFO - Deleting GTT order: Trigger ID 285332328, Symbol: WIPRO, Quantity: 0, Price: Rs.0.00
2025-08-27 22:33:10,042 - __main__ - INFO - Successfully deleted GTT order with trigger ID: 285332328
2025-08-27 22:33:10,042 - __main__ - INFO - Deleting GTT order: Trigger ID 285332327, Symbol: WIPRO, Quantity: 0, Price: Rs.0.00
2025-08-27 22:33:10,181 - __main__ - INFO - Successfully deleted GTT order with trigger ID: 285332327
2025-08-27 22:33:10,181 - __main__ - INFO - Deleting GTT order: Trigger ID 285332325, Symbol: WIPRO, Quantity: 0, Price: Rs.0.00
2025-08-27 22:33:10,334 - __main__ - INFO - Successfully deleted GTT order with trigger ID: 285332325
2025-08-27 22:33:10,335 - __main__ - INFO - Deleting GTT order: Trigger ID 285332323, Symbol: WIPRO, Quantity: 0, Price: Rs.0.00
2025-08-27 22:33:10,485 - __main__ - INFO - Successfully deleted GTT order with trigger ID: 285332323
2025-08-27 22:33:10,485 - __main__ - INFO - Deleting GTT order: Trigger ID 285332321, Symbol: WIPRO, Quantity: 0, Price: Rs.0.00
2025-08-27 22:33:10,640 - __main__ - INFO - Successfully deleted GTT order with trigger ID: 285332321
2025-08-27 22:33:10,647 - __main__ - INFO - Deletion summary saved to workdir\orders\WIPRO_gtt_deletion_20250827_223310.json
2025-08-27 22:33:10,670 - __main__ - INFO - GTT order deletion process completed successfully
2025-08-27 22:43:43,536 - __main__ - INFO - Initializing GTT Order Deleter for WIPRO
2025-08-27 22:43:43,550 - __main__ - INFO - Configuration loaded successfully
2025-08-27 22:43:43,553 - __main__ - INFO - Starting GTT order deletion process
2025-08-27 22:43:43,783 - __main__ - INFO - Successfully connected to Kite Connect
2025-08-27 22:43:43,948 - __main__ - INFO - Retrieved 19 total GTT orders
2025-08-27 22:43:43,950 - __main__ - INFO - GTT Order 1: {'id': 285332716, 'user_id': 'OVF854', 'parent_trigger': None, 'type': 'single', 'created_at': '2025-08-27 22:34:16', 'updated_at': '2025-08-27 22:34:16', 'expires_at': '2026-08-27 22:34:16', 'status': 'active', 'condition': {'exchange': 'NSE', 'last_price': 244.23, 'tradingsymbol': 'WIPRO', 'trigger_values': [239.23], 'instrument_token': 969473}, 'orders': [{'exchange': 'NSE', 'tradingsymbol': 'WIPRO', 'product': 'CNC', 'order_type': 'LIMIT', 'transaction_type': 'BUY', 'quantity': 18, 'price': 239.47, 'result': None}], 'meta': {}}
2025-08-27 22:43:43,950 - __main__ - INFO - GTT Order 2: {'id': 285332715, 'user_id': 'OVF854', 'parent_trigger': None, 'type': 'single', 'created_at': '2025-08-27 22:34:15', 'updated_at': '2025-08-27 22:34:15', 'expires_at': '2026-08-27 22:34:15', 'status': 'active', 'condition': {'exchange': 'NSE', 'last_price': 244.97, 'tradingsymbol': 'WIPRO', 'trigger_values': [239.97], 'instrument_token': 969473}, 'orders': [{'exchange': 'NSE', 'tradingsymbol': 'WIPRO', 'product': 'CNC', 'order_type': 'LIMIT', 'transaction_type': 'BUY', 'quantity': 17, 'price': 240.21, 'result': None}], 'meta': {}}
2025-08-27 22:43:43,951 - __main__ - INFO - GTT Order 3: {'id': 285332714, 'user_id': 'OVF854', 'parent_trigger': None, 'type': 'single', 'created_at': '2025-08-27 22:34:15', 'updated_at': '2025-08-27 22:34:15', 'expires_at': '2026-08-27 22:34:15', 'status': 'active', 'condition': {'exchange': 'NSE', 'last_price': 245.7, 'tradingsymbol': 'WIPRO', 'trigger_values': [240.7], 'instrument_token': 969473}, 'orders': [{'exchange': 'NSE', 'tradingsymbol': 'WIPRO', 'product': 'CNC', 'order_type': 'LIMIT', 'transaction_type': 'BUY', 'quantity': 16, 'price': 240.95, 'result': None}], 'meta': {}}
2025-08-27 22:43:43,951 - __main__ - INFO - GTT Order 4: {'id': 285332713, 'user_id': 'OVF854', 'parent_trigger': None, 'type': 'single', 'created_at': '2025-08-27 22:34:15', 'updated_at': '2025-08-27 22:34:15', 'expires_at': '2026-08-27 22:34:15', 'status': 'active', 'condition': {'exchange': 'NSE', 'last_price': 246.44, 'tradingsymbol': 'WIPRO', 'trigger_values': [241.44], 'instrument_token': 969473}, 'orders': [{'exchange': 'NSE', 'tradingsymbol': 'WIPRO', 'product': 'CNC', 'order_type': 'LIMIT', 'transaction_type': 'BUY', 'quantity': 15, 'price': 241.68, 'result': None}], 'meta': {}}
2025-08-27 22:43:43,951 - __main__ - INFO - GTT Order 5: {'id': 285332712, 'user_id': 'OVF854', 'parent_trigger': None, 'type': 'single', 'created_at': '2025-08-27 22:34:14', 'updated_at': '2025-08-27 22:34:14', 'expires_at': '2026-08-27 22:34:14', 'status': 'active', 'condition': {'exchange': 'NSE', 'last_price': 247.18, 'tradingsymbol': 'WIPRO', 'trigger_values': [242.18], 'instrument_token': 969473}, 'orders': [{'exchange': 'NSE', 'tradingsymbol': 'WIPRO', 'product': 'CNC', 'order_type': 'LIMIT', 'transaction_type': 'BUY', 'quantity': 14, 'price': 242.42, 'result': None}], 'meta': {}}
2025-08-27 22:43:43,951 - __main__ - INFO - GTT Order 6: {'id': 285332711, 'user_id': 'OVF854', 'parent_trigger': None, 'type': 'single', 'created_at': '2025-08-27 22:34:14', 'updated_at': '2025-08-27 22:34:14', 'expires_at': '2026-08-27 22:34:14', 'status': 'active', 'condition': {'exchange': 'NSE', 'last_price': 247.91, 'tradingsymbol': 'WIPRO', 'trigger_values': [242.91], 'instrument_token': 969473}, 'orders': [{'exchange': 'NSE', 'tradingsymbol': 'WIPRO', 'product': 'CNC', 'order_type': 'LIMIT', 'transaction_type': 'BUY', 'quantity': 13, 'price': 243.16, 'result': None}], 'meta': {}}
2025-08-27 22:43:43,952 - __main__ - INFO - GTT Order 7: {'id': 285332710, 'user_id': 'OVF854', 'parent_trigger': None, 'type': 'single', 'created_at': '2025-08-27 22:34:14', 'updated_at': '2025-08-27 22:34:14', 'expires_at': '2026-08-27 22:34:14', 'status': 'active', 'condition': {'exchange': 'NSE', 'last_price': 248.65, 'tradingsymbol': 'WIPRO', 'trigger_values': [243.65], 'instrument_token': 969473}, 'orders': [{'exchange': 'NSE', 'tradingsymbol': 'WIPRO', 'product': 'CNC', 'order_type': 'LIMIT', 'transaction_type': 'BUY', 'quantity': 12, 'price': 243.89, 'result': None}], 'meta': {}}
2025-08-27 22:43:43,952 - __main__ - INFO - GTT Order 8: {'id': 285332709, 'user_id': 'OVF854', 'parent_trigger': None, 'type': 'single', 'created_at': '2025-08-27 22:34:13', 'updated_at': '2025-08-27 22:34:13', 'expires_at': '2026-08-27 22:34:13', 'status': 'active', 'condition': {'exchange': 'NSE', 'last_price': 249.38, 'tradingsymbol': 'WIPRO', 'trigger_values': [244.38], 'instrument_token': 969473}, 'orders': [{'exchange': 'NSE', 'tradingsymbol': 'WIPRO', 'product': 'CNC', 'order_type': 'LIMIT', 'transaction_type': 'BUY', 'quantity': 11, 'price': 244.63, 'result': None}], 'meta': {}}
2025-08-27 22:43:43,952 - __main__ - INFO - GTT Order 9: {'id': 285332708, 'user_id': 'OVF854', 'parent_trigger': None, 'type': 'single', 'created_at': '2025-08-27 22:34:13', 'updated_at': '2025-08-27 22:34:13', 'expires_at': '2026-08-27 22:34:13', 'status': 'active', 'condition': {'exchange': 'NSE', 'last_price': 250.12, 'tradingsymbol': 'WIPRO', 'trigger_values': [245.12], 'instrument_token': 969473}, 'orders': [{'exchange': 'NSE', 'tradingsymbol': 'WIPRO', 'product': 'CNC', 'order_type': 'LIMIT', 'transaction_type': 'BUY', 'quantity': 10, 'price': 245.37, 'result': None}], 'meta': {}}
2025-08-27 22:43:43,952 - __main__ - INFO - GTT Order 10: {'id': 285332688, 'user_id': 'OVF854', 'parent_trigger': None, 'type': 'single', 'created_at': '2025-08-27 22:33:36', 'updated_at': '2025-08-27 22:33:36', 'expires_at': '2026-08-27 22:33:36', 'status': 'active', 'condition': {'exchange': 'NSE', 'last_price': 250.55, 'tradingsymbol': 'WIPRO', 'trigger_values': [245.55], 'instrument_token': 969473}, 'orders': [{'exchange': 'NSE', 'tradingsymbol': 'WIPRO', 'product': 'CNC', 'order_type': 'LIMIT', 'transaction_type': 'BUY', 'quantity': 9, 'price': 245.79, 'result': None}], 'meta': {}}
2025-08-27 22:43:43,953 - __main__ - INFO - GTT Order 11: {'id': 285332687, 'user_id': 'OVF854', 'parent_trigger': None, 'type': 'single', 'created_at': '2025-08-27 22:33:36', 'updated_at': '2025-08-27 22:33:36', 'expires_at': '2026-08-27 22:33:36', 'status': 'active', 'condition': {'exchange': 'NSE', 'last_price': 251.3, 'tradingsymbol': 'WIPRO', 'trigger_values': [246.3], 'instrument_token': 969473}, 'orders': [{'exchange': 'NSE', 'tradingsymbol': 'WIPRO', 'product': 'CNC', 'order_type': 'LIMIT', 'transaction_type': 'BUY', 'quantity': 8, 'price': 246.55, 'result': None}], 'meta': {}}
2025-08-27 22:43:43,953 - __main__ - INFO - GTT Order 12: {'id': 285332686, 'user_id': 'OVF854', 'parent_trigger': None, 'type': 'single', 'created_at': '2025-08-27 22:33:36', 'updated_at': '2025-08-27 22:33:36', 'expires_at': '2026-08-27 22:33:36', 'status': 'active', 'condition': {'exchange': 'NSE', 'last_price': 252.06, 'tradingsymbol': 'WIPRO', 'trigger_values': [247.06], 'instrument_token': 969473}, 'orders': [{'exchange': 'NSE', 'tradingsymbol': 'WIPRO', 'product': 'CNC', 'order_type': 'LIMIT', 'transaction_type': 'BUY', 'quantity': 7, 'price': 247.3, 'result': None}], 'meta': {}}
2025-08-27 22:43:43,953 - __main__ - INFO - GTT Order 13: {'id': 285332685, 'user_id': 'OVF854', 'parent_trigger': None, 'type': 'single', 'created_at': '2025-08-27 22:33:36', 'updated_at': '2025-08-27 22:33:36', 'expires_at': '2026-08-27 22:33:36', 'status': 'active', 'condition': {'exchange': 'NSE', 'last_price': 252.81, 'tradingsymbol': 'WIPRO', 'trigger_values': [247.81], 'instrument_token': 969473}, 'orders': [{'exchange': 'NSE', 'tradingsymbol': 'WIPRO', 'product': 'CNC', 'order_type': 'LIMIT', 'transaction_type': 'BUY', 'quantity': 6, 'price': 248.06, 'result': None}], 'meta': {}}
2025-08-27 22:43:43,953 - __main__ - INFO - GTT Order 14: {'id': 285332684, 'user_id': 'OVF854', 'parent_trigger': None, 'type': 'single', 'created_at': '2025-08-27 22:33:35', 'updated_at': '2025-08-27 22:33:35', 'expires_at': '2026-08-27 22:33:35', 'status': 'active', 'condition': {'exchange': 'NSE', 'last_price': 253.57, 'tradingsymbol': 'WIPRO', 'trigger_values': [248.57], 'instrument_token': 969473}, 'orders': [{'exchange': 'NSE', 'tradingsymbol': 'WIPRO', 'product': 'CNC', 'order_type': 'LIMIT', 'transaction_type': 'BUY', 'quantity': 5, 'price': 248.82, 'result': None}], 'meta': {}}
2025-08-27 22:43:43,954 - __main__ - INFO - GTT Order 15: {'id': 285332683, 'user_id': 'OVF854', 'parent_trigger': None, 'type': 'single', 'created_at': '2025-08-27 22:33:35', 'updated_at': '2025-08-27 22:33:35', 'expires_at': '2026-08-27 22:33:35', 'status': 'active', 'condition': {'exchange': 'NSE', 'last_price': 254.32, 'tradingsymbol': 'WIPRO', 'trigger_values': [249.32], 'instrument_token': 969473}, 'orders': [{'exchange': 'NSE', 'tradingsymbol': 'WIPRO', 'product': 'CNC', 'order_type': 'LIMIT', 'transaction_type': 'BUY', 'quantity': 4, 'price': 249.57, 'result': None}], 'meta': {}}
2025-08-27 22:43:43,954 - __main__ - INFO - GTT Order 16: {'id': 285332681, 'user_id': 'OVF854', 'parent_trigger': None, 'type': 'single', 'created_at': '2025-08-27 22:33:35', 'updated_at': '2025-08-27 22:33:35', 'expires_at': '2026-08-27 22:33:35', 'status': 'active', 'condition': {'exchange': 'NSE', 'last_price': 255.08, 'tradingsymbol': 'WIPRO', 'trigger_values': [250.08], 'instrument_token': 969473}, 'orders': [{'exchange': 'NSE', 'tradingsymbol': 'WIPRO', 'product': 'CNC', 'order_type': 'LIMIT', 'transaction_type': 'BUY', 'quantity': 3, 'price': 250.33, 'result': None}], 'meta': {}}
2025-08-27 22:43:43,954 - __main__ - INFO - GTT Order 17: {'id': 285332680, 'user_id': 'OVF854', 'parent_trigger': None, 'type': 'single', 'created_at': '2025-08-27 22:33:34', 'updated_at': '2025-08-27 22:33:34', 'expires_at': '2026-08-27 22:33:34', 'status': 'active', 'condition': {'exchange': 'NSE', 'last_price': 255.83, 'tradingsymbol': 'WIPRO', 'trigger_values': [250.83], 'instrument_token': 969473}, 'orders': [{'exchange': 'NSE', 'tradingsymbol': 'WIPRO', 'product': 'CNC', 'order_type': 'LIMIT', 'transaction_type': 'BUY', 'quantity': 2, 'price': 251.08, 'result': None}], 'meta': {}}
2025-08-27 22:43:43,954 - __main__ - INFO - GTT Order 18: {'id': 285332679, 'user_id': 'OVF854', 'parent_trigger': None, 'type': 'single', 'created_at': '2025-08-27 22:33:34', 'updated_at': '2025-08-27 22:33:34', 'expires_at': '2026-08-27 22:33:34', 'status': 'active', 'condition': {'exchange': 'NSE', 'last_price': 256.59000000000003, 'tradingsymbol': 'WIPRO', 'trigger_values': [251.59], 'instrument_token': 969473}, 'orders': [{'exchange': 'NSE', 'tradingsymbol': 'WIPRO', 'product': 'CNC', 'order_type': 'LIMIT', 'transaction_type': 'BUY', 'quantity': 1, 'price': 251.84, 'result': None}], 'meta': {}}
2025-08-27 22:43:43,955 - __main__ - INFO - GTT Order 19: {'id': 284474079, 'user_id': 'OVF854', 'parent_trigger': None, 'type': 'single', 'created_at': '2025-08-19 14:35:05', 'updated_at': '2025-08-27 07:52:46', 'expires_at': '2026-08-19 14:35:05', 'status': 'active', 'condition': {'exchange': 'NSE', 'last_price': 234.19, 'tradingsymbol': 'ONGC', 'trigger_values': [238.1], 'instrument_token': 633601}, 'orders': [{'exchange': 'NSE', 'tradingsymbol': 'ONGC', 'product': 'CNC', 'order_type': 'LIMIT', 'transaction_type': 'SELL', 'quantity': 28, 'price': 238, 'result': None}], 'meta': {}}
2025-08-27 22:43:43,955 - __main__ - INFO - Order: Symbol=WIPRO, Status=ACTIVE, Company=WIPRO
2025-08-27 22:43:43,990 - __main__ - INFO - Order: Symbol=WIPRO, Status=ACTIVE, Company=WIPRO
2025-08-27 22:43:43,993 - __main__ - INFO - Order: Symbol=WIPRO, Status=ACTIVE, Company=WIPRO
2025-08-27 22:43:43,996 - __main__ - INFO - Order: Symbol=WIPRO, Status=ACTIVE, Company=WIPRO
2025-08-27 22:43:43,998 - __main__ - INFO - Order: Symbol=WIPRO, Status=ACTIVE, Company=WIPRO
2025-08-27 22:43:43,999 - __main__ - INFO - Order: Symbol=WIPRO, Status=ACTIVE, Company=WIPRO
2025-08-27 22:43:44,001 - __main__ - INFO - Order: Symbol=WIPRO, Status=ACTIVE, Company=WIPRO
2025-08-27 22:43:44,003 - __main__ - INFO - Order: Symbol=WIPRO, Status=ACTIVE, Company=WIPRO
2025-08-27 22:43:44,005 - __main__ - INFO - Order: Symbol=WIPRO, Status=ACTIVE, Company=WIPRO
2025-08-27 22:43:44,007 - __main__ - INFO - Order: Symbol=WIPRO, Status=ACTIVE, Company=WIPRO
2025-08-27 22:43:44,009 - __main__ - INFO - Order: Symbol=WIPRO, Status=ACTIVE, Company=WIPRO
2025-08-27 22:43:44,010 - __main__ - INFO - Order: Symbol=WIPRO, Status=ACTIVE, Company=WIPRO
2025-08-27 22:43:44,012 - __main__ - INFO - Order: Symbol=WIPRO, Status=ACTIVE, Company=WIPRO
2025-08-27 22:43:44,013 - __main__ - INFO - Order: Symbol=WIPRO, Status=ACTIVE, Company=WIPRO
2025-08-27 22:43:44,015 - __main__ - INFO - Order: Symbol=WIPRO, Status=ACTIVE, Company=WIPRO
2025-08-27 22:43:44,017 - __main__ - INFO - Order: Symbol=WIPRO, Status=ACTIVE, Company=WIPRO
2025-08-27 22:43:44,018 - __main__ - INFO - Order: Symbol=WIPRO, Status=ACTIVE, Company=WIPRO
2025-08-27 22:43:44,020 - __main__ - INFO - Order: Symbol=WIPRO, Status=ACTIVE, Company=WIPRO
2025-08-27 22:43:44,022 - __main__ - INFO - Order: Symbol=ONGC, Status=ACTIVE, Company=WIPRO
2025-08-27 22:43:44,022 - __main__ - INFO - Found 18 active GTT orders for WIPRO
2025-08-27 22:43:47,113 - __main__ - INFO - Starting deletion of GTT orders...
2025-08-27 22:43:47,113 - __main__ - INFO - Starting deletion of 18 GTT orders for WIPRO
2025-08-27 22:43:47,113 - __main__ - INFO - Deleting GTT order: Trigger ID 285332716, Symbol: WIPRO, Quantity: 0, Price: Rs.0.00
2025-08-27 22:43:47,259 - __main__ - INFO - Successfully deleted GTT order with trigger ID: 285332716
2025-08-27 22:43:47,260 - __main__ - INFO - Deleting GTT order: Trigger ID 285332715, Symbol: WIPRO, Quantity: 0, Price: Rs.0.00
2025-08-27 22:43:47,408 - __main__ - INFO - Successfully deleted GTT order with trigger ID: 285332715
2025-08-27 22:43:47,409 - __main__ - INFO - Deleting GTT order: Trigger ID 285332714, Symbol: WIPRO, Quantity: 0, Price: Rs.0.00
2025-08-27 22:43:47,568 - __main__ - INFO - Successfully deleted GTT order with trigger ID: 285332714
2025-08-27 22:43:47,569 - __main__ - INFO - Deleting GTT order: Trigger ID 285332713, Symbol: WIPRO, Quantity: 0, Price: Rs.0.00
2025-08-27 22:43:47,716 - __main__ - INFO - Successfully deleted GTT order with trigger ID: 285332713
2025-08-27 22:43:47,716 - __main__ - INFO - Deleting GTT order: Trigger ID 285332712, Symbol: WIPRO, Quantity: 0, Price: Rs.0.00
2025-08-27 22:43:47,862 - __main__ - INFO - Successfully deleted GTT order with trigger ID: 285332712
2025-08-27 22:43:47,863 - __main__ - INFO - Deleting GTT order: Trigger ID 285332711, Symbol: WIPRO, Quantity: 0, Price: Rs.0.00
2025-08-27 22:43:48,004 - __main__ - INFO - Successfully deleted GTT order with trigger ID: 285332711
2025-08-27 22:43:48,004 - __main__ - INFO - Deleting GTT order: Trigger ID 285332710, Symbol: WIPRO, Quantity: 0, Price: Rs.0.00
2025-08-27 22:43:48,132 - __main__ - INFO - Successfully deleted GTT order with trigger ID: 285332710
2025-08-27 22:43:48,133 - __main__ - INFO - Deleting GTT order: Trigger ID 285332709, Symbol: WIPRO, Quantity: 0, Price: Rs.0.00
2025-08-27 22:43:48,274 - __main__ - INFO - Successfully deleted GTT order with trigger ID: 285332709
2025-08-27 22:43:48,274 - __main__ - INFO - Deleting GTT order: Trigger ID 285332708, Symbol: WIPRO, Quantity: 0, Price: Rs.0.00
2025-08-27 22:43:48,401 - __main__ - INFO - Successfully deleted GTT order with trigger ID: 285332708
2025-08-27 22:43:48,401 - __main__ - INFO - Deleting GTT order: Trigger ID 285332688, Symbol: WIPRO, Quantity: 0, Price: Rs.0.00
2025-08-27 22:43:48,559 - __main__ - INFO - Successfully deleted GTT order with trigger ID: 285332688
2025-08-27 22:43:48,560 - __main__ - INFO - Deleting GTT order: Trigger ID 285332687, Symbol: WIPRO, Quantity: 0, Price: Rs.0.00
2025-08-27 22:43:48,680 - __main__ - INFO - Successfully deleted GTT order with trigger ID: 285332687
2025-08-27 22:43:48,681 - __main__ - INFO - Deleting GTT order: Trigger ID 285332686, Symbol: WIPRO, Quantity: 0, Price: Rs.0.00
2025-08-27 22:43:48,821 - __main__ - INFO - Successfully deleted GTT order with trigger ID: 285332686
2025-08-27 22:43:48,821 - __main__ - INFO - Deleting GTT order: Trigger ID 285332685, Symbol: WIPRO, Quantity: 0, Price: Rs.0.00
2025-08-27 22:43:48,956 - __main__ - INFO - Successfully deleted GTT order with trigger ID: 285332685
2025-08-27 22:43:48,957 - __main__ - INFO - Deleting GTT order: Trigger ID 285332684, Symbol: WIPRO, Quantity: 0, Price: Rs.0.00
2025-08-27 22:43:49,091 - __main__ - INFO - Successfully deleted GTT order with trigger ID: 285332684
2025-08-27 22:43:49,091 - __main__ - INFO - Deleting GTT order: Trigger ID 285332683, Symbol: WIPRO, Quantity: 0, Price: Rs.0.00
2025-08-27 22:43:49,209 - __main__ - INFO - Successfully deleted GTT order with trigger ID: 285332683
2025-08-27 22:43:49,209 - __main__ - INFO - Deleting GTT order: Trigger ID 285332681, Symbol: WIPRO, Quantity: 0, Price: Rs.0.00
2025-08-27 22:43:49,340 - __main__ - INFO - Successfully deleted GTT order with trigger ID: 285332681
2025-08-27 22:43:49,340 - __main__ - INFO - Deleting GTT order: Trigger ID 285332680, Symbol: WIPRO, Quantity: 0, Price: Rs.0.00
2025-08-27 22:43:49,472 - __main__ - INFO - Successfully deleted GTT order with trigger ID: 285332680
2025-08-27 22:43:49,472 - __main__ - INFO - Deleting GTT order: Trigger ID 285332679, Symbol: WIPRO, Quantity: 0, Price: Rs.0.00
2025-08-27 22:43:49,609 - __main__ - INFO - Successfully deleted GTT order with trigger ID: 285332679
2025-08-27 22:43:49,611 - __main__ - INFO - Deletion summary saved to workdir\orders\WIPRO_gtt_deletion_20250827_224349.json
2025-08-27 22:43:49,620 - __main__ - INFO - GTT order deletion process completed successfully
