2025-08-27 19:23:57,818 - __main__ - INFO - Initializing GTT Order Scheduler for WIPRO
2025-08-27 19:23:57,823 - __main__ - INFO - Configuration loaded successfully
2025-08-27 19:23:57,826 - __main__ - INFO - Starting GTT order scheduling process
2025-08-27 19:23:57,977 - __main__ - INFO - Successfully connected to Kite Connect
2025-08-27 19:23:57,978 - __main__ - INFO - Using provided current price as base: Rs.252.03
2025-08-27 19:23:57,979 - __main__ - INFO - Order 1: Price: Rs.252.03, Trigger: Rs.253.29, Value: Rs.25203.00
2025-08-27 19:23:57,980 - __main__ - INFO - Order 2: Price: Rs.249.51, Trigger: Rs.250.76, Value: Rs.24950.97
2025-08-27 19:23:57,990 - __main__ - INFO - Order 3: Price: Rs.246.99, Trigger: Rs.248.22, Value: Rs.24698.94
2025-08-27 19:23:57,991 - __main__ - INFO - Order 4: Price: Rs.244.47, Trigger: Rs.245.69, Value: Rs.24446.91
2025-08-27 19:23:57,991 - __main__ - INFO - Order 5: Price: Rs.241.95, Trigger: Rs.243.16, Value: Rs.24194.88
2025-08-27 19:24:05,064 - __main__ - INFO - Order placement cancelled by user
2025-08-27 19:24:12,974 - __main__ - INFO - Initializing GTT Order Scheduler for WIPRO
2025-08-27 19:24:12,979 - __main__ - INFO - Configuration loaded successfully
2025-08-27 19:24:12,982 - __main__ - INFO - Starting GTT order scheduling process
2025-08-27 19:24:13,123 - __main__ - INFO - Successfully connected to Kite Connect
2025-08-27 19:24:13,123 - __main__ - INFO - Using provided current price as base: Rs.252.00
2025-08-27 19:24:13,123 - __main__ - INFO - Order 1: Price: Rs.252.00, Trigger: Rs.253.26, Value: Rs.25200.00
2025-08-27 19:24:13,124 - __main__ - INFO - Order 2: Price: Rs.249.48, Trigger: Rs.250.73, Value: Rs.24948.00
2025-08-27 19:24:13,124 - __main__ - INFO - Order 3: Price: Rs.246.96, Trigger: Rs.248.19, Value: Rs.24696.00
2025-08-27 19:24:13,124 - __main__ - INFO - Order 4: Price: Rs.244.44, Trigger: Rs.245.66, Value: Rs.24444.00
2025-08-27 19:24:13,125 - __main__ - INFO - Order 5: Price: Rs.241.92, Trigger: Rs.243.13, Value: Rs.24192.00
2025-08-27 19:25:19,383 - __main__ - INFO - Order placement cancelled by user
2025-08-27 19:31:49,658 - __main__ - INFO - Initializing GTT Order Scheduler for WIPRO
2025-08-27 19:31:49,658 - __main__ - INFO - Order count: 5, Current price: Rs.252.00, Max quantity: 100
2025-08-27 19:31:49,659 - __main__ - INFO - Configuration loaded successfully
2025-08-27 19:31:49,663 - __main__ - INFO - Starting GTT order scheduling process
2025-08-27 19:31:49,833 - __main__ - INFO - Successfully connected to Kite Connect
2025-08-27 19:31:49,834 - __main__ - INFO - Using provided current price as base: Rs.252.00
2025-08-27 19:31:49,834 - __main__ - INFO - Order 1: Price: Rs.252.00, Trigger: Rs.253.26, Quantity: 1, Value: Rs.252.00
2025-08-27 19:31:49,834 - __main__ - INFO - Order 2: Price: Rs.249.48, Trigger: Rs.250.73, Quantity: 2, Value: Rs.498.96
2025-08-27 19:31:49,834 - __main__ - INFO - Order 3: Price: Rs.246.96, Trigger: Rs.248.19, Quantity: 3, Value: Rs.740.88
2025-08-27 19:31:49,835 - __main__ - INFO - Order 4: Price: Rs.244.44, Trigger: Rs.245.66, Quantity: 4, Value: Rs.977.76
2025-08-27 19:31:49,835 - __main__ - INFO - Order 5: Price: Rs.241.92, Trigger: Rs.243.13, Quantity: 5, Value: Rs.1209.60
2025-08-27 19:32:28,574 - __main__ - INFO - Order placement cancelled by user
2025-08-27 19:32:32,468 - __main__ - INFO - Initializing GTT Order Scheduler for WIPRO
2025-08-27 19:32:32,468 - __main__ - INFO - Order count: 3, Current price: Rs.252.00, Max quantity: 100
2025-08-27 19:32:32,471 - __main__ - INFO - Configuration loaded successfully
2025-08-27 19:32:32,472 - __main__ - INFO - Starting GTT order scheduling process
2025-08-27 19:32:32,642 - __main__ - INFO - Successfully connected to Kite Connect
2025-08-27 19:32:32,643 - __main__ - INFO - Using provided current price as base: Rs.252.00
2025-08-27 19:32:32,643 - __main__ - INFO - Order 1: Price: Rs.252.00, Trigger: Rs.253.26, Quantity: 1, Value: Rs.252.00
2025-08-27 19:32:32,643 - __main__ - INFO - Order 2: Price: Rs.249.48, Trigger: Rs.250.73, Quantity: 2, Value: Rs.498.96
2025-08-27 19:32:32,643 - __main__ - INFO - Order 3: Price: Rs.246.96, Trigger: Rs.248.19, Quantity: 3, Value: Rs.740.88
2025-08-27 19:32:34,456 - __main__ - INFO - Placing GTT orders...
2025-08-27 19:32:34,456 - __main__ - INFO - Placing GTT order 1 for WIPRO
2025-08-27 19:32:34,746 - __main__ - ERROR - Failed to place GTT order 1: Trigger already met.
2025-08-27 19:32:34,749 - __main__ - INFO - Placing GTT order 2 for WIPRO
2025-08-27 19:32:35,026 - __main__ - INFO - GTT order 2 placed successfully with trigger ID: 285327207
2025-08-27 19:32:35,026 - __main__ - INFO - Placing GTT order 3 for WIPRO
2025-08-27 19:32:35,334 - __main__ - INFO - GTT order 3 placed successfully with trigger ID: 285327208
2025-08-27 19:32:35,336 - __main__ - INFO - Order summary saved to workdir\orders\WIPRO_gtt_orders_20250827_193235.json
2025-08-27 19:32:35,339 - __main__ - INFO - GTT order scheduling process completed successfully
2025-08-27 19:41:48,133 - __main__ - INFO - Initializing Hybrid Order Scheduler for WIPRO
2025-08-27 19:41:48,134 - __main__ - INFO - Order count: 3, Current price: Rs.252.00, Max quantity: 100
2025-08-27 19:41:48,151 - __main__ - INFO - Configuration loaded successfully
2025-08-27 19:41:48,154 - __main__ - INFO - Starting hybrid order scheduling process
2025-08-27 19:41:48,335 - __main__ - INFO - Successfully connected to Kite Connect
2025-08-27 19:41:48,336 - __main__ - INFO - Using provided current price as base: Rs.252.00
2025-08-27 19:41:48,336 - __main__ - INFO - Order 1: Price: Rs.252.00, Type: MARKET ORDER, Quantity: 1, Value: Rs.252.00
2025-08-27 19:41:48,336 - __main__ - INFO - Order 2: Price: Rs.249.48, Trigger: Rs.250.73, Type: GTT ORDER, Quantity: 2, Value: Rs.498.96
2025-08-27 19:41:48,336 - __main__ - INFO - Order 3: Price: Rs.246.96, Trigger: Rs.248.19, Type: GTT ORDER, Quantity: 3, Value: Rs.740.88
2025-08-27 19:41:51,501 - __main__ - INFO - Placing orders...
2025-08-27 19:41:51,501 - __main__ - INFO - Placing MARKET order 1 for WIPRO
2025-08-27 19:41:51,501 - __main__ - ERROR - Failed to place order 1: KiteConnectAPI.place_order() got an unexpected keyword argument 'trading_symbol'
2025-08-27 19:41:51,501 - __main__ - INFO - Placing GTT order 2 for WIPRO
2025-08-27 19:41:53,276 - __main__ - INFO - GTT order 2 placed successfully with trigger ID: 285327383
2025-08-27 19:41:53,276 - __main__ - INFO - Placing GTT order 3 for WIPRO
2025-08-27 19:41:53,584 - __main__ - INFO - GTT order 3 placed successfully with trigger ID: 285327384
2025-08-27 19:41:53,587 - __main__ - INFO - Order summary saved to workdir\orders\WIPRO_gtt_orders_20250827_194153.json
2025-08-27 19:41:53,589 - __main__ - INFO - Hybrid order scheduling process completed successfully
2025-08-27 19:49:38,310 - __main__ - INFO - Initializing Hybrid Order Scheduler for WIPRO
2025-08-27 19:49:38,310 - __main__ - INFO - Order count: 3, Current price: Rs.252.00, Max quantity: 100
2025-08-27 19:49:38,313 - __main__ - INFO - Configuration loaded successfully
2025-08-27 19:49:38,315 - __main__ - INFO - Starting hybrid order scheduling process
2025-08-27 19:49:38,490 - __main__ - INFO - Successfully connected to Kite Connect
2025-08-27 19:49:38,578 - __main__ - INFO - Market is closed (outside trading hours) - will use LIMIT order for first order
2025-08-27 19:49:38,579 - __main__ - INFO - Using provided current price as base: Rs.252.00
2025-08-27 19:49:38,579 - __main__ - INFO - Order 1: Price: Rs.252.00, Type: LIMIT ORDER, Quantity: 1, Value: Rs.252.00
2025-08-27 19:49:38,579 - __main__ - INFO - Order 2: Price: Rs.249.48, Trigger: Rs.250.73, Type: GTT ORDER, Quantity: 2, Value: Rs.498.96
2025-08-27 19:49:38,579 - __main__ - INFO - Order 3: Price: Rs.246.96, Trigger: Rs.248.19, Type: GTT ORDER, Quantity: 3, Value: Rs.740.88
2025-08-27 19:49:54,632 - __main__ - INFO - Placing orders...
2025-08-27 19:49:54,632 - __main__ - INFO - Placing LIMIT order 1 for WIPRO
2025-08-27 19:49:55,045 - __main__ - ERROR - Failed to place order 1: Limit price should be greater than zero.
2025-08-27 19:49:55,046 - __main__ - INFO - Placing GTT order 2 for WIPRO
2025-08-27 19:49:55,361 - __main__ - INFO - GTT order 2 placed successfully with trigger ID: 285327544
2025-08-27 19:49:55,361 - __main__ - INFO - Placing GTT order 3 for WIPRO
2025-08-27 19:49:55,644 - __main__ - INFO - GTT order 3 placed successfully with trigger ID: 285327545
2025-08-27 19:49:55,655 - __main__ - INFO - Order summary saved to workdir\orders\WIPRO_gtt_orders_20250827_194955.json
2025-08-27 19:49:55,659 - __main__ - INFO - Hybrid order scheduling process completed successfully
2025-08-27 20:13:27,463 - __main__ - INFO - Initializing Hybrid Order Scheduler for WIPRO
2025-08-27 20:13:27,464 - __main__ - INFO - Order count: 5, Current price: Rs.252.00, Max quantity: 100
2025-08-27 20:13:27,479 - __main__ - INFO - Configuration loaded successfully
2025-08-27 20:13:27,481 - __main__ - INFO - Starting hybrid order scheduling process
2025-08-27 20:13:27,763 - __main__ - INFO - Successfully connected to Kite Connect
2025-08-27 20:13:30,943 - __main__ - INFO - Market is closed (outside trading hours) - will use LIMIT order for first order
2025-08-27 20:13:30,943 - __main__ - INFO - Using provided current price as base: Rs.252.00
2025-08-27 20:13:30,944 - __main__ - INFO - Market is closed - skipping first order and starting with GTT orders
2025-08-27 20:13:30,944 - __main__ - INFO - Order 1: SKIPPED (Market closed - AMO not supported)
2025-08-27 20:13:30,944 - __main__ - INFO - Order 2: Price: Rs.251.37, Trigger: Rs.263.94, Type: GTT ORDER, Quantity: 1, Value: Rs.251.37
2025-08-27 20:13:30,944 - __main__ - INFO - Order 3: Price: Rs.248.85, Trigger: Rs.261.29, Type: GTT ORDER, Quantity: 2, Value: Rs.497.70
2025-08-27 20:13:30,944 - __main__ - INFO - Order 4: Price: Rs.246.33, Trigger: Rs.258.65, Type: GTT ORDER, Quantity: 3, Value: Rs.738.99
2025-08-27 20:13:30,945 - __main__ - INFO - Order 5: Price: Rs.243.81, Trigger: Rs.256.00, Type: GTT ORDER, Quantity: 4, Value: Rs.975.24
2025-08-27 20:13:54,496 - __main__ - INFO - Placing orders...
2025-08-27 20:13:54,496 - __main__ - INFO - Skipping order 1 - Market closed, AMO not supported
2025-08-27 20:13:54,496 - __main__ - INFO - Order 1 skipped successfully
2025-08-27 20:13:54,496 - __main__ - INFO - Placing GTT order 2 for WIPRO
2025-08-27 20:13:54,796 - __main__ - ERROR - Failed to place order 2 (GTT): Trigger already met.
2025-08-27 20:13:54,796 - __main__ - ERROR - Order details: Price: Rs.251.37, Quantity: 1
2025-08-27 20:13:54,797 - __main__ - INFO - Placing GTT order 3 for WIPRO
2025-08-27 20:13:55,073 - __main__ - ERROR - Failed to place order 3 (GTT): Trigger already met.
2025-08-27 20:13:55,074 - __main__ - ERROR - Order details: Price: Rs.248.85, Quantity: 2
2025-08-27 20:13:55,077 - __main__ - INFO - Placing GTT order 4 for WIPRO
2025-08-27 20:13:55,352 - __main__ - ERROR - Failed to place order 4 (GTT): Trigger already met.
2025-08-27 20:13:55,352 - __main__ - ERROR - Order details: Price: Rs.246.33, Quantity: 3
2025-08-27 20:13:55,353 - __main__ - INFO - Placing GTT order 5 for WIPRO
2025-08-27 20:13:55,629 - __main__ - ERROR - Failed to place order 5 (GTT): Trigger already met.
2025-08-27 20:13:55,630 - __main__ - ERROR - Order details: Price: Rs.243.81, Quantity: 4
2025-08-27 20:13:55,633 - __main__ - INFO - Order summary saved to workdir\orders\WIPRO_gtt_orders_20250827_201355.json
2025-08-27 20:13:55,640 - __main__ - INFO - Hybrid order scheduling process completed successfully
2025-08-27 20:19:53,358 - __main__ - INFO - Initializing Hybrid Order Scheduler for WIPRO
2025-08-27 20:19:53,358 - __main__ - INFO - Order count: 5, Current price: Rs.252.00, Max quantity: 100
2025-08-27 20:19:53,360 - __main__ - INFO - Configuration loaded successfully
2025-08-27 20:19:53,362 - __main__ - INFO - Starting hybrid order scheduling process
2025-08-27 20:19:53,623 - __main__ - INFO - Successfully connected to Kite Connect
2025-08-27 20:19:53,703 - __main__ - INFO - Market is closed (outside trading hours) - will use LIMIT order for first order
2025-08-27 20:19:53,704 - __main__ - INFO - Using provided current price as base: Rs.252.00
2025-08-27 20:19:53,704 - __main__ - INFO - Market is closed - skipping first order and starting with GTT orders
2025-08-27 20:19:53,704 - __main__ - INFO - Order 1: SKIPPED (Market closed - AMO not supported)
2025-08-27 20:19:53,704 - __main__ - INFO - Order 2: Price: Rs.251.37, Trigger: Rs.251.62, Type: GTT ORDER, Quantity: 1, Value: Rs.251.37
2025-08-27 20:19:53,704 - __main__ - INFO - Order 3: Price: Rs.248.85, Trigger: Rs.249.10, Type: GTT ORDER, Quantity: 2, Value: Rs.497.70
2025-08-27 20:19:53,705 - __main__ - INFO - Order 4: Price: Rs.246.33, Trigger: Rs.246.58, Type: GTT ORDER, Quantity: 3, Value: Rs.738.99
2025-08-27 20:19:53,705 - __main__ - INFO - Order 5: Price: Rs.243.81, Trigger: Rs.244.05, Type: GTT ORDER, Quantity: 4, Value: Rs.975.24
2025-08-27 20:20:22,589 - __main__ - INFO - Placing orders...
2025-08-27 20:20:22,589 - __main__ - INFO - Skipping order 1 - Market closed, AMO not supported
2025-08-27 20:20:22,589 - __main__ - INFO - Order 1 skipped successfully
2025-08-27 20:20:22,590 - __main__ - INFO - Placing GTT order 2 for WIPRO
2025-08-27 20:20:22,838 - __main__ - INFO - GTT order 2 placed successfully with trigger ID: 285328294
2025-08-27 20:20:22,838 - __main__ - INFO - Placing GTT order 3 for WIPRO
2025-08-27 20:20:23,117 - __main__ - INFO - GTT order 3 placed successfully with trigger ID: 285328295
2025-08-27 20:20:23,117 - __main__ - INFO - Placing GTT order 4 for WIPRO
2025-08-27 20:20:23,386 - __main__ - INFO - GTT order 4 placed successfully with trigger ID: 285328296
2025-08-27 20:20:23,386 - __main__ - INFO - Placing GTT order 5 for WIPRO
2025-08-27 20:20:23,651 - __main__ - INFO - GTT order 5 placed successfully with trigger ID: 285328297
2025-08-27 20:20:23,653 - __main__ - INFO - Order summary saved to workdir\orders\WIPRO_gtt_orders_20250827_202023.json
2025-08-27 20:20:23,656 - __main__ - INFO - Hybrid order scheduling process completed successfully
2025-08-27 21:18:43,479 - __main__ - INFO - Price difference configured: 0.4%
2025-08-27 21:18:43,479 - __main__ - INFO - Initializing Hybrid Order Scheduler for WIPRO
2025-08-27 21:18:43,479 - __main__ - INFO - Order count: 5, Current price: Rs.252.00, Max quantity: 100
2025-08-27 21:18:43,479 - __main__ - INFO - Price difference: 0.4%
2025-08-27 21:18:43,481 - __main__ - INFO - Configuration loaded successfully
2025-08-27 21:18:43,483 - __main__ - INFO - Starting hybrid order scheduling process
2025-08-27 21:18:43,801 - __main__ - INFO - Successfully connected to Kite Connect
2025-08-27 21:18:46,395 - __main__ - INFO - Market is closed (outside trading hours) - will use LIMIT order for first order
2025-08-27 21:18:46,396 - __main__ - INFO - Using provided current price as base: Rs.252.00
2025-08-27 21:18:46,396 - __main__ - INFO - Market is closed - skipping first order and starting with GTT orders
2025-08-27 21:18:46,396 - __main__ - INFO - Order 1: SKIPPED (Market closed - AMO not supported)
2025-08-27 21:18:46,396 - __main__ - INFO - Order 2: Price: Rs.251.75, Trigger: Rs.252.00, Type: GTT ORDER, Quantity: 1, Value: Rs.251.75
2025-08-27 21:18:46,396 - __main__ - INFO - Order 3: Price: Rs.250.74, Trigger: Rs.250.99, Type: GTT ORDER, Quantity: 2, Value: Rs.501.48
2025-08-27 21:18:46,396 - __main__ - INFO - Order 4: Price: Rs.249.73, Trigger: Rs.249.98, Type: GTT ORDER, Quantity: 3, Value: Rs.749.20
2025-08-27 21:18:46,396 - __main__ - INFO - Order 5: Price: Rs.248.72, Trigger: Rs.248.97, Type: GTT ORDER, Quantity: 4, Value: Rs.994.90
2025-08-27 21:20:11,747 - __main__ - INFO - Placing orders...
2025-08-27 21:20:11,747 - __main__ - INFO - Skipping order 1 - Market closed, AMO not supported
2025-08-27 21:20:11,747 - __main__ - INFO - Order 1 skipped successfully
2025-08-27 21:20:11,747 - __main__ - INFO - Placing GTT order 2 for WIPRO
2025-08-27 21:20:12,061 - __main__ - INFO - GTT order 2 placed successfully with trigger ID: 285329914
2025-08-27 21:20:12,061 - __main__ - INFO - Placing GTT order 3 for WIPRO
2025-08-27 21:20:12,398 - __main__ - INFO - GTT order 3 placed successfully with trigger ID: 285329915
2025-08-27 21:20:12,400 - __main__ - INFO - Placing GTT order 4 for WIPRO
2025-08-27 21:20:12,695 - __main__ - INFO - GTT order 4 placed successfully with trigger ID: 285329916
2025-08-27 21:20:12,695 - __main__ - INFO - Placing GTT order 5 for WIPRO
2025-08-27 21:20:13,019 - __main__ - INFO - GTT order 5 placed successfully with trigger ID: 285329917
2025-08-27 21:20:13,024 - __main__ - INFO - Order summary saved to workdir\orders\WIPRO_gtt_orders_20250827_212013.json
2025-08-27 21:20:13,034 - __main__ - INFO - Hybrid order scheduling process completed successfully
2025-08-27 21:55:00,074 - __main__ - INFO - Price difference configured: 0.4%
2025-08-27 21:55:00,074 - __main__ - INFO - Initializing Hybrid Order Scheduler for WIPRO
2025-08-27 21:55:00,074 - __main__ - INFO - Order count: 10, Current price: Rs.252.03, Max quantity: 100
2025-08-27 21:55:00,075 - __main__ - INFO - Price difference: 0.4%
2025-08-27 21:55:00,077 - __main__ - INFO - Configuration loaded successfully
2025-08-27 21:55:00,079 - __main__ - INFO - Starting hybrid order scheduling process
2025-08-27 21:55:00,256 - __main__ - INFO - Successfully connected to Kite Connect
2025-08-27 21:55:03,056 - __main__ - INFO - Market is closed (outside trading hours) - will use LIMIT order for first order
2025-08-27 21:55:03,056 - __main__ - INFO - Using provided current price as base: Rs.252.03
2025-08-27 21:55:03,056 - __main__ - INFO - Market is closed - skipping first order and starting with GTT orders
2025-08-27 21:55:03,057 - __main__ - INFO - Order 1: SKIPPED (Market closed - AMO not supported)
2025-08-27 21:55:03,057 - __main__ - INFO - Order 2: Price: Rs.251.78, Trigger: Rs.252.03, Type: GTT ORDER, Quantity: 1, Value: Rs.251.78
2025-08-27 21:55:03,057 - __main__ - INFO - Order 3: Price: Rs.250.77, Trigger: Rs.251.02, Type: GTT ORDER, Quantity: 2, Value: Rs.501.54
2025-08-27 21:55:03,057 - __main__ - INFO - Order 4: Price: Rs.249.76, Trigger: Rs.250.01, Type: GTT ORDER, Quantity: 3, Value: Rs.749.29
2025-08-27 21:55:03,058 - __main__ - INFO - Order 5: Price: Rs.248.75, Trigger: Rs.249.00, Type: GTT ORDER, Quantity: 4, Value: Rs.995.01
2025-08-27 21:55:03,058 - __main__ - INFO - Order 6: Price: Rs.247.75, Trigger: Rs.247.99, Type: GTT ORDER, Quantity: 5, Value: Rs.1238.73
2025-08-27 21:55:03,058 - __main__ - INFO - Order 7: Price: Rs.246.74, Trigger: Rs.246.98, Type: GTT ORDER, Quantity: 6, Value: Rs.1480.42
2025-08-27 21:55:03,058 - __main__ - INFO - Order 8: Price: Rs.245.73, Trigger: Rs.245.97, Type: GTT ORDER, Quantity: 7, Value: Rs.1720.10
2025-08-27 21:55:03,058 - __main__ - INFO - Order 9: Price: Rs.244.72, Trigger: Rs.244.97, Type: GTT ORDER, Quantity: 8, Value: Rs.1957.77
2025-08-27 21:55:03,058 - __main__ - INFO - Order 10: Price: Rs.243.71, Trigger: Rs.243.96, Type: GTT ORDER, Quantity: 9, Value: Rs.2193.42
2025-08-27 21:55:48,657 - __main__ - INFO - Placing orders...
2025-08-27 21:55:48,657 - __main__ - INFO - Skipping order 1 - Market closed, AMO not supported
2025-08-27 21:55:48,658 - __main__ - INFO - Order 1 skipped successfully
2025-08-27 21:55:48,658 - __main__ - INFO - Placing GTT order 2 for WIPRO
2025-08-27 21:55:49,098 - __main__ - ERROR - Failed to place order 2 (GTT): Trigger already met.
2025-08-27 21:55:49,098 - __main__ - ERROR - Order details: Price: Rs.251.78, Quantity: 1
2025-08-27 21:55:49,100 - __main__ - INFO - Placing GTT order 3 for WIPRO
2025-08-27 21:55:49,381 - __main__ - INFO - GTT order 3 placed successfully with trigger ID: 285330973
2025-08-27 21:55:49,381 - __main__ - INFO - Placing GTT order 4 for WIPRO
2025-08-27 21:55:49,650 - __main__ - INFO - GTT order 4 placed successfully with trigger ID: 285330974
2025-08-27 21:55:49,650 - __main__ - INFO - Placing GTT order 5 for WIPRO
2025-08-27 21:55:49,953 - __main__ - INFO - GTT order 5 placed successfully with trigger ID: 285330975
2025-08-27 21:55:49,954 - __main__ - INFO - Placing GTT order 6 for WIPRO
2025-08-27 21:55:50,248 - __main__ - INFO - GTT order 6 placed successfully with trigger ID: 285330977
2025-08-27 21:55:50,249 - __main__ - INFO - Placing GTT order 7 for WIPRO
2025-08-27 21:55:50,546 - __main__ - INFO - GTT order 7 placed successfully with trigger ID: 285330978
2025-08-27 21:55:50,546 - __main__ - INFO - Placing GTT order 8 for WIPRO
2025-08-27 21:55:50,843 - __main__ - INFO - GTT order 8 placed successfully with trigger ID: 285330979
2025-08-27 21:55:50,843 - __main__ - INFO - Placing GTT order 9 for WIPRO
2025-08-27 21:55:51,139 - __main__ - INFO - GTT order 9 placed successfully with trigger ID: 285330980
2025-08-27 21:55:51,139 - __main__ - INFO - Placing GTT order 10 for WIPRO
2025-08-27 21:55:51,410 - __main__ - INFO - GTT order 10 placed successfully with trigger ID: 285330981
2025-08-27 21:55:51,413 - __main__ - INFO - Order summary saved to workdir\orders\WIPRO_gtt_orders_20250827_215551.json
2025-08-27 21:55:51,416 - __main__ - INFO - Hybrid order scheduling process completed successfully
2025-08-27 22:06:11,392 - __main__ - INFO - Price difference configured: 0.3%
2025-08-27 22:06:11,392 - __main__ - INFO - Initializing Hybrid Order Scheduler for WIPRO
2025-08-27 22:06:11,392 - __main__ - INFO - Order count: 10, Current price: Rs.252.03, Max quantity: 100
2025-08-27 22:06:11,393 - __main__ - INFO - Price difference: 0.3%
2025-08-27 22:06:11,395 - __main__ - INFO - Configuration loaded successfully
2025-08-27 22:06:11,398 - __main__ - INFO - Starting hybrid order scheduling process
2025-08-27 22:06:11,550 - __main__ - INFO - Successfully connected to Kite Connect
2025-08-27 22:06:11,633 - __main__ - INFO - Market is closed (outside trading hours) - will use LIMIT order for first order
2025-08-27 22:06:11,633 - __main__ - INFO - Using provided current price as base: Rs.252.03
2025-08-27 22:06:11,633 - __main__ - INFO - Market is closed - skipping first order and starting with GTT orders
2025-08-27 22:06:11,633 - __main__ - INFO - Order 1: SKIPPED (Market closed - AMO not supported)
2025-08-27 22:06:11,634 - __main__ - INFO - Order 2: Price: Rs.251.84, Trigger: Rs.251.59, Type: GTT ORDER, Quantity: 1, Value: Rs.251.84
2025-08-27 22:06:11,634 - __main__ - INFO - Order 3: Price: Rs.251.08, Trigger: Rs.250.83, Type: GTT ORDER, Quantity: 2, Value: Rs.502.17
2025-08-27 22:06:11,634 - __main__ - INFO - Order 4: Price: Rs.250.33, Trigger: Rs.250.08, Type: GTT ORDER, Quantity: 3, Value: Rs.750.99
2025-08-27 22:06:11,634 - __main__ - INFO - Order 5: Price: Rs.249.57, Trigger: Rs.249.32, Type: GTT ORDER, Quantity: 4, Value: Rs.998.29
2025-08-27 22:06:11,634 - __main__ - INFO - Order 6: Price: Rs.248.82, Trigger: Rs.248.57, Type: GTT ORDER, Quantity: 5, Value: Rs.1244.08
2025-08-27 22:06:11,634 - __main__ - INFO - Order 7: Price: Rs.248.06, Trigger: Rs.247.81, Type: GTT ORDER, Quantity: 6, Value: Rs.1488.36
2025-08-27 22:06:11,635 - __main__ - INFO - Order 8: Price: Rs.247.30, Trigger: Rs.247.06, Type: GTT ORDER, Quantity: 7, Value: Rs.1731.13
2025-08-27 22:06:11,635 - __main__ - INFO - Order 9: Price: Rs.246.55, Trigger: Rs.246.30, Type: GTT ORDER, Quantity: 8, Value: Rs.1972.39
2025-08-27 22:06:11,635 - __main__ - INFO - Order 10: Price: Rs.245.79, Trigger: Rs.245.55, Type: GTT ORDER, Quantity: 9, Value: Rs.2212.13
2025-08-27 22:10:41,516 - __main__ - INFO - Placing orders...
2025-08-27 22:10:41,517 - __main__ - INFO - Skipping order 1 - Market closed, AMO not supported
2025-08-27 22:10:41,517 - __main__ - INFO - Order 1 skipped successfully
2025-08-27 22:10:41,517 - __main__ - INFO - Placing GTT order 2 for WIPRO
2025-08-27 22:10:41,829 - __main__ - INFO - GTT order 2 placed successfully with trigger ID: 285331551
2025-08-27 22:10:41,829 - __main__ - INFO - Placing GTT order 3 for WIPRO
2025-08-27 22:10:42,125 - __main__ - INFO - GTT order 3 placed successfully with trigger ID: 285331552
2025-08-27 22:10:42,126 - __main__ - INFO - Placing GTT order 4 for WIPRO
2025-08-27 22:10:42,462 - __main__ - INFO - GTT order 4 placed successfully with trigger ID: 285331553
2025-08-27 22:10:42,462 - __main__ - INFO - Placing GTT order 5 for WIPRO
2025-08-27 22:10:42,775 - __main__ - INFO - GTT order 5 placed successfully with trigger ID: 285331554
2025-08-27 22:10:42,775 - __main__ - INFO - Placing GTT order 6 for WIPRO
2025-08-27 22:10:43,072 - __main__ - INFO - GTT order 6 placed successfully with trigger ID: 285331555
2025-08-27 22:10:43,072 - __main__ - INFO - Placing GTT order 7 for WIPRO
2025-08-27 22:10:43,355 - __main__ - INFO - GTT order 7 placed successfully with trigger ID: 285331556
2025-08-27 22:10:43,356 - __main__ - INFO - Placing GTT order 8 for WIPRO
2025-08-27 22:10:43,845 - __main__ - INFO - GTT order 8 placed successfully with trigger ID: 285331558
2025-08-27 22:10:43,845 - __main__ - INFO - Placing GTT order 9 for WIPRO
2025-08-27 22:10:44,182 - __main__ - INFO - GTT order 9 placed successfully with trigger ID: 285331559
2025-08-27 22:10:44,182 - __main__ - INFO - Placing GTT order 10 for WIPRO
2025-08-27 22:10:44,506 - __main__ - INFO - GTT order 10 placed successfully with trigger ID: 285331560
2025-08-27 22:10:44,508 - __main__ - INFO - Order summary saved to workdir\orders\WIPRO_gtt_orders_20250827_221044.json
2025-08-27 22:10:44,512 - __main__ - INFO - Hybrid order scheduling process completed successfully
2025-08-27 22:17:43,374 - __main__ - INFO - Using order_count from config: 10
2025-08-27 22:17:43,375 - __main__ - INFO - Price difference configured: 0.3%
2025-08-27 22:17:43,375 - __main__ - INFO - Initializing Hybrid Order Scheduler for WIPRO
2025-08-27 22:17:43,375 - __main__ - INFO - Order count: 10, Current price: Rs.252.03, Max quantity: 100
2025-08-27 22:17:43,375 - __main__ - INFO - Price difference: 0.3%
2025-08-27 22:17:43,377 - __main__ - INFO - Configuration loaded successfully
2025-08-27 22:17:43,380 - __main__ - INFO - Starting hybrid order scheduling process
2025-08-27 22:17:43,648 - __main__ - INFO - Successfully connected to Kite Connect
2025-08-27 22:17:46,053 - __main__ - INFO - Market is closed (outside trading hours) - will use LIMIT order for first order
2025-08-27 22:17:46,053 - __main__ - INFO - Using provided current price as base: Rs.252.03
2025-08-27 22:17:46,053 - __main__ - INFO - Market is closed - skipping first order and starting with GTT orders
2025-08-27 22:17:46,053 - __main__ - INFO - Order 1: SKIPPED (Market closed - AMO not supported)
2025-08-27 22:17:46,053 - __main__ - INFO - Order 2: Price: Rs.251.84, Trigger: Rs.251.59, Type: GTT ORDER, Quantity: 1, Value: Rs.251.84
2025-08-27 22:17:46,053 - __main__ - INFO - Order 3: Price: Rs.251.08, Trigger: Rs.250.83, Type: GTT ORDER, Quantity: 2, Value: Rs.502.17
2025-08-27 22:17:46,053 - __main__ - INFO - Order 4: Price: Rs.250.33, Trigger: Rs.250.08, Type: GTT ORDER, Quantity: 3, Value: Rs.750.99
2025-08-27 22:17:46,055 - __main__ - INFO - Order 5: Price: Rs.249.57, Trigger: Rs.249.32, Type: GTT ORDER, Quantity: 4, Value: Rs.998.29
2025-08-27 22:17:46,055 - __main__ - INFO - Order 6: Price: Rs.248.82, Trigger: Rs.248.57, Type: GTT ORDER, Quantity: 5, Value: Rs.1244.08
2025-08-27 22:17:46,055 - __main__ - INFO - Order 7: Price: Rs.248.06, Trigger: Rs.247.81, Type: GTT ORDER, Quantity: 6, Value: Rs.1488.36
2025-08-27 22:17:46,056 - __main__ - INFO - Order 8: Price: Rs.247.30, Trigger: Rs.247.06, Type: GTT ORDER, Quantity: 7, Value: Rs.1731.13
2025-08-27 22:17:46,056 - __main__ - INFO - Order 9: Price: Rs.246.55, Trigger: Rs.246.30, Type: GTT ORDER, Quantity: 8, Value: Rs.1972.39
2025-08-27 22:17:46,056 - __main__ - INFO - Order 10: Price: Rs.245.79, Trigger: Rs.245.55, Type: GTT ORDER, Quantity: 9, Value: Rs.2212.13
2025-08-27 22:20:06,281 - __main__ - INFO - Order placement cancelled by user
2025-08-27 22:20:37,730 - __main__ - INFO - Using order_count from config: 10
2025-08-27 22:20:37,730 - __main__ - INFO - Price difference configured: 0.3%
2025-08-27 22:20:37,730 - __main__ - INFO - Initializing Hybrid Order Scheduler for WIPRO
2025-08-27 22:20:37,730 - __main__ - INFO - Order count: 10, Current price: Rs.252.03, Max quantity: 100
2025-08-27 22:20:37,730 - __main__ - INFO - Price difference: 0.3%
2025-08-27 22:20:37,732 - __main__ - INFO - Configuration loaded successfully
2025-08-27 22:20:37,735 - __main__ - INFO - Starting hybrid order scheduling process
2025-08-27 22:20:37,945 - __main__ - INFO - Successfully connected to Kite Connect
2025-08-27 22:20:38,028 - __main__ - INFO - Market is closed (outside trading hours) - will use LIMIT order for first order
2025-08-27 22:20:38,028 - __main__ - INFO - Using provided current price as base: Rs.252.03
2025-08-27 22:20:38,028 - __main__ - INFO - Market is closed - skipping first order and starting with GTT orders
2025-08-27 22:20:38,029 - __main__ - INFO - Order 1: SKIPPED (Market closed - AMO not supported)
2025-08-27 22:20:38,029 - __main__ - INFO - Order 2: Price: Rs.251.84, Trigger: Rs.251.59, Type: GTT ORDER, Quantity: 1, Value: Rs.251.84
2025-08-27 22:20:38,029 - __main__ - INFO - Order 3: Price: Rs.251.08, Trigger: Rs.250.83, Type: GTT ORDER, Quantity: 2, Value: Rs.502.17
2025-08-27 22:20:38,029 - __main__ - INFO - Order 4: Price: Rs.250.33, Trigger: Rs.250.08, Type: GTT ORDER, Quantity: 3, Value: Rs.750.99
2025-08-27 22:20:38,030 - __main__ - INFO - Order 5: Price: Rs.249.57, Trigger: Rs.249.32, Type: GTT ORDER, Quantity: 4, Value: Rs.998.29
2025-08-27 22:20:38,030 - __main__ - INFO - Order 6: Price: Rs.248.82, Trigger: Rs.248.57, Type: GTT ORDER, Quantity: 5, Value: Rs.1244.08
2025-08-27 22:20:38,030 - __main__ - INFO - Order 7: Price: Rs.248.06, Trigger: Rs.247.81, Type: GTT ORDER, Quantity: 6, Value: Rs.1488.36
2025-08-27 22:20:38,031 - __main__ - INFO - Order 8: Price: Rs.247.30, Trigger: Rs.247.06, Type: GTT ORDER, Quantity: 7, Value: Rs.1731.13
2025-08-27 22:20:38,031 - __main__ - INFO - Order 9: Price: Rs.246.55, Trigger: Rs.246.30, Type: GTT ORDER, Quantity: 8, Value: Rs.1972.39
2025-08-27 22:20:38,031 - __main__ - INFO - Order 10: Price: Rs.245.79, Trigger: Rs.245.55, Type: GTT ORDER, Quantity: 9, Value: Rs.2212.13
2025-08-27 22:21:09,933 - __main__ - INFO - Order placement cancelled by user
2025-08-27 22:23:05,586 - __main__ - INFO - Using order_count from config: 10
2025-08-27 22:23:05,586 - __main__ - INFO - Price difference configured: 0.3%
2025-08-27 22:23:05,586 - __main__ - INFO - Initializing Hybrid Order Scheduler for WIPRO
2025-08-27 22:23:05,587 - __main__ - INFO - Order count: 10, Current price: Rs.252.03, Max quantity: 100
2025-08-27 22:23:05,587 - __main__ - INFO - Price difference: 0.3%
2025-08-27 22:23:05,589 - __main__ - INFO - Configuration loaded successfully
2025-08-27 22:23:05,591 - __main__ - INFO - Starting hybrid order scheduling process
2025-08-27 22:23:05,807 - __main__ - INFO - Successfully connected to Kite Connect
2025-08-27 22:23:05,886 - __main__ - INFO - Market is closed (outside trading hours) - will use LIMIT order for first order
2025-08-27 22:23:05,886 - __main__ - INFO - Using provided current price as base: Rs.252.03
2025-08-27 22:23:05,887 - __main__ - INFO - Market is closed - skipping first order and starting with GTT orders
2025-08-27 22:23:05,887 - __main__ - INFO - Order 1: SKIPPED (Market closed - AMO not supported)
2025-08-27 22:23:05,887 - __main__ - INFO - Order 2: Price: Rs.251.84, Trigger: Rs.251.59, Type: GTT ORDER, Quantity: 1, Value: Rs.251.84
2025-08-27 22:23:05,888 - __main__ - INFO - Order 3: Price: Rs.251.08, Trigger: Rs.250.83, Type: GTT ORDER, Quantity: 2, Value: Rs.502.17
2025-08-27 22:23:05,889 - __main__ - INFO - Order 4: Price: Rs.250.33, Trigger: Rs.250.08, Type: GTT ORDER, Quantity: 3, Value: Rs.750.99
2025-08-27 22:23:05,889 - __main__ - INFO - Order 5: Price: Rs.249.57, Trigger: Rs.249.32, Type: GTT ORDER, Quantity: 4, Value: Rs.998.29
2025-08-27 22:23:05,889 - __main__ - INFO - Order 6: Price: Rs.248.82, Trigger: Rs.248.57, Type: GTT ORDER, Quantity: 5, Value: Rs.1244.08
2025-08-27 22:23:05,889 - __main__ - INFO - Order 7: Price: Rs.248.06, Trigger: Rs.247.81, Type: GTT ORDER, Quantity: 6, Value: Rs.1488.36
2025-08-27 22:23:05,889 - __main__ - INFO - Order 8: Price: Rs.247.30, Trigger: Rs.247.06, Type: GTT ORDER, Quantity: 7, Value: Rs.1731.13
2025-08-27 22:23:05,890 - __main__ - INFO - Order 9: Price: Rs.246.55, Trigger: Rs.246.30, Type: GTT ORDER, Quantity: 8, Value: Rs.1972.39
2025-08-27 22:23:05,890 - __main__ - INFO - Order 10: Price: Rs.245.79, Trigger: Rs.245.55, Type: GTT ORDER, Quantity: 9, Value: Rs.2212.13
2025-08-27 22:24:43,559 - __main__ - INFO - Placing orders...
2025-08-27 22:24:43,559 - __main__ - INFO - Skipping order 1 - Market closed, AMO not supported
2025-08-27 22:24:43,560 - __main__ - INFO - Order 1 skipped successfully
2025-08-27 22:24:43,560 - __main__ - INFO - Placing GTT order 2 for WIPRO
2025-08-27 22:24:43,851 - __main__ - INFO - GTT order 2 placed successfully with trigger ID: 285332321
2025-08-27 22:24:43,851 - __main__ - INFO - Placing GTT order 3 for WIPRO
2025-08-27 22:24:44,154 - __main__ - INFO - GTT order 3 placed successfully with trigger ID: 285332323
2025-08-27 22:24:44,154 - __main__ - INFO - Placing GTT order 4 for WIPRO
2025-08-27 22:24:44,465 - __main__ - INFO - GTT order 4 placed successfully with trigger ID: 285332325
2025-08-27 22:24:44,466 - __main__ - INFO - Placing GTT order 5 for WIPRO
2025-08-27 22:24:44,762 - __main__ - INFO - GTT order 5 placed successfully with trigger ID: 285332327
2025-08-27 22:24:44,763 - __main__ - INFO - Placing GTT order 6 for WIPRO
2025-08-27 22:24:45,080 - __main__ - INFO - GTT order 6 placed successfully with trigger ID: 285332328
2025-08-27 22:24:45,080 - __main__ - INFO - Placing GTT order 7 for WIPRO
2025-08-27 22:24:45,384 - __main__ - INFO - GTT order 7 placed successfully with trigger ID: 285332330
2025-08-27 22:24:45,385 - __main__ - INFO - Placing GTT order 8 for WIPRO
2025-08-27 22:24:45,690 - __main__ - INFO - GTT order 8 placed successfully with trigger ID: 285332331
2025-08-27 22:24:45,692 - __main__ - INFO - Placing GTT order 9 for WIPRO
2025-08-27 22:24:45,954 - __main__ - INFO - GTT order 9 placed successfully with trigger ID: 285332332
2025-08-27 22:24:45,954 - __main__ - INFO - Placing GTT order 10 for WIPRO
2025-08-27 22:24:46,282 - __main__ - INFO - GTT order 10 placed successfully with trigger ID: 285332333
2025-08-27 22:24:46,284 - __main__ - INFO - Order summary saved to workdir\orders\WIPRO_gtt_orders_20250827_222446.json
2025-08-27 22:24:46,287 - __main__ - INFO - Hybrid order scheduling process completed successfully
2025-08-27 22:30:50,903 - __main__ - INFO - Using start_quantity from config: 1
2025-08-27 22:30:50,903 - __main__ - INFO - Price difference configured: 0.3%
2025-08-27 22:30:50,903 - __main__ - INFO - Start quantity configured: 1
2025-08-27 22:30:50,903 - __main__ - INFO - Initializing Hybrid Order Scheduler for WIPRO
2025-08-27 22:30:50,903 - __main__ - INFO - Order count: 10, Current price: Rs.252.03, Max quantity: 100
2025-08-27 22:30:50,903 - __main__ - INFO - Price difference: 0.3%
2025-08-27 22:30:50,906 - __main__ - INFO - Configuration loaded successfully
2025-08-27 22:30:50,909 - __main__ - INFO - Starting hybrid order scheduling process
2025-08-27 22:30:51,214 - __main__ - INFO - Successfully connected to Kite Connect
2025-08-27 22:30:53,758 - __main__ - INFO - Market is closed (outside trading hours) - will use LIMIT order for first order
2025-08-27 22:30:53,758 - __main__ - INFO - Using provided current price as base: Rs.252.03
2025-08-27 22:30:53,759 - __main__ - INFO - Market is closed - skipping first order and starting with GTT orders
2025-08-27 22:30:53,759 - __main__ - INFO - Order 1: SKIPPED (Market closed - AMO not supported)
2025-08-27 22:30:53,759 - __main__ - INFO - Order 2: Price: Rs.251.84, Trigger: Rs.251.59, Type: GTT ORDER, Quantity: 1, Value: Rs.251.84
2025-08-27 22:30:53,760 - __main__ - INFO - Order 3: Price: Rs.251.08, Trigger: Rs.250.83, Type: GTT ORDER, Quantity: 2, Value: Rs.502.17
2025-08-27 22:30:53,760 - __main__ - INFO - Order 4: Price: Rs.250.33, Trigger: Rs.250.08, Type: GTT ORDER, Quantity: 3, Value: Rs.750.99
2025-08-27 22:30:53,760 - __main__ - INFO - Order 5: Price: Rs.249.57, Trigger: Rs.249.32, Type: GTT ORDER, Quantity: 4, Value: Rs.998.29
2025-08-27 22:30:53,760 - __main__ - INFO - Order 6: Price: Rs.248.82, Trigger: Rs.248.57, Type: GTT ORDER, Quantity: 5, Value: Rs.1244.08
2025-08-27 22:30:53,761 - __main__ - INFO - Order 7: Price: Rs.248.06, Trigger: Rs.247.81, Type: GTT ORDER, Quantity: 6, Value: Rs.1488.36
2025-08-27 22:30:53,761 - __main__ - INFO - Order 8: Price: Rs.247.30, Trigger: Rs.247.06, Type: GTT ORDER, Quantity: 7, Value: Rs.1731.13
2025-08-27 22:30:53,761 - __main__ - INFO - Order 9: Price: Rs.246.55, Trigger: Rs.246.30, Type: GTT ORDER, Quantity: 8, Value: Rs.1972.39
2025-08-27 22:30:53,761 - __main__ - INFO - Order 10: Price: Rs.245.79, Trigger: Rs.245.55, Type: GTT ORDER, Quantity: 9, Value: Rs.2212.13
2025-08-27 22:31:31,606 - __main__ - INFO - Order placement cancelled by user
2025-08-27 22:31:37,239 - __main__ - INFO - Price difference configured: 0.3%
2025-08-27 22:31:37,239 - __main__ - INFO - Start quantity configured: 10
2025-08-27 22:31:37,240 - __main__ - INFO - Initializing Hybrid Order Scheduler for WIPRO
2025-08-27 22:31:37,240 - __main__ - INFO - Order count: 10, Current price: Rs.252.03, Max quantity: 100
2025-08-27 22:31:37,240 - __main__ - INFO - Price difference: 0.3%
2025-08-27 22:31:37,242 - __main__ - INFO - Configuration loaded successfully
2025-08-27 22:31:37,244 - __main__ - INFO - Starting hybrid order scheduling process
2025-08-27 22:31:37,605 - __main__ - INFO - Successfully connected to Kite Connect
2025-08-27 22:31:37,685 - __main__ - INFO - Market is closed (outside trading hours) - will use LIMIT order for first order
2025-08-27 22:31:37,685 - __main__ - INFO - Using provided current price as base: Rs.252.03
2025-08-27 22:31:37,685 - __main__ - INFO - Market is closed - skipping first order and starting with GTT orders
2025-08-27 22:31:37,686 - __main__ - INFO - Order 1: SKIPPED (Market closed - AMO not supported)
2025-08-27 22:31:37,686 - __main__ - INFO - Order 2: Price: Rs.251.84, Trigger: Rs.251.59, Type: GTT ORDER, Quantity: 10, Value: Rs.2518.41
2025-08-27 22:31:37,686 - __main__ - INFO - Order 3: Price: Rs.251.08, Trigger: Rs.250.83, Type: GTT ORDER, Quantity: 11, Value: Rs.2761.93
2025-08-27 22:31:37,686 - __main__ - INFO - Order 4: Price: Rs.250.33, Trigger: Rs.250.08, Type: GTT ORDER, Quantity: 12, Value: Rs.3003.95
2025-08-27 22:31:37,687 - __main__ - INFO - Order 5: Price: Rs.249.57, Trigger: Rs.249.32, Type: GTT ORDER, Quantity: 13, Value: Rs.3244.45
2025-08-27 22:31:37,687 - __main__ - INFO - Order 6: Price: Rs.248.82, Trigger: Rs.248.57, Type: GTT ORDER, Quantity: 14, Value: Rs.3483.43
2025-08-27 22:31:37,687 - __main__ - INFO - Order 7: Price: Rs.248.06, Trigger: Rs.247.81, Type: GTT ORDER, Quantity: 15, Value: Rs.3720.91
2025-08-27 22:31:37,688 - __main__ - INFO - Order 8: Price: Rs.247.30, Trigger: Rs.247.06, Type: GTT ORDER, Quantity: 16, Value: Rs.3956.87
2025-08-27 22:31:37,688 - __main__ - INFO - Order 9: Price: Rs.246.55, Trigger: Rs.246.30, Type: GTT ORDER, Quantity: 17, Value: Rs.4191.32
2025-08-27 22:31:37,688 - __main__ - INFO - Order 10: Price: Rs.245.79, Trigger: Rs.245.55, Type: GTT ORDER, Quantity: 18, Value: Rs.4424.26
2025-08-27 22:31:45,273 - __main__ - INFO - Order placement cancelled by user
2025-08-27 22:32:01,504 - __main__ - INFO - Using order_count from config: 10
2025-08-27 22:32:01,504 - __main__ - INFO - Price difference configured: 0.3%
2025-08-27 22:32:01,504 - __main__ - INFO - Start quantity configured: 10
2025-08-27 22:32:01,504 - __main__ - INFO - Initializing Hybrid Order Scheduler for WIPRO
2025-08-27 22:32:01,504 - __main__ - INFO - Order count: 10, Current price: Rs.252.03, Max quantity: 100
2025-08-27 22:32:01,504 - __main__ - INFO - Price difference: 0.3%
2025-08-27 22:32:01,506 - __main__ - INFO - Configuration loaded successfully
2025-08-27 22:32:01,509 - __main__ - INFO - Starting hybrid order scheduling process
2025-08-27 22:32:01,688 - __main__ - INFO - Successfully connected to Kite Connect
2025-08-27 22:32:01,767 - __main__ - INFO - Market is closed (outside trading hours) - will use LIMIT order for first order
2025-08-27 22:32:01,768 - __main__ - INFO - Using provided current price as base: Rs.252.03
2025-08-27 22:32:01,768 - __main__ - INFO - Market is closed - skipping first order and starting with GTT orders
2025-08-27 22:32:01,768 - __main__ - INFO - Order 1: SKIPPED (Market closed - AMO not supported)
2025-08-27 22:32:01,768 - __main__ - INFO - Order 2: Price: Rs.251.84, Trigger: Rs.251.59, Type: GTT ORDER, Quantity: 10, Value: Rs.2518.41
2025-08-27 22:32:01,769 - __main__ - INFO - Order 3: Price: Rs.251.08, Trigger: Rs.250.83, Type: GTT ORDER, Quantity: 11, Value: Rs.2761.93
2025-08-27 22:32:01,769 - __main__ - INFO - Order 4: Price: Rs.250.33, Trigger: Rs.250.08, Type: GTT ORDER, Quantity: 12, Value: Rs.3003.95
2025-08-27 22:32:01,769 - __main__ - INFO - Order 5: Price: Rs.249.57, Trigger: Rs.249.32, Type: GTT ORDER, Quantity: 13, Value: Rs.3244.45
2025-08-27 22:32:01,770 - __main__ - INFO - Order 6: Price: Rs.248.82, Trigger: Rs.248.57, Type: GTT ORDER, Quantity: 14, Value: Rs.3483.43
2025-08-27 22:32:01,770 - __main__ - INFO - Order 7: Price: Rs.248.06, Trigger: Rs.247.81, Type: GTT ORDER, Quantity: 15, Value: Rs.3720.91
2025-08-27 22:32:01,770 - __main__ - INFO - Order 8: Price: Rs.247.30, Trigger: Rs.247.06, Type: GTT ORDER, Quantity: 16, Value: Rs.3956.87
2025-08-27 22:32:01,770 - __main__ - INFO - Order 9: Price: Rs.246.55, Trigger: Rs.246.30, Type: GTT ORDER, Quantity: 17, Value: Rs.4191.32
2025-08-27 22:32:01,771 - __main__ - INFO - Order 10: Price: Rs.245.79, Trigger: Rs.245.55, Type: GTT ORDER, Quantity: 18, Value: Rs.4424.26
2025-08-27 22:32:44,020 - __main__ - INFO - Placing orders...
2025-08-27 22:32:44,021 - __main__ - INFO - Skipping order 1 - Market closed, AMO not supported
2025-08-27 22:32:44,021 - __main__ - INFO - Order 1 skipped successfully
2025-08-27 22:32:44,021 - __main__ - INFO - Placing GTT order 2 for WIPRO
2025-08-27 22:32:44,309 - __main__ - INFO - GTT order 2 placed successfully with trigger ID: 285332639
2025-08-27 22:32:44,309 - __main__ - INFO - Placing GTT order 3 for WIPRO
2025-08-27 22:32:44,600 - __main__ - INFO - GTT order 3 placed successfully with trigger ID: 285332640
2025-08-27 22:32:44,601 - __main__ - INFO - Placing GTT order 4 for WIPRO
2025-08-27 22:32:44,874 - __main__ - INFO - GTT order 4 placed successfully with trigger ID: 285332641
2025-08-27 22:32:44,874 - __main__ - INFO - Placing GTT order 5 for WIPRO
2025-08-27 22:32:45,162 - __main__ - INFO - GTT order 5 placed successfully with trigger ID: 285332642
2025-08-27 22:32:45,162 - __main__ - INFO - Placing GTT order 6 for WIPRO
2025-08-27 22:32:45,464 - __main__ - INFO - GTT order 6 placed successfully with trigger ID: 285332643
2025-08-27 22:32:45,464 - __main__ - INFO - Placing GTT order 7 for WIPRO
2025-08-27 22:32:45,774 - __main__ - INFO - GTT order 7 placed successfully with trigger ID: 285332644
2025-08-27 22:32:45,774 - __main__ - INFO - Placing GTT order 8 for WIPRO
2025-08-27 22:32:46,046 - __main__ - INFO - GTT order 8 placed successfully with trigger ID: 285332645
2025-08-27 22:32:46,046 - __main__ - INFO - Placing GTT order 9 for WIPRO
2025-08-27 22:32:46,367 - __main__ - INFO - GTT order 9 placed successfully with trigger ID: 285332646
2025-08-27 22:32:46,367 - __main__ - INFO - Placing GTT order 10 for WIPRO
2025-08-27 22:32:46,649 - __main__ - INFO - GTT order 10 placed successfully with trigger ID: 285332647
2025-08-27 22:32:46,656 - __main__ - INFO - Order summary saved to workdir\orders\WIPRO_gtt_orders_20250827_223246.json
2025-08-27 22:32:46,666 - __main__ - INFO - Hybrid order scheduling process completed successfully
2025-08-27 22:33:28,882 - __main__ - INFO - Using order_count from config: 10
2025-08-27 22:33:28,882 - __main__ - INFO - Using start_quantity from config: 1
2025-08-27 22:33:28,882 - __main__ - INFO - Price difference configured: 0.3%
2025-08-27 22:33:28,882 - __main__ - INFO - Start quantity configured: 1
2025-08-27 22:33:28,883 - __main__ - INFO - Initializing Hybrid Order Scheduler for WIPRO
2025-08-27 22:33:28,883 - __main__ - INFO - Order count: 10, Current price: Rs.252.03, Max quantity: 100
2025-08-27 22:33:28,883 - __main__ - INFO - Price difference: 0.3%
2025-08-27 22:33:28,885 - __main__ - INFO - Configuration loaded successfully
2025-08-27 22:33:28,887 - __main__ - INFO - Starting hybrid order scheduling process
2025-08-27 22:33:29,030 - __main__ - INFO - Successfully connected to Kite Connect
2025-08-27 22:33:29,130 - __main__ - INFO - Market is closed (outside trading hours) - will use LIMIT order for first order
2025-08-27 22:33:29,130 - __main__ - INFO - Using provided current price as base: Rs.252.03
2025-08-27 22:33:29,131 - __main__ - INFO - Market is closed - skipping first order and starting with GTT orders
2025-08-27 22:33:29,131 - __main__ - INFO - Order 1: SKIPPED (Market closed - AMO not supported)
2025-08-27 22:33:29,131 - __main__ - INFO - Order 2: Price: Rs.251.84, Trigger: Rs.251.59, Type: GTT ORDER, Quantity: 1, Value: Rs.251.84
2025-08-27 22:33:29,131 - __main__ - INFO - Order 3: Price: Rs.251.08, Trigger: Rs.250.83, Type: GTT ORDER, Quantity: 2, Value: Rs.502.17
2025-08-27 22:33:29,131 - __main__ - INFO - Order 4: Price: Rs.250.33, Trigger: Rs.250.08, Type: GTT ORDER, Quantity: 3, Value: Rs.750.99
2025-08-27 22:33:29,132 - __main__ - INFO - Order 5: Price: Rs.249.57, Trigger: Rs.249.32, Type: GTT ORDER, Quantity: 4, Value: Rs.998.29
2025-08-27 22:33:29,132 - __main__ - INFO - Order 6: Price: Rs.248.82, Trigger: Rs.248.57, Type: GTT ORDER, Quantity: 5, Value: Rs.1244.08
2025-08-27 22:33:29,133 - __main__ - INFO - Order 7: Price: Rs.248.06, Trigger: Rs.247.81, Type: GTT ORDER, Quantity: 6, Value: Rs.1488.36
2025-08-27 22:33:29,133 - __main__ - INFO - Order 8: Price: Rs.247.30, Trigger: Rs.247.06, Type: GTT ORDER, Quantity: 7, Value: Rs.1731.13
2025-08-27 22:33:29,133 - __main__ - INFO - Order 9: Price: Rs.246.55, Trigger: Rs.246.30, Type: GTT ORDER, Quantity: 8, Value: Rs.1972.39
2025-08-27 22:33:29,133 - __main__ - INFO - Order 10: Price: Rs.245.79, Trigger: Rs.245.55, Type: GTT ORDER, Quantity: 9, Value: Rs.2212.13
2025-08-27 22:33:34,316 - __main__ - INFO - Placing orders...
2025-08-27 22:33:34,317 - __main__ - INFO - Skipping order 1 - Market closed, AMO not supported
2025-08-27 22:33:34,317 - __main__ - INFO - Order 1 skipped successfully
2025-08-27 22:33:34,317 - __main__ - INFO - Placing GTT order 2 for WIPRO
2025-08-27 22:33:34,568 - __main__ - INFO - GTT order 2 placed successfully with trigger ID: 285332679
2025-08-27 22:33:34,568 - __main__ - INFO - Placing GTT order 3 for WIPRO
2025-08-27 22:33:34,853 - __main__ - INFO - GTT order 3 placed successfully with trigger ID: 285332680
2025-08-27 22:33:34,854 - __main__ - INFO - Placing GTT order 4 for WIPRO
2025-08-27 22:33:35,153 - __main__ - INFO - GTT order 4 placed successfully with trigger ID: 285332681
2025-08-27 22:33:35,153 - __main__ - INFO - Placing GTT order 5 for WIPRO
2025-08-27 22:33:35,465 - __main__ - INFO - GTT order 5 placed successfully with trigger ID: 285332683
2025-08-27 22:33:35,465 - __main__ - INFO - Placing GTT order 6 for WIPRO
2025-08-27 22:33:35,725 - __main__ - INFO - GTT order 6 placed successfully with trigger ID: 285332684
2025-08-27 22:33:35,725 - __main__ - INFO - Placing GTT order 7 for WIPRO
2025-08-27 22:33:36,033 - __main__ - INFO - GTT order 7 placed successfully with trigger ID: 285332685
2025-08-27 22:33:36,033 - __main__ - INFO - Placing GTT order 8 for WIPRO
2025-08-27 22:33:36,297 - __main__ - INFO - GTT order 8 placed successfully with trigger ID: 285332686
2025-08-27 22:33:36,297 - __main__ - INFO - Placing GTT order 9 for WIPRO
2025-08-27 22:33:36,620 - __main__ - INFO - GTT order 9 placed successfully with trigger ID: 285332687
2025-08-27 22:33:36,620 - __main__ - INFO - Placing GTT order 10 for WIPRO
2025-08-27 22:33:36,910 - __main__ - INFO - GTT order 10 placed successfully with trigger ID: 285332688
2025-08-27 22:33:36,922 - __main__ - INFO - Order summary saved to workdir\orders\WIPRO_gtt_orders_20250827_223336.json
2025-08-27 22:33:36,924 - __main__ - INFO - Hybrid order scheduling process completed successfully
2025-08-27 22:34:03,951 - __main__ - INFO - Using order_count from config: 10
2025-08-27 22:34:03,951 - __main__ - INFO - Price difference configured: 0.3%
2025-08-27 22:34:03,951 - __main__ - INFO - Start quantity configured: 10
2025-08-27 22:34:03,951 - __main__ - INFO - Initializing Hybrid Order Scheduler for WIPRO
2025-08-27 22:34:03,951 - __main__ - INFO - Order count: 10, Current price: Rs.245.55, Max quantity: 100
2025-08-27 22:34:03,951 - __main__ - INFO - Price difference: 0.3%
2025-08-27 22:34:03,953 - __main__ - INFO - Configuration loaded successfully
2025-08-27 22:34:03,955 - __main__ - INFO - Starting hybrid order scheduling process
2025-08-27 22:34:04,140 - __main__ - INFO - Successfully connected to Kite Connect
2025-08-27 22:34:04,232 - __main__ - INFO - Market is closed (outside trading hours) - will use LIMIT order for first order
2025-08-27 22:34:04,233 - __main__ - INFO - Using provided current price as base: Rs.245.55
2025-08-27 22:34:04,233 - __main__ - INFO - Market is closed - skipping first order and starting with GTT orders
2025-08-27 22:34:04,233 - __main__ - INFO - Order 1: SKIPPED (Market closed - AMO not supported)
2025-08-27 22:34:04,233 - __main__ - INFO - Order 2: Price: Rs.245.37, Trigger: Rs.245.12, Type: GTT ORDER, Quantity: 10, Value: Rs.2453.66
2025-08-27 22:34:04,233 - __main__ - INFO - Order 3: Price: Rs.244.63, Trigger: Rs.244.38, Type: GTT ORDER, Quantity: 11, Value: Rs.2690.92
2025-08-27 22:34:04,233 - __main__ - INFO - Order 4: Price: Rs.243.89, Trigger: Rs.243.65, Type: GTT ORDER, Quantity: 12, Value: Rs.2926.71
2025-08-27 22:34:04,234 - __main__ - INFO - Order 5: Price: Rs.243.16, Trigger: Rs.242.91, Type: GTT ORDER, Quantity: 13, Value: Rs.3161.03
2025-08-27 22:34:04,234 - __main__ - INFO - Order 6: Price: Rs.242.42, Trigger: Rs.242.18, Type: GTT ORDER, Quantity: 14, Value: Rs.3393.87
2025-08-27 22:34:04,234 - __main__ - INFO - Order 7: Price: Rs.241.68, Trigger: Rs.241.44, Type: GTT ORDER, Quantity: 15, Value: Rs.3625.24
2025-08-27 22:34:04,234 - __main__ - INFO - Order 8: Price: Rs.240.95, Trigger: Rs.240.70, Type: GTT ORDER, Quantity: 16, Value: Rs.3855.14
2025-08-27 22:34:04,234 - __main__ - INFO - Order 9: Price: Rs.240.21, Trigger: Rs.239.97, Type: GTT ORDER, Quantity: 17, Value: Rs.4083.56
2025-08-27 22:34:04,234 - __main__ - INFO - Order 10: Price: Rs.239.47, Trigger: Rs.239.23, Type: GTT ORDER, Quantity: 18, Value: Rs.4310.51
2025-08-27 22:34:13,362 - __main__ - INFO - Placing orders...
2025-08-27 22:34:13,362 - __main__ - INFO - Skipping order 1 - Market closed, AMO not supported
2025-08-27 22:34:13,363 - __main__ - INFO - Order 1 skipped successfully
2025-08-27 22:34:13,363 - __main__ - INFO - Placing GTT order 2 for WIPRO
2025-08-27 22:34:13,656 - __main__ - INFO - GTT order 2 placed successfully with trigger ID: 285332708
2025-08-27 22:34:13,657 - __main__ - INFO - Placing GTT order 3 for WIPRO
2025-08-27 22:34:13,955 - __main__ - INFO - GTT order 3 placed successfully with trigger ID: 285332709
2025-08-27 22:34:13,955 - __main__ - INFO - Placing GTT order 4 for WIPRO
2025-08-27 22:34:14,251 - __main__ - INFO - GTT order 4 placed successfully with trigger ID: 285332710
2025-08-27 22:34:14,251 - __main__ - INFO - Placing GTT order 5 for WIPRO
2025-08-27 22:34:14,577 - __main__ - INFO - GTT order 5 placed successfully with trigger ID: 285332711
2025-08-27 22:34:14,578 - __main__ - INFO - Placing GTT order 6 for WIPRO
2025-08-27 22:34:14,874 - __main__ - INFO - GTT order 6 placed successfully with trigger ID: 285332712
2025-08-27 22:34:14,874 - __main__ - INFO - Placing GTT order 7 for WIPRO
2025-08-27 22:34:15,237 - __main__ - INFO - GTT order 7 placed successfully with trigger ID: 285332713
2025-08-27 22:34:15,237 - __main__ - INFO - Placing GTT order 8 for WIPRO
2025-08-27 22:34:15,557 - __main__ - INFO - GTT order 8 placed successfully with trigger ID: 285332714
2025-08-27 22:34:15,557 - __main__ - INFO - Placing GTT order 9 for WIPRO
2025-08-27 22:34:15,873 - __main__ - INFO - GTT order 9 placed successfully with trigger ID: 285332715
2025-08-27 22:34:15,874 - __main__ - INFO - Placing GTT order 10 for WIPRO
2025-08-27 22:34:16,181 - __main__ - INFO - GTT order 10 placed successfully with trigger ID: 285332716
2025-08-27 22:34:16,183 - __main__ - INFO - Order summary saved to workdir\orders\WIPRO_gtt_orders_20250827_223416.json
2025-08-27 22:34:16,186 - __main__ - INFO - Hybrid order scheduling process completed successfully
