2026-01-12 10:25:02,902 - kite_utils - INFO - Using config file at: config/config.yaml
2026-01-12 10:25:02,903 - kite_utils - INFO - Using config file at: config/config.yaml
2026-01-12 10:25:03,273 - kite_utils - ERROR - Access token expired. Getting new token...
2026-01-12 10:25:21,287 - kite_utils - INFO - Using config file at: config/config.yaml
2026-01-12 10:25:21,288 - kite_utils - INFO - Using config file at: config/config.yaml
2026-01-12 10:35:29,595 - kite_utils - INFO - Using config file at: config/config.yaml
2026-01-12 10:35:29,596 - kite_utils - INFO - Using config file at: config/config.yaml
2026-01-12 10:45:31,992 - kite_utils - INFO - Using config file at: config/config.yaml
2026-01-12 10:45:31,992 - kite_utils - INFO - Using config file at: config/config.yaml
2026-01-12 10:45:39,136 - kite_utils - ERROR - Error getting live data for WIPRO: Insufficient permission for that call.
2026-01-12 10:45:54,159 - kite_utils - INFO - Using config file at: config/config.yaml
2026-01-12 10:45:54,159 - kite_utils - INFO - Using config file at: config/config.yaml
2026-01-12 10:46:36,812 - kite_utils - ERROR - Error getting live data for TATASTEEL: Insufficient permission for that call.
2026-01-12 10:46:46,606 - kite_utils - INFO - Using config file at: config/config.yaml
2026-01-12 10:46:46,606 - kite_utils - INFO - Using config file at: config/config.yaml
2026-01-12 10:46:50,837 - kite_utils - ERROR - Error getting live data for POWERGRID: Insufficient permission for that call.
2026-01-12 10:47:01,829 - kite_utils - INFO - Using config file at: config/config.yaml
2026-01-12 10:47:01,830 - kite_utils - INFO - Using config file at: config/config.yaml
2026-01-12 10:47:05,947 - kite_utils - ERROR - Error getting live data for ONGC: Insufficient permission for that call.
2026-01-12 10:47:17,762 - kite_utils - INFO - Using config file at: config/config.yaml
2026-01-12 10:47:17,762 - kite_utils - INFO - Using config file at: config/config.yaml
2026-01-12 10:47:24,540 - kite_utils - ERROR - Error getting live data for NTPC: Insufficient permission for that call.
2026-01-12 21:47:37,054 - kite_utils - INFO - Using config file at: config/config.yaml
2026-01-12 21:47:37,055 - kite_utils - INFO - Using config file at: config/config.yaml
2026-01-12 21:54:58,759 - kite_utils - INFO - Using config file at: config/config.yaml
2026-01-12 21:54:58,760 - kite_utils - INFO - Using config file at: config/config.yaml
2026-01-12 21:55:20,170 - kite_utils - ERROR - Error getting live data for ONGC: Insufficient permission for that call.
2026-01-12 21:55:53,617 - kite_utils - INFO - Using config file at: config/config.yaml
2026-01-12 21:55:53,618 - kite_utils - INFO - Using config file at: config/config.yaml
2026-01-12 21:56:11,383 - kite_utils - ERROR - Error getting live data for POWERGRID: Insufficient permission for that call.
2026-01-12 21:56:47,549 - kite_utils - INFO - Using config file at: config/config.yaml
2026-01-12 21:56:47,551 - kite_utils - INFO - Using config file at: config/config.yaml
2026-01-12 21:56:58,846 - kite_utils - ERROR - Error getting live data for TATASTEEL: Insufficient permission for that call.
2026-01-12 21:57:39,441 - kite_utils - INFO - Using config file at: config/config.yaml
2026-01-12 21:57:39,442 - kite_utils - INFO - Using config file at: config/config.yaml
2026-01-12 21:57:47,229 - kite_utils - ERROR - Error getting live data for WIPRO: Insufficient permission for that call.
2026-01-12 22:02:14,107 - kite_utils - INFO - Using config file at: config/config.yaml
2026-01-12 22:02:14,108 - kite_utils - INFO - Using config file at: config/config.yaml
