2026-01-02 11:25:50,753 - __main__ - INFO - Initializing GTT Order Deleter for ITC
2026-01-02 11:25:50,754 - __main__ - INFO - Configuration loaded successfully
2026-01-02 11:25:50,754 - __main__ - INFO - Starting GTT order deletion process
2026-01-02 11:26:16,827 - __main__ - INFO - Initializing GTT Order Deleter for ITC
2026-01-02 11:26:16,828 - __main__ - INFO - Configuration loaded successfully
2026-01-02 11:26:16,828 - __main__ - INFO - Starting GTT order deletion process
2026-01-02 11:26:16,904 - __main__ - INFO - Successfully connected to Kite Connect
2026-01-02 11:26:17,059 - __main__ - INFO - Retrieved 10 total GTT orders
2026-01-02 11:26:17,059 - __main__ - INFO - GTT Order 1: {'id': 300373392, 'user_id': 'OVF854', 'parent_trigger': None, 'type': 'single', 'created_at': '2026-01-01 22:09:00', 'updated_at': '2026-01-02 09:22:45', 'expires_at': '2027-01-01 22:09:00', 'status': 'active', 'condition': {'exchange': 'NSE', 'last_price': 350.8, 'tradingsymbol': 'ITC', 'trigger_values': [322], 'instrument_token': 424961}, 'orders': [{'exchange': 'NSE', 'tradingsymbol': 'ITC', 'product': 'CNC', 'order_type': 'LIMIT', 'transaction_type': 'BUY', 'quantity': 32, 'price': 322.1, 'result': None}], 'meta': {}}
2026-01-02 11:26:17,059 - __main__ - INFO - GTT Order 2: {'id': 300373391, 'user_id': 'OVF854', 'parent_trigger': None, 'type': 'single', 'created_at': '2026-01-01 22:09:00', 'updated_at': '2026-01-02 09:22:27', 'expires_at': '2027-01-01 22:09:00', 'status': 'active', 'condition': {'exchange': 'NSE', 'last_price': 350.45, 'tradingsymbol': 'ITC', 'trigger_values': [329], 'instrument_token': 424961}, 'orders': [{'exchange': 'NSE', 'tradingsymbol': 'ITC', 'product': 'CNC', 'order_type': 'LIMIT', 'transaction_type': 'BUY', 'quantity': 31, 'price': 329.1, 'result': None}], 'meta': {}}
2026-01-02 11:26:17,059 - __main__ - INFO - GTT Order 3: {'id': 300373390, 'user_id': 'OVF854', 'parent_trigger': None, 'type': 'single', 'created_at': '2026-01-01 22:09:00', 'updated_at': '2026-01-02 09:22:16', 'expires_at': '2027-01-01 22:09:00', 'status': 'active', 'condition': {'exchange': 'NSE', 'last_price': 350.2, 'tradingsymbol': 'ITC', 'trigger_values': [334], 'instrument_token': 424961}, 'orders': [{'exchange': 'NSE', 'tradingsymbol': 'ITC', 'product': 'CNC', 'order_type': 'LIMIT', 'transaction_type': 'BUY', 'quantity': 30, 'price': 334.1, 'result': None}], 'meta': {}}
2026-01-02 11:26:17,059 - __main__ - INFO - GTT Order 4: {'id': 300373389, 'user_id': 'OVF854', 'parent_trigger': None, 'type': 'single', 'created_at': '2026-01-01 22:09:00', 'updated_at': '2026-01-02 09:22:01', 'expires_at': '2027-01-01 22:09:00', 'status': 'active', 'condition': {'exchange': 'NSE', 'last_price': 349.2, 'tradingsymbol': 'ITC', 'trigger_values': [337], 'instrument_token': 424961}, 'orders': [{'exchange': 'NSE', 'tradingsymbol': 'ITC', 'product': 'CNC', 'order_type': 'LIMIT', 'transaction_type': 'BUY', 'quantity': 29, 'price': 337.1, 'result': None}], 'meta': {}}
2026-01-02 11:26:17,059 - __main__ - INFO - GTT Order 5: {'id': 300373388, 'user_id': 'OVF854', 'parent_trigger': None, 'type': 'single', 'created_at': '2026-01-01 22:09:00', 'updated_at': '2026-01-02 09:21:42', 'expires_at': '2027-01-01 22:09:00', 'status': 'active', 'condition': {'exchange': 'NSE', 'last_price': 347.8, 'tradingsymbol': 'ITC', 'trigger_values': [342], 'instrument_token': 424961}, 'orders': [{'exchange': 'NSE', 'tradingsymbol': 'ITC', 'product': 'CNC', 'order_type': 'LIMIT', 'transaction_type': 'BUY', 'quantity': 28, 'price': 342.1, 'result': None}], 'meta': {}}
2026-01-02 11:26:17,059 - __main__ - INFO - GTT Order 6: {'id': 285990355, 'user_id': 'OVF854', 'parent_trigger': None, 'type': 'single', 'created_at': '2025-09-02 16:38:56', 'updated_at': '2025-09-02 18:16:27', 'expires_at': '2026-09-02 16:38:56', 'status': 'active', 'condition': {'exchange': 'NSE', 'last_price': 311.75, 'tradingsymbol': 'JIOFIN', 'trigger_values': [330.1], 'instrument_token': 4644609}, 'orders': [{'exchange': 'NSE', 'tradingsymbol': 'JIOFIN', 'product': 'CNC', 'order_type': 'LIMIT', 'transaction_type': 'SELL', 'quantity': 173, 'price': 330, 'result': None}], 'meta': {}}
2026-01-02 11:26:17,059 - __main__ - INFO - GTT Order 7: {'id': 300373386, 'user_id': 'OVF854', 'parent_trigger': None, 'type': 'single', 'created_at': '2026-01-01 22:08:59', 'updated_at': '2026-01-02 09:15:22', 'expires_at': '2027-01-01 22:08:59', 'status': 'triggered', 'condition': {'exchange': 'NSE', 'last_price': 353, 'tradingsymbol': 'ITC', 'trigger_values': [348], 'instrument_token': 424961}, 'orders': [{'exchange': 'NSE', 'tradingsymbol': 'ITC', 'product': 'CNC', 'order_type': 'LIMIT', 'transaction_type': 'BUY', 'quantity': 27, 'price': 348.3, 'result': {'account_id': 'OVF854', 'exchange': 'NSE', 'tradingsymbol': 'ITC', 'validity': 'DAY', 'product': 'CNC', 'order_type': 'LIMIT', 'transaction_type': 'BUY', 'quantity': 27, 'price': 348.3, 'ltp_atp': 'LTP', 'squareoff_abs_tick': 'absolute', 'stoploss_abs_tick': 'absolute', 'timestamp': '2026-01-02 09:15:22', 'triggered_at': 347.7, 'order_result': {'status': 'success', 'order_id': '260102150050792', 'rejection_reason': ''}}}], 'meta': {}}
2026-01-02 11:26:17,059 - __main__ - INFO - GTT Order 8: {'id': 300373385, 'user_id': 'OVF854', 'parent_trigger': None, 'type': 'single', 'created_at': '2026-01-01 22:08:59', 'updated_at': '2026-01-02 09:15:10', 'expires_at': '2027-01-01 22:08:59', 'status': 'triggered', 'condition': {'exchange': 'NSE', 'last_price': 356.5, 'tradingsymbol': 'ITC', 'trigger_values': [351.5], 'instrument_token': 424961}, 'orders': [{'exchange': 'NSE', 'tradingsymbol': 'ITC', 'product': 'CNC', 'order_type': 'LIMIT', 'transaction_type': 'BUY', 'quantity': 26, 'price': 351.9, 'result': {'account_id': 'OVF854', 'exchange': 'NSE', 'tradingsymbol': 'ITC', 'validity': 'DAY', 'product': 'CNC', 'order_type': 'LIMIT', 'transaction_type': 'BUY', 'quantity': 26, 'price': 351.9, 'ltp_atp': 'LTP', 'squareoff_abs_tick': 'absolute', 'stoploss_abs_tick': 'absolute', 'timestamp': '2026-01-02 09:15:10', 'triggered_at': 351.35, 'order_result': {'status': 'success', 'order_id': '260102150046854', 'rejection_reason': ''}}}], 'meta': {}}
2026-01-02 11:26:17,059 - __main__ - INFO - GTT Order 9: {'id': 300373384, 'user_id': 'OVF854', 'parent_trigger': None, 'type': 'single', 'created_at': '2026-01-01 22:08:59', 'updated_at': '2026-01-02 09:15:02', 'expires_at': '2027-01-01 22:08:59', 'status': 'triggered', 'condition': {'exchange': 'NSE', 'last_price': 360.1, 'tradingsymbol': 'ITC', 'trigger_values': [355.1], 'instrument_token': 424961}, 'orders': [{'exchange': 'NSE', 'tradingsymbol': 'ITC', 'product': 'CNC', 'order_type': 'LIMIT', 'transaction_type': 'BUY', 'quantity': 25, 'price': 355.5, 'result': {'account_id': 'OVF854', 'exchange': 'NSE', 'tradingsymbol': 'ITC', 'validity': 'DAY', 'product': 'CNC', 'order_type': 'LIMIT', 'transaction_type': 'BUY', 'quantity': 25, 'price': 355.5, 'ltp_atp': 'LTP', 'squareoff_abs_tick': 'absolute', 'stoploss_abs_tick': 'absolute', 'timestamp': '2026-01-02 09:15:02', 'triggered_at': 354.9, 'order_result': {'status': 'success', 'order_id': '260102150044157', 'rejection_reason': ''}}}], 'meta': {}}
2026-01-02 11:26:17,059 - __main__ - INFO - GTT Order 10: {'id': 300373383, 'user_id': 'OVF854', 'parent_trigger': None, 'type': 'single', 'created_at': '2026-01-01 22:08:59', 'updated_at': '2026-01-02 09:15:01', 'expires_at': '2027-01-01 22:08:59', 'status': 'triggered', 'condition': {'exchange': 'NSE', 'last_price': 363.7, 'tradingsymbol': 'ITC', 'trigger_values': [358.7], 'instrument_token': 424961}, 'orders': [{'exchange': 'NSE', 'tradingsymbol': 'ITC', 'product': 'CNC', 'order_type': 'LIMIT', 'transaction_type': 'BUY', 'quantity': 24, 'price': 359.1, 'result': {'account_id': 'OVF854', 'exchange': 'NSE', 'tradingsymbol': 'ITC', 'validity': 'DAY', 'product': 'CNC', 'order_type': 'LIMIT', 'transaction_type': 'BUY', 'quantity': 24, 'price': 359.1, 'ltp_atp': 'LTP', 'squareoff_abs_tick': 'absolute', 'stoploss_abs_tick': 'absolute', 'timestamp': '2026-01-02 09:15:01', 'triggered_at': 357.05, 'order_result': {'status': 'success', 'order_id': '260102150043178', 'rejection_reason': ''}}}], 'meta': {}}
2026-01-02 11:26:17,059 - __main__ - INFO - Order: Symbol=ITC, Status=ACTIVE, Company=ITC
2026-01-02 11:26:17,059 - __main__ - INFO - ✅ Added active order for ITC (Status: ACTIVE)
2026-01-02 11:26:17,059 - __main__ - INFO - Order: Symbol=ITC, Status=ACTIVE, Company=ITC
2026-01-02 11:26:17,059 - __main__ - INFO - ✅ Added active order for ITC (Status: ACTIVE)
2026-01-02 11:26:17,059 - __main__ - INFO - Order: Symbol=ITC, Status=ACTIVE, Company=ITC
2026-01-02 11:26:17,059 - __main__ - INFO - ✅ Added active order for ITC (Status: ACTIVE)
2026-01-02 11:26:17,059 - __main__ - INFO - Order: Symbol=ITC, Status=ACTIVE, Company=ITC
2026-01-02 11:26:17,059 - __main__ - INFO - ✅ Added active order for ITC (Status: ACTIVE)
2026-01-02 11:26:17,059 - __main__ - INFO - Order: Symbol=ITC, Status=ACTIVE, Company=ITC
2026-01-02 11:26:17,059 - __main__ - INFO - ✅ Added active order for ITC (Status: ACTIVE)
2026-01-02 11:26:17,059 - __main__ - INFO - Order: Symbol=JIOFIN, Status=ACTIVE, Company=ITC
2026-01-02 11:26:17,059 - __main__ - INFO - Order: Symbol=ITC, Status=TRIGGERED, Company=ITC
2026-01-02 11:26:17,059 - __main__ - INFO - ⚠️  Found ITC order but status is 'TRIGGERED' (not active)
2026-01-02 11:26:17,059 - __main__ - INFO - Order: Symbol=ITC, Status=TRIGGERED, Company=ITC
2026-01-02 11:26:17,059 - __main__ - INFO - ⚠️  Found ITC order but status is 'TRIGGERED' (not active)
2026-01-02 11:26:17,059 - __main__ - INFO - Order: Symbol=ITC, Status=TRIGGERED, Company=ITC
2026-01-02 11:26:17,059 - __main__ - INFO - ⚠️  Found ITC order but status is 'TRIGGERED' (not active)
2026-01-02 11:26:17,059 - __main__ - INFO - Order: Symbol=ITC, Status=TRIGGERED, Company=ITC
2026-01-02 11:26:17,059 - __main__ - INFO - ⚠️  Found ITC order but status is 'TRIGGERED' (not active)
2026-01-02 11:26:17,059 - __main__ - INFO - Found 5 active GTT orders for ITC
2026-01-02 11:26:19,130 - __main__ - INFO - Starting deletion of GTT orders...
2026-01-02 11:26:19,131 - __main__ - INFO - Starting deletion of 5 GTT orders for ITC
2026-01-02 11:26:19,131 - __main__ - INFO - Deleting GTT order: Trigger ID 300373392, Symbol: ITC, Quantity: 0, Price: Rs.0.00
2026-01-02 11:26:19,244 - __main__ - INFO - Successfully deleted GTT order with trigger ID: 300373392
2026-01-02 11:26:19,244 - __main__ - INFO - Deleting GTT order: Trigger ID 300373391, Symbol: ITC, Quantity: 0, Price: Rs.0.00
2026-01-02 11:26:19,332 - __main__ - INFO - Successfully deleted GTT order with trigger ID: 300373391
2026-01-02 11:26:19,332 - __main__ - INFO - Deleting GTT order: Trigger ID 300373390, Symbol: ITC, Quantity: 0, Price: Rs.0.00
2026-01-02 11:26:19,424 - __main__ - INFO - Successfully deleted GTT order with trigger ID: 300373390
2026-01-02 11:26:19,424 - __main__ - INFO - Deleting GTT order: Trigger ID 300373389, Symbol: ITC, Quantity: 0, Price: Rs.0.00
2026-01-02 11:26:19,509 - __main__ - INFO - Successfully deleted GTT order with trigger ID: 300373389
2026-01-02 11:26:19,509 - __main__ - INFO - Deleting GTT order: Trigger ID 300373388, Symbol: ITC, Quantity: 0, Price: Rs.0.00
2026-01-02 11:26:19,588 - __main__ - INFO - Successfully deleted GTT order with trigger ID: 300373388
2026-01-02 11:26:19,588 - __main__ - INFO - Deletion summary saved to workdir/orders/ITC_gtt_deletion_20260102_112619.json
2026-01-02 11:26:19,588 - __main__ - INFO - GTT order deletion process completed successfully
