2026-01-04 23:44:24,176 - __main__ - INFO - Initializing GTT Order Deleter for TATASTEEL
2026-01-04 23:44:24,177 - __main__ - INFO - Configuration loaded successfully
2026-01-04 23:44:24,178 - __main__ - INFO - Starting GTT order deletion process
2026-01-04 23:44:24,394 - __main__ - INFO - Successfully connected to Kite Connect
2026-01-04 23:44:24,577 - __main__ - INFO - Retrieved 25 total GTT orders
2026-01-04 23:44:24,577 - __main__ - INFO - GTT Order 1: {'id': 300604296, 'user_id': 'OVF854', 'parent_trigger': None, 'type': 'single', 'created_at': '2026-01-04 23:18:34', 'updated_at': '2026-01-04 23:18:34', 'expires_at': '2027-01-04 23:18:34', 'status': 'active', 'condition': {'exchange': 'NSE', 'last_price': 324.58, 'tradingsymbol': 'JIOFIN', 'trigger_values': [325.58], 'instrument_token': 4644609}, 'orders': [{'exchange': 'NSE', 'tradingsymbol': 'JIOFIN', 'product': 'CNC', 'order_type': 'LIMIT', 'transaction_type': 'SELL', 'quantity': 180, 'price': 325.25, 'result': None}], 'meta': {}}
2026-01-04 23:44:24,577 - __main__ - INFO - GTT Order 2: {'id': 300602435, 'user_id': 'OVF854', 'parent_trigger': None, 'type': 'single', 'created_at': '2026-01-04 22:46:48', 'updated_at': '2026-01-04 22:46:48', 'expires_at': '2027-01-04 22:46:48', 'status': 'active', 'condition': {'exchange': 'NSE', 'last_price': 235.6, 'tradingsymbol': 'ONGC', 'trigger_values': [230.6], 'instrument_token': 633601}, 'orders': [{'exchange': 'NSE', 'tradingsymbol': 'ONGC', 'product': 'CNC', 'order_type': 'LIMIT', 'transaction_type': 'BUY', 'quantity': 24, 'price': 230.8, 'result': None}], 'meta': {}}
2026-01-04 23:44:24,577 - __main__ - INFO - GTT Order 3: {'id': 300602434, 'user_id': 'OVF854', 'parent_trigger': None, 'type': 'single', 'created_at': '2026-01-04 22:46:48', 'updated_at': '2026-01-04 22:46:48', 'expires_at': '2027-01-04 22:46:48', 'status': 'active', 'condition': {'exchange': 'NSE', 'last_price': 236.8, 'tradingsymbol': 'ONGC', 'trigger_values': [231.8], 'instrument_token': 633601}, 'orders': [{'exchange': 'NSE', 'tradingsymbol': 'ONGC', 'product': 'CNC', 'order_type': 'LIMIT', 'transaction_type': 'BUY', 'quantity': 23, 'price': 232, 'result': None}], 'meta': {}}
2026-01-04 23:44:24,577 - __main__ - INFO - GTT Order 4: {'id': 300602432, 'user_id': 'OVF854', 'parent_trigger': None, 'type': 'single', 'created_at': '2026-01-04 22:46:48', 'updated_at': '2026-01-04 22:46:48', 'expires_at': '2027-01-04 22:46:48', 'status': 'active', 'condition': {'exchange': 'NSE', 'last_price': 238, 'tradingsymbol': 'ONGC', 'trigger_values': [233], 'instrument_token': 633601}, 'orders': [{'exchange': 'NSE', 'tradingsymbol': 'ONGC', 'product': 'CNC', 'order_type': 'LIMIT', 'transaction_type': 'BUY', 'quantity': 22, 'price': 233.2, 'result': None}], 'meta': {}}
2026-01-04 23:44:24,577 - __main__ - INFO - GTT Order 5: {'id': 300602431, 'user_id': 'OVF854', 'parent_trigger': None, 'type': 'single', 'created_at': '2026-01-04 22:46:48', 'updated_at': '2026-01-04 22:46:48', 'expires_at': '2027-01-04 22:46:48', 'status': 'active', 'condition': {'exchange': 'NSE', 'last_price': 239.2, 'tradingsymbol': 'ONGC', 'trigger_values': [234.2], 'instrument_token': 633601}, 'orders': [{'exchange': 'NSE', 'tradingsymbol': 'ONGC', 'product': 'CNC', 'order_type': 'LIMIT', 'transaction_type': 'BUY', 'quantity': 21, 'price': 234.4, 'result': None}], 'meta': {}}
2026-01-04 23:44:24,577 - __main__ - INFO - GTT Order 6: {'id': 300602430, 'user_id': 'OVF854', 'parent_trigger': None, 'type': 'single', 'created_at': '2026-01-04 22:46:48', 'updated_at': '2026-01-04 22:46:48', 'expires_at': '2027-01-04 22:46:48', 'status': 'active', 'condition': {'exchange': 'NSE', 'last_price': 240.4, 'tradingsymbol': 'ONGC', 'trigger_values': [235.4], 'instrument_token': 633601}, 'orders': [{'exchange': 'NSE', 'tradingsymbol': 'ONGC', 'product': 'CNC', 'order_type': 'LIMIT', 'transaction_type': 'BUY', 'quantity': 20, 'price': 235.6, 'result': None}], 'meta': {}}
2026-01-04 23:44:24,577 - __main__ - INFO - GTT Order 7: {'id': 300602429, 'user_id': 'OVF854', 'parent_trigger': None, 'type': 'single', 'created_at': '2026-01-04 22:46:47', 'updated_at': '2026-01-04 22:46:47', 'expires_at': '2027-01-04 22:46:47', 'status': 'active', 'condition': {'exchange': 'NSE', 'last_price': 241.6, 'tradingsymbol': 'ONGC', 'trigger_values': [236.6], 'instrument_token': 633601}, 'orders': [{'exchange': 'NSE', 'tradingsymbol': 'ONGC', 'product': 'CNC', 'order_type': 'LIMIT', 'transaction_type': 'BUY', 'quantity': 19, 'price': 236.9, 'result': None}], 'meta': {}}
2026-01-04 23:44:24,577 - __main__ - INFO - GTT Order 8: {'id': 300602428, 'user_id': 'OVF854', 'parent_trigger': None, 'type': 'single', 'created_at': '2026-01-04 22:46:47', 'updated_at': '2026-01-04 22:46:47', 'expires_at': '2027-01-04 22:46:47', 'status': 'active', 'condition': {'exchange': 'NSE', 'last_price': 242.8, 'tradingsymbol': 'ONGC', 'trigger_values': [237.8], 'instrument_token': 633601}, 'orders': [{'exchange': 'NSE', 'tradingsymbol': 'ONGC', 'product': 'CNC', 'order_type': 'LIMIT', 'transaction_type': 'BUY', 'quantity': 18, 'price': 238.1, 'result': None}], 'meta': {}}
2026-01-04 23:44:24,577 - __main__ - INFO - GTT Order 9: {'id': 300602426, 'user_id': 'OVF854', 'parent_trigger': None, 'type': 'single', 'created_at': '2026-01-04 22:46:47', 'updated_at': '2026-01-04 22:46:47', 'expires_at': '2027-01-04 22:46:47', 'status': 'active', 'condition': {'exchange': 'NSE', 'last_price': 244, 'tradingsymbol': 'ONGC', 'trigger_values': [239], 'instrument_token': 633601}, 'orders': [{'exchange': 'NSE', 'tradingsymbol': 'ONGC', 'product': 'CNC', 'order_type': 'LIMIT', 'transaction_type': 'BUY', 'quantity': 17, 'price': 239.3, 'result': None}], 'meta': {}}
2026-01-04 23:44:24,577 - __main__ - INFO - GTT Order 10: {'id': 300602425, 'user_id': 'OVF854', 'parent_trigger': None, 'type': 'single', 'created_at': '2026-01-04 22:46:47', 'updated_at': '2026-01-04 22:46:47', 'expires_at': '2027-01-04 22:46:47', 'status': 'active', 'condition': {'exchange': 'NSE', 'last_price': 245.2, 'tradingsymbol': 'ONGC', 'trigger_values': [240.2], 'instrument_token': 633601}, 'orders': [{'exchange': 'NSE', 'tradingsymbol': 'ONGC', 'product': 'CNC', 'order_type': 'LIMIT', 'transaction_type': 'BUY', 'quantity': 16, 'price': 240.5, 'result': None}], 'meta': {}}
2026-01-04 23:44:24,577 - __main__ - INFO - GTT Order 11: {'id': 300601978, 'user_id': 'OVF854', 'parent_trigger': None, 'type': 'single', 'created_at': '2026-01-04 22:40:35', 'updated_at': '2026-01-04 22:40:35', 'expires_at': '2027-01-04 22:40:35', 'status': 'active', 'condition': {'exchange': 'NSE', 'last_price': 175.5, 'tradingsymbol': 'TATASTEEL', 'trigger_values': [170.5], 'instrument_token': 895745}, 'orders': [{'exchange': 'NSE', 'tradingsymbol': 'TATASTEEL', 'product': 'CNC', 'order_type': 'LIMIT', 'transaction_type': 'BUY', 'quantity': 28, 'price': 170.7, 'result': None}], 'meta': {}}
2026-01-04 23:44:24,577 - __main__ - INFO - GTT Order 12: {'id': 300601977, 'user_id': 'OVF854', 'parent_trigger': None, 'type': 'single', 'created_at': '2026-01-04 22:40:34', 'updated_at': '2026-01-04 22:40:34', 'expires_at': '2027-01-04 22:40:34', 'status': 'active', 'condition': {'exchange': 'NSE', 'last_price': 176.4, 'tradingsymbol': 'TATASTEEL', 'trigger_values': [171.4], 'instrument_token': 895745}, 'orders': [{'exchange': 'NSE', 'tradingsymbol': 'TATASTEEL', 'product': 'CNC', 'order_type': 'LIMIT', 'transaction_type': 'BUY', 'quantity': 27, 'price': 171.6, 'result': None}], 'meta': {}}
2026-01-04 23:44:24,577 - __main__ - INFO - GTT Order 13: {'id': 300601976, 'user_id': 'OVF854', 'parent_trigger': None, 'type': 'single', 'created_at': '2026-01-04 22:40:34', 'updated_at': '2026-01-04 22:40:34', 'expires_at': '2027-01-04 22:40:34', 'status': 'active', 'condition': {'exchange': 'NSE', 'last_price': 177.3, 'tradingsymbol': 'TATASTEEL', 'trigger_values': [172.3], 'instrument_token': 895745}, 'orders': [{'exchange': 'NSE', 'tradingsymbol': 'TATASTEEL', 'product': 'CNC', 'order_type': 'LIMIT', 'transaction_type': 'BUY', 'quantity': 26, 'price': 172.5, 'result': None}], 'meta': {}}
2026-01-04 23:44:24,577 - __main__ - INFO - GTT Order 14: {'id': 300601975, 'user_id': 'OVF854', 'parent_trigger': None, 'type': 'single', 'created_at': '2026-01-04 22:40:34', 'updated_at': '2026-01-04 22:40:34', 'expires_at': '2027-01-04 22:40:34', 'status': 'active', 'condition': {'exchange': 'NSE', 'last_price': 178.2, 'tradingsymbol': 'TATASTEEL', 'trigger_values': [173.2], 'instrument_token': 895745}, 'orders': [{'exchange': 'NSE', 'tradingsymbol': 'TATASTEEL', 'product': 'CNC', 'order_type': 'LIMIT', 'transaction_type': 'BUY', 'quantity': 25, 'price': 173.4, 'result': None}], 'meta': {}}
2026-01-04 23:44:24,577 - __main__ - INFO - GTT Order 15: {'id': 300601974, 'user_id': 'OVF854', 'parent_trigger': None, 'type': 'single', 'created_at': '2026-01-04 22:40:34', 'updated_at': '2026-01-04 22:40:34', 'expires_at': '2027-01-04 22:40:34', 'status': 'active', 'condition': {'exchange': 'NSE', 'last_price': 179.1, 'tradingsymbol': 'TATASTEEL', 'trigger_values': [174.1], 'instrument_token': 895745}, 'orders': [{'exchange': 'NSE', 'tradingsymbol': 'TATASTEEL', 'product': 'CNC', 'order_type': 'LIMIT', 'transaction_type': 'BUY', 'quantity': 24, 'price': 174.3, 'result': None}], 'meta': {}}
2026-01-04 23:44:24,577 - __main__ - INFO - GTT Order 16: {'id': 300601973, 'user_id': 'OVF854', 'parent_trigger': None, 'type': 'single', 'created_at': '2026-01-04 22:40:34', 'updated_at': '2026-01-04 22:40:34', 'expires_at': '2027-01-04 22:40:34', 'status': 'active', 'condition': {'exchange': 'NSE', 'last_price': 180, 'tradingsymbol': 'TATASTEEL', 'trigger_values': [175], 'instrument_token': 895745}, 'orders': [{'exchange': 'NSE', 'tradingsymbol': 'TATASTEEL', 'product': 'CNC', 'order_type': 'LIMIT', 'transaction_type': 'BUY', 'quantity': 23, 'price': 175.2, 'result': None}], 'meta': {}}
2026-01-04 23:44:24,577 - __main__ - INFO - GTT Order 17: {'id': 300601971, 'user_id': 'OVF854', 'parent_trigger': None, 'type': 'single', 'created_at': '2026-01-04 22:40:33', 'updated_at': '2026-01-04 22:40:33', 'expires_at': '2027-01-04 22:40:33', 'status': 'active', 'condition': {'exchange': 'NSE', 'last_price': 181, 'tradingsymbol': 'TATASTEEL', 'trigger_values': [176], 'instrument_token': 895745}, 'orders': [{'exchange': 'NSE', 'tradingsymbol': 'TATASTEEL', 'product': 'CNC', 'order_type': 'LIMIT', 'transaction_type': 'BUY', 'quantity': 22, 'price': 176.1, 'result': None}], 'meta': {}}
2026-01-04 23:44:24,577 - __main__ - INFO - GTT Order 18: {'id': 300601970, 'user_id': 'OVF854', 'parent_trigger': None, 'type': 'single', 'created_at': '2026-01-04 22:40:33', 'updated_at': '2026-01-04 22:40:33', 'expires_at': '2027-01-04 22:40:33', 'status': 'active', 'condition': {'exchange': 'NSE', 'last_price': 181.9, 'tradingsymbol': 'TATASTEEL', 'trigger_values': [176.9], 'instrument_token': 895745}, 'orders': [{'exchange': 'NSE', 'tradingsymbol': 'TATASTEEL', 'product': 'CNC', 'order_type': 'LIMIT', 'transaction_type': 'BUY', 'quantity': 21, 'price': 177, 'result': None}], 'meta': {}}
2026-01-04 23:44:24,577 - __main__ - INFO - GTT Order 19: {'id': 300601969, 'user_id': 'OVF854', 'parent_trigger': None, 'type': 'single', 'created_at': '2026-01-04 22:40:33', 'updated_at': '2026-01-04 22:40:33', 'expires_at': '2027-01-04 22:40:33', 'status': 'active', 'condition': {'exchange': 'NSE', 'last_price': 182.8, 'tradingsymbol': 'TATASTEEL', 'trigger_values': [177.8], 'instrument_token': 895745}, 'orders': [{'exchange': 'NSE', 'tradingsymbol': 'TATASTEEL', 'product': 'CNC', 'order_type': 'LIMIT', 'transaction_type': 'BUY', 'quantity': 20, 'price': 178, 'result': None}], 'meta': {}}
2026-01-04 23:44:24,577 - __main__ - INFO - GTT Order 20: {'id': 300601968, 'user_id': 'OVF854', 'parent_trigger': None, 'type': 'single', 'created_at': '2026-01-04 22:40:33', 'updated_at': '2026-01-04 22:40:33', 'expires_at': '2027-01-04 22:40:33', 'status': 'active', 'condition': {'exchange': 'NSE', 'last_price': 183.7, 'tradingsymbol': 'TATASTEEL', 'trigger_values': [178.7], 'instrument_token': 895745}, 'orders': [{'exchange': 'NSE', 'tradingsymbol': 'TATASTEEL', 'product': 'CNC', 'order_type': 'LIMIT', 'transaction_type': 'BUY', 'quantity': 19, 'price': 178.9, 'result': None}], 'meta': {}}
2026-01-04 23:44:24,577 - __main__ - INFO - GTT Order 21: {'id': 300601967, 'user_id': 'OVF854', 'parent_trigger': None, 'type': 'single', 'created_at': '2026-01-04 22:40:33', 'updated_at': '2026-01-04 22:40:33', 'expires_at': '2027-01-04 22:40:33', 'status': 'active', 'condition': {'exchange': 'NSE', 'last_price': 184.6, 'tradingsymbol': 'TATASTEEL', 'trigger_values': [179.6], 'instrument_token': 895745}, 'orders': [{'exchange': 'NSE', 'tradingsymbol': 'TATASTEEL', 'product': 'CNC', 'order_type': 'LIMIT', 'transaction_type': 'BUY', 'quantity': 18, 'price': 179.8, 'result': None}], 'meta': {}}
2026-01-04 23:44:24,577 - __main__ - INFO - GTT Order 22: {'id': 300601966, 'user_id': 'OVF854', 'parent_trigger': None, 'type': 'single', 'created_at': '2026-01-04 22:40:32', 'updated_at': '2026-01-04 22:40:32', 'expires_at': '2027-01-04 22:40:32', 'status': 'active', 'condition': {'exchange': 'NSE', 'last_price': 185.5, 'tradingsymbol': 'TATASTEEL', 'trigger_values': [180.5], 'instrument_token': 895745}, 'orders': [{'exchange': 'NSE', 'tradingsymbol': 'TATASTEEL', 'product': 'CNC', 'order_type': 'LIMIT', 'transaction_type': 'BUY', 'quantity': 17, 'price': 180.7, 'result': None}], 'meta': {}}
2026-01-04 23:44:24,577 - __main__ - INFO - GTT Order 23: {'id': 300601965, 'user_id': 'OVF854', 'parent_trigger': None, 'type': 'single', 'created_at': '2026-01-04 22:40:32', 'updated_at': '2026-01-04 22:40:32', 'expires_at': '2027-01-04 22:40:32', 'status': 'active', 'condition': {'exchange': 'NSE', 'last_price': 186.4, 'tradingsymbol': 'TATASTEEL', 'trigger_values': [181.4], 'instrument_token': 895745}, 'orders': [{'exchange': 'NSE', 'tradingsymbol': 'TATASTEEL', 'product': 'CNC', 'order_type': 'LIMIT', 'transaction_type': 'BUY', 'quantity': 16, 'price': 181.6, 'result': None}], 'meta': {}}
2026-01-04 23:44:24,577 - __main__ - INFO - GTT Order 24: {'id': 300601963, 'user_id': 'OVF854', 'parent_trigger': None, 'type': 'single', 'created_at': '2026-01-04 22:40:32', 'updated_at': '2026-01-04 22:40:32', 'expires_at': '2027-01-04 22:40:32', 'status': 'active', 'condition': {'exchange': 'NSE', 'last_price': 187.3, 'tradingsymbol': 'TATASTEEL', 'trigger_values': [182.3], 'instrument_token': 895745}, 'orders': [{'exchange': 'NSE', 'tradingsymbol': 'TATASTEEL', 'product': 'CNC', 'order_type': 'LIMIT', 'transaction_type': 'BUY', 'quantity': 15, 'price': 182.5, 'result': None}], 'meta': {}}
2026-01-04 23:44:24,578 - __main__ - INFO - GTT Order 25: {'id': 285990355, 'user_id': 'OVF854', 'parent_trigger': None, 'type': 'single', 'created_at': '2025-09-02 16:38:56', 'updated_at': '2025-09-02 18:16:27', 'expires_at': '2026-09-02 16:38:56', 'status': 'active', 'condition': {'exchange': 'NSE', 'last_price': 311.75, 'tradingsymbol': 'JIOFIN', 'trigger_values': [330.1], 'instrument_token': 4644609}, 'orders': [{'exchange': 'NSE', 'tradingsymbol': 'JIOFIN', 'product': 'CNC', 'order_type': 'LIMIT', 'transaction_type': 'SELL', 'quantity': 173, 'price': 330, 'result': None}], 'meta': {}}
2026-01-04 23:44:24,578 - __main__ - INFO - Order: Symbol=JIOFIN, Status=ACTIVE, Company=TATASTEEL
2026-01-04 23:44:24,578 - __main__ - INFO - Order: Symbol=ONGC, Status=ACTIVE, Company=TATASTEEL
2026-01-04 23:44:24,578 - __main__ - INFO - Order: Symbol=ONGC, Status=ACTIVE, Company=TATASTEEL
2026-01-04 23:44:24,578 - __main__ - INFO - Order: Symbol=ONGC, Status=ACTIVE, Company=TATASTEEL
2026-01-04 23:44:24,578 - __main__ - INFO - Order: Symbol=ONGC, Status=ACTIVE, Company=TATASTEEL
2026-01-04 23:44:24,578 - __main__ - INFO - Order: Symbol=ONGC, Status=ACTIVE, Company=TATASTEEL
2026-01-04 23:44:24,578 - __main__ - INFO - Order: Symbol=ONGC, Status=ACTIVE, Company=TATASTEEL
2026-01-04 23:44:24,578 - __main__ - INFO - Order: Symbol=ONGC, Status=ACTIVE, Company=TATASTEEL
2026-01-04 23:44:24,578 - __main__ - INFO - Order: Symbol=ONGC, Status=ACTIVE, Company=TATASTEEL
2026-01-04 23:44:24,578 - __main__ - INFO - Order: Symbol=ONGC, Status=ACTIVE, Company=TATASTEEL
2026-01-04 23:44:24,578 - __main__ - INFO - Order: Symbol=TATASTEEL, Status=ACTIVE, Company=TATASTEEL
2026-01-04 23:44:24,578 - __main__ - INFO - ✅ Added active order for TATASTEEL (Status: ACTIVE)
2026-01-04 23:44:24,578 - __main__ - INFO - Order: Symbol=TATASTEEL, Status=ACTIVE, Company=TATASTEEL
2026-01-04 23:44:24,578 - __main__ - INFO - ✅ Added active order for TATASTEEL (Status: ACTIVE)
2026-01-04 23:44:24,578 - __main__ - INFO - Order: Symbol=TATASTEEL, Status=ACTIVE, Company=TATASTEEL
2026-01-04 23:44:24,578 - __main__ - INFO - ✅ Added active order for TATASTEEL (Status: ACTIVE)
2026-01-04 23:44:24,578 - __main__ - INFO - Order: Symbol=TATASTEEL, Status=ACTIVE, Company=TATASTEEL
2026-01-04 23:44:24,578 - __main__ - INFO - ✅ Added active order for TATASTEEL (Status: ACTIVE)
2026-01-04 23:44:24,578 - __main__ - INFO - Order: Symbol=TATASTEEL, Status=ACTIVE, Company=TATASTEEL
2026-01-04 23:44:24,578 - __main__ - INFO - ✅ Added active order for TATASTEEL (Status: ACTIVE)
2026-01-04 23:44:24,578 - __main__ - INFO - Order: Symbol=TATASTEEL, Status=ACTIVE, Company=TATASTEEL
2026-01-04 23:44:24,578 - __main__ - INFO - ✅ Added active order for TATASTEEL (Status: ACTIVE)
2026-01-04 23:44:24,578 - __main__ - INFO - Order: Symbol=TATASTEEL, Status=ACTIVE, Company=TATASTEEL
2026-01-04 23:44:24,578 - __main__ - INFO - ✅ Added active order for TATASTEEL (Status: ACTIVE)
2026-01-04 23:44:24,578 - __main__ - INFO - Order: Symbol=TATASTEEL, Status=ACTIVE, Company=TATASTEEL
2026-01-04 23:44:24,578 - __main__ - INFO - ✅ Added active order for TATASTEEL (Status: ACTIVE)
2026-01-04 23:44:24,578 - __main__ - INFO - Order: Symbol=TATASTEEL, Status=ACTIVE, Company=TATASTEEL
2026-01-04 23:44:24,578 - __main__ - INFO - ✅ Added active order for TATASTEEL (Status: ACTIVE)
2026-01-04 23:44:24,578 - __main__ - INFO - Order: Symbol=TATASTEEL, Status=ACTIVE, Company=TATASTEEL
2026-01-04 23:44:24,578 - __main__ - INFO - ✅ Added active order for TATASTEEL (Status: ACTIVE)
2026-01-04 23:44:24,578 - __main__ - INFO - Order: Symbol=TATASTEEL, Status=ACTIVE, Company=TATASTEEL
2026-01-04 23:44:24,578 - __main__ - INFO - ✅ Added active order for TATASTEEL (Status: ACTIVE)
2026-01-04 23:44:24,578 - __main__ - INFO - Order: Symbol=TATASTEEL, Status=ACTIVE, Company=TATASTEEL
2026-01-04 23:44:24,578 - __main__ - INFO - ✅ Added active order for TATASTEEL (Status: ACTIVE)
2026-01-04 23:44:24,579 - __main__ - INFO - Order: Symbol=TATASTEEL, Status=ACTIVE, Company=TATASTEEL
2026-01-04 23:44:24,579 - __main__ - INFO - ✅ Added active order for TATASTEEL (Status: ACTIVE)
2026-01-04 23:44:24,579 - __main__ - INFO - Order: Symbol=TATASTEEL, Status=ACTIVE, Company=TATASTEEL
2026-01-04 23:44:24,579 - __main__ - INFO - ✅ Added active order for TATASTEEL (Status: ACTIVE)
2026-01-04 23:44:24,579 - __main__ - INFO - Order: Symbol=JIOFIN, Status=ACTIVE, Company=TATASTEEL
2026-01-04 23:44:24,579 - __main__ - INFO - Found 14 active GTT orders for TATASTEEL
2026-01-04 23:44:28,018 - __main__ - INFO - Starting deletion of GTT orders...
2026-01-04 23:44:28,018 - __main__ - INFO - Starting deletion of 14 GTT orders for TATASTEEL
2026-01-04 23:44:28,018 - __main__ - INFO - Deleting GTT order: Trigger ID 300601978, Symbol: TATASTEEL, Quantity: 0, Price: Rs.0.00
2026-01-04 23:44:28,118 - __main__ - INFO - Successfully deleted GTT order with trigger ID: 300601978
2026-01-04 23:44:28,118 - __main__ - INFO - Deleting GTT order: Trigger ID 300601977, Symbol: TATASTEEL, Quantity: 0, Price: Rs.0.00
2026-01-04 23:44:28,217 - __main__ - INFO - Successfully deleted GTT order with trigger ID: 300601977
2026-01-04 23:44:28,217 - __main__ - INFO - Deleting GTT order: Trigger ID 300601976, Symbol: TATASTEEL, Quantity: 0, Price: Rs.0.00
2026-01-04 23:44:28,313 - __main__ - INFO - Successfully deleted GTT order with trigger ID: 300601976
2026-01-04 23:44:28,313 - __main__ - INFO - Deleting GTT order: Trigger ID 300601975, Symbol: TATASTEEL, Quantity: 0, Price: Rs.0.00
2026-01-04 23:44:28,405 - __main__ - INFO - Successfully deleted GTT order with trigger ID: 300601975
2026-01-04 23:44:28,405 - __main__ - INFO - Deleting GTT order: Trigger ID 300601974, Symbol: TATASTEEL, Quantity: 0, Price: Rs.0.00
2026-01-04 23:44:28,503 - __main__ - INFO - Successfully deleted GTT order with trigger ID: 300601974
2026-01-04 23:44:28,503 - __main__ - INFO - Deleting GTT order: Trigger ID 300601973, Symbol: TATASTEEL, Quantity: 0, Price: Rs.0.00
2026-01-04 23:44:28,597 - __main__ - INFO - Successfully deleted GTT order with trigger ID: 300601973
2026-01-04 23:44:28,597 - __main__ - INFO - Deleting GTT order: Trigger ID 300601971, Symbol: TATASTEEL, Quantity: 0, Price: Rs.0.00
2026-01-04 23:44:28,692 - __main__ - INFO - Successfully deleted GTT order with trigger ID: 300601971
2026-01-04 23:44:28,693 - __main__ - INFO - Deleting GTT order: Trigger ID 300601970, Symbol: TATASTEEL, Quantity: 0, Price: Rs.0.00
2026-01-04 23:44:28,795 - __main__ - INFO - Successfully deleted GTT order with trigger ID: 300601970
2026-01-04 23:44:28,795 - __main__ - INFO - Deleting GTT order: Trigger ID 300601969, Symbol: TATASTEEL, Quantity: 0, Price: Rs.0.00
2026-01-04 23:44:28,885 - __main__ - INFO - Successfully deleted GTT order with trigger ID: 300601969
2026-01-04 23:44:28,885 - __main__ - INFO - Deleting GTT order: Trigger ID 300601968, Symbol: TATASTEEL, Quantity: 0, Price: Rs.0.00
2026-01-04 23:44:28,986 - __main__ - INFO - Successfully deleted GTT order with trigger ID: 300601968
2026-01-04 23:44:28,986 - __main__ - INFO - Deleting GTT order: Trigger ID 300601967, Symbol: TATASTEEL, Quantity: 0, Price: Rs.0.00
2026-01-04 23:44:29,085 - __main__ - INFO - Successfully deleted GTT order with trigger ID: 300601967
2026-01-04 23:44:29,085 - __main__ - INFO - Deleting GTT order: Trigger ID 300601966, Symbol: TATASTEEL, Quantity: 0, Price: Rs.0.00
2026-01-04 23:44:29,193 - __main__ - INFO - Successfully deleted GTT order with trigger ID: 300601966
2026-01-04 23:44:29,193 - __main__ - INFO - Deleting GTT order: Trigger ID 300601965, Symbol: TATASTEEL, Quantity: 0, Price: Rs.0.00
2026-01-04 23:44:29,292 - __main__ - INFO - Successfully deleted GTT order with trigger ID: 300601965
2026-01-04 23:44:29,292 - __main__ - INFO - Deleting GTT order: Trigger ID 300601963, Symbol: TATASTEEL, Quantity: 0, Price: Rs.0.00
2026-01-04 23:44:29,395 - __main__ - INFO - Successfully deleted GTT order with trigger ID: 300601963
2026-01-04 23:44:29,396 - __main__ - INFO - Deletion summary saved to workdir/orders/TATASTEEL_gtt_deletion_20260104_234429.json
2026-01-04 23:44:29,396 - __main__ - INFO - GTT order deletion process completed successfully
