2026-01-04 23:44:39,172 - __main__ - INFO - Initializing GTT Order Deleter for ONGC
2026-01-04 23:44:39,173 - __main__ - INFO - Configuration loaded successfully
2026-01-04 23:44:39,174 - __main__ - INFO - Starting GTT order deletion process
2026-01-04 23:44:39,311 - __main__ - INFO - Successfully connected to Kite Connect
2026-01-04 23:44:39,414 - __main__ - INFO - Retrieved 11 total GTT orders
2026-01-04 23:44:39,414 - __main__ - INFO - GTT Order 1: {'id': 300604296, 'user_id': 'OVF854', 'parent_trigger': None, 'type': 'single', 'created_at': '2026-01-04 23:18:34', 'updated_at': '2026-01-04 23:18:34', 'expires_at': '2027-01-04 23:18:34', 'status': 'active', 'condition': {'exchange': 'NSE', 'last_price': 324.58, 'tradingsymbol': 'JIOFIN', 'trigger_values': [325.58], 'instrument_token': 4644609}, 'orders': [{'exchange': 'NSE', 'tradingsymbol': 'JIOFIN', 'product': 'CNC', 'order_type': 'LIMIT', 'transaction_type': 'SELL', 'quantity': 180, 'price': 325.25, 'result': None}], 'meta': {}}
2026-01-04 23:44:39,414 - __main__ - INFO - GTT Order 2: {'id': 300602435, 'user_id': 'OVF854', 'parent_trigger': None, 'type': 'single', 'created_at': '2026-01-04 22:46:48', 'updated_at': '2026-01-04 22:46:48', 'expires_at': '2027-01-04 22:46:48', 'status': 'active', 'condition': {'exchange': 'NSE', 'last_price': 235.6, 'tradingsymbol': 'ONGC', 'trigger_values': [230.6], 'instrument_token': 633601}, 'orders': [{'exchange': 'NSE', 'tradingsymbol': 'ONGC', 'product': 'CNC', 'order_type': 'LIMIT', 'transaction_type': 'BUY', 'quantity': 24, 'price': 230.8, 'result': None}], 'meta': {}}
2026-01-04 23:44:39,414 - __main__ - INFO - GTT Order 3: {'id': 300602434, 'user_id': 'OVF854', 'parent_trigger': None, 'type': 'single', 'created_at': '2026-01-04 22:46:48', 'updated_at': '2026-01-04 22:46:48', 'expires_at': '2027-01-04 22:46:48', 'status': 'active', 'condition': {'exchange': 'NSE', 'last_price': 236.8, 'tradingsymbol': 'ONGC', 'trigger_values': [231.8], 'instrument_token': 633601}, 'orders': [{'exchange': 'NSE', 'tradingsymbol': 'ONGC', 'product': 'CNC', 'order_type': 'LIMIT', 'transaction_type': 'BUY', 'quantity': 23, 'price': 232, 'result': None}], 'meta': {}}
2026-01-04 23:44:39,414 - __main__ - INFO - GTT Order 4: {'id': 300602432, 'user_id': 'OVF854', 'parent_trigger': None, 'type': 'single', 'created_at': '2026-01-04 22:46:48', 'updated_at': '2026-01-04 22:46:48', 'expires_at': '2027-01-04 22:46:48', 'status': 'active', 'condition': {'exchange': 'NSE', 'last_price': 238, 'tradingsymbol': 'ONGC', 'trigger_values': [233], 'instrument_token': 633601}, 'orders': [{'exchange': 'NSE', 'tradingsymbol': 'ONGC', 'product': 'CNC', 'order_type': 'LIMIT', 'transaction_type': 'BUY', 'quantity': 22, 'price': 233.2, 'result': None}], 'meta': {}}
2026-01-04 23:44:39,414 - __main__ - INFO - GTT Order 5: {'id': 300602431, 'user_id': 'OVF854', 'parent_trigger': None, 'type': 'single', 'created_at': '2026-01-04 22:46:48', 'updated_at': '2026-01-04 22:46:48', 'expires_at': '2027-01-04 22:46:48', 'status': 'active', 'condition': {'exchange': 'NSE', 'last_price': 239.2, 'tradingsymbol': 'ONGC', 'trigger_values': [234.2], 'instrument_token': 633601}, 'orders': [{'exchange': 'NSE', 'tradingsymbol': 'ONGC', 'product': 'CNC', 'order_type': 'LIMIT', 'transaction_type': 'BUY', 'quantity': 21, 'price': 234.4, 'result': None}], 'meta': {}}
2026-01-04 23:44:39,414 - __main__ - INFO - GTT Order 6: {'id': 300602430, 'user_id': 'OVF854', 'parent_trigger': None, 'type': 'single', 'created_at': '2026-01-04 22:46:48', 'updated_at': '2026-01-04 22:46:48', 'expires_at': '2027-01-04 22:46:48', 'status': 'active', 'condition': {'exchange': 'NSE', 'last_price': 240.4, 'tradingsymbol': 'ONGC', 'trigger_values': [235.4], 'instrument_token': 633601}, 'orders': [{'exchange': 'NSE', 'tradingsymbol': 'ONGC', 'product': 'CNC', 'order_type': 'LIMIT', 'transaction_type': 'BUY', 'quantity': 20, 'price': 235.6, 'result': None}], 'meta': {}}
2026-01-04 23:44:39,414 - __main__ - INFO - GTT Order 7: {'id': 300602429, 'user_id': 'OVF854', 'parent_trigger': None, 'type': 'single', 'created_at': '2026-01-04 22:46:47', 'updated_at': '2026-01-04 22:46:47', 'expires_at': '2027-01-04 22:46:47', 'status': 'active', 'condition': {'exchange': 'NSE', 'last_price': 241.6, 'tradingsymbol': 'ONGC', 'trigger_values': [236.6], 'instrument_token': 633601}, 'orders': [{'exchange': 'NSE', 'tradingsymbol': 'ONGC', 'product': 'CNC', 'order_type': 'LIMIT', 'transaction_type': 'BUY', 'quantity': 19, 'price': 236.9, 'result': None}], 'meta': {}}
2026-01-04 23:44:39,414 - __main__ - INFO - GTT Order 8: {'id': 300602428, 'user_id': 'OVF854', 'parent_trigger': None, 'type': 'single', 'created_at': '2026-01-04 22:46:47', 'updated_at': '2026-01-04 22:46:47', 'expires_at': '2027-01-04 22:46:47', 'status': 'active', 'condition': {'exchange': 'NSE', 'last_price': 242.8, 'tradingsymbol': 'ONGC', 'trigger_values': [237.8], 'instrument_token': 633601}, 'orders': [{'exchange': 'NSE', 'tradingsymbol': 'ONGC', 'product': 'CNC', 'order_type': 'LIMIT', 'transaction_type': 'BUY', 'quantity': 18, 'price': 238.1, 'result': None}], 'meta': {}}
2026-01-04 23:44:39,414 - __main__ - INFO - GTT Order 9: {'id': 300602426, 'user_id': 'OVF854', 'parent_trigger': None, 'type': 'single', 'created_at': '2026-01-04 22:46:47', 'updated_at': '2026-01-04 22:46:47', 'expires_at': '2027-01-04 22:46:47', 'status': 'active', 'condition': {'exchange': 'NSE', 'last_price': 244, 'tradingsymbol': 'ONGC', 'trigger_values': [239], 'instrument_token': 633601}, 'orders': [{'exchange': 'NSE', 'tradingsymbol': 'ONGC', 'product': 'CNC', 'order_type': 'LIMIT', 'transaction_type': 'BUY', 'quantity': 17, 'price': 239.3, 'result': None}], 'meta': {}}
2026-01-04 23:44:39,414 - __main__ - INFO - GTT Order 10: {'id': 300602425, 'user_id': 'OVF854', 'parent_trigger': None, 'type': 'single', 'created_at': '2026-01-04 22:46:47', 'updated_at': '2026-01-04 22:46:47', 'expires_at': '2027-01-04 22:46:47', 'status': 'active', 'condition': {'exchange': 'NSE', 'last_price': 245.2, 'tradingsymbol': 'ONGC', 'trigger_values': [240.2], 'instrument_token': 633601}, 'orders': [{'exchange': 'NSE', 'tradingsymbol': 'ONGC', 'product': 'CNC', 'order_type': 'LIMIT', 'transaction_type': 'BUY', 'quantity': 16, 'price': 240.5, 'result': None}], 'meta': {}}
2026-01-04 23:44:39,414 - __main__ - INFO - GTT Order 11: {'id': 285990355, 'user_id': 'OVF854', 'parent_trigger': None, 'type': 'single', 'created_at': '2025-09-02 16:38:56', 'updated_at': '2025-09-02 18:16:27', 'expires_at': '2026-09-02 16:38:56', 'status': 'active', 'condition': {'exchange': 'NSE', 'last_price': 311.75, 'tradingsymbol': 'JIOFIN', 'trigger_values': [330.1], 'instrument_token': 4644609}, 'orders': [{'exchange': 'NSE', 'tradingsymbol': 'JIOFIN', 'product': 'CNC', 'order_type': 'LIMIT', 'transaction_type': 'SELL', 'quantity': 173, 'price': 330, 'result': None}], 'meta': {}}
2026-01-04 23:44:39,414 - __main__ - INFO - Order: Symbol=JIOFIN, Status=ACTIVE, Company=ONGC
2026-01-04 23:44:39,414 - __main__ - INFO - Order: Symbol=ONGC, Status=ACTIVE, Company=ONGC
2026-01-04 23:44:39,414 - __main__ - INFO - ✅ Added active order for ONGC (Status: ACTIVE)
2026-01-04 23:44:39,414 - __main__ - INFO - Order: Symbol=ONGC, Status=ACTIVE, Company=ONGC
2026-01-04 23:44:39,414 - __main__ - INFO - ✅ Added active order for ONGC (Status: ACTIVE)
2026-01-04 23:44:39,415 - __main__ - INFO - Order: Symbol=ONGC, Status=ACTIVE, Company=ONGC
2026-01-04 23:44:39,415 - __main__ - INFO - ✅ Added active order for ONGC (Status: ACTIVE)
2026-01-04 23:44:39,415 - __main__ - INFO - Order: Symbol=ONGC, Status=ACTIVE, Company=ONGC
2026-01-04 23:44:39,415 - __main__ - INFO - ✅ Added active order for ONGC (Status: ACTIVE)
2026-01-04 23:44:39,415 - __main__ - INFO - Order: Symbol=ONGC, Status=ACTIVE, Company=ONGC
2026-01-04 23:44:39,415 - __main__ - INFO - ✅ Added active order for ONGC (Status: ACTIVE)
2026-01-04 23:44:39,415 - __main__ - INFO - Order: Symbol=ONGC, Status=ACTIVE, Company=ONGC
2026-01-04 23:44:39,415 - __main__ - INFO - ✅ Added active order for ONGC (Status: ACTIVE)
2026-01-04 23:44:39,415 - __main__ - INFO - Order: Symbol=ONGC, Status=ACTIVE, Company=ONGC
2026-01-04 23:44:39,415 - __main__ - INFO - ✅ Added active order for ONGC (Status: ACTIVE)
2026-01-04 23:44:39,415 - __main__ - INFO - Order: Symbol=ONGC, Status=ACTIVE, Company=ONGC
2026-01-04 23:44:39,415 - __main__ - INFO - ✅ Added active order for ONGC (Status: ACTIVE)
2026-01-04 23:44:39,415 - __main__ - INFO - Order: Symbol=ONGC, Status=ACTIVE, Company=ONGC
2026-01-04 23:44:39,415 - __main__ - INFO - ✅ Added active order for ONGC (Status: ACTIVE)
2026-01-04 23:44:39,415 - __main__ - INFO - Order: Symbol=JIOFIN, Status=ACTIVE, Company=ONGC
2026-01-04 23:44:39,415 - __main__ - INFO - Found 9 active GTT orders for ONGC
2026-01-04 23:44:41,314 - __main__ - INFO - Starting deletion of GTT orders...
2026-01-04 23:44:41,315 - __main__ - INFO - Starting deletion of 9 GTT orders for ONGC
2026-01-04 23:44:41,315 - __main__ - INFO - Deleting GTT order: Trigger ID 300602435, Symbol: ONGC, Quantity: 0, Price: Rs.0.00
2026-01-04 23:44:41,414 - __main__ - INFO - Successfully deleted GTT order with trigger ID: 300602435
2026-01-04 23:44:41,414 - __main__ - INFO - Deleting GTT order: Trigger ID 300602434, Symbol: ONGC, Quantity: 0, Price: Rs.0.00
2026-01-04 23:44:41,522 - __main__ - INFO - Successfully deleted GTT order with trigger ID: 300602434
2026-01-04 23:44:41,523 - __main__ - INFO - Deleting GTT order: Trigger ID 300602432, Symbol: ONGC, Quantity: 0, Price: Rs.0.00
2026-01-04 23:44:41,640 - __main__ - INFO - Successfully deleted GTT order with trigger ID: 300602432
2026-01-04 23:44:41,640 - __main__ - INFO - Deleting GTT order: Trigger ID 300602431, Symbol: ONGC, Quantity: 0, Price: Rs.0.00
2026-01-04 23:44:41,741 - __main__ - INFO - Successfully deleted GTT order with trigger ID: 300602431
2026-01-04 23:44:41,741 - __main__ - INFO - Deleting GTT order: Trigger ID 300602430, Symbol: ONGC, Quantity: 0, Price: Rs.0.00
2026-01-04 23:44:41,840 - __main__ - INFO - Successfully deleted GTT order with trigger ID: 300602430
2026-01-04 23:44:41,840 - __main__ - INFO - Deleting GTT order: Trigger ID 300602429, Symbol: ONGC, Quantity: 0, Price: Rs.0.00
2026-01-04 23:44:41,945 - __main__ - INFO - Successfully deleted GTT order with trigger ID: 300602429
2026-01-04 23:44:41,945 - __main__ - INFO - Deleting GTT order: Trigger ID 300602428, Symbol: ONGC, Quantity: 0, Price: Rs.0.00
2026-01-04 23:44:42,043 - __main__ - INFO - Successfully deleted GTT order with trigger ID: 300602428
2026-01-04 23:44:42,043 - __main__ - INFO - Deleting GTT order: Trigger ID 300602426, Symbol: ONGC, Quantity: 0, Price: Rs.0.00
2026-01-04 23:44:42,138 - __main__ - INFO - Successfully deleted GTT order with trigger ID: 300602426
2026-01-04 23:44:42,139 - __main__ - INFO - Deleting GTT order: Trigger ID 300602425, Symbol: ONGC, Quantity: 0, Price: Rs.0.00
2026-01-04 23:44:42,246 - __main__ - INFO - Successfully deleted GTT order with trigger ID: 300602425
2026-01-04 23:44:42,247 - __main__ - INFO - Deletion summary saved to workdir/orders/ONGC_gtt_deletion_20260104_234442.json
2026-01-04 23:44:42,247 - __main__ - INFO - GTT order deletion process completed successfully
