2026-01-05 12:53:50,528 - __main__ - INFO - Initializing GTT Order Deleter for TATASTEEL
2026-01-05 12:53:50,529 - __main__ - INFO - Configuration loaded successfully
2026-01-05 12:53:50,529 - __main__ - INFO - Starting GTT order deletion process
2026-01-05 12:53:50,664 - __main__ - INFO - Successfully connected to Kite Connect
2026-01-05 12:53:50,758 - __main__ - INFO - Retrieved 29 total GTT orders
2026-01-05 12:53:50,758 - __main__ - INFO - GTT Order 1: {'id': 300689650, 'user_id': 'OVF854', 'parent_trigger': None, 'type': 'single', 'created_at': '2026-01-05 11:32:48', 'updated_at': '2026-01-05 11:32:48', 'expires_at': '2027-01-05 11:32:48', 'status': 'active', 'condition': {'exchange': 'NSE', 'last_price': 240.75, 'tradingsymbol': 'ONGC', 'trigger_values': [241.75], 'instrument_token': 633601}, 'orders': [{'exchange': 'NSE', 'tradingsymbol': 'ONGC', 'product': 'CNC', 'order_type': 'LIMIT', 'transaction_type': 'SELL', 'quantity': 81, 'price': 241.51, 'result': None}], 'meta': {}}
2026-01-05 12:53:50,758 - __main__ - INFO - GTT Order 2: {'id': 300606226, 'user_id': 'OVF854', 'parent_trigger': None, 'type': 'single', 'created_at': '2026-01-05 00:03:38', 'updated_at': '2026-01-05 00:03:38', 'expires_at': '2027-01-05 00:03:38', 'status': 'active', 'condition': {'exchange': 'NSE', 'last_price': 222.6, 'tradingsymbol': 'ONGC', 'trigger_values': [217.6], 'instrument_token': 633601}, 'orders': [{'exchange': 'NSE', 'tradingsymbol': 'ONGC', 'product': 'CNC', 'order_type': 'LIMIT', 'transaction_type': 'BUY', 'quantity': 43, 'price': 217.8, 'result': None}], 'meta': {}}
2026-01-05 12:53:50,758 - __main__ - INFO - GTT Order 3: {'id': 300606225, 'user_id': 'OVF854', 'parent_trigger': None, 'type': 'single', 'created_at': '2026-01-05 00:03:38', 'updated_at': '2026-01-05 00:03:38', 'expires_at': '2027-01-05 00:03:38', 'status': 'active', 'condition': {'exchange': 'NSE', 'last_price': 225.5, 'tradingsymbol': 'ONGC', 'trigger_values': [220.5], 'instrument_token': 633601}, 'orders': [{'exchange': 'NSE', 'tradingsymbol': 'ONGC', 'product': 'CNC', 'order_type': 'LIMIT', 'transaction_type': 'BUY', 'quantity': 39, 'price': 220.7, 'result': None}], 'meta': {}}
2026-01-05 12:53:50,758 - __main__ - INFO - GTT Order 4: {'id': 300606224, 'user_id': 'OVF854', 'parent_trigger': None, 'type': 'single', 'created_at': '2026-01-05 00:03:38', 'updated_at': '2026-01-05 00:03:38', 'expires_at': '2027-01-05 00:03:38', 'status': 'active', 'condition': {'exchange': 'NSE', 'last_price': 228.2, 'tradingsymbol': 'ONGC', 'trigger_values': [223.2], 'instrument_token': 633601}, 'orders': [{'exchange': 'NSE', 'tradingsymbol': 'ONGC', 'product': 'CNC', 'order_type': 'LIMIT', 'transaction_type': 'BUY', 'quantity': 36, 'price': 223.4, 'result': None}], 'meta': {}}
2026-01-05 12:53:50,758 - __main__ - INFO - GTT Order 5: {'id': 300606223, 'user_id': 'OVF854', 'parent_trigger': None, 'type': 'single', 'created_at': '2026-01-05 00:03:38', 'updated_at': '2026-01-05 00:03:38', 'expires_at': '2027-01-05 00:03:38', 'status': 'active', 'condition': {'exchange': 'NSE', 'last_price': 230.7, 'tradingsymbol': 'ONGC', 'trigger_values': [225.7], 'instrument_token': 633601}, 'orders': [{'exchange': 'NSE', 'tradingsymbol': 'ONGC', 'product': 'CNC', 'order_type': 'LIMIT', 'transaction_type': 'BUY', 'quantity': 32, 'price': 225.9, 'result': None}], 'meta': {}}
2026-01-05 12:53:50,759 - __main__ - INFO - GTT Order 6: {'id': 300606222, 'user_id': 'OVF854', 'parent_trigger': None, 'type': 'single', 'created_at': '2026-01-05 00:03:38', 'updated_at': '2026-01-05 00:03:38', 'expires_at': '2027-01-05 00:03:38', 'status': 'active', 'condition': {'exchange': 'NSE', 'last_price': 233.1, 'tradingsymbol': 'ONGC', 'trigger_values': [228.1], 'instrument_token': 633601}, 'orders': [{'exchange': 'NSE', 'tradingsymbol': 'ONGC', 'product': 'CNC', 'order_type': 'LIMIT', 'transaction_type': 'BUY', 'quantity': 29, 'price': 228.3, 'result': None}], 'meta': {}}
2026-01-05 12:53:50,759 - __main__ - INFO - GTT Order 7: {'id': 300606221, 'user_id': 'OVF854', 'parent_trigger': None, 'type': 'single', 'created_at': '2026-01-05 00:03:37', 'updated_at': '2026-01-05 00:03:37', 'expires_at': '2027-01-05 00:03:37', 'status': 'active', 'condition': {'exchange': 'NSE', 'last_price': 235.4, 'tradingsymbol': 'ONGC', 'trigger_values': [230.4], 'instrument_token': 633601}, 'orders': [{'exchange': 'NSE', 'tradingsymbol': 'ONGC', 'product': 'CNC', 'order_type': 'LIMIT', 'transaction_type': 'BUY', 'quantity': 26, 'price': 230.6, 'result': None}], 'meta': {}}
2026-01-05 12:53:50,759 - __main__ - INFO - GTT Order 8: {'id': 300606219, 'user_id': 'OVF854', 'parent_trigger': None, 'type': 'single', 'created_at': '2026-01-05 00:03:37', 'updated_at': '2026-01-05 00:03:37', 'expires_at': '2027-01-05 00:03:37', 'status': 'active', 'condition': {'exchange': 'NSE', 'last_price': 237.5, 'tradingsymbol': 'ONGC', 'trigger_values': [232.5], 'instrument_token': 633601}, 'orders': [{'exchange': 'NSE', 'tradingsymbol': 'ONGC', 'product': 'CNC', 'order_type': 'LIMIT', 'transaction_type': 'BUY', 'quantity': 23, 'price': 232.7, 'result': None}], 'meta': {}}
2026-01-05 12:53:50,759 - __main__ - INFO - GTT Order 9: {'id': 300606218, 'user_id': 'OVF854', 'parent_trigger': None, 'type': 'single', 'created_at': '2026-01-05 00:03:37', 'updated_at': '2026-01-05 00:03:37', 'expires_at': '2027-01-05 00:03:37', 'status': 'active', 'condition': {'exchange': 'NSE', 'last_price': 239.4, 'tradingsymbol': 'ONGC', 'trigger_values': [234.4], 'instrument_token': 633601}, 'orders': [{'exchange': 'NSE', 'tradingsymbol': 'ONGC', 'product': 'CNC', 'order_type': 'LIMIT', 'transaction_type': 'BUY', 'quantity': 20, 'price': 234.6, 'result': None}], 'meta': {}}
2026-01-05 12:53:50,759 - __main__ - INFO - GTT Order 10: {'id': 300606186, 'user_id': 'OVF854', 'parent_trigger': None, 'type': 'single', 'created_at': '2026-01-05 00:02:38', 'updated_at': '2026-01-05 00:02:38', 'expires_at': '2027-01-05 00:02:38', 'status': 'active', 'condition': {'exchange': 'NSE', 'last_price': 169.3, 'tradingsymbol': 'TATASTEEL', 'trigger_values': [164.3], 'instrument_token': 895745}, 'orders': [{'exchange': 'NSE', 'tradingsymbol': 'TATASTEEL', 'product': 'CNC', 'order_type': 'LIMIT', 'transaction_type': 'BUY', 'quantity': 43, 'price': 164.5, 'result': None}], 'meta': {}}
2026-01-05 12:53:50,759 - __main__ - INFO - GTT Order 11: {'id': 300606185, 'user_id': 'OVF854', 'parent_trigger': None, 'type': 'single', 'created_at': '2026-01-05 00:02:37', 'updated_at': '2026-01-05 00:02:37', 'expires_at': '2027-01-05 00:02:37', 'status': 'active', 'condition': {'exchange': 'NSE', 'last_price': 171.4, 'tradingsymbol': 'TATASTEEL', 'trigger_values': [166.4], 'instrument_token': 895745}, 'orders': [{'exchange': 'NSE', 'tradingsymbol': 'TATASTEEL', 'product': 'CNC', 'order_type': 'LIMIT', 'transaction_type': 'BUY', 'quantity': 39, 'price': 166.6, 'result': None}], 'meta': {}}
2026-01-05 12:53:50,759 - __main__ - INFO - GTT Order 12: {'id': 300606184, 'user_id': 'OVF854', 'parent_trigger': None, 'type': 'single', 'created_at': '2026-01-05 00:02:37', 'updated_at': '2026-01-05 00:02:37', 'expires_at': '2027-01-05 00:02:37', 'status': 'active', 'condition': {'exchange': 'NSE', 'last_price': 173.5, 'tradingsymbol': 'TATASTEEL', 'trigger_values': [168.5], 'instrument_token': 895745}, 'orders': [{'exchange': 'NSE', 'tradingsymbol': 'TATASTEEL', 'product': 'CNC', 'order_type': 'LIMIT', 'transaction_type': 'BUY', 'quantity': 36, 'price': 168.7, 'result': None}], 'meta': {}}
2026-01-05 12:53:50,759 - __main__ - INFO - GTT Order 13: {'id': 300606183, 'user_id': 'OVF854', 'parent_trigger': None, 'type': 'single', 'created_at': '2026-01-05 00:02:37', 'updated_at': '2026-01-05 00:02:37', 'expires_at': '2027-01-05 00:02:37', 'status': 'active', 'condition': {'exchange': 'NSE', 'last_price': 175.4, 'tradingsymbol': 'TATASTEEL', 'trigger_values': [170.4], 'instrument_token': 895745}, 'orders': [{'exchange': 'NSE', 'tradingsymbol': 'TATASTEEL', 'product': 'CNC', 'order_type': 'LIMIT', 'transaction_type': 'BUY', 'quantity': 32, 'price': 170.6, 'result': None}], 'meta': {}}
2026-01-05 12:53:50,759 - __main__ - INFO - GTT Order 14: {'id': 300606182, 'user_id': 'OVF854', 'parent_trigger': None, 'type': 'single', 'created_at': '2026-01-05 00:02:37', 'updated_at': '2026-01-05 00:02:37', 'expires_at': '2027-01-05 00:02:37', 'status': 'active', 'condition': {'exchange': 'NSE', 'last_price': 177.2, 'tradingsymbol': 'TATASTEEL', 'trigger_values': [172.2], 'instrument_token': 895745}, 'orders': [{'exchange': 'NSE', 'tradingsymbol': 'TATASTEEL', 'product': 'CNC', 'order_type': 'LIMIT', 'transaction_type': 'BUY', 'quantity': 29, 'price': 172.4, 'result': None}], 'meta': {}}
2026-01-05 12:53:50,759 - __main__ - INFO - GTT Order 15: {'id': 300606181, 'user_id': 'OVF854', 'parent_trigger': None, 'type': 'single', 'created_at': '2026-01-05 00:02:37', 'updated_at': '2026-01-05 00:02:37', 'expires_at': '2027-01-05 00:02:37', 'status': 'active', 'condition': {'exchange': 'NSE', 'last_price': 178.9, 'tradingsymbol': 'TATASTEEL', 'trigger_values': [173.9], 'instrument_token': 895745}, 'orders': [{'exchange': 'NSE', 'tradingsymbol': 'TATASTEEL', 'product': 'CNC', 'order_type': 'LIMIT', 'transaction_type': 'BUY', 'quantity': 26, 'price': 174.1, 'result': None}], 'meta': {}}
2026-01-05 12:53:50,759 - __main__ - INFO - GTT Order 16: {'id': 300606180, 'user_id': 'OVF854', 'parent_trigger': None, 'type': 'single', 'created_at': '2026-01-05 00:02:36', 'updated_at': '2026-01-05 00:02:36', 'expires_at': '2027-01-05 00:02:36', 'status': 'active', 'condition': {'exchange': 'NSE', 'last_price': 180.5, 'tradingsymbol': 'TATASTEEL', 'trigger_values': [175.5], 'instrument_token': 895745}, 'orders': [{'exchange': 'NSE', 'tradingsymbol': 'TATASTEEL', 'product': 'CNC', 'order_type': 'LIMIT', 'transaction_type': 'BUY', 'quantity': 23, 'price': 175.7, 'result': None}], 'meta': {}}
2026-01-05 12:53:50,759 - __main__ - INFO - GTT Order 17: {'id': 300606179, 'user_id': 'OVF854', 'parent_trigger': None, 'type': 'single', 'created_at': '2026-01-05 00:02:36', 'updated_at': '2026-01-05 00:02:36', 'expires_at': '2027-01-05 00:02:36', 'status': 'active', 'condition': {'exchange': 'NSE', 'last_price': 181.9, 'tradingsymbol': 'TATASTEEL', 'trigger_values': [176.9], 'instrument_token': 895745}, 'orders': [{'exchange': 'NSE', 'tradingsymbol': 'TATASTEEL', 'product': 'CNC', 'order_type': 'LIMIT', 'transaction_type': 'BUY', 'quantity': 20, 'price': 177.1, 'result': None}], 'meta': {}}
2026-01-05 12:53:50,759 - __main__ - INFO - GTT Order 18: {'id': 300606178, 'user_id': 'OVF854', 'parent_trigger': None, 'type': 'single', 'created_at': '2026-01-05 00:02:36', 'updated_at': '2026-01-05 00:02:36', 'expires_at': '2027-01-05 00:02:36', 'status': 'active', 'condition': {'exchange': 'NSE', 'last_price': 183.2, 'tradingsymbol': 'TATASTEEL', 'trigger_values': [178.2], 'instrument_token': 895745}, 'orders': [{'exchange': 'NSE', 'tradingsymbol': 'TATASTEEL', 'product': 'CNC', 'order_type': 'LIMIT', 'transaction_type': 'BUY', 'quantity': 18, 'price': 178.4, 'result': None}], 'meta': {}}
2026-01-05 12:53:50,759 - __main__ - INFO - GTT Order 19: {'id': 300606177, 'user_id': 'OVF854', 'parent_trigger': None, 'type': 'single', 'created_at': '2026-01-05 00:02:36', 'updated_at': '2026-01-05 00:02:36', 'expires_at': '2027-01-05 00:02:36', 'status': 'active', 'condition': {'exchange': 'NSE', 'last_price': 184.4, 'tradingsymbol': 'TATASTEEL', 'trigger_values': [179.4], 'instrument_token': 895745}, 'orders': [{'exchange': 'NSE', 'tradingsymbol': 'TATASTEEL', 'product': 'CNC', 'order_type': 'LIMIT', 'transaction_type': 'BUY', 'quantity': 16, 'price': 179.6, 'result': None}], 'meta': {}}
2026-01-05 12:53:50,759 - __main__ - INFO - GTT Order 20: {'id': 300606176, 'user_id': 'OVF854', 'parent_trigger': None, 'type': 'single', 'created_at': '2026-01-05 00:02:36', 'updated_at': '2026-01-05 00:02:36', 'expires_at': '2027-01-05 00:02:36', 'status': 'active', 'condition': {'exchange': 'NSE', 'last_price': 185.4, 'tradingsymbol': 'TATASTEEL', 'trigger_values': [180.4], 'instrument_token': 895745}, 'orders': [{'exchange': 'NSE', 'tradingsymbol': 'TATASTEEL', 'product': 'CNC', 'order_type': 'LIMIT', 'transaction_type': 'BUY', 'quantity': 14, 'price': 180.6, 'result': None}], 'meta': {}}
2026-01-05 12:53:50,759 - __main__ - INFO - GTT Order 21: {'id': 300606175, 'user_id': 'OVF854', 'parent_trigger': None, 'type': 'single', 'created_at': '2026-01-05 00:02:35', 'updated_at': '2026-01-05 00:02:35', 'expires_at': '2027-01-05 00:02:35', 'status': 'active', 'condition': {'exchange': 'NSE', 'last_price': 186.2, 'tradingsymbol': 'TATASTEEL', 'trigger_values': [181.2], 'instrument_token': 895745}, 'orders': [{'exchange': 'NSE', 'tradingsymbol': 'TATASTEEL', 'product': 'CNC', 'order_type': 'LIMIT', 'transaction_type': 'BUY', 'quantity': 12, 'price': 181.4, 'result': None}], 'meta': {}}
2026-01-05 12:53:50,759 - __main__ - INFO - GTT Order 22: {'id': 300606174, 'user_id': 'OVF854', 'parent_trigger': None, 'type': 'single', 'created_at': '2026-01-05 00:02:35', 'updated_at': '2026-01-05 00:02:35', 'expires_at': '2027-01-05 00:02:35', 'status': 'active', 'condition': {'exchange': 'NSE', 'last_price': 186.9, 'tradingsymbol': 'TATASTEEL', 'trigger_values': [181.9], 'instrument_token': 895745}, 'orders': [{'exchange': 'NSE', 'tradingsymbol': 'TATASTEEL', 'product': 'CNC', 'order_type': 'LIMIT', 'transaction_type': 'BUY', 'quantity': 11, 'price': 182.1, 'result': None}], 'meta': {}}
2026-01-05 12:53:50,759 - __main__ - INFO - GTT Order 23: {'id': 300606173, 'user_id': 'OVF854', 'parent_trigger': None, 'type': 'single', 'created_at': '2026-01-05 00:02:35', 'updated_at': '2026-01-05 00:02:35', 'expires_at': '2027-01-05 00:02:35', 'status': 'active', 'condition': {'exchange': 'NSE', 'last_price': 187.4, 'tradingsymbol': 'TATASTEEL', 'trigger_values': [182.4], 'instrument_token': 895745}, 'orders': [{'exchange': 'NSE', 'tradingsymbol': 'TATASTEEL', 'product': 'CNC', 'order_type': 'LIMIT', 'transaction_type': 'BUY', 'quantity': 10, 'price': 182.6, 'result': None}], 'meta': {}}
2026-01-05 12:53:50,759 - __main__ - INFO - GTT Order 24: {'id': 300604296, 'user_id': 'OVF854', 'parent_trigger': None, 'type': 'single', 'created_at': '2026-01-04 23:18:34', 'updated_at': '2026-01-04 23:18:34', 'expires_at': '2027-01-04 23:18:34', 'status': 'active', 'condition': {'exchange': 'NSE', 'last_price': 324.58, 'tradingsymbol': 'JIOFIN', 'trigger_values': [325.58], 'instrument_token': 4644609}, 'orders': [{'exchange': 'NSE', 'tradingsymbol': 'JIOFIN', 'product': 'CNC', 'order_type': 'LIMIT', 'transaction_type': 'SELL', 'quantity': 180, 'price': 325.25, 'result': None}], 'meta': {}}
2026-01-05 12:53:50,759 - __main__ - INFO - GTT Order 25: {'id': 300606216, 'user_id': 'OVF854', 'parent_trigger': None, 'type': 'single', 'created_at': '2026-01-05 00:03:37', 'updated_at': '2026-01-05 10:40:41', 'expires_at': '2027-01-05 00:03:37', 'status': 'triggered', 'condition': {'exchange': 'NSE', 'last_price': 241.1, 'tradingsymbol': 'ONGC', 'trigger_values': [236.1], 'instrument_token': 633601}, 'orders': [{'exchange': 'NSE', 'tradingsymbol': 'ONGC', 'product': 'CNC', 'order_type': 'LIMIT', 'transaction_type': 'BUY', 'quantity': 18, 'price': 236.3, 'result': {'account_id': 'OVF854', 'exchange': 'NSE', 'tradingsymbol': 'ONGC', 'validity': 'DAY', 'product': 'CNC', 'order_type': 'LIMIT', 'transaction_type': 'BUY', 'quantity': 18, 'price': 236.3, 'ltp_atp': 'LTP', 'squareoff_abs_tick': 'absolute', 'stoploss_abs_tick': 'absolute', 'timestamp': '2026-01-05 10:40:41', 'triggered_at': 236, 'order_result': {'status': 'success', 'order_id': '260105150776441', 'rejection_reason': ''}}}], 'meta': {}}
2026-01-05 12:53:50,759 - __main__ - INFO - GTT Order 26: {'id': 300606215, 'user_id': 'OVF854', 'parent_trigger': None, 'type': 'single', 'created_at': '2026-01-05 00:03:37', 'updated_at': '2026-01-05 09:47:02', 'expires_at': '2027-01-05 00:03:37', 'status': 'triggered', 'condition': {'exchange': 'NSE', 'last_price': 242.6, 'tradingsymbol': 'ONGC', 'trigger_values': [237.6], 'instrument_token': 633601}, 'orders': [{'exchange': 'NSE', 'tradingsymbol': 'ONGC', 'product': 'CNC', 'order_type': 'LIMIT', 'transaction_type': 'BUY', 'quantity': 16, 'price': 237.8, 'result': {'account_id': 'OVF854', 'exchange': 'NSE', 'tradingsymbol': 'ONGC', 'validity': 'DAY', 'product': 'CNC', 'order_type': 'LIMIT', 'transaction_type': 'BUY', 'quantity': 16, 'price': 237.8, 'ltp_atp': 'LTP', 'squareoff_abs_tick': 'absolute', 'stoploss_abs_tick': 'absolute', 'timestamp': '2026-01-05 09:47:02', 'triggered_at': 237.5, 'order_result': {'status': 'success', 'order_id': '260105150446445', 'rejection_reason': ''}}}], 'meta': {}}
2026-01-05 12:53:50,759 - __main__ - INFO - GTT Order 27: {'id': 300606214, 'user_id': 'OVF854', 'parent_trigger': None, 'type': 'single', 'created_at': '2026-01-05 00:03:37', 'updated_at': '2026-01-05 09:39:26', 'expires_at': '2027-01-05 00:03:37', 'status': 'triggered', 'condition': {'exchange': 'NSE', 'last_price': 243.9, 'tradingsymbol': 'ONGC', 'trigger_values': [238.9], 'instrument_token': 633601}, 'orders': [{'exchange': 'NSE', 'tradingsymbol': 'ONGC', 'product': 'CNC', 'order_type': 'LIMIT', 'transaction_type': 'BUY', 'quantity': 14, 'price': 239.1, 'result': {'account_id': 'OVF854', 'exchange': 'NSE', 'tradingsymbol': 'ONGC', 'validity': 'DAY', 'product': 'CNC', 'order_type': 'LIMIT', 'transaction_type': 'BUY', 'quantity': 14, 'price': 239.1, 'ltp_atp': 'LTP', 'squareoff_abs_tick': 'absolute', 'stoploss_abs_tick': 'absolute', 'timestamp': '2026-01-05 09:39:26', 'triggered_at': 238.9, 'order_result': {'status': 'success', 'order_id': '260105150384725', 'rejection_reason': ''}}}], 'meta': {}}
2026-01-05 12:53:50,759 - __main__ - INFO - GTT Order 28: {'id': 300606213, 'user_id': 'OVF854', 'parent_trigger': None, 'type': 'single', 'created_at': '2026-01-05 00:03:36', 'updated_at': '2026-01-05 09:38:40', 'expires_at': '2027-01-05 00:03:36', 'status': 'triggered', 'condition': {'exchange': 'NSE', 'last_price': 245, 'tradingsymbol': 'ONGC', 'trigger_values': [240], 'instrument_token': 633601}, 'orders': [{'exchange': 'NSE', 'tradingsymbol': 'ONGC', 'product': 'CNC', 'order_type': 'LIMIT', 'transaction_type': 'BUY', 'quantity': 12, 'price': 240.2, 'result': {'account_id': 'OVF854', 'exchange': 'NSE', 'tradingsymbol': 'ONGC', 'validity': 'DAY', 'product': 'CNC', 'order_type': 'LIMIT', 'transaction_type': 'BUY', 'quantity': 12, 'price': 240.2, 'ltp_atp': 'LTP', 'squareoff_abs_tick': 'absolute', 'stoploss_abs_tick': 'absolute', 'timestamp': '2026-01-05 09:38:40', 'triggered_at': 239.77, 'order_result': {'status': 'success', 'order_id': '260105150378677', 'rejection_reason': ''}}}], 'meta': {}}
2026-01-05 12:53:50,759 - __main__ - INFO - GTT Order 29: {'id': 300606212, 'user_id': 'OVF854', 'parent_trigger': None, 'type': 'single', 'created_at': '2026-01-05 00:03:36', 'updated_at': '2026-01-05 09:35:16', 'expires_at': '2027-01-05 00:03:36', 'status': 'triggered', 'condition': {'exchange': 'NSE', 'last_price': 245.9, 'tradingsymbol': 'ONGC', 'trigger_values': [240.9], 'instrument_token': 633601}, 'orders': [{'exchange': 'NSE', 'tradingsymbol': 'ONGC', 'product': 'CNC', 'order_type': 'LIMIT', 'transaction_type': 'BUY', 'quantity': 11, 'price': 241.1, 'result': {'account_id': 'OVF854', 'exchange': 'NSE', 'tradingsymbol': 'ONGC', 'validity': 'DAY', 'product': 'CNC', 'order_type': 'LIMIT', 'transaction_type': 'BUY', 'quantity': 11, 'price': 241.1, 'ltp_atp': 'LTP', 'squareoff_abs_tick': 'absolute', 'stoploss_abs_tick': 'absolute', 'timestamp': '2026-01-05 09:35:16', 'triggered_at': 240.9, 'order_result': {'status': 'success', 'order_id': '260105150347445', 'rejection_reason': ''}}}], 'meta': {}}
2026-01-05 12:53:50,759 - __main__ - INFO - Order: Symbol=ONGC, Status=ACTIVE, Company=TATASTEEL
2026-01-05 12:53:50,759 - __main__ - INFO - Order: Symbol=ONGC, Status=ACTIVE, Company=TATASTEEL
2026-01-05 12:53:50,759 - __main__ - INFO - Order: Symbol=ONGC, Status=ACTIVE, Company=TATASTEEL
2026-01-05 12:53:50,759 - __main__ - INFO - Order: Symbol=ONGC, Status=ACTIVE, Company=TATASTEEL
2026-01-05 12:53:50,759 - __main__ - INFO - Order: Symbol=ONGC, Status=ACTIVE, Company=TATASTEEL
2026-01-05 12:53:50,759 - __main__ - INFO - Order: Symbol=ONGC, Status=ACTIVE, Company=TATASTEEL
2026-01-05 12:53:50,759 - __main__ - INFO - Order: Symbol=ONGC, Status=ACTIVE, Company=TATASTEEL
2026-01-05 12:53:50,759 - __main__ - INFO - Order: Symbol=ONGC, Status=ACTIVE, Company=TATASTEEL
2026-01-05 12:53:50,759 - __main__ - INFO - Order: Symbol=ONGC, Status=ACTIVE, Company=TATASTEEL
2026-01-05 12:53:50,759 - __main__ - INFO - Order: Symbol=TATASTEEL, Status=ACTIVE, Company=TATASTEEL
2026-01-05 12:53:50,759 - __main__ - INFO - ✅ Added active order for TATASTEEL (Status: ACTIVE)
2026-01-05 12:53:50,759 - __main__ - INFO - Order: Symbol=TATASTEEL, Status=ACTIVE, Company=TATASTEEL
2026-01-05 12:53:50,759 - __main__ - INFO - ✅ Added active order for TATASTEEL (Status: ACTIVE)
2026-01-05 12:53:50,759 - __main__ - INFO - Order: Symbol=TATASTEEL, Status=ACTIVE, Company=TATASTEEL
2026-01-05 12:53:50,759 - __main__ - INFO - ✅ Added active order for TATASTEEL (Status: ACTIVE)
2026-01-05 12:53:50,759 - __main__ - INFO - Order: Symbol=TATASTEEL, Status=ACTIVE, Company=TATASTEEL
2026-01-05 12:53:50,760 - __main__ - INFO - ✅ Added active order for TATASTEEL (Status: ACTIVE)
2026-01-05 12:53:50,760 - __main__ - INFO - Order: Symbol=TATASTEEL, Status=ACTIVE, Company=TATASTEEL
2026-01-05 12:53:50,760 - __main__ - INFO - ✅ Added active order for TATASTEEL (Status: ACTIVE)
2026-01-05 12:53:50,760 - __main__ - INFO - Order: Symbol=TATASTEEL, Status=ACTIVE, Company=TATASTEEL
2026-01-05 12:53:50,760 - __main__ - INFO - ✅ Added active order for TATASTEEL (Status: ACTIVE)
2026-01-05 12:53:50,760 - __main__ - INFO - Order: Symbol=TATASTEEL, Status=ACTIVE, Company=TATASTEEL
2026-01-05 12:53:50,760 - __main__ - INFO - ✅ Added active order for TATASTEEL (Status: ACTIVE)
2026-01-05 12:53:50,760 - __main__ - INFO - Order: Symbol=TATASTEEL, Status=ACTIVE, Company=TATASTEEL
2026-01-05 12:53:50,760 - __main__ - INFO - ✅ Added active order for TATASTEEL (Status: ACTIVE)
2026-01-05 12:53:50,760 - __main__ - INFO - Order: Symbol=TATASTEEL, Status=ACTIVE, Company=TATASTEEL
2026-01-05 12:53:50,760 - __main__ - INFO - ✅ Added active order for TATASTEEL (Status: ACTIVE)
2026-01-05 12:53:50,760 - __main__ - INFO - Order: Symbol=TATASTEEL, Status=ACTIVE, Company=TATASTEEL
2026-01-05 12:53:50,760 - __main__ - INFO - ✅ Added active order for TATASTEEL (Status: ACTIVE)
2026-01-05 12:53:50,760 - __main__ - INFO - Order: Symbol=TATASTEEL, Status=ACTIVE, Company=TATASTEEL
2026-01-05 12:53:50,760 - __main__ - INFO - ✅ Added active order for TATASTEEL (Status: ACTIVE)
2026-01-05 12:53:50,760 - __main__ - INFO - Order: Symbol=TATASTEEL, Status=ACTIVE, Company=TATASTEEL
2026-01-05 12:53:50,760 - __main__ - INFO - ✅ Added active order for TATASTEEL (Status: ACTIVE)
2026-01-05 12:53:50,760 - __main__ - INFO - Order: Symbol=TATASTEEL, Status=ACTIVE, Company=TATASTEEL
2026-01-05 12:53:50,760 - __main__ - INFO - ✅ Added active order for TATASTEEL (Status: ACTIVE)
2026-01-05 12:53:50,760 - __main__ - INFO - Order: Symbol=TATASTEEL, Status=ACTIVE, Company=TATASTEEL
2026-01-05 12:53:50,760 - __main__ - INFO - ✅ Added active order for TATASTEEL (Status: ACTIVE)
2026-01-05 12:53:50,760 - __main__ - INFO - Order: Symbol=JIOFIN, Status=ACTIVE, Company=TATASTEEL
2026-01-05 12:53:50,760 - __main__ - INFO - Order: Symbol=ONGC, Status=TRIGGERED, Company=TATASTEEL
2026-01-05 12:53:50,760 - __main__ - INFO - Order: Symbol=ONGC, Status=TRIGGERED, Company=TATASTEEL
2026-01-05 12:53:50,760 - __main__ - INFO - Order: Symbol=ONGC, Status=TRIGGERED, Company=TATASTEEL
2026-01-05 12:53:50,760 - __main__ - INFO - Order: Symbol=ONGC, Status=TRIGGERED, Company=TATASTEEL
2026-01-05 12:53:50,760 - __main__ - INFO - Order: Symbol=ONGC, Status=TRIGGERED, Company=TATASTEEL
2026-01-05 12:53:50,760 - __main__ - INFO - Found 14 active GTT orders for TATASTEEL
2026-01-05 12:53:52,382 - __main__ - INFO - Starting deletion of GTT orders...
2026-01-05 12:53:52,383 - __main__ - INFO - Starting deletion of 14 GTT orders for TATASTEEL
2026-01-05 12:53:52,383 - __main__ - INFO - Deleting GTT order: Trigger ID 300606186, Symbol: TATASTEEL, Quantity: 0, Price: Rs.0.00
2026-01-05 12:53:52,490 - __main__ - INFO - Successfully deleted GTT order with trigger ID: 300606186
2026-01-05 12:53:52,490 - __main__ - INFO - Deleting GTT order: Trigger ID 300606185, Symbol: TATASTEEL, Quantity: 0, Price: Rs.0.00
2026-01-05 12:53:52,589 - __main__ - INFO - Successfully deleted GTT order with trigger ID: 300606185
2026-01-05 12:53:52,589 - __main__ - INFO - Deleting GTT order: Trigger ID 300606184, Symbol: TATASTEEL, Quantity: 0, Price: Rs.0.00
2026-01-05 12:53:52,684 - __main__ - INFO - Successfully deleted GTT order with trigger ID: 300606184
2026-01-05 12:53:52,684 - __main__ - INFO - Deleting GTT order: Trigger ID 300606183, Symbol: TATASTEEL, Quantity: 0, Price: Rs.0.00
2026-01-05 12:53:52,789 - __main__ - INFO - Successfully deleted GTT order with trigger ID: 300606183
2026-01-05 12:53:52,789 - __main__ - INFO - Deleting GTT order: Trigger ID 300606182, Symbol: TATASTEEL, Quantity: 0, Price: Rs.0.00
2026-01-05 12:53:52,903 - __main__ - INFO - Successfully deleted GTT order with trigger ID: 300606182
2026-01-05 12:53:52,903 - __main__ - INFO - Deleting GTT order: Trigger ID 300606181, Symbol: TATASTEEL, Quantity: 0, Price: Rs.0.00
2026-01-05 12:53:53,010 - __main__ - INFO - Successfully deleted GTT order with trigger ID: 300606181
2026-01-05 12:53:53,011 - __main__ - INFO - Deleting GTT order: Trigger ID 300606180, Symbol: TATASTEEL, Quantity: 0, Price: Rs.0.00
2026-01-05 12:53:53,110 - __main__ - INFO - Successfully deleted GTT order with trigger ID: 300606180
2026-01-05 12:53:53,110 - __main__ - INFO - Deleting GTT order: Trigger ID 300606179, Symbol: TATASTEEL, Quantity: 0, Price: Rs.0.00
2026-01-05 12:53:53,215 - __main__ - INFO - Successfully deleted GTT order with trigger ID: 300606179
2026-01-05 12:53:53,215 - __main__ - INFO - Deleting GTT order: Trigger ID 300606178, Symbol: TATASTEEL, Quantity: 0, Price: Rs.0.00
2026-01-05 12:53:53,311 - __main__ - INFO - Successfully deleted GTT order with trigger ID: 300606178
2026-01-05 12:53:53,311 - __main__ - INFO - Deleting GTT order: Trigger ID 300606177, Symbol: TATASTEEL, Quantity: 0, Price: Rs.0.00
2026-01-05 12:53:53,418 - __main__ - INFO - Successfully deleted GTT order with trigger ID: 300606177
2026-01-05 12:53:53,418 - __main__ - INFO - Deleting GTT order: Trigger ID 300606176, Symbol: TATASTEEL, Quantity: 0, Price: Rs.0.00
2026-01-05 12:53:53,528 - __main__ - INFO - Successfully deleted GTT order with trigger ID: 300606176
2026-01-05 12:53:53,528 - __main__ - INFO - Deleting GTT order: Trigger ID 300606175, Symbol: TATASTEEL, Quantity: 0, Price: Rs.0.00
2026-01-05 12:53:53,628 - __main__ - INFO - Successfully deleted GTT order with trigger ID: 300606175
2026-01-05 12:53:53,628 - __main__ - INFO - Deleting GTT order: Trigger ID 300606174, Symbol: TATASTEEL, Quantity: 0, Price: Rs.0.00
2026-01-05 12:53:53,729 - __main__ - INFO - Successfully deleted GTT order with trigger ID: 300606174
2026-01-05 12:53:53,729 - __main__ - INFO - Deleting GTT order: Trigger ID 300606173, Symbol: TATASTEEL, Quantity: 0, Price: Rs.0.00
2026-01-05 12:53:53,821 - __main__ - INFO - Successfully deleted GTT order with trigger ID: 300606173
2026-01-05 12:53:53,822 - __main__ - INFO - Deletion summary saved to workdir/orders/TATASTEEL_gtt_deletion_20260105_125353.json
2026-01-05 12:53:53,822 - __main__ - INFO - GTT order deletion process completed successfully
2026-01-05 13:50:53,334 - __main__ - INFO - Initializing GTT Order Deleter for TATASTEEL
2026-01-05 13:50:53,335 - __main__ - INFO - Configuration loaded successfully
2026-01-05 13:50:53,336 - __main__ - INFO - Starting GTT order deletion process
2026-01-05 13:50:53,469 - __main__ - INFO - Successfully connected to Kite Connect
2026-01-05 13:50:53,564 - __main__ - INFO - Retrieved 36 total GTT orders
2026-01-05 13:50:53,564 - __main__ - INFO - GTT Order 1: {'id': 300723469, 'user_id': 'OVF854', 'parent_trigger': None, 'type': 'single', 'created_at': '2026-01-05 13:50:25', 'updated_at': '2026-01-05 13:50:25', 'expires_at': '2027-01-05 13:50:25', 'status': 'active', 'condition': {'exchange': 'NSE', 'last_price': 169.5, 'tradingsymbol': 'TATASTEEL', 'trigger_values': [164.5], 'instrument_token': 895745}, 'orders': [{'exchange': 'NSE', 'tradingsymbol': 'TATASTEEL', 'product': 'CNC', 'order_type': 'LIMIT', 'transaction_type': 'BUY', 'quantity': 10, 'price': 164.7, 'result': None}], 'meta': {}}
2026-01-05 13:50:53,564 - __main__ - INFO - GTT Order 2: {'id': 300723467, 'user_id': 'OVF854', 'parent_trigger': None, 'type': 'single', 'created_at': '2026-01-05 13:50:25', 'updated_at': '2026-01-05 13:50:25', 'expires_at': '2027-01-05 13:50:25', 'status': 'active', 'condition': {'exchange': 'NSE', 'last_price': 171, 'tradingsymbol': 'TATASTEEL', 'trigger_values': [166], 'instrument_token': 895745}, 'orders': [{'exchange': 'NSE', 'tradingsymbol': 'TATASTEEL', 'product': 'CNC', 'order_type': 'LIMIT', 'transaction_type': 'BUY', 'quantity': 9, 'price': 166.2, 'result': None}], 'meta': {}}
2026-01-05 13:50:53,564 - __main__ - INFO - GTT Order 3: {'id': 300723463, 'user_id': 'OVF854', 'parent_trigger': None, 'type': 'single', 'created_at': '2026-01-05 13:50:25', 'updated_at': '2026-01-05 13:50:25', 'expires_at': '2027-01-05 13:50:25', 'status': 'active', 'condition': {'exchange': 'NSE', 'last_price': 172.5, 'tradingsymbol': 'TATASTEEL', 'trigger_values': [167.5], 'instrument_token': 895745}, 'orders': [{'exchange': 'NSE', 'tradingsymbol': 'TATASTEEL', 'product': 'CNC', 'order_type': 'LIMIT', 'transaction_type': 'BUY', 'quantity': 8, 'price': 167.7, 'result': None}], 'meta': {}}
2026-01-05 13:50:53,564 - __main__ - INFO - GTT Order 4: {'id': 300723461, 'user_id': 'OVF854', 'parent_trigger': None, 'type': 'single', 'created_at': '2026-01-05 13:50:25', 'updated_at': '2026-01-05 13:50:25', 'expires_at': '2027-01-05 13:50:25', 'status': 'active', 'condition': {'exchange': 'NSE', 'last_price': 173.9, 'tradingsymbol': 'TATASTEEL', 'trigger_values': [168.9], 'instrument_token': 895745}, 'orders': [{'exchange': 'NSE', 'tradingsymbol': 'TATASTEEL', 'product': 'CNC', 'order_type': 'LIMIT', 'transaction_type': 'BUY', 'quantity': 8, 'price': 169.1, 'result': None}], 'meta': {}}
2026-01-05 13:50:53,564 - __main__ - INFO - GTT Order 5: {'id': 300723458, 'user_id': 'OVF854', 'parent_trigger': None, 'type': 'single', 'created_at': '2026-01-05 13:50:24', 'updated_at': '2026-01-05 13:50:24', 'expires_at': '2027-01-05 13:50:24', 'status': 'active', 'condition': {'exchange': 'NSE', 'last_price': 175.3, 'tradingsymbol': 'TATASTEEL', 'trigger_values': [170.3], 'instrument_token': 895745}, 'orders': [{'exchange': 'NSE', 'tradingsymbol': 'TATASTEEL', 'product': 'CNC', 'order_type': 'LIMIT', 'transaction_type': 'BUY', 'quantity': 7, 'price': 170.5, 'result': None}], 'meta': {}}
2026-01-05 13:50:53,564 - __main__ - INFO - GTT Order 6: {'id': 300723456, 'user_id': 'OVF854', 'parent_trigger': None, 'type': 'single', 'created_at': '2026-01-05 13:50:24', 'updated_at': '2026-01-05 13:50:24', 'expires_at': '2027-01-05 13:50:24', 'status': 'active', 'condition': {'exchange': 'NSE', 'last_price': 176.6, 'tradingsymbol': 'TATASTEEL', 'trigger_values': [171.6], 'instrument_token': 895745}, 'orders': [{'exchange': 'NSE', 'tradingsymbol': 'TATASTEEL', 'product': 'CNC', 'order_type': 'LIMIT', 'transaction_type': 'BUY', 'quantity': 7, 'price': 171.8, 'result': None}], 'meta': {}}
2026-01-05 13:50:53,564 - __main__ - INFO - GTT Order 7: {'id': 300723454, 'user_id': 'OVF854', 'parent_trigger': None, 'type': 'single', 'created_at': '2026-01-05 13:50:24', 'updated_at': '2026-01-05 13:50:24', 'expires_at': '2027-01-05 13:50:24', 'status': 'active', 'condition': {'exchange': 'NSE', 'last_price': 177.8, 'tradingsymbol': 'TATASTEEL', 'trigger_values': [172.8], 'instrument_token': 895745}, 'orders': [{'exchange': 'NSE', 'tradingsymbol': 'TATASTEEL', 'product': 'CNC', 'order_type': 'LIMIT', 'transaction_type': 'BUY', 'quantity': 6, 'price': 173, 'result': None}], 'meta': {}}
2026-01-05 13:50:53,564 - __main__ - INFO - GTT Order 8: {'id': 300723451, 'user_id': 'OVF854', 'parent_trigger': None, 'type': 'single', 'created_at': '2026-01-05 13:50:24', 'updated_at': '2026-01-05 13:50:24', 'expires_at': '2027-01-05 13:50:24', 'status': 'active', 'condition': {'exchange': 'NSE', 'last_price': 179, 'tradingsymbol': 'TATASTEEL', 'trigger_values': [174], 'instrument_token': 895745}, 'orders': [{'exchange': 'NSE', 'tradingsymbol': 'TATASTEEL', 'product': 'CNC', 'order_type': 'LIMIT', 'transaction_type': 'BUY', 'quantity': 6, 'price': 174.2, 'result': None}], 'meta': {}}
2026-01-05 13:50:53,564 - __main__ - INFO - GTT Order 9: {'id': 300723450, 'user_id': 'OVF854', 'parent_trigger': None, 'type': 'single', 'created_at': '2026-01-05 13:50:23', 'updated_at': '2026-01-05 13:50:23', 'expires_at': '2027-01-05 13:50:23', 'status': 'active', 'condition': {'exchange': 'NSE', 'last_price': 180.1, 'tradingsymbol': 'TATASTEEL', 'trigger_values': [175.1], 'instrument_token': 895745}, 'orders': [{'exchange': 'NSE', 'tradingsymbol': 'TATASTEEL', 'product': 'CNC', 'order_type': 'LIMIT', 'transaction_type': 'BUY', 'quantity': 5, 'price': 175.3, 'result': None}], 'meta': {}}
2026-01-05 13:50:53,564 - __main__ - INFO - GTT Order 10: {'id': 300723449, 'user_id': 'OVF854', 'parent_trigger': None, 'type': 'single', 'created_at': '2026-01-05 13:50:23', 'updated_at': '2026-01-05 13:50:23', 'expires_at': '2027-01-05 13:50:23', 'status': 'active', 'condition': {'exchange': 'NSE', 'last_price': 181.2, 'tradingsymbol': 'TATASTEEL', 'trigger_values': [176.2], 'instrument_token': 895745}, 'orders': [{'exchange': 'NSE', 'tradingsymbol': 'TATASTEEL', 'product': 'CNC', 'order_type': 'LIMIT', 'transaction_type': 'BUY', 'quantity': 5, 'price': 176.4, 'result': None}], 'meta': {}}
2026-01-05 13:50:53,564 - __main__ - INFO - GTT Order 11: {'id': 300723447, 'user_id': 'OVF854', 'parent_trigger': None, 'type': 'single', 'created_at': '2026-01-05 13:50:23', 'updated_at': '2026-01-05 13:50:23', 'expires_at': '2027-01-05 13:50:23', 'status': 'active', 'condition': {'exchange': 'NSE', 'last_price': 182.2, 'tradingsymbol': 'TATASTEEL', 'trigger_values': [177.2], 'instrument_token': 895745}, 'orders': [{'exchange': 'NSE', 'tradingsymbol': 'TATASTEEL', 'product': 'CNC', 'order_type': 'LIMIT', 'transaction_type': 'BUY', 'quantity': 5, 'price': 177.4, 'result': None}], 'meta': {}}
2026-01-05 13:50:53,564 - __main__ - INFO - GTT Order 12: {'id': 300723445, 'user_id': 'OVF854', 'parent_trigger': None, 'type': 'single', 'created_at': '2026-01-05 13:50:23', 'updated_at': '2026-01-05 13:50:23', 'expires_at': '2027-01-05 13:50:23', 'status': 'active', 'condition': {'exchange': 'NSE', 'last_price': 183.1, 'tradingsymbol': 'TATASTEEL', 'trigger_values': [178.1], 'instrument_token': 895745}, 'orders': [{'exchange': 'NSE', 'tradingsymbol': 'TATASTEEL', 'product': 'CNC', 'order_type': 'LIMIT', 'transaction_type': 'BUY', 'quantity': 4, 'price': 178.3, 'result': None}], 'meta': {}}
2026-01-05 13:50:53,564 - __main__ - INFO - GTT Order 13: {'id': 300723444, 'user_id': 'OVF854', 'parent_trigger': None, 'type': 'single', 'created_at': '2026-01-05 13:50:23', 'updated_at': '2026-01-05 13:50:23', 'expires_at': '2027-01-05 13:50:23', 'status': 'active', 'condition': {'exchange': 'NSE', 'last_price': 183.9, 'tradingsymbol': 'TATASTEEL', 'trigger_values': [178.9], 'instrument_token': 895745}, 'orders': [{'exchange': 'NSE', 'tradingsymbol': 'TATASTEEL', 'product': 'CNC', 'order_type': 'LIMIT', 'transaction_type': 'BUY', 'quantity': 4, 'price': 179.1, 'result': None}], 'meta': {}}
2026-01-05 13:50:53,564 - __main__ - INFO - GTT Order 14: {'id': 300723441, 'user_id': 'OVF854', 'parent_trigger': None, 'type': 'single', 'created_at': '2026-01-05 13:50:22', 'updated_at': '2026-01-05 13:50:22', 'expires_at': '2027-01-05 13:50:22', 'status': 'active', 'condition': {'exchange': 'NSE', 'last_price': 184.7, 'tradingsymbol': 'TATASTEEL', 'trigger_values': [179.7], 'instrument_token': 895745}, 'orders': [{'exchange': 'NSE', 'tradingsymbol': 'TATASTEEL', 'product': 'CNC', 'order_type': 'LIMIT', 'transaction_type': 'BUY', 'quantity': 3, 'price': 179.9, 'result': None}], 'meta': {}}
2026-01-05 13:50:53,564 - __main__ - INFO - GTT Order 15: {'id': 300723440, 'user_id': 'OVF854', 'parent_trigger': None, 'type': 'single', 'created_at': '2026-01-05 13:50:22', 'updated_at': '2026-01-05 13:50:22', 'expires_at': '2027-01-05 13:50:22', 'status': 'active', 'condition': {'exchange': 'NSE', 'last_price': 185.4, 'tradingsymbol': 'TATASTEEL', 'trigger_values': [180.4], 'instrument_token': 895745}, 'orders': [{'exchange': 'NSE', 'tradingsymbol': 'TATASTEEL', 'product': 'CNC', 'order_type': 'LIMIT', 'transaction_type': 'BUY', 'quantity': 3, 'price': 180.6, 'result': None}], 'meta': {}}
2026-01-05 13:50:53,564 - __main__ - INFO - GTT Order 16: {'id': 300723438, 'user_id': 'OVF854', 'parent_trigger': None, 'type': 'single', 'created_at': '2026-01-05 13:50:22', 'updated_at': '2026-01-05 13:50:22', 'expires_at': '2027-01-05 13:50:22', 'status': 'active', 'condition': {'exchange': 'NSE', 'last_price': 186.1, 'tradingsymbol': 'TATASTEEL', 'trigger_values': [181.1], 'instrument_token': 895745}, 'orders': [{'exchange': 'NSE', 'tradingsymbol': 'TATASTEEL', 'product': 'CNC', 'order_type': 'LIMIT', 'transaction_type': 'BUY', 'quantity': 3, 'price': 181.3, 'result': None}], 'meta': {}}
2026-01-05 13:50:53,564 - __main__ - INFO - GTT Order 17: {'id': 300723436, 'user_id': 'OVF854', 'parent_trigger': None, 'type': 'single', 'created_at': '2026-01-05 13:50:22', 'updated_at': '2026-01-05 13:50:22', 'expires_at': '2027-01-05 13:50:22', 'status': 'active', 'condition': {'exchange': 'NSE', 'last_price': 186.6, 'tradingsymbol': 'TATASTEEL', 'trigger_values': [181.6], 'instrument_token': 895745}, 'orders': [{'exchange': 'NSE', 'tradingsymbol': 'TATASTEEL', 'product': 'CNC', 'order_type': 'LIMIT', 'transaction_type': 'BUY', 'quantity': 3, 'price': 181.8, 'result': None}], 'meta': {}}
2026-01-05 13:50:53,564 - __main__ - INFO - GTT Order 18: {'id': 300723434, 'user_id': 'OVF854', 'parent_trigger': None, 'type': 'single', 'created_at': '2026-01-05 13:50:22', 'updated_at': '2026-01-05 13:50:22', 'expires_at': '2027-01-05 13:50:22', 'status': 'active', 'condition': {'exchange': 'NSE', 'last_price': 187.1, 'tradingsymbol': 'TATASTEEL', 'trigger_values': [182.1], 'instrument_token': 895745}, 'orders': [{'exchange': 'NSE', 'tradingsymbol': 'TATASTEEL', 'product': 'CNC', 'order_type': 'LIMIT', 'transaction_type': 'BUY', 'quantity': 2, 'price': 182.3, 'result': None}], 'meta': {}}
2026-01-05 13:50:53,564 - __main__ - INFO - GTT Order 19: {'id': 300723432, 'user_id': 'OVF854', 'parent_trigger': None, 'type': 'single', 'created_at': '2026-01-05 13:50:21', 'updated_at': '2026-01-05 13:50:21', 'expires_at': '2027-01-05 13:50:21', 'status': 'active', 'condition': {'exchange': 'NSE', 'last_price': 187.4, 'tradingsymbol': 'TATASTEEL', 'trigger_values': [182.4], 'instrument_token': 895745}, 'orders': [{'exchange': 'NSE', 'tradingsymbol': 'TATASTEEL', 'product': 'CNC', 'order_type': 'LIMIT', 'transaction_type': 'BUY', 'quantity': 2, 'price': 182.6, 'result': None}], 'meta': {}}
2026-01-05 13:50:53,564 - __main__ - INFO - GTT Order 20: {'id': 300723431, 'user_id': 'OVF854', 'parent_trigger': None, 'type': 'single', 'created_at': '2026-01-05 13:50:21', 'updated_at': '2026-01-05 13:50:21', 'expires_at': '2027-01-05 13:50:21', 'status': 'active', 'condition': {'exchange': 'NSE', 'last_price': 187.7, 'tradingsymbol': 'TATASTEEL', 'trigger_values': [182.7], 'instrument_token': 895745}, 'orders': [{'exchange': 'NSE', 'tradingsymbol': 'TATASTEEL', 'product': 'CNC', 'order_type': 'LIMIT', 'transaction_type': 'BUY', 'quantity': 2, 'price': 182.9, 'result': None}], 'meta': {}}
2026-01-05 13:50:53,564 - __main__ - INFO - GTT Order 21: {'id': 300709566, 'user_id': 'OVF854', 'parent_trigger': None, 'type': 'single', 'created_at': '2026-01-05 12:55:14', 'updated_at': '2026-01-05 12:55:14', 'expires_at': '2027-01-05 12:55:14', 'status': 'active', 'condition': {'exchange': 'NSE', 'last_price': 368.61, 'tradingsymbol': 'ITC', 'trigger_values': [369.61], 'instrument_token': 424961}, 'orders': [{'exchange': 'NSE', 'tradingsymbol': 'ITC', 'product': 'CNC', 'order_type': 'LIMIT', 'transaction_type': 'SELL', 'quantity': 124, 'price': 369.24, 'result': None}], 'meta': {}}
2026-01-05 13:50:53,564 - __main__ - INFO - GTT Order 22: {'id': 300689650, 'user_id': 'OVF854', 'parent_trigger': None, 'type': 'single', 'created_at': '2026-01-05 11:32:48', 'updated_at': '2026-01-05 11:32:48', 'expires_at': '2027-01-05 11:32:48', 'status': 'active', 'condition': {'exchange': 'NSE', 'last_price': 240.75, 'tradingsymbol': 'ONGC', 'trigger_values': [241.75], 'instrument_token': 633601}, 'orders': [{'exchange': 'NSE', 'tradingsymbol': 'ONGC', 'product': 'CNC', 'order_type': 'LIMIT', 'transaction_type': 'SELL', 'quantity': 81, 'price': 241.51, 'result': None}], 'meta': {}}
2026-01-05 13:50:53,564 - __main__ - INFO - GTT Order 23: {'id': 300606226, 'user_id': 'OVF854', 'parent_trigger': None, 'type': 'single', 'created_at': '2026-01-05 00:03:38', 'updated_at': '2026-01-05 00:03:38', 'expires_at': '2027-01-05 00:03:38', 'status': 'active', 'condition': {'exchange': 'NSE', 'last_price': 222.6, 'tradingsymbol': 'ONGC', 'trigger_values': [217.6], 'instrument_token': 633601}, 'orders': [{'exchange': 'NSE', 'tradingsymbol': 'ONGC', 'product': 'CNC', 'order_type': 'LIMIT', 'transaction_type': 'BUY', 'quantity': 43, 'price': 217.8, 'result': None}], 'meta': {}}
2026-01-05 13:50:53,564 - __main__ - INFO - GTT Order 24: {'id': 300606225, 'user_id': 'OVF854', 'parent_trigger': None, 'type': 'single', 'created_at': '2026-01-05 00:03:38', 'updated_at': '2026-01-05 00:03:38', 'expires_at': '2027-01-05 00:03:38', 'status': 'active', 'condition': {'exchange': 'NSE', 'last_price': 225.5, 'tradingsymbol': 'ONGC', 'trigger_values': [220.5], 'instrument_token': 633601}, 'orders': [{'exchange': 'NSE', 'tradingsymbol': 'ONGC', 'product': 'CNC', 'order_type': 'LIMIT', 'transaction_type': 'BUY', 'quantity': 39, 'price': 220.7, 'result': None}], 'meta': {}}
2026-01-05 13:50:53,564 - __main__ - INFO - GTT Order 25: {'id': 300606224, 'user_id': 'OVF854', 'parent_trigger': None, 'type': 'single', 'created_at': '2026-01-05 00:03:38', 'updated_at': '2026-01-05 00:03:38', 'expires_at': '2027-01-05 00:03:38', 'status': 'active', 'condition': {'exchange': 'NSE', 'last_price': 228.2, 'tradingsymbol': 'ONGC', 'trigger_values': [223.2], 'instrument_token': 633601}, 'orders': [{'exchange': 'NSE', 'tradingsymbol': 'ONGC', 'product': 'CNC', 'order_type': 'LIMIT', 'transaction_type': 'BUY', 'quantity': 36, 'price': 223.4, 'result': None}], 'meta': {}}
2026-01-05 13:50:53,565 - __main__ - INFO - GTT Order 26: {'id': 300606223, 'user_id': 'OVF854', 'parent_trigger': None, 'type': 'single', 'created_at': '2026-01-05 00:03:38', 'updated_at': '2026-01-05 00:03:38', 'expires_at': '2027-01-05 00:03:38', 'status': 'active', 'condition': {'exchange': 'NSE', 'last_price': 230.7, 'tradingsymbol': 'ONGC', 'trigger_values': [225.7], 'instrument_token': 633601}, 'orders': [{'exchange': 'NSE', 'tradingsymbol': 'ONGC', 'product': 'CNC', 'order_type': 'LIMIT', 'transaction_type': 'BUY', 'quantity': 32, 'price': 225.9, 'result': None}], 'meta': {}}
2026-01-05 13:50:53,565 - __main__ - INFO - GTT Order 27: {'id': 300606222, 'user_id': 'OVF854', 'parent_trigger': None, 'type': 'single', 'created_at': '2026-01-05 00:03:38', 'updated_at': '2026-01-05 00:03:38', 'expires_at': '2027-01-05 00:03:38', 'status': 'active', 'condition': {'exchange': 'NSE', 'last_price': 233.1, 'tradingsymbol': 'ONGC', 'trigger_values': [228.1], 'instrument_token': 633601}, 'orders': [{'exchange': 'NSE', 'tradingsymbol': 'ONGC', 'product': 'CNC', 'order_type': 'LIMIT', 'transaction_type': 'BUY', 'quantity': 29, 'price': 228.3, 'result': None}], 'meta': {}}
2026-01-05 13:50:53,565 - __main__ - INFO - GTT Order 28: {'id': 300606221, 'user_id': 'OVF854', 'parent_trigger': None, 'type': 'single', 'created_at': '2026-01-05 00:03:37', 'updated_at': '2026-01-05 00:03:37', 'expires_at': '2027-01-05 00:03:37', 'status': 'active', 'condition': {'exchange': 'NSE', 'last_price': 235.4, 'tradingsymbol': 'ONGC', 'trigger_values': [230.4], 'instrument_token': 633601}, 'orders': [{'exchange': 'NSE', 'tradingsymbol': 'ONGC', 'product': 'CNC', 'order_type': 'LIMIT', 'transaction_type': 'BUY', 'quantity': 26, 'price': 230.6, 'result': None}], 'meta': {}}
2026-01-05 13:50:53,565 - __main__ - INFO - GTT Order 29: {'id': 300606219, 'user_id': 'OVF854', 'parent_trigger': None, 'type': 'single', 'created_at': '2026-01-05 00:03:37', 'updated_at': '2026-01-05 00:03:37', 'expires_at': '2027-01-05 00:03:37', 'status': 'active', 'condition': {'exchange': 'NSE', 'last_price': 237.5, 'tradingsymbol': 'ONGC', 'trigger_values': [232.5], 'instrument_token': 633601}, 'orders': [{'exchange': 'NSE', 'tradingsymbol': 'ONGC', 'product': 'CNC', 'order_type': 'LIMIT', 'transaction_type': 'BUY', 'quantity': 23, 'price': 232.7, 'result': None}], 'meta': {}}
2026-01-05 13:50:53,565 - __main__ - INFO - GTT Order 30: {'id': 300606218, 'user_id': 'OVF854', 'parent_trigger': None, 'type': 'single', 'created_at': '2026-01-05 00:03:37', 'updated_at': '2026-01-05 00:03:37', 'expires_at': '2027-01-05 00:03:37', 'status': 'active', 'condition': {'exchange': 'NSE', 'last_price': 239.4, 'tradingsymbol': 'ONGC', 'trigger_values': [234.4], 'instrument_token': 633601}, 'orders': [{'exchange': 'NSE', 'tradingsymbol': 'ONGC', 'product': 'CNC', 'order_type': 'LIMIT', 'transaction_type': 'BUY', 'quantity': 20, 'price': 234.6, 'result': None}], 'meta': {}}
2026-01-05 13:50:53,565 - __main__ - INFO - GTT Order 31: {'id': 300604296, 'user_id': 'OVF854', 'parent_trigger': None, 'type': 'single', 'created_at': '2026-01-04 23:18:34', 'updated_at': '2026-01-04 23:18:34', 'expires_at': '2027-01-04 23:18:34', 'status': 'active', 'condition': {'exchange': 'NSE', 'last_price': 324.58, 'tradingsymbol': 'JIOFIN', 'trigger_values': [325.58], 'instrument_token': 4644609}, 'orders': [{'exchange': 'NSE', 'tradingsymbol': 'JIOFIN', 'product': 'CNC', 'order_type': 'LIMIT', 'transaction_type': 'SELL', 'quantity': 180, 'price': 325.25, 'result': None}], 'meta': {}}
2026-01-05 13:50:53,565 - __main__ - INFO - GTT Order 32: {'id': 300606216, 'user_id': 'OVF854', 'parent_trigger': None, 'type': 'single', 'created_at': '2026-01-05 00:03:37', 'updated_at': '2026-01-05 10:40:41', 'expires_at': '2027-01-05 00:03:37', 'status': 'triggered', 'condition': {'exchange': 'NSE', 'last_price': 241.1, 'tradingsymbol': 'ONGC', 'trigger_values': [236.1], 'instrument_token': 633601}, 'orders': [{'exchange': 'NSE', 'tradingsymbol': 'ONGC', 'product': 'CNC', 'order_type': 'LIMIT', 'transaction_type': 'BUY', 'quantity': 18, 'price': 236.3, 'result': {'account_id': 'OVF854', 'exchange': 'NSE', 'tradingsymbol': 'ONGC', 'validity': 'DAY', 'product': 'CNC', 'order_type': 'LIMIT', 'transaction_type': 'BUY', 'quantity': 18, 'price': 236.3, 'ltp_atp': 'LTP', 'squareoff_abs_tick': 'absolute', 'stoploss_abs_tick': 'absolute', 'timestamp': '2026-01-05 10:40:41', 'triggered_at': 236, 'order_result': {'status': 'success', 'order_id': '260105150776441', 'rejection_reason': ''}}}], 'meta': {}}
2026-01-05 13:50:53,565 - __main__ - INFO - GTT Order 33: {'id': 300606215, 'user_id': 'OVF854', 'parent_trigger': None, 'type': 'single', 'created_at': '2026-01-05 00:03:37', 'updated_at': '2026-01-05 09:47:02', 'expires_at': '2027-01-05 00:03:37', 'status': 'triggered', 'condition': {'exchange': 'NSE', 'last_price': 242.6, 'tradingsymbol': 'ONGC', 'trigger_values': [237.6], 'instrument_token': 633601}, 'orders': [{'exchange': 'NSE', 'tradingsymbol': 'ONGC', 'product': 'CNC', 'order_type': 'LIMIT', 'transaction_type': 'BUY', 'quantity': 16, 'price': 237.8, 'result': {'account_id': 'OVF854', 'exchange': 'NSE', 'tradingsymbol': 'ONGC', 'validity': 'DAY', 'product': 'CNC', 'order_type': 'LIMIT', 'transaction_type': 'BUY', 'quantity': 16, 'price': 237.8, 'ltp_atp': 'LTP', 'squareoff_abs_tick': 'absolute', 'stoploss_abs_tick': 'absolute', 'timestamp': '2026-01-05 09:47:02', 'triggered_at': 237.5, 'order_result': {'status': 'success', 'order_id': '260105150446445', 'rejection_reason': ''}}}], 'meta': {}}
2026-01-05 13:50:53,565 - __main__ - INFO - GTT Order 34: {'id': 300606214, 'user_id': 'OVF854', 'parent_trigger': None, 'type': 'single', 'created_at': '2026-01-05 00:03:37', 'updated_at': '2026-01-05 09:39:26', 'expires_at': '2027-01-05 00:03:37', 'status': 'triggered', 'condition': {'exchange': 'NSE', 'last_price': 243.9, 'tradingsymbol': 'ONGC', 'trigger_values': [238.9], 'instrument_token': 633601}, 'orders': [{'exchange': 'NSE', 'tradingsymbol': 'ONGC', 'product': 'CNC', 'order_type': 'LIMIT', 'transaction_type': 'BUY', 'quantity': 14, 'price': 239.1, 'result': {'account_id': 'OVF854', 'exchange': 'NSE', 'tradingsymbol': 'ONGC', 'validity': 'DAY', 'product': 'CNC', 'order_type': 'LIMIT', 'transaction_type': 'BUY', 'quantity': 14, 'price': 239.1, 'ltp_atp': 'LTP', 'squareoff_abs_tick': 'absolute', 'stoploss_abs_tick': 'absolute', 'timestamp': '2026-01-05 09:39:26', 'triggered_at': 238.9, 'order_result': {'status': 'success', 'order_id': '260105150384725', 'rejection_reason': ''}}}], 'meta': {}}
2026-01-05 13:50:53,565 - __main__ - INFO - GTT Order 35: {'id': 300606213, 'user_id': 'OVF854', 'parent_trigger': None, 'type': 'single', 'created_at': '2026-01-05 00:03:36', 'updated_at': '2026-01-05 09:38:40', 'expires_at': '2027-01-05 00:03:36', 'status': 'triggered', 'condition': {'exchange': 'NSE', 'last_price': 245, 'tradingsymbol': 'ONGC', 'trigger_values': [240], 'instrument_token': 633601}, 'orders': [{'exchange': 'NSE', 'tradingsymbol': 'ONGC', 'product': 'CNC', 'order_type': 'LIMIT', 'transaction_type': 'BUY', 'quantity': 12, 'price': 240.2, 'result': {'account_id': 'OVF854', 'exchange': 'NSE', 'tradingsymbol': 'ONGC', 'validity': 'DAY', 'product': 'CNC', 'order_type': 'LIMIT', 'transaction_type': 'BUY', 'quantity': 12, 'price': 240.2, 'ltp_atp': 'LTP', 'squareoff_abs_tick': 'absolute', 'stoploss_abs_tick': 'absolute', 'timestamp': '2026-01-05 09:38:40', 'triggered_at': 239.77, 'order_result': {'status': 'success', 'order_id': '260105150378677', 'rejection_reason': ''}}}], 'meta': {}}
2026-01-05 13:50:53,565 - __main__ - INFO - GTT Order 36: {'id': 300606212, 'user_id': 'OVF854', 'parent_trigger': None, 'type': 'single', 'created_at': '2026-01-05 00:03:36', 'updated_at': '2026-01-05 09:35:16', 'expires_at': '2027-01-05 00:03:36', 'status': 'triggered', 'condition': {'exchange': 'NSE', 'last_price': 245.9, 'tradingsymbol': 'ONGC', 'trigger_values': [240.9], 'instrument_token': 633601}, 'orders': [{'exchange': 'NSE', 'tradingsymbol': 'ONGC', 'product': 'CNC', 'order_type': 'LIMIT', 'transaction_type': 'BUY', 'quantity': 11, 'price': 241.1, 'result': {'account_id': 'OVF854', 'exchange': 'NSE', 'tradingsymbol': 'ONGC', 'validity': 'DAY', 'product': 'CNC', 'order_type': 'LIMIT', 'transaction_type': 'BUY', 'quantity': 11, 'price': 241.1, 'ltp_atp': 'LTP', 'squareoff_abs_tick': 'absolute', 'stoploss_abs_tick': 'absolute', 'timestamp': '2026-01-05 09:35:16', 'triggered_at': 240.9, 'order_result': {'status': 'success', 'order_id': '260105150347445', 'rejection_reason': ''}}}], 'meta': {}}
2026-01-05 13:50:53,565 - __main__ - INFO - Order: Symbol=TATASTEEL, Status=ACTIVE, Company=TATASTEEL
2026-01-05 13:50:53,565 - __main__ - INFO - ✅ Added active order for TATASTEEL (Status: ACTIVE)
2026-01-05 13:50:53,565 - __main__ - INFO - Order: Symbol=TATASTEEL, Status=ACTIVE, Company=TATASTEEL
2026-01-05 13:50:53,565 - __main__ - INFO - ✅ Added active order for TATASTEEL (Status: ACTIVE)
2026-01-05 13:50:53,565 - __main__ - INFO - Order: Symbol=TATASTEEL, Status=ACTIVE, Company=TATASTEEL
2026-01-05 13:50:53,565 - __main__ - INFO - ✅ Added active order for TATASTEEL (Status: ACTIVE)
2026-01-05 13:50:53,565 - __main__ - INFO - Order: Symbol=TATASTEEL, Status=ACTIVE, Company=TATASTEEL
2026-01-05 13:50:53,565 - __main__ - INFO - ✅ Added active order for TATASTEEL (Status: ACTIVE)
2026-01-05 13:50:53,565 - __main__ - INFO - Order: Symbol=TATASTEEL, Status=ACTIVE, Company=TATASTEEL
2026-01-05 13:50:53,565 - __main__ - INFO - ✅ Added active order for TATASTEEL (Status: ACTIVE)
2026-01-05 13:50:53,565 - __main__ - INFO - Order: Symbol=TATASTEEL, Status=ACTIVE, Company=TATASTEEL
2026-01-05 13:50:53,565 - __main__ - INFO - ✅ Added active order for TATASTEEL (Status: ACTIVE)
2026-01-05 13:50:53,565 - __main__ - INFO - Order: Symbol=TATASTEEL, Status=ACTIVE, Company=TATASTEEL
2026-01-05 13:50:53,565 - __main__ - INFO - ✅ Added active order for TATASTEEL (Status: ACTIVE)
2026-01-05 13:50:53,565 - __main__ - INFO - Order: Symbol=TATASTEEL, Status=ACTIVE, Company=TATASTEEL
2026-01-05 13:50:53,565 - __main__ - INFO - ✅ Added active order for TATASTEEL (Status: ACTIVE)
2026-01-05 13:50:53,565 - __main__ - INFO - Order: Symbol=TATASTEEL, Status=ACTIVE, Company=TATASTEEL
2026-01-05 13:50:53,565 - __main__ - INFO - ✅ Added active order for TATASTEEL (Status: ACTIVE)
2026-01-05 13:50:53,565 - __main__ - INFO - Order: Symbol=TATASTEEL, Status=ACTIVE, Company=TATASTEEL
2026-01-05 13:50:53,565 - __main__ - INFO - ✅ Added active order for TATASTEEL (Status: ACTIVE)
2026-01-05 13:50:53,565 - __main__ - INFO - Order: Symbol=TATASTEEL, Status=ACTIVE, Company=TATASTEEL
2026-01-05 13:50:53,565 - __main__ - INFO - ✅ Added active order for TATASTEEL (Status: ACTIVE)
2026-01-05 13:50:53,565 - __main__ - INFO - Order: Symbol=TATASTEEL, Status=ACTIVE, Company=TATASTEEL
2026-01-05 13:50:53,565 - __main__ - INFO - ✅ Added active order for TATASTEEL (Status: ACTIVE)
2026-01-05 13:50:53,565 - __main__ - INFO - Order: Symbol=TATASTEEL, Status=ACTIVE, Company=TATASTEEL
2026-01-05 13:50:53,565 - __main__ - INFO - ✅ Added active order for TATASTEEL (Status: ACTIVE)
2026-01-05 13:50:53,565 - __main__ - INFO - Order: Symbol=TATASTEEL, Status=ACTIVE, Company=TATASTEEL
2026-01-05 13:50:53,565 - __main__ - INFO - ✅ Added active order for TATASTEEL (Status: ACTIVE)
2026-01-05 13:50:53,565 - __main__ - INFO - Order: Symbol=TATASTEEL, Status=ACTIVE, Company=TATASTEEL
2026-01-05 13:50:53,565 - __main__ - INFO - ✅ Added active order for TATASTEEL (Status: ACTIVE)
2026-01-05 13:50:53,565 - __main__ - INFO - Order: Symbol=TATASTEEL, Status=ACTIVE, Company=TATASTEEL
2026-01-05 13:50:53,565 - __main__ - INFO - ✅ Added active order for TATASTEEL (Status: ACTIVE)
2026-01-05 13:50:53,565 - __main__ - INFO - Order: Symbol=TATASTEEL, Status=ACTIVE, Company=TATASTEEL
2026-01-05 13:50:53,565 - __main__ - INFO - ✅ Added active order for TATASTEEL (Status: ACTIVE)
2026-01-05 13:50:53,565 - __main__ - INFO - Order: Symbol=TATASTEEL, Status=ACTIVE, Company=TATASTEEL
2026-01-05 13:50:53,565 - __main__ - INFO - ✅ Added active order for TATASTEEL (Status: ACTIVE)
2026-01-05 13:50:53,565 - __main__ - INFO - Order: Symbol=TATASTEEL, Status=ACTIVE, Company=TATASTEEL
2026-01-05 13:50:53,565 - __main__ - INFO - ✅ Added active order for TATASTEEL (Status: ACTIVE)
2026-01-05 13:50:53,565 - __main__ - INFO - Order: Symbol=TATASTEEL, Status=ACTIVE, Company=TATASTEEL
2026-01-05 13:50:53,565 - __main__ - INFO - ✅ Added active order for TATASTEEL (Status: ACTIVE)
2026-01-05 13:50:53,565 - __main__ - INFO - Order: Symbol=ITC, Status=ACTIVE, Company=TATASTEEL
2026-01-05 13:50:53,565 - __main__ - INFO - Order: Symbol=ONGC, Status=ACTIVE, Company=TATASTEEL
2026-01-05 13:50:53,565 - __main__ - INFO - Order: Symbol=ONGC, Status=ACTIVE, Company=TATASTEEL
2026-01-05 13:50:53,565 - __main__ - INFO - Order: Symbol=ONGC, Status=ACTIVE, Company=TATASTEEL
2026-01-05 13:50:53,565 - __main__ - INFO - Order: Symbol=ONGC, Status=ACTIVE, Company=TATASTEEL
2026-01-05 13:50:53,565 - __main__ - INFO - Order: Symbol=ONGC, Status=ACTIVE, Company=TATASTEEL
2026-01-05 13:50:53,566 - __main__ - INFO - Order: Symbol=ONGC, Status=ACTIVE, Company=TATASTEEL
2026-01-05 13:50:53,566 - __main__ - INFO - Order: Symbol=ONGC, Status=ACTIVE, Company=TATASTEEL
2026-01-05 13:50:53,566 - __main__ - INFO - Order: Symbol=ONGC, Status=ACTIVE, Company=TATASTEEL
2026-01-05 13:50:53,566 - __main__ - INFO - Order: Symbol=ONGC, Status=ACTIVE, Company=TATASTEEL
2026-01-05 13:50:53,566 - __main__ - INFO - Order: Symbol=JIOFIN, Status=ACTIVE, Company=TATASTEEL
2026-01-05 13:50:53,566 - __main__ - INFO - Order: Symbol=ONGC, Status=TRIGGERED, Company=TATASTEEL
2026-01-05 13:50:53,566 - __main__ - INFO - Order: Symbol=ONGC, Status=TRIGGERED, Company=TATASTEEL
2026-01-05 13:50:53,566 - __main__ - INFO - Order: Symbol=ONGC, Status=TRIGGERED, Company=TATASTEEL
2026-01-05 13:50:53,566 - __main__ - INFO - Order: Symbol=ONGC, Status=TRIGGERED, Company=TATASTEEL
2026-01-05 13:50:53,566 - __main__ - INFO - Order: Symbol=ONGC, Status=TRIGGERED, Company=TATASTEEL
2026-01-05 13:50:53,566 - __main__ - INFO - Found 20 active GTT orders for TATASTEEL
2026-01-05 13:50:57,360 - __main__ - INFO - Starting deletion of GTT orders...
2026-01-05 13:50:57,360 - __main__ - INFO - Starting deletion of 20 GTT orders for TATASTEEL
2026-01-05 13:50:57,360 - __main__ - INFO - Deleting GTT order: Trigger ID 300723469, Symbol: TATASTEEL, Quantity: 0, Price: Rs.0.00
2026-01-05 13:50:57,461 - __main__ - INFO - Successfully deleted GTT order with trigger ID: 300723469
2026-01-05 13:50:57,462 - __main__ - INFO - Deleting GTT order: Trigger ID 300723467, Symbol: TATASTEEL, Quantity: 0, Price: Rs.0.00
2026-01-05 13:50:57,613 - __main__ - INFO - Successfully deleted GTT order with trigger ID: 300723467
2026-01-05 13:50:57,613 - __main__ - INFO - Deleting GTT order: Trigger ID 300723463, Symbol: TATASTEEL, Quantity: 0, Price: Rs.0.00
2026-01-05 13:50:57,767 - __main__ - INFO - Successfully deleted GTT order with trigger ID: 300723463
2026-01-05 13:50:57,767 - __main__ - INFO - Deleting GTT order: Trigger ID 300723461, Symbol: TATASTEEL, Quantity: 0, Price: Rs.0.00
2026-01-05 13:50:57,869 - __main__ - INFO - Successfully deleted GTT order with trigger ID: 300723461
2026-01-05 13:50:57,869 - __main__ - INFO - Deleting GTT order: Trigger ID 300723458, Symbol: TATASTEEL, Quantity: 0, Price: Rs.0.00
2026-01-05 13:50:57,974 - __main__ - INFO - Successfully deleted GTT order with trigger ID: 300723458
2026-01-05 13:50:57,974 - __main__ - INFO - Deleting GTT order: Trigger ID 300723456, Symbol: TATASTEEL, Quantity: 0, Price: Rs.0.00
2026-01-05 13:50:58,102 - __main__ - INFO - Successfully deleted GTT order with trigger ID: 300723456
2026-01-05 13:50:58,103 - __main__ - INFO - Deleting GTT order: Trigger ID 300723454, Symbol: TATASTEEL, Quantity: 0, Price: Rs.0.00
2026-01-05 13:50:58,199 - __main__ - INFO - Successfully deleted GTT order with trigger ID: 300723454
2026-01-05 13:50:58,199 - __main__ - INFO - Deleting GTT order: Trigger ID 300723451, Symbol: TATASTEEL, Quantity: 0, Price: Rs.0.00
2026-01-05 13:50:58,320 - __main__ - INFO - Successfully deleted GTT order with trigger ID: 300723451
2026-01-05 13:50:58,320 - __main__ - INFO - Deleting GTT order: Trigger ID 300723450, Symbol: TATASTEEL, Quantity: 0, Price: Rs.0.00
2026-01-05 13:50:58,419 - __main__ - INFO - Successfully deleted GTT order with trigger ID: 300723450
2026-01-05 13:50:58,419 - __main__ - INFO - Deleting GTT order: Trigger ID 300723449, Symbol: TATASTEEL, Quantity: 0, Price: Rs.0.00
2026-01-05 13:50:58,508 - __main__ - INFO - Successfully deleted GTT order with trigger ID: 300723449
2026-01-05 13:50:58,508 - __main__ - INFO - Deleting GTT order: Trigger ID 300723447, Symbol: TATASTEEL, Quantity: 0, Price: Rs.0.00
2026-01-05 13:50:58,611 - __main__ - INFO - Successfully deleted GTT order with trigger ID: 300723447
2026-01-05 13:50:58,611 - __main__ - INFO - Deleting GTT order: Trigger ID 300723445, Symbol: TATASTEEL, Quantity: 0, Price: Rs.0.00
2026-01-05 13:50:58,709 - __main__ - INFO - Successfully deleted GTT order with trigger ID: 300723445
2026-01-05 13:50:58,709 - __main__ - INFO - Deleting GTT order: Trigger ID 300723444, Symbol: TATASTEEL, Quantity: 0, Price: Rs.0.00
2026-01-05 13:50:58,812 - __main__ - INFO - Successfully deleted GTT order with trigger ID: 300723444
2026-01-05 13:50:58,812 - __main__ - INFO - Deleting GTT order: Trigger ID 300723441, Symbol: TATASTEEL, Quantity: 0, Price: Rs.0.00
2026-01-05 13:50:58,908 - __main__ - INFO - Successfully deleted GTT order with trigger ID: 300723441
2026-01-05 13:50:58,908 - __main__ - INFO - Deleting GTT order: Trigger ID 300723440, Symbol: TATASTEEL, Quantity: 0, Price: Rs.0.00
2026-01-05 13:50:59,010 - __main__ - INFO - Successfully deleted GTT order with trigger ID: 300723440
2026-01-05 13:50:59,010 - __main__ - INFO - Deleting GTT order: Trigger ID 300723438, Symbol: TATASTEEL, Quantity: 0, Price: Rs.0.00
2026-01-05 13:50:59,106 - __main__ - INFO - Successfully deleted GTT order with trigger ID: 300723438
2026-01-05 13:50:59,106 - __main__ - INFO - Deleting GTT order: Trigger ID 300723436, Symbol: TATASTEEL, Quantity: 0, Price: Rs.0.00
2026-01-05 13:50:59,202 - __main__ - INFO - Successfully deleted GTT order with trigger ID: 300723436
2026-01-05 13:50:59,202 - __main__ - INFO - Deleting GTT order: Trigger ID 300723434, Symbol: TATASTEEL, Quantity: 0, Price: Rs.0.00
2026-01-05 13:50:59,304 - __main__ - INFO - Successfully deleted GTT order with trigger ID: 300723434
2026-01-05 13:50:59,304 - __main__ - INFO - Deleting GTT order: Trigger ID 300723432, Symbol: TATASTEEL, Quantity: 0, Price: Rs.0.00
2026-01-05 13:50:59,399 - __main__ - INFO - Successfully deleted GTT order with trigger ID: 300723432
2026-01-05 13:50:59,399 - __main__ - INFO - Deleting GTT order: Trigger ID 300723431, Symbol: TATASTEEL, Quantity: 0, Price: Rs.0.00
2026-01-05 13:50:59,504 - __main__ - INFO - Successfully deleted GTT order with trigger ID: 300723431
2026-01-05 13:50:59,505 - __main__ - INFO - Deletion summary saved to workdir/orders/TATASTEEL_gtt_deletion_20260105_135059.json
2026-01-05 13:50:59,505 - __main__ - INFO - GTT order deletion process completed successfully
2026-01-05 15:11:33,781 - __main__ - INFO - Initializing GTT Order Deleter for TATASTEEL
2026-01-05 15:11:33,783 - __main__ - INFO - Configuration loaded successfully
2026-01-05 15:11:33,784 - __main__ - INFO - Starting GTT order deletion process
2026-01-05 15:11:33,918 - __main__ - INFO - Successfully connected to Kite Connect
2026-01-05 15:11:34,027 - __main__ - INFO - Retrieved 31 total GTT orders
2026-01-05 15:11:34,027 - __main__ - INFO - GTT Order 1: {'id': 300725870, 'user_id': 'OVF854', 'parent_trigger': None, 'type': 'single', 'created_at': '2026-01-05 13:58:27', 'updated_at': '2026-01-05 13:58:27', 'expires_at': '2027-01-05 13:58:27', 'status': 'active', 'condition': {'exchange': 'NSE', 'last_price': 176.6, 'tradingsymbol': 'TATASTEEL', 'trigger_values': [171.6], 'instrument_token': 895745}, 'orders': [{'exchange': 'NSE', 'tradingsymbol': 'TATASTEEL', 'product': 'CNC', 'order_type': 'LIMIT', 'transaction_type': 'BUY', 'quantity': 19, 'price': 171.8, 'result': None}], 'meta': {}}
2026-01-05 15:11:34,027 - __main__ - INFO - GTT Order 2: {'id': 300725867, 'user_id': 'OVF854', 'parent_trigger': None, 'type': 'single', 'created_at': '2026-01-05 13:58:27', 'updated_at': '2026-01-05 13:58:27', 'expires_at': '2027-01-05 13:58:27', 'status': 'active', 'condition': {'exchange': 'NSE', 'last_price': 177.6, 'tradingsymbol': 'TATASTEEL', 'trigger_values': [172.6], 'instrument_token': 895745}, 'orders': [{'exchange': 'NSE', 'tradingsymbol': 'TATASTEEL', 'product': 'CNC', 'order_type': 'LIMIT', 'transaction_type': 'BUY', 'quantity': 18, 'price': 172.7, 'result': None}], 'meta': {}}
2026-01-05 15:11:34,027 - __main__ - INFO - GTT Order 3: {'id': 300725865, 'user_id': 'OVF854', 'parent_trigger': None, 'type': 'single', 'created_at': '2026-01-05 13:58:26', 'updated_at': '2026-01-05 13:58:26', 'expires_at': '2027-01-05 13:58:26', 'status': 'active', 'condition': {'exchange': 'NSE', 'last_price': 178.5, 'tradingsymbol': 'TATASTEEL', 'trigger_values': [173.5], 'instrument_token': 895745}, 'orders': [{'exchange': 'NSE', 'tradingsymbol': 'TATASTEEL', 'product': 'CNC', 'order_type': 'LIMIT', 'transaction_type': 'BUY', 'quantity': 17, 'price': 173.7, 'result': None}], 'meta': {}}
2026-01-05 15:11:34,027 - __main__ - INFO - GTT Order 4: {'id': 300725864, 'user_id': 'OVF854', 'parent_trigger': None, 'type': 'single', 'created_at': '2026-01-05 13:58:26', 'updated_at': '2026-01-05 13:58:26', 'expires_at': '2027-01-05 13:58:26', 'status': 'active', 'condition': {'exchange': 'NSE', 'last_price': 179.4, 'tradingsymbol': 'TATASTEEL', 'trigger_values': [174.4], 'instrument_token': 895745}, 'orders': [{'exchange': 'NSE', 'tradingsymbol': 'TATASTEEL', 'product': 'CNC', 'order_type': 'LIMIT', 'transaction_type': 'BUY', 'quantity': 16, 'price': 174.6, 'result': None}], 'meta': {}}
2026-01-05 15:11:34,027 - __main__ - INFO - GTT Order 5: {'id': 300725861, 'user_id': 'OVF854', 'parent_trigger': None, 'type': 'single', 'created_at': '2026-01-05 13:58:26', 'updated_at': '2026-01-05 13:58:26', 'expires_at': '2027-01-05 13:58:26', 'status': 'active', 'condition': {'exchange': 'NSE', 'last_price': 180.3, 'tradingsymbol': 'TATASTEEL', 'trigger_values': [175.3], 'instrument_token': 895745}, 'orders': [{'exchange': 'NSE', 'tradingsymbol': 'TATASTEEL', 'product': 'CNC', 'order_type': 'LIMIT', 'transaction_type': 'BUY', 'quantity': 15, 'price': 175.5, 'result': None}], 'meta': {}}
2026-01-05 15:11:34,027 - __main__ - INFO - GTT Order 6: {'id': 300725860, 'user_id': 'OVF854', 'parent_trigger': None, 'type': 'single', 'created_at': '2026-01-05 13:58:26', 'updated_at': '2026-01-05 13:58:26', 'expires_at': '2027-01-05 13:58:26', 'status': 'active', 'condition': {'exchange': 'NSE', 'last_price': 181.3, 'tradingsymbol': 'TATASTEEL', 'trigger_values': [176.3], 'instrument_token': 895745}, 'orders': [{'exchange': 'NSE', 'tradingsymbol': 'TATASTEEL', 'product': 'CNC', 'order_type': 'LIMIT', 'transaction_type': 'BUY', 'quantity': 14, 'price': 176.4, 'result': None}], 'meta': {}}
2026-01-05 15:11:34,027 - __main__ - INFO - GTT Order 7: {'id': 300725858, 'user_id': 'OVF854', 'parent_trigger': None, 'type': 'single', 'created_at': '2026-01-05 13:58:26', 'updated_at': '2026-01-05 13:58:26', 'expires_at': '2027-01-05 13:58:26', 'status': 'active', 'condition': {'exchange': 'NSE', 'last_price': 182.2, 'tradingsymbol': 'TATASTEEL', 'trigger_values': [177.2], 'instrument_token': 895745}, 'orders': [{'exchange': 'NSE', 'tradingsymbol': 'TATASTEEL', 'product': 'CNC', 'order_type': 'LIMIT', 'transaction_type': 'BUY', 'quantity': 13, 'price': 177.4, 'result': None}], 'meta': {}}
2026-01-05 15:11:34,027 - __main__ - INFO - GTT Order 8: {'id': 300725856, 'user_id': 'OVF854', 'parent_trigger': None, 'type': 'single', 'created_at': '2026-01-05 13:58:25', 'updated_at': '2026-01-05 13:58:25', 'expires_at': '2027-01-05 13:58:25', 'status': 'active', 'condition': {'exchange': 'NSE', 'last_price': 183.1, 'tradingsymbol': 'TATASTEEL', 'trigger_values': [178.1], 'instrument_token': 895745}, 'orders': [{'exchange': 'NSE', 'tradingsymbol': 'TATASTEEL', 'product': 'CNC', 'order_type': 'LIMIT', 'transaction_type': 'BUY', 'quantity': 12, 'price': 178.3, 'result': None}], 'meta': {}}
2026-01-05 15:11:34,027 - __main__ - INFO - GTT Order 9: {'id': 300725854, 'user_id': 'OVF854', 'parent_trigger': None, 'type': 'single', 'created_at': '2026-01-05 13:58:25', 'updated_at': '2026-01-05 13:58:25', 'expires_at': '2027-01-05 13:58:25', 'status': 'active', 'condition': {'exchange': 'NSE', 'last_price': 184, 'tradingsymbol': 'TATASTEEL', 'trigger_values': [179], 'instrument_token': 895745}, 'orders': [{'exchange': 'NSE', 'tradingsymbol': 'TATASTEEL', 'product': 'CNC', 'order_type': 'LIMIT', 'transaction_type': 'BUY', 'quantity': 11, 'price': 179.2, 'result': None}], 'meta': {}}
2026-01-05 15:11:34,027 - __main__ - INFO - GTT Order 10: {'id': 300725852, 'user_id': 'OVF854', 'parent_trigger': None, 'type': 'single', 'created_at': '2026-01-05 13:58:25', 'updated_at': '2026-01-05 13:58:25', 'expires_at': '2027-01-05 13:58:25', 'status': 'active', 'condition': {'exchange': 'NSE', 'last_price': 185, 'tradingsymbol': 'TATASTEEL', 'trigger_values': [180], 'instrument_token': 895745}, 'orders': [{'exchange': 'NSE', 'tradingsymbol': 'TATASTEEL', 'product': 'CNC', 'order_type': 'LIMIT', 'transaction_type': 'BUY', 'quantity': 10, 'price': 180.1, 'result': None}], 'meta': {}}
2026-01-05 15:11:34,027 - __main__ - INFO - GTT Order 11: {'id': 300725850, 'user_id': 'OVF854', 'parent_trigger': None, 'type': 'single', 'created_at': '2026-01-05 13:58:25', 'updated_at': '2026-01-05 13:58:25', 'expires_at': '2027-01-05 13:58:25', 'status': 'active', 'condition': {'exchange': 'NSE', 'last_price': 185.9, 'tradingsymbol': 'TATASTEEL', 'trigger_values': [180.9], 'instrument_token': 895745}, 'orders': [{'exchange': 'NSE', 'tradingsymbol': 'TATASTEEL', 'product': 'CNC', 'order_type': 'LIMIT', 'transaction_type': 'BUY', 'quantity': 9, 'price': 181.1, 'result': None}], 'meta': {}}
2026-01-05 15:11:34,027 - __main__ - INFO - GTT Order 12: {'id': 300725848, 'user_id': 'OVF854', 'parent_trigger': None, 'type': 'single', 'created_at': '2026-01-05 13:58:25', 'updated_at': '2026-01-05 13:58:25', 'expires_at': '2027-01-05 13:58:25', 'status': 'active', 'condition': {'exchange': 'NSE', 'last_price': 186.8, 'tradingsymbol': 'TATASTEEL', 'trigger_values': [181.8], 'instrument_token': 895745}, 'orders': [{'exchange': 'NSE', 'tradingsymbol': 'TATASTEEL', 'product': 'CNC', 'order_type': 'LIMIT', 'transaction_type': 'BUY', 'quantity': 8, 'price': 182, 'result': None}], 'meta': {}}
2026-01-05 15:11:34,027 - __main__ - INFO - GTT Order 13: {'id': 300725845, 'user_id': 'OVF854', 'parent_trigger': None, 'type': 'single', 'created_at': '2026-01-05 13:58:24', 'updated_at': '2026-01-05 13:58:24', 'expires_at': '2027-01-05 13:58:24', 'status': 'active', 'condition': {'exchange': 'NSE', 'last_price': 187.7, 'tradingsymbol': 'TATASTEEL', 'trigger_values': [182.7], 'instrument_token': 895745}, 'orders': [{'exchange': 'NSE', 'tradingsymbol': 'TATASTEEL', 'product': 'CNC', 'order_type': 'LIMIT', 'transaction_type': 'BUY', 'quantity': 7, 'price': 182.9, 'result': None}], 'meta': {}}
2026-01-05 15:11:34,027 - __main__ - INFO - GTT Order 14: {'id': 300725844, 'user_id': 'OVF854', 'parent_trigger': None, 'type': 'single', 'created_at': '2026-01-05 13:58:24', 'updated_at': '2026-01-05 13:58:24', 'expires_at': '2027-01-05 13:58:24', 'status': 'active', 'condition': {'exchange': 'NSE', 'last_price': 188.7, 'tradingsymbol': 'TATASTEEL', 'trigger_values': [183.7], 'instrument_token': 895745}, 'orders': [{'exchange': 'NSE', 'tradingsymbol': 'TATASTEEL', 'product': 'CNC', 'order_type': 'LIMIT', 'transaction_type': 'BUY', 'quantity': 6, 'price': 183.8, 'result': None}], 'meta': {}}
2026-01-05 15:11:34,027 - __main__ - INFO - GTT Order 15: {'id': 300725841, 'user_id': 'OVF854', 'parent_trigger': None, 'type': 'single', 'created_at': '2026-01-05 13:58:24', 'updated_at': '2026-01-05 13:58:24', 'expires_at': '2027-01-05 13:58:24', 'status': 'active', 'condition': {'exchange': 'NSE', 'last_price': 189.6, 'tradingsymbol': 'TATASTEEL', 'trigger_values': [184.6], 'instrument_token': 895745}, 'orders': [{'exchange': 'NSE', 'tradingsymbol': 'TATASTEEL', 'product': 'CNC', 'order_type': 'LIMIT', 'transaction_type': 'BUY', 'quantity': 5, 'price': 184.8, 'result': None}], 'meta': {}}
2026-01-05 15:11:34,027 - __main__ - INFO - GTT Order 16: {'id': 300709566, 'user_id': 'OVF854', 'parent_trigger': None, 'type': 'single', 'created_at': '2026-01-05 12:55:14', 'updated_at': '2026-01-05 12:55:14', 'expires_at': '2027-01-05 12:55:14', 'status': 'active', 'condition': {'exchange': 'NSE', 'last_price': 368.61, 'tradingsymbol': 'ITC', 'trigger_values': [369.61], 'instrument_token': 424961}, 'orders': [{'exchange': 'NSE', 'tradingsymbol': 'ITC', 'product': 'CNC', 'order_type': 'LIMIT', 'transaction_type': 'SELL', 'quantity': 124, 'price': 369.24, 'result': None}], 'meta': {}}
2026-01-05 15:11:34,027 - __main__ - INFO - GTT Order 17: {'id': 300689650, 'user_id': 'OVF854', 'parent_trigger': None, 'type': 'single', 'created_at': '2026-01-05 11:32:48', 'updated_at': '2026-01-05 11:32:48', 'expires_at': '2027-01-05 11:32:48', 'status': 'active', 'condition': {'exchange': 'NSE', 'last_price': 240.75, 'tradingsymbol': 'ONGC', 'trigger_values': [241.75], 'instrument_token': 633601}, 'orders': [{'exchange': 'NSE', 'tradingsymbol': 'ONGC', 'product': 'CNC', 'order_type': 'LIMIT', 'transaction_type': 'SELL', 'quantity': 81, 'price': 241.51, 'result': None}], 'meta': {}}
2026-01-05 15:11:34,027 - __main__ - INFO - GTT Order 18: {'id': 300606226, 'user_id': 'OVF854', 'parent_trigger': None, 'type': 'single', 'created_at': '2026-01-05 00:03:38', 'updated_at': '2026-01-05 00:03:38', 'expires_at': '2027-01-05 00:03:38', 'status': 'active', 'condition': {'exchange': 'NSE', 'last_price': 222.6, 'tradingsymbol': 'ONGC', 'trigger_values': [217.6], 'instrument_token': 633601}, 'orders': [{'exchange': 'NSE', 'tradingsymbol': 'ONGC', 'product': 'CNC', 'order_type': 'LIMIT', 'transaction_type': 'BUY', 'quantity': 43, 'price': 217.8, 'result': None}], 'meta': {}}
2026-01-05 15:11:34,027 - __main__ - INFO - GTT Order 19: {'id': 300606225, 'user_id': 'OVF854', 'parent_trigger': None, 'type': 'single', 'created_at': '2026-01-05 00:03:38', 'updated_at': '2026-01-05 00:03:38', 'expires_at': '2027-01-05 00:03:38', 'status': 'active', 'condition': {'exchange': 'NSE', 'last_price': 225.5, 'tradingsymbol': 'ONGC', 'trigger_values': [220.5], 'instrument_token': 633601}, 'orders': [{'exchange': 'NSE', 'tradingsymbol': 'ONGC', 'product': 'CNC', 'order_type': 'LIMIT', 'transaction_type': 'BUY', 'quantity': 39, 'price': 220.7, 'result': None}], 'meta': {}}
2026-01-05 15:11:34,027 - __main__ - INFO - GTT Order 20: {'id': 300606224, 'user_id': 'OVF854', 'parent_trigger': None, 'type': 'single', 'created_at': '2026-01-05 00:03:38', 'updated_at': '2026-01-05 00:03:38', 'expires_at': '2027-01-05 00:03:38', 'status': 'active', 'condition': {'exchange': 'NSE', 'last_price': 228.2, 'tradingsymbol': 'ONGC', 'trigger_values': [223.2], 'instrument_token': 633601}, 'orders': [{'exchange': 'NSE', 'tradingsymbol': 'ONGC', 'product': 'CNC', 'order_type': 'LIMIT', 'transaction_type': 'BUY', 'quantity': 36, 'price': 223.4, 'result': None}], 'meta': {}}
2026-01-05 15:11:34,027 - __main__ - INFO - GTT Order 21: {'id': 300606223, 'user_id': 'OVF854', 'parent_trigger': None, 'type': 'single', 'created_at': '2026-01-05 00:03:38', 'updated_at': '2026-01-05 00:03:38', 'expires_at': '2027-01-05 00:03:38', 'status': 'active', 'condition': {'exchange': 'NSE', 'last_price': 230.7, 'tradingsymbol': 'ONGC', 'trigger_values': [225.7], 'instrument_token': 633601}, 'orders': [{'exchange': 'NSE', 'tradingsymbol': 'ONGC', 'product': 'CNC', 'order_type': 'LIMIT', 'transaction_type': 'BUY', 'quantity': 32, 'price': 225.9, 'result': None}], 'meta': {}}
2026-01-05 15:11:34,027 - __main__ - INFO - GTT Order 22: {'id': 300606222, 'user_id': 'OVF854', 'parent_trigger': None, 'type': 'single', 'created_at': '2026-01-05 00:03:38', 'updated_at': '2026-01-05 00:03:38', 'expires_at': '2027-01-05 00:03:38', 'status': 'active', 'condition': {'exchange': 'NSE', 'last_price': 233.1, 'tradingsymbol': 'ONGC', 'trigger_values': [228.1], 'instrument_token': 633601}, 'orders': [{'exchange': 'NSE', 'tradingsymbol': 'ONGC', 'product': 'CNC', 'order_type': 'LIMIT', 'transaction_type': 'BUY', 'quantity': 29, 'price': 228.3, 'result': None}], 'meta': {}}
2026-01-05 15:11:34,027 - __main__ - INFO - GTT Order 23: {'id': 300606221, 'user_id': 'OVF854', 'parent_trigger': None, 'type': 'single', 'created_at': '2026-01-05 00:03:37', 'updated_at': '2026-01-05 00:03:37', 'expires_at': '2027-01-05 00:03:37', 'status': 'active', 'condition': {'exchange': 'NSE', 'last_price': 235.4, 'tradingsymbol': 'ONGC', 'trigger_values': [230.4], 'instrument_token': 633601}, 'orders': [{'exchange': 'NSE', 'tradingsymbol': 'ONGC', 'product': 'CNC', 'order_type': 'LIMIT', 'transaction_type': 'BUY', 'quantity': 26, 'price': 230.6, 'result': None}], 'meta': {}}
2026-01-05 15:11:34,027 - __main__ - INFO - GTT Order 24: {'id': 300606219, 'user_id': 'OVF854', 'parent_trigger': None, 'type': 'single', 'created_at': '2026-01-05 00:03:37', 'updated_at': '2026-01-05 00:03:37', 'expires_at': '2027-01-05 00:03:37', 'status': 'active', 'condition': {'exchange': 'NSE', 'last_price': 237.5, 'tradingsymbol': 'ONGC', 'trigger_values': [232.5], 'instrument_token': 633601}, 'orders': [{'exchange': 'NSE', 'tradingsymbol': 'ONGC', 'product': 'CNC', 'order_type': 'LIMIT', 'transaction_type': 'BUY', 'quantity': 23, 'price': 232.7, 'result': None}], 'meta': {}}
2026-01-05 15:11:34,027 - __main__ - INFO - GTT Order 25: {'id': 300606218, 'user_id': 'OVF854', 'parent_trigger': None, 'type': 'single', 'created_at': '2026-01-05 00:03:37', 'updated_at': '2026-01-05 00:03:37', 'expires_at': '2027-01-05 00:03:37', 'status': 'active', 'condition': {'exchange': 'NSE', 'last_price': 239.4, 'tradingsymbol': 'ONGC', 'trigger_values': [234.4], 'instrument_token': 633601}, 'orders': [{'exchange': 'NSE', 'tradingsymbol': 'ONGC', 'product': 'CNC', 'order_type': 'LIMIT', 'transaction_type': 'BUY', 'quantity': 20, 'price': 234.6, 'result': None}], 'meta': {}}
2026-01-05 15:11:34,027 - __main__ - INFO - GTT Order 26: {'id': 300604296, 'user_id': 'OVF854', 'parent_trigger': None, 'type': 'single', 'created_at': '2026-01-04 23:18:34', 'updated_at': '2026-01-04 23:18:34', 'expires_at': '2027-01-04 23:18:34', 'status': 'active', 'condition': {'exchange': 'NSE', 'last_price': 324.58, 'tradingsymbol': 'JIOFIN', 'trigger_values': [325.58], 'instrument_token': 4644609}, 'orders': [{'exchange': 'NSE', 'tradingsymbol': 'JIOFIN', 'product': 'CNC', 'order_type': 'LIMIT', 'transaction_type': 'SELL', 'quantity': 180, 'price': 325.25, 'result': None}], 'meta': {}}
2026-01-05 15:11:34,027 - __main__ - INFO - GTT Order 27: {'id': 300606216, 'user_id': 'OVF854', 'parent_trigger': None, 'type': 'single', 'created_at': '2026-01-05 00:03:37', 'updated_at': '2026-01-05 10:40:41', 'expires_at': '2027-01-05 00:03:37', 'status': 'triggered', 'condition': {'exchange': 'NSE', 'last_price': 241.1, 'tradingsymbol': 'ONGC', 'trigger_values': [236.1], 'instrument_token': 633601}, 'orders': [{'exchange': 'NSE', 'tradingsymbol': 'ONGC', 'product': 'CNC', 'order_type': 'LIMIT', 'transaction_type': 'BUY', 'quantity': 18, 'price': 236.3, 'result': {'account_id': 'OVF854', 'exchange': 'NSE', 'tradingsymbol': 'ONGC', 'validity': 'DAY', 'product': 'CNC', 'order_type': 'LIMIT', 'transaction_type': 'BUY', 'quantity': 18, 'price': 236.3, 'ltp_atp': 'LTP', 'squareoff_abs_tick': 'absolute', 'stoploss_abs_tick': 'absolute', 'timestamp': '2026-01-05 10:40:41', 'triggered_at': 236, 'order_result': {'status': 'success', 'order_id': '260105150776441', 'rejection_reason': ''}}}], 'meta': {}}
2026-01-05 15:11:34,027 - __main__ - INFO - GTT Order 28: {'id': 300606215, 'user_id': 'OVF854', 'parent_trigger': None, 'type': 'single', 'created_at': '2026-01-05 00:03:37', 'updated_at': '2026-01-05 09:47:02', 'expires_at': '2027-01-05 00:03:37', 'status': 'triggered', 'condition': {'exchange': 'NSE', 'last_price': 242.6, 'tradingsymbol': 'ONGC', 'trigger_values': [237.6], 'instrument_token': 633601}, 'orders': [{'exchange': 'NSE', 'tradingsymbol': 'ONGC', 'product': 'CNC', 'order_type': 'LIMIT', 'transaction_type': 'BUY', 'quantity': 16, 'price': 237.8, 'result': {'account_id': 'OVF854', 'exchange': 'NSE', 'tradingsymbol': 'ONGC', 'validity': 'DAY', 'product': 'CNC', 'order_type': 'LIMIT', 'transaction_type': 'BUY', 'quantity': 16, 'price': 237.8, 'ltp_atp': 'LTP', 'squareoff_abs_tick': 'absolute', 'stoploss_abs_tick': 'absolute', 'timestamp': '2026-01-05 09:47:02', 'triggered_at': 237.5, 'order_result': {'status': 'success', 'order_id': '260105150446445', 'rejection_reason': ''}}}], 'meta': {}}
2026-01-05 15:11:34,028 - __main__ - INFO - GTT Order 29: {'id': 300606214, 'user_id': 'OVF854', 'parent_trigger': None, 'type': 'single', 'created_at': '2026-01-05 00:03:37', 'updated_at': '2026-01-05 09:39:26', 'expires_at': '2027-01-05 00:03:37', 'status': 'triggered', 'condition': {'exchange': 'NSE', 'last_price': 243.9, 'tradingsymbol': 'ONGC', 'trigger_values': [238.9], 'instrument_token': 633601}, 'orders': [{'exchange': 'NSE', 'tradingsymbol': 'ONGC', 'product': 'CNC', 'order_type': 'LIMIT', 'transaction_type': 'BUY', 'quantity': 14, 'price': 239.1, 'result': {'account_id': 'OVF854', 'exchange': 'NSE', 'tradingsymbol': 'ONGC', 'validity': 'DAY', 'product': 'CNC', 'order_type': 'LIMIT', 'transaction_type': 'BUY', 'quantity': 14, 'price': 239.1, 'ltp_atp': 'LTP', 'squareoff_abs_tick': 'absolute', 'stoploss_abs_tick': 'absolute', 'timestamp': '2026-01-05 09:39:26', 'triggered_at': 238.9, 'order_result': {'status': 'success', 'order_id': '260105150384725', 'rejection_reason': ''}}}], 'meta': {}}
2026-01-05 15:11:34,028 - __main__ - INFO - GTT Order 30: {'id': 300606213, 'user_id': 'OVF854', 'parent_trigger': None, 'type': 'single', 'created_at': '2026-01-05 00:03:36', 'updated_at': '2026-01-05 09:38:40', 'expires_at': '2027-01-05 00:03:36', 'status': 'triggered', 'condition': {'exchange': 'NSE', 'last_price': 245, 'tradingsymbol': 'ONGC', 'trigger_values': [240], 'instrument_token': 633601}, 'orders': [{'exchange': 'NSE', 'tradingsymbol': 'ONGC', 'product': 'CNC', 'order_type': 'LIMIT', 'transaction_type': 'BUY', 'quantity': 12, 'price': 240.2, 'result': {'account_id': 'OVF854', 'exchange': 'NSE', 'tradingsymbol': 'ONGC', 'validity': 'DAY', 'product': 'CNC', 'order_type': 'LIMIT', 'transaction_type': 'BUY', 'quantity': 12, 'price': 240.2, 'ltp_atp': 'LTP', 'squareoff_abs_tick': 'absolute', 'stoploss_abs_tick': 'absolute', 'timestamp': '2026-01-05 09:38:40', 'triggered_at': 239.77, 'order_result': {'status': 'success', 'order_id': '260105150378677', 'rejection_reason': ''}}}], 'meta': {}}
2026-01-05 15:11:34,028 - __main__ - INFO - GTT Order 31: {'id': 300606212, 'user_id': 'OVF854', 'parent_trigger': None, 'type': 'single', 'created_at': '2026-01-05 00:03:36', 'updated_at': '2026-01-05 09:35:16', 'expires_at': '2027-01-05 00:03:36', 'status': 'triggered', 'condition': {'exchange': 'NSE', 'last_price': 245.9, 'tradingsymbol': 'ONGC', 'trigger_values': [240.9], 'instrument_token': 633601}, 'orders': [{'exchange': 'NSE', 'tradingsymbol': 'ONGC', 'product': 'CNC', 'order_type': 'LIMIT', 'transaction_type': 'BUY', 'quantity': 11, 'price': 241.1, 'result': {'account_id': 'OVF854', 'exchange': 'NSE', 'tradingsymbol': 'ONGC', 'validity': 'DAY', 'product': 'CNC', 'order_type': 'LIMIT', 'transaction_type': 'BUY', 'quantity': 11, 'price': 241.1, 'ltp_atp': 'LTP', 'squareoff_abs_tick': 'absolute', 'stoploss_abs_tick': 'absolute', 'timestamp': '2026-01-05 09:35:16', 'triggered_at': 240.9, 'order_result': {'status': 'success', 'order_id': '260105150347445', 'rejection_reason': ''}}}], 'meta': {}}
2026-01-05 15:11:34,028 - __main__ - INFO - Order: Symbol=TATASTEEL, Status=ACTIVE, Company=TATASTEEL
2026-01-05 15:11:34,028 - __main__ - INFO - ✅ Added active order for TATASTEEL (Status: ACTIVE)
2026-01-05 15:11:34,028 - __main__ - INFO - Order: Symbol=TATASTEEL, Status=ACTIVE, Company=TATASTEEL
2026-01-05 15:11:34,028 - __main__ - INFO - ✅ Added active order for TATASTEEL (Status: ACTIVE)
2026-01-05 15:11:34,028 - __main__ - INFO - Order: Symbol=TATASTEEL, Status=ACTIVE, Company=TATASTEEL
2026-01-05 15:11:34,028 - __main__ - INFO - ✅ Added active order for TATASTEEL (Status: ACTIVE)
2026-01-05 15:11:34,028 - __main__ - INFO - Order: Symbol=TATASTEEL, Status=ACTIVE, Company=TATASTEEL
2026-01-05 15:11:34,028 - __main__ - INFO - ✅ Added active order for TATASTEEL (Status: ACTIVE)
2026-01-05 15:11:34,028 - __main__ - INFO - Order: Symbol=TATASTEEL, Status=ACTIVE, Company=TATASTEEL
2026-01-05 15:11:34,028 - __main__ - INFO - ✅ Added active order for TATASTEEL (Status: ACTIVE)
2026-01-05 15:11:34,028 - __main__ - INFO - Order: Symbol=TATASTEEL, Status=ACTIVE, Company=TATASTEEL
2026-01-05 15:11:34,028 - __main__ - INFO - ✅ Added active order for TATASTEEL (Status: ACTIVE)
2026-01-05 15:11:34,028 - __main__ - INFO - Order: Symbol=TATASTEEL, Status=ACTIVE, Company=TATASTEEL
2026-01-05 15:11:34,028 - __main__ - INFO - ✅ Added active order for TATASTEEL (Status: ACTIVE)
2026-01-05 15:11:34,028 - __main__ - INFO - Order: Symbol=TATASTEEL, Status=ACTIVE, Company=TATASTEEL
2026-01-05 15:11:34,028 - __main__ - INFO - ✅ Added active order for TATASTEEL (Status: ACTIVE)
2026-01-05 15:11:34,028 - __main__ - INFO - Order: Symbol=TATASTEEL, Status=ACTIVE, Company=TATASTEEL
2026-01-05 15:11:34,028 - __main__ - INFO - ✅ Added active order for TATASTEEL (Status: ACTIVE)
2026-01-05 15:11:34,028 - __main__ - INFO - Order: Symbol=TATASTEEL, Status=ACTIVE, Company=TATASTEEL
2026-01-05 15:11:34,028 - __main__ - INFO - ✅ Added active order for TATASTEEL (Status: ACTIVE)
2026-01-05 15:11:34,028 - __main__ - INFO - Order: Symbol=TATASTEEL, Status=ACTIVE, Company=TATASTEEL
2026-01-05 15:11:34,028 - __main__ - INFO - ✅ Added active order for TATASTEEL (Status: ACTIVE)
2026-01-05 15:11:34,028 - __main__ - INFO - Order: Symbol=TATASTEEL, Status=ACTIVE, Company=TATASTEEL
2026-01-05 15:11:34,028 - __main__ - INFO - ✅ Added active order for TATASTEEL (Status: ACTIVE)
2026-01-05 15:11:34,028 - __main__ - INFO - Order: Symbol=TATASTEEL, Status=ACTIVE, Company=TATASTEEL
2026-01-05 15:11:34,028 - __main__ - INFO - ✅ Added active order for TATASTEEL (Status: ACTIVE)
2026-01-05 15:11:34,028 - __main__ - INFO - Order: Symbol=TATASTEEL, Status=ACTIVE, Company=TATASTEEL
2026-01-05 15:11:34,028 - __main__ - INFO - ✅ Added active order for TATASTEEL (Status: ACTIVE)
2026-01-05 15:11:34,028 - __main__ - INFO - Order: Symbol=TATASTEEL, Status=ACTIVE, Company=TATASTEEL
2026-01-05 15:11:34,028 - __main__ - INFO - ✅ Added active order for TATASTEEL (Status: ACTIVE)
2026-01-05 15:11:34,028 - __main__ - INFO - Order: Symbol=ITC, Status=ACTIVE, Company=TATASTEEL
2026-01-05 15:11:34,028 - __main__ - INFO - Order: Symbol=ONGC, Status=ACTIVE, Company=TATASTEEL
2026-01-05 15:11:34,028 - __main__ - INFO - Order: Symbol=ONGC, Status=ACTIVE, Company=TATASTEEL
2026-01-05 15:11:34,028 - __main__ - INFO - Order: Symbol=ONGC, Status=ACTIVE, Company=TATASTEEL
2026-01-05 15:11:34,028 - __main__ - INFO - Order: Symbol=ONGC, Status=ACTIVE, Company=TATASTEEL
2026-01-05 15:11:34,028 - __main__ - INFO - Order: Symbol=ONGC, Status=ACTIVE, Company=TATASTEEL
2026-01-05 15:11:34,028 - __main__ - INFO - Order: Symbol=ONGC, Status=ACTIVE, Company=TATASTEEL
2026-01-05 15:11:34,028 - __main__ - INFO - Order: Symbol=ONGC, Status=ACTIVE, Company=TATASTEEL
2026-01-05 15:11:34,028 - __main__ - INFO - Order: Symbol=ONGC, Status=ACTIVE, Company=TATASTEEL
2026-01-05 15:11:34,028 - __main__ - INFO - Order: Symbol=ONGC, Status=ACTIVE, Company=TATASTEEL
2026-01-05 15:11:34,028 - __main__ - INFO - Order: Symbol=JIOFIN, Status=ACTIVE, Company=TATASTEEL
2026-01-05 15:11:34,028 - __main__ - INFO - Order: Symbol=ONGC, Status=TRIGGERED, Company=TATASTEEL
2026-01-05 15:11:34,028 - __main__ - INFO - Order: Symbol=ONGC, Status=TRIGGERED, Company=TATASTEEL
2026-01-05 15:11:34,028 - __main__ - INFO - Order: Symbol=ONGC, Status=TRIGGERED, Company=TATASTEEL
2026-01-05 15:11:34,028 - __main__ - INFO - Order: Symbol=ONGC, Status=TRIGGERED, Company=TATASTEEL
2026-01-05 15:11:34,028 - __main__ - INFO - Order: Symbol=ONGC, Status=TRIGGERED, Company=TATASTEEL
2026-01-05 15:11:34,028 - __main__ - INFO - Found 15 active GTT orders for TATASTEEL
2026-01-05 15:11:36,419 - __main__ - INFO - Starting deletion of GTT orders...
2026-01-05 15:11:36,420 - __main__ - INFO - Starting deletion of 15 GTT orders for TATASTEEL
2026-01-05 15:11:36,420 - __main__ - INFO - Deleting GTT order: Trigger ID 300725870, Symbol: TATASTEEL, Quantity: 0, Price: Rs.0.00
2026-01-05 15:11:36,526 - __main__ - INFO - Successfully deleted GTT order with trigger ID: 300725870
2026-01-05 15:11:36,526 - __main__ - INFO - Deleting GTT order: Trigger ID 300725867, Symbol: TATASTEEL, Quantity: 0, Price: Rs.0.00
2026-01-05 15:11:36,621 - __main__ - INFO - Successfully deleted GTT order with trigger ID: 300725867
2026-01-05 15:11:36,621 - __main__ - INFO - Deleting GTT order: Trigger ID 300725865, Symbol: TATASTEEL, Quantity: 0, Price: Rs.0.00
2026-01-05 15:11:36,726 - __main__ - INFO - Successfully deleted GTT order with trigger ID: 300725865
2026-01-05 15:11:36,726 - __main__ - INFO - Deleting GTT order: Trigger ID 300725864, Symbol: TATASTEEL, Quantity: 0, Price: Rs.0.00
2026-01-05 15:11:36,833 - __main__ - INFO - Successfully deleted GTT order with trigger ID: 300725864
2026-01-05 15:11:36,833 - __main__ - INFO - Deleting GTT order: Trigger ID 300725861, Symbol: TATASTEEL, Quantity: 0, Price: Rs.0.00
2026-01-05 15:11:36,928 - __main__ - INFO - Successfully deleted GTT order with trigger ID: 300725861
2026-01-05 15:11:36,928 - __main__ - INFO - Deleting GTT order: Trigger ID 300725860, Symbol: TATASTEEL, Quantity: 0, Price: Rs.0.00
2026-01-05 15:11:37,027 - __main__ - INFO - Successfully deleted GTT order with trigger ID: 300725860
2026-01-05 15:11:37,028 - __main__ - INFO - Deleting GTT order: Trigger ID 300725858, Symbol: TATASTEEL, Quantity: 0, Price: Rs.0.00
2026-01-05 15:11:37,126 - __main__ - INFO - Successfully deleted GTT order with trigger ID: 300725858
2026-01-05 15:11:37,126 - __main__ - INFO - Deleting GTT order: Trigger ID 300725856, Symbol: TATASTEEL, Quantity: 0, Price: Rs.0.00
2026-01-05 15:11:37,227 - __main__ - INFO - Successfully deleted GTT order with trigger ID: 300725856
2026-01-05 15:11:37,227 - __main__ - INFO - Deleting GTT order: Trigger ID 300725854, Symbol: TATASTEEL, Quantity: 0, Price: Rs.0.00
2026-01-05 15:11:37,320 - __main__ - INFO - Successfully deleted GTT order with trigger ID: 300725854
2026-01-05 15:11:37,320 - __main__ - INFO - Deleting GTT order: Trigger ID 300725852, Symbol: TATASTEEL, Quantity: 0, Price: Rs.0.00
2026-01-05 15:11:37,431 - __main__ - INFO - Successfully deleted GTT order with trigger ID: 300725852
2026-01-05 15:11:37,431 - __main__ - INFO - Deleting GTT order: Trigger ID 300725850, Symbol: TATASTEEL, Quantity: 0, Price: Rs.0.00
2026-01-05 15:11:37,561 - __main__ - INFO - Successfully deleted GTT order with trigger ID: 300725850
2026-01-05 15:11:37,561 - __main__ - INFO - Deleting GTT order: Trigger ID 300725848, Symbol: TATASTEEL, Quantity: 0, Price: Rs.0.00
2026-01-05 15:11:37,670 - __main__ - INFO - Successfully deleted GTT order with trigger ID: 300725848
2026-01-05 15:11:37,670 - __main__ - INFO - Deleting GTT order: Trigger ID 300725845, Symbol: TATASTEEL, Quantity: 0, Price: Rs.0.00
2026-01-05 15:11:37,776 - __main__ - INFO - Successfully deleted GTT order with trigger ID: 300725845
2026-01-05 15:11:37,776 - __main__ - INFO - Deleting GTT order: Trigger ID 300725844, Symbol: TATASTEEL, Quantity: 0, Price: Rs.0.00
2026-01-05 15:11:37,870 - __main__ - INFO - Successfully deleted GTT order with trigger ID: 300725844
2026-01-05 15:11:37,870 - __main__ - INFO - Deleting GTT order: Trigger ID 300725841, Symbol: TATASTEEL, Quantity: 0, Price: Rs.0.00
2026-01-05 15:11:37,968 - __main__ - INFO - Successfully deleted GTT order with trigger ID: 300725841
2026-01-05 15:11:37,969 - __main__ - INFO - Deletion summary saved to workdir/orders/TATASTEEL_gtt_deletion_20260105_151137.json
2026-01-05 15:11:37,969 - __main__ - INFO - GTT order deletion process completed successfully
