2026-01-06 10:29:36,599 - __main__ - INFO - Initializing GTT Order Deleter for WIPRO
2026-01-06 10:29:36,600 - __main__ - INFO - Configuration loaded successfully
2026-01-06 10:29:36,601 - __main__ - INFO - Starting GTT order deletion process
2026-01-06 10:29:36,730 - __main__ - INFO - Successfully connected to Kite Connect
2026-01-06 10:29:36,827 - __main__ - INFO - Retrieved 21 total GTT orders
2026-01-06 10:29:36,827 - __main__ - INFO - GTT Order 1: {'id': 300846045, 'user_id': 'OVF854', 'parent_trigger': None, 'type': 'single', 'created_at': '2026-01-06 10:24:33', 'updated_at': '2026-01-06 10:24:33', 'expires_at': '2027-01-06 10:24:33', 'status': 'active', 'condition': {'exchange': 'NSE', 'last_price': 242.9, 'tradingsymbol': 'WIPRO', 'trigger_values': [237.9], 'instrument_token': 969473}, 'orders': [{'exchange': 'NSE', 'tradingsymbol': 'WIPRO', 'product': 'CNC', 'order_type': 'LIMIT', 'transaction_type': 'BUY', 'quantity': 24, 'price': 238.1, 'result': None}], 'meta': {}}
2026-01-06 10:29:36,827 - __main__ - INFO - GTT Order 2: {'id': 300846044, 'user_id': 'OVF854', 'parent_trigger': None, 'type': 'single', 'created_at': '2026-01-06 10:24:33', 'updated_at': '2026-01-06 10:24:33', 'expires_at': '2027-01-06 10:24:33', 'status': 'active', 'condition': {'exchange': 'NSE', 'last_price': 247.3, 'tradingsymbol': 'WIPRO', 'trigger_values': [242.3], 'instrument_token': 969473}, 'orders': [{'exchange': 'NSE', 'tradingsymbol': 'WIPRO', 'product': 'CNC', 'order_type': 'LIMIT', 'transaction_type': 'BUY', 'quantity': 21, 'price': 242.5, 'result': None}], 'meta': {}}
2026-01-06 10:29:36,827 - __main__ - INFO - GTT Order 3: {'id': 300846043, 'user_id': 'OVF854', 'parent_trigger': None, 'type': 'single', 'created_at': '2026-01-06 10:24:33', 'updated_at': '2026-01-06 10:24:33', 'expires_at': '2027-01-06 10:24:33', 'status': 'active', 'condition': {'exchange': 'NSE', 'last_price': 251.3, 'tradingsymbol': 'WIPRO', 'trigger_values': [246.3], 'instrument_token': 969473}, 'orders': [{'exchange': 'NSE', 'tradingsymbol': 'WIPRO', 'product': 'CNC', 'order_type': 'LIMIT', 'transaction_type': 'BUY', 'quantity': 18, 'price': 246.5, 'result': None}], 'meta': {}}
2026-01-06 10:29:36,827 - __main__ - INFO - GTT Order 4: {'id': 300846040, 'user_id': 'OVF854', 'parent_trigger': None, 'type': 'single', 'created_at': '2026-01-06 10:24:33', 'updated_at': '2026-01-06 10:24:33', 'expires_at': '2027-01-06 10:24:33', 'status': 'active', 'condition': {'exchange': 'NSE', 'last_price': 254.9, 'tradingsymbol': 'WIPRO', 'trigger_values': [249.9], 'instrument_token': 969473}, 'orders': [{'exchange': 'NSE', 'tradingsymbol': 'WIPRO', 'product': 'CNC', 'order_type': 'LIMIT', 'transaction_type': 'BUY', 'quantity': 16, 'price': 250.2, 'result': None}], 'meta': {}}
2026-01-06 10:29:36,827 - __main__ - INFO - GTT Order 5: {'id': 300846039, 'user_id': 'OVF854', 'parent_trigger': None, 'type': 'single', 'created_at': '2026-01-06 10:24:33', 'updated_at': '2026-01-06 10:24:33', 'expires_at': '2027-01-06 10:24:32', 'status': 'active', 'condition': {'exchange': 'NSE', 'last_price': 258.2, 'tradingsymbol': 'WIPRO', 'trigger_values': [253.2], 'instrument_token': 969473}, 'orders': [{'exchange': 'NSE', 'tradingsymbol': 'WIPRO', 'product': 'CNC', 'order_type': 'LIMIT', 'transaction_type': 'BUY', 'quantity': 13, 'price': 253.5, 'result': None}], 'meta': {}}
2026-01-06 10:29:36,827 - __main__ - INFO - GTT Order 6: {'id': 300846037, 'user_id': 'OVF854', 'parent_trigger': None, 'type': 'single', 'created_at': '2026-01-06 10:24:32', 'updated_at': '2026-01-06 10:24:32', 'expires_at': '2027-01-06 10:24:32', 'status': 'active', 'condition': {'exchange': 'NSE', 'last_price': 261.2, 'tradingsymbol': 'WIPRO', 'trigger_values': [256.2], 'instrument_token': 969473}, 'orders': [{'exchange': 'NSE', 'tradingsymbol': 'WIPRO', 'product': 'CNC', 'order_type': 'LIMIT', 'transaction_type': 'BUY', 'quantity': 11, 'price': 256.5, 'result': None}], 'meta': {}}
2026-01-06 10:29:36,827 - __main__ - INFO - GTT Order 7: {'id': 300846034, 'user_id': 'OVF854', 'parent_trigger': None, 'type': 'single', 'created_at': '2026-01-06 10:24:32', 'updated_at': '2026-01-06 10:24:32', 'expires_at': '2027-01-06 10:24:32', 'status': 'active', 'condition': {'exchange': 'NSE', 'last_price': 263.7, 'tradingsymbol': 'WIPRO', 'trigger_values': [258.7], 'instrument_token': 969473}, 'orders': [{'exchange': 'NSE', 'tradingsymbol': 'WIPRO', 'product': 'CNC', 'order_type': 'LIMIT', 'transaction_type': 'BUY', 'quantity': 9, 'price': 259, 'result': None}], 'meta': {}}
2026-01-06 10:29:36,827 - __main__ - INFO - GTT Order 8: {'id': 300846031, 'user_id': 'OVF854', 'parent_trigger': None, 'type': 'single', 'created_at': '2026-01-06 10:24:32', 'updated_at': '2026-01-06 10:24:32', 'expires_at': '2027-01-06 10:24:32', 'status': 'active', 'condition': {'exchange': 'NSE', 'last_price': 265.9, 'tradingsymbol': 'WIPRO', 'trigger_values': [260.9], 'instrument_token': 969473}, 'orders': [{'exchange': 'NSE', 'tradingsymbol': 'WIPRO', 'product': 'CNC', 'order_type': 'LIMIT', 'transaction_type': 'BUY', 'quantity': 8, 'price': 261.2, 'result': None}], 'meta': {}}
2026-01-06 10:29:36,827 - __main__ - INFO - GTT Order 9: {'id': 300846029, 'user_id': 'OVF854', 'parent_trigger': None, 'type': 'single', 'created_at': '2026-01-06 10:24:32', 'updated_at': '2026-01-06 10:24:32', 'expires_at': '2027-01-06 10:24:32', 'status': 'active', 'condition': {'exchange': 'NSE', 'last_price': 267.6, 'tradingsymbol': 'WIPRO', 'trigger_values': [262.6], 'instrument_token': 969473}, 'orders': [{'exchange': 'NSE', 'tradingsymbol': 'WIPRO', 'product': 'CNC', 'order_type': 'LIMIT', 'transaction_type': 'BUY', 'quantity': 6, 'price': 262.9, 'result': None}], 'meta': {}}
2026-01-06 10:29:36,827 - __main__ - INFO - GTT Order 10: {'id': 300846025, 'user_id': 'OVF854', 'parent_trigger': None, 'type': 'single', 'created_at': '2026-01-06 10:24:32', 'updated_at': '2026-01-06 10:24:32', 'expires_at': '2027-01-06 10:24:32', 'status': 'active', 'condition': {'exchange': 'NSE', 'last_price': 268.8, 'tradingsymbol': 'WIPRO', 'trigger_values': [263.8], 'instrument_token': 969473}, 'orders': [{'exchange': 'NSE', 'tradingsymbol': 'WIPRO', 'product': 'CNC', 'order_type': 'LIMIT', 'transaction_type': 'BUY', 'quantity': 5, 'price': 264.1, 'result': None}], 'meta': {}}
2026-01-06 10:29:36,827 - __main__ - INFO - GTT Order 11: {'id': 300709566, 'user_id': 'OVF854', 'parent_trigger': None, 'type': 'single', 'created_at': '2026-01-05 12:55:14', 'updated_at': '2026-01-05 12:55:14', 'expires_at': '2027-01-05 12:55:14', 'status': 'active', 'condition': {'exchange': 'NSE', 'last_price': 368.61, 'tradingsymbol': 'ITC', 'trigger_values': [369.61], 'instrument_token': 424961}, 'orders': [{'exchange': 'NSE', 'tradingsymbol': 'ITC', 'product': 'CNC', 'order_type': 'LIMIT', 'transaction_type': 'SELL', 'quantity': 124, 'price': 369.24, 'result': None}], 'meta': {}}
2026-01-06 10:29:36,828 - __main__ - INFO - GTT Order 12: {'id': 300606226, 'user_id': 'OVF854', 'parent_trigger': None, 'type': 'single', 'created_at': '2026-01-05 00:03:38', 'updated_at': '2026-01-05 00:03:38', 'expires_at': '2027-01-05 00:03:38', 'status': 'active', 'condition': {'exchange': 'NSE', 'last_price': 222.6, 'tradingsymbol': 'ONGC', 'trigger_values': [217.6], 'instrument_token': 633601}, 'orders': [{'exchange': 'NSE', 'tradingsymbol': 'ONGC', 'product': 'CNC', 'order_type': 'LIMIT', 'transaction_type': 'BUY', 'quantity': 43, 'price': 217.8, 'result': None}], 'meta': {}}
2026-01-06 10:29:36,828 - __main__ - INFO - GTT Order 13: {'id': 300606225, 'user_id': 'OVF854', 'parent_trigger': None, 'type': 'single', 'created_at': '2026-01-05 00:03:38', 'updated_at': '2026-01-05 00:03:38', 'expires_at': '2027-01-05 00:03:38', 'status': 'active', 'condition': {'exchange': 'NSE', 'last_price': 225.5, 'tradingsymbol': 'ONGC', 'trigger_values': [220.5], 'instrument_token': 633601}, 'orders': [{'exchange': 'NSE', 'tradingsymbol': 'ONGC', 'product': 'CNC', 'order_type': 'LIMIT', 'transaction_type': 'BUY', 'quantity': 39, 'price': 220.7, 'result': None}], 'meta': {}}
2026-01-06 10:29:36,828 - __main__ - INFO - GTT Order 14: {'id': 300606224, 'user_id': 'OVF854', 'parent_trigger': None, 'type': 'single', 'created_at': '2026-01-05 00:03:38', 'updated_at': '2026-01-05 00:03:38', 'expires_at': '2027-01-05 00:03:38', 'status': 'active', 'condition': {'exchange': 'NSE', 'last_price': 228.2, 'tradingsymbol': 'ONGC', 'trigger_values': [223.2], 'instrument_token': 633601}, 'orders': [{'exchange': 'NSE', 'tradingsymbol': 'ONGC', 'product': 'CNC', 'order_type': 'LIMIT', 'transaction_type': 'BUY', 'quantity': 36, 'price': 223.4, 'result': None}], 'meta': {}}
2026-01-06 10:29:36,828 - __main__ - INFO - GTT Order 15: {'id': 300606223, 'user_id': 'OVF854', 'parent_trigger': None, 'type': 'single', 'created_at': '2026-01-05 00:03:38', 'updated_at': '2026-01-05 00:03:38', 'expires_at': '2027-01-05 00:03:38', 'status': 'active', 'condition': {'exchange': 'NSE', 'last_price': 230.7, 'tradingsymbol': 'ONGC', 'trigger_values': [225.7], 'instrument_token': 633601}, 'orders': [{'exchange': 'NSE', 'tradingsymbol': 'ONGC', 'product': 'CNC', 'order_type': 'LIMIT', 'transaction_type': 'BUY', 'quantity': 32, 'price': 225.9, 'result': None}], 'meta': {}}
2026-01-06 10:29:36,828 - __main__ - INFO - GTT Order 16: {'id': 300606222, 'user_id': 'OVF854', 'parent_trigger': None, 'type': 'single', 'created_at': '2026-01-05 00:03:38', 'updated_at': '2026-01-05 00:03:38', 'expires_at': '2027-01-05 00:03:38', 'status': 'active', 'condition': {'exchange': 'NSE', 'last_price': 233.1, 'tradingsymbol': 'ONGC', 'trigger_values': [228.1], 'instrument_token': 633601}, 'orders': [{'exchange': 'NSE', 'tradingsymbol': 'ONGC', 'product': 'CNC', 'order_type': 'LIMIT', 'transaction_type': 'BUY', 'quantity': 29, 'price': 228.3, 'result': None}], 'meta': {}}
2026-01-06 10:29:36,828 - __main__ - INFO - GTT Order 17: {'id': 300606221, 'user_id': 'OVF854', 'parent_trigger': None, 'type': 'single', 'created_at': '2026-01-05 00:03:37', 'updated_at': '2026-01-05 00:03:37', 'expires_at': '2027-01-05 00:03:37', 'status': 'active', 'condition': {'exchange': 'NSE', 'last_price': 235.4, 'tradingsymbol': 'ONGC', 'trigger_values': [230.4], 'instrument_token': 633601}, 'orders': [{'exchange': 'NSE', 'tradingsymbol': 'ONGC', 'product': 'CNC', 'order_type': 'LIMIT', 'transaction_type': 'BUY', 'quantity': 26, 'price': 230.6, 'result': None}], 'meta': {}}
2026-01-06 10:29:36,828 - __main__ - INFO - GTT Order 18: {'id': 300606219, 'user_id': 'OVF854', 'parent_trigger': None, 'type': 'single', 'created_at': '2026-01-05 00:03:37', 'updated_at': '2026-01-05 00:03:37', 'expires_at': '2027-01-05 00:03:37', 'status': 'active', 'condition': {'exchange': 'NSE', 'last_price': 237.5, 'tradingsymbol': 'ONGC', 'trigger_values': [232.5], 'instrument_token': 633601}, 'orders': [{'exchange': 'NSE', 'tradingsymbol': 'ONGC', 'product': 'CNC', 'order_type': 'LIMIT', 'transaction_type': 'BUY', 'quantity': 23, 'price': 232.7, 'result': None}], 'meta': {}}
2026-01-06 10:29:36,828 - __main__ - INFO - GTT Order 19: {'id': 300606218, 'user_id': 'OVF854', 'parent_trigger': None, 'type': 'single', 'created_at': '2026-01-05 00:03:37', 'updated_at': '2026-01-05 00:03:37', 'expires_at': '2027-01-05 00:03:37', 'status': 'active', 'condition': {'exchange': 'NSE', 'last_price': 239.4, 'tradingsymbol': 'ONGC', 'trigger_values': [234.4], 'instrument_token': 633601}, 'orders': [{'exchange': 'NSE', 'tradingsymbol': 'ONGC', 'product': 'CNC', 'order_type': 'LIMIT', 'transaction_type': 'BUY', 'quantity': 20, 'price': 234.6, 'result': None}], 'meta': {}}
2026-01-06 10:29:36,828 - __main__ - INFO - GTT Order 20: {'id': 300604296, 'user_id': 'OVF854', 'parent_trigger': None, 'type': 'single', 'created_at': '2026-01-04 23:18:34', 'updated_at': '2026-01-04 23:18:34', 'expires_at': '2027-01-04 23:18:34', 'status': 'active', 'condition': {'exchange': 'NSE', 'last_price': 324.58, 'tradingsymbol': 'JIOFIN', 'trigger_values': [325.58], 'instrument_token': 4644609}, 'orders': [{'exchange': 'NSE', 'tradingsymbol': 'JIOFIN', 'product': 'CNC', 'order_type': 'LIMIT', 'transaction_type': 'SELL', 'quantity': 180, 'price': 325.25, 'result': None}], 'meta': {}}
2026-01-06 10:29:36,828 - __main__ - INFO - GTT Order 21: {'id': 300827062, 'user_id': 'OVF854', 'parent_trigger': None, 'type': 'single', 'created_at': '2026-01-06 09:46:20', 'updated_at': '2026-01-06 10:08:57', 'expires_at': '2027-01-06 09:46:20', 'status': 'triggered', 'condition': {'exchange': 'NSE', 'last_price': 240.25, 'tradingsymbol': 'ONGC', 'trigger_values': [241.6]}, 'orders': [{'exchange': 'NSE', 'tradingsymbol': 'ONGC', 'product': 'CNC', 'order_type': 'LIMIT', 'transaction_type': 'SELL', 'quantity': 81, 'price': 241.55, 'result': {'account_id': 'OVF854', 'exchange': 'NSE', 'tradingsymbol': 'ONGC', 'validity': 'DAY', 'product': 'CNC', 'order_type': 'LIMIT', 'transaction_type': 'SELL', 'quantity': 81, 'price': 241.55, 'ltp_atp': 'LTP', 'squareoff_abs_tick': 'absolute', 'stoploss_abs_tick': 'absolute', 'timestamp': '2026-01-06 10:08:57', 'triggered_at': 241.6, 'order_result': {'status': 'success', 'order_id': '260106150583667', 'rejection_reason': ''}}}], 'meta': None}
2026-01-06 10:29:36,828 - __main__ - INFO - Order: Symbol=WIPRO, Status=ACTIVE, Company=WIPRO
2026-01-06 10:29:36,828 - __main__ - INFO - ✅ Added active order for WIPRO (Status: ACTIVE)
2026-01-06 10:29:36,828 - __main__ - INFO - Order: Symbol=WIPRO, Status=ACTIVE, Company=WIPRO
2026-01-06 10:29:36,828 - __main__ - INFO - ✅ Added active order for WIPRO (Status: ACTIVE)
2026-01-06 10:29:36,828 - __main__ - INFO - Order: Symbol=WIPRO, Status=ACTIVE, Company=WIPRO
2026-01-06 10:29:36,828 - __main__ - INFO - ✅ Added active order for WIPRO (Status: ACTIVE)
2026-01-06 10:29:36,828 - __main__ - INFO - Order: Symbol=WIPRO, Status=ACTIVE, Company=WIPRO
2026-01-06 10:29:36,828 - __main__ - INFO - ✅ Added active order for WIPRO (Status: ACTIVE)
2026-01-06 10:29:36,828 - __main__ - INFO - Order: Symbol=WIPRO, Status=ACTIVE, Company=WIPRO
2026-01-06 10:29:36,828 - __main__ - INFO - ✅ Added active order for WIPRO (Status: ACTIVE)
2026-01-06 10:29:36,828 - __main__ - INFO - Order: Symbol=WIPRO, Status=ACTIVE, Company=WIPRO
2026-01-06 10:29:36,828 - __main__ - INFO - ✅ Added active order for WIPRO (Status: ACTIVE)
2026-01-06 10:29:36,828 - __main__ - INFO - Order: Symbol=WIPRO, Status=ACTIVE, Company=WIPRO
2026-01-06 10:29:36,828 - __main__ - INFO - ✅ Added active order for WIPRO (Status: ACTIVE)
2026-01-06 10:29:36,828 - __main__ - INFO - Order: Symbol=WIPRO, Status=ACTIVE, Company=WIPRO
2026-01-06 10:29:36,828 - __main__ - INFO - ✅ Added active order for WIPRO (Status: ACTIVE)
2026-01-06 10:29:36,828 - __main__ - INFO - Order: Symbol=WIPRO, Status=ACTIVE, Company=WIPRO
2026-01-06 10:29:36,828 - __main__ - INFO - ✅ Added active order for WIPRO (Status: ACTIVE)
2026-01-06 10:29:36,828 - __main__ - INFO - Order: Symbol=WIPRO, Status=ACTIVE, Company=WIPRO
2026-01-06 10:29:36,828 - __main__ - INFO - ✅ Added active order for WIPRO (Status: ACTIVE)
2026-01-06 10:29:36,828 - __main__ - INFO - Order: Symbol=ITC, Status=ACTIVE, Company=WIPRO
2026-01-06 10:29:36,828 - __main__ - INFO - Order: Symbol=ONGC, Status=ACTIVE, Company=WIPRO
2026-01-06 10:29:36,828 - __main__ - INFO - Order: Symbol=ONGC, Status=ACTIVE, Company=WIPRO
2026-01-06 10:29:36,828 - __main__ - INFO - Order: Symbol=ONGC, Status=ACTIVE, Company=WIPRO
2026-01-06 10:29:36,828 - __main__ - INFO - Order: Symbol=ONGC, Status=ACTIVE, Company=WIPRO
2026-01-06 10:29:36,828 - __main__ - INFO - Order: Symbol=ONGC, Status=ACTIVE, Company=WIPRO
2026-01-06 10:29:36,828 - __main__ - INFO - Order: Symbol=ONGC, Status=ACTIVE, Company=WIPRO
2026-01-06 10:29:36,828 - __main__ - INFO - Order: Symbol=ONGC, Status=ACTIVE, Company=WIPRO
2026-01-06 10:29:36,828 - __main__ - INFO - Order: Symbol=ONGC, Status=ACTIVE, Company=WIPRO
2026-01-06 10:29:36,828 - __main__ - INFO - Order: Symbol=JIOFIN, Status=ACTIVE, Company=WIPRO
2026-01-06 10:29:36,828 - __main__ - INFO - Order: Symbol=ONGC, Status=TRIGGERED, Company=WIPRO
2026-01-06 10:29:36,828 - __main__ - INFO - Found 10 active GTT orders for WIPRO
2026-01-06 10:29:43,979 - __main__ - INFO - GTT order deletion cancelled by user
