2026-01-14 11:29:34,057 - __main__ - INFO - Initializing GTT Order Deleter for NTPC
2026-01-14 11:29:34,058 - __main__ - INFO - Configuration loaded successfully
2026-01-14 11:29:34,059 - __main__ - INFO - Starting GTT order deletion process
2026-01-14 11:29:34,262 - __main__ - INFO - Successfully connected to Kite Connect
2026-01-14 11:29:34,367 - __main__ - INFO - Retrieved 35 total GTT orders
2026-01-14 11:29:34,367 - __main__ - INFO - GTT Order 1: {'id': 302056242, 'user_id': 'OVF854', 'parent_trigger': None, 'type': 'single', 'created_at': '2026-01-14 11:29:02', 'updated_at': '2026-01-14 11:29:02', 'expires_at': '2027-01-14 11:29:02', 'status': 'active', 'condition': {'exchange': 'NSE', 'last_price': 229.9, 'tradingsymbol': 'ONGC', 'trigger_values': [224.9], 'instrument_token': 633601}, 'orders': [{'exchange': 'NSE', 'tradingsymbol': 'ONGC', 'product': 'CNC', 'order_type': 'LIMIT', 'transaction_type': 'BUY', 'quantity': 24, 'price': 225.1, 'result': None}], 'meta': {}}
2026-01-14 11:29:34,367 - __main__ - INFO - GTT Order 2: {'id': 302056239, 'user_id': 'OVF854', 'parent_trigger': None, 'type': 'single', 'created_at': '2026-01-14 11:29:02', 'updated_at': '2026-01-14 11:29:02', 'expires_at': '2027-01-14 11:29:02', 'status': 'active', 'condition': {'exchange': 'NSE', 'last_price': 234.4, 'tradingsymbol': 'ONGC', 'trigger_values': [229.4], 'instrument_token': 633601}, 'orders': [{'exchange': 'NSE', 'tradingsymbol': 'ONGC', 'product': 'CNC', 'order_type': 'LIMIT', 'transaction_type': 'BUY', 'quantity': 21, 'price': 229.6, 'result': None}], 'meta': {}}
2026-01-14 11:29:34,368 - __main__ - INFO - GTT Order 3: {'id': 302056236, 'user_id': 'OVF854', 'parent_trigger': None, 'type': 'single', 'created_at': '2026-01-14 11:29:01', 'updated_at': '2026-01-14 11:29:01', 'expires_at': '2027-01-14 11:29:01', 'status': 'active', 'condition': {'exchange': 'NSE', 'last_price': 238.6, 'tradingsymbol': 'ONGC', 'trigger_values': [233.6], 'instrument_token': 633601}, 'orders': [{'exchange': 'NSE', 'tradingsymbol': 'ONGC', 'product': 'CNC', 'order_type': 'LIMIT', 'transaction_type': 'BUY', 'quantity': 18, 'price': 233.8, 'result': None}], 'meta': {}}
2026-01-14 11:29:34,368 - __main__ - INFO - GTT Order 4: {'id': 302056235, 'user_id': 'OVF854', 'parent_trigger': None, 'type': 'single', 'created_at': '2026-01-14 11:29:01', 'updated_at': '2026-01-14 11:29:01', 'expires_at': '2027-01-14 11:29:01', 'status': 'active', 'condition': {'exchange': 'NSE', 'last_price': 242.4, 'tradingsymbol': 'ONGC', 'trigger_values': [237.4], 'instrument_token': 633601}, 'orders': [{'exchange': 'NSE', 'tradingsymbol': 'ONGC', 'product': 'CNC', 'order_type': 'LIMIT', 'transaction_type': 'BUY', 'quantity': 15, 'price': 237.6, 'result': None}], 'meta': {}}
2026-01-14 11:29:34,368 - __main__ - INFO - GTT Order 5: {'id': 302056225, 'user_id': 'OVF854', 'parent_trigger': None, 'type': 'single', 'created_at': '2026-01-14 11:28:59', 'updated_at': '2026-01-14 11:28:59', 'expires_at': '2027-01-14 11:28:59', 'status': 'active', 'condition': {'exchange': 'NSE', 'last_price': 245.7, 'tradingsymbol': 'ONGC', 'trigger_values': [240.7], 'instrument_token': 633601}, 'orders': [{'exchange': 'NSE', 'tradingsymbol': 'ONGC', 'product': 'CNC', 'order_type': 'LIMIT', 'transaction_type': 'BUY', 'quantity': 12, 'price': 240.9, 'result': None}], 'meta': {}}
2026-01-14 11:29:34,368 - __main__ - INFO - GTT Order 6: {'id': 302056224, 'user_id': 'OVF854', 'parent_trigger': None, 'type': 'single', 'created_at': '2026-01-14 11:28:59', 'updated_at': '2026-01-14 11:28:59', 'expires_at': '2027-01-14 11:28:59', 'status': 'active', 'condition': {'exchange': 'NSE', 'last_price': 248.6, 'tradingsymbol': 'ONGC', 'trigger_values': [243.6], 'instrument_token': 633601}, 'orders': [{'exchange': 'NSE', 'tradingsymbol': 'ONGC', 'product': 'CNC', 'order_type': 'LIMIT', 'transaction_type': 'BUY', 'quantity': 10, 'price': 243.8, 'result': None}], 'meta': {}}
2026-01-14 11:29:34,368 - __main__ - INFO - GTT Order 7: {'id': 302056222, 'user_id': 'OVF854', 'parent_trigger': None, 'type': 'single', 'created_at': '2026-01-14 11:28:59', 'updated_at': '2026-01-14 11:28:59', 'expires_at': '2027-01-14 11:28:59', 'status': 'active', 'condition': {'exchange': 'NSE', 'last_price': 251, 'tradingsymbol': 'ONGC', 'trigger_values': [246], 'instrument_token': 633601}, 'orders': [{'exchange': 'NSE', 'tradingsymbol': 'ONGC', 'product': 'CNC', 'order_type': 'LIMIT', 'transaction_type': 'BUY', 'quantity': 8, 'price': 246.2, 'result': None}], 'meta': {}}
2026-01-14 11:29:34,368 - __main__ - INFO - GTT Order 8: {'id': 302056206, 'user_id': 'OVF854', 'parent_trigger': None, 'type': 'single', 'created_at': '2026-01-14 11:28:58', 'updated_at': '2026-01-14 11:28:58', 'expires_at': '2027-01-14 11:28:58', 'status': 'active', 'condition': {'exchange': 'NSE', 'last_price': 253, 'tradingsymbol': 'ONGC', 'trigger_values': [248], 'instrument_token': 633601}, 'orders': [{'exchange': 'NSE', 'tradingsymbol': 'ONGC', 'product': 'CNC', 'order_type': 'LIMIT', 'transaction_type': 'BUY', 'quantity': 7, 'price': 248.2, 'result': None}], 'meta': {}}
2026-01-14 11:29:34,368 - __main__ - INFO - GTT Order 9: {'id': 302056204, 'user_id': 'OVF854', 'parent_trigger': None, 'type': 'single', 'created_at': '2026-01-14 11:28:57', 'updated_at': '2026-01-14 11:28:57', 'expires_at': '2027-01-14 11:28:57', 'status': 'active', 'condition': {'exchange': 'NSE', 'last_price': 254.3, 'tradingsymbol': 'ONGC', 'trigger_values': [249.3], 'instrument_token': 633601}, 'orders': [{'exchange': 'NSE', 'tradingsymbol': 'ONGC', 'product': 'CNC', 'order_type': 'LIMIT', 'transaction_type': 'BUY', 'quantity': 6, 'price': 249.5, 'result': None}], 'meta': {}}
2026-01-14 11:29:34,368 - __main__ - INFO - GTT Order 10: {'id': 301781262, 'user_id': 'OVF854', 'parent_trigger': None, 'type': 'single', 'created_at': '2026-01-12 21:57:47', 'updated_at': '2026-01-12 21:57:47', 'expires_at': '2027-01-12 21:57:47', 'status': 'active', 'condition': {'exchange': 'NSE', 'last_price': 264.4, 'tradingsymbol': 'WIPRO', 'trigger_values': [265.4], 'instrument_token': 969473}, 'orders': [{'exchange': 'NSE', 'tradingsymbol': 'WIPRO', 'product': 'CNC', 'order_type': 'LIMIT', 'transaction_type': 'SELL', 'quantity': 18, 'price': 265.1, 'result': None}], 'meta': {}}
2026-01-14 11:29:34,368 - __main__ - INFO - GTT Order 11: {'id': 301781122, 'user_id': 'OVF854', 'parent_trigger': None, 'type': 'single', 'created_at': '2026-01-12 21:56:11', 'updated_at': '2026-01-12 21:56:11', 'expires_at': '2027-01-12 21:56:11', 'status': 'active', 'condition': {'exchange': 'NSE', 'last_price': 261.5, 'tradingsymbol': 'POWERGRID', 'trigger_values': [262.5], 'instrument_token': 3834113}, 'orders': [{'exchange': 'NSE', 'tradingsymbol': 'POWERGRID', 'product': 'CNC', 'order_type': 'LIMIT', 'transaction_type': 'SELL', 'quantity': 85, 'price': 262.2, 'result': None}], 'meta': {}}
2026-01-14 11:29:34,368 - __main__ - INFO - GTT Order 12: {'id': 301308665, 'user_id': 'OVF854', 'parent_trigger': None, 'type': 'single', 'created_at': '2026-01-08 16:06:58', 'updated_at': '2026-01-08 16:06:58', 'expires_at': '2027-01-08 16:06:58', 'status': 'active', 'condition': {'exchange': 'NSE', 'last_price': 241.1, 'tradingsymbol': 'WIPRO', 'trigger_values': [236.1], 'instrument_token': 969473}, 'orders': [{'exchange': 'NSE', 'tradingsymbol': 'WIPRO', 'product': 'CNC', 'order_type': 'LIMIT', 'transaction_type': 'BUY', 'quantity': 24, 'price': 236.3, 'result': None}], 'meta': {}}
2026-01-14 11:29:34,368 - __main__ - INFO - GTT Order 13: {'id': 301308664, 'user_id': 'OVF854', 'parent_trigger': None, 'type': 'single', 'created_at': '2026-01-08 16:06:58', 'updated_at': '2026-01-08 16:06:58', 'expires_at': '2027-01-08 16:06:58', 'status': 'active', 'condition': {'exchange': 'NSE', 'last_price': 245.9, 'tradingsymbol': 'WIPRO', 'trigger_values': [240.9], 'instrument_token': 969473}, 'orders': [{'exchange': 'NSE', 'tradingsymbol': 'WIPRO', 'product': 'CNC', 'order_type': 'LIMIT', 'transaction_type': 'BUY', 'quantity': 21, 'price': 241.1, 'result': None}], 'meta': {}}
2026-01-14 11:29:34,368 - __main__ - INFO - GTT Order 14: {'id': 301308663, 'user_id': 'OVF854', 'parent_trigger': None, 'type': 'single', 'created_at': '2026-01-08 16:06:58', 'updated_at': '2026-01-08 16:06:58', 'expires_at': '2027-01-08 16:06:58', 'status': 'active', 'condition': {'exchange': 'NSE', 'last_price': 250.3, 'tradingsymbol': 'WIPRO', 'trigger_values': [245.3], 'instrument_token': 969473}, 'orders': [{'exchange': 'NSE', 'tradingsymbol': 'WIPRO', 'product': 'CNC', 'order_type': 'LIMIT', 'transaction_type': 'BUY', 'quantity': 18, 'price': 245.5, 'result': None}], 'meta': {}}
2026-01-14 11:29:34,368 - __main__ - INFO - GTT Order 15: {'id': 301308662, 'user_id': 'OVF854', 'parent_trigger': None, 'type': 'single', 'created_at': '2026-01-08 16:06:58', 'updated_at': '2026-01-08 16:06:58', 'expires_at': '2027-01-08 16:06:58', 'status': 'active', 'condition': {'exchange': 'NSE', 'last_price': 254.2, 'tradingsymbol': 'WIPRO', 'trigger_values': [249.2], 'instrument_token': 969473}, 'orders': [{'exchange': 'NSE', 'tradingsymbol': 'WIPRO', 'product': 'CNC', 'order_type': 'LIMIT', 'transaction_type': 'BUY', 'quantity': 15, 'price': 249.4, 'result': None}], 'meta': {}}
2026-01-14 11:29:34,368 - __main__ - INFO - GTT Order 16: {'id': 301308661, 'user_id': 'OVF854', 'parent_trigger': None, 'type': 'single', 'created_at': '2026-01-08 16:06:58', 'updated_at': '2026-01-08 16:06:58', 'expires_at': '2027-01-08 16:06:58', 'status': 'active', 'condition': {'exchange': 'NSE', 'last_price': 257.6, 'tradingsymbol': 'WIPRO', 'trigger_values': [252.6], 'instrument_token': 969473}, 'orders': [{'exchange': 'NSE', 'tradingsymbol': 'WIPRO', 'product': 'CNC', 'order_type': 'LIMIT', 'transaction_type': 'BUY', 'quantity': 12, 'price': 252.9, 'result': None}], 'meta': {}}
2026-01-14 11:29:34,368 - __main__ - INFO - GTT Order 17: {'id': 301308660, 'user_id': 'OVF854', 'parent_trigger': None, 'type': 'single', 'created_at': '2026-01-08 16:06:57', 'updated_at': '2026-01-08 16:06:57', 'expires_at': '2027-01-08 16:06:57', 'status': 'active', 'condition': {'exchange': 'NSE', 'last_price': 260.7, 'tradingsymbol': 'WIPRO', 'trigger_values': [255.7], 'instrument_token': 969473}, 'orders': [{'exchange': 'NSE', 'tradingsymbol': 'WIPRO', 'product': 'CNC', 'order_type': 'LIMIT', 'transaction_type': 'BUY', 'quantity': 10, 'price': 256, 'result': None}], 'meta': {}}
2026-01-14 11:29:34,368 - __main__ - INFO - GTT Order 18: {'id': 301308659, 'user_id': 'OVF854', 'parent_trigger': None, 'type': 'single', 'created_at': '2026-01-08 16:06:57', 'updated_at': '2026-01-08 16:06:57', 'expires_at': '2027-01-08 16:06:57', 'status': 'active', 'condition': {'exchange': 'NSE', 'last_price': 263.2, 'tradingsymbol': 'WIPRO', 'trigger_values': [258.2], 'instrument_token': 969473}, 'orders': [{'exchange': 'NSE', 'tradingsymbol': 'WIPRO', 'product': 'CNC', 'order_type': 'LIMIT', 'transaction_type': 'BUY', 'quantity': 8, 'price': 258.5, 'result': None}], 'meta': {}}
2026-01-14 11:29:34,368 - __main__ - INFO - GTT Order 19: {'id': 301052660, 'user_id': 'OVF854', 'parent_trigger': None, 'type': 'single', 'created_at': '2026-01-07 11:17:38', 'updated_at': '2026-01-07 11:17:38', 'expires_at': '2027-01-07 11:17:38', 'status': 'active', 'condition': {'exchange': 'NSE', 'last_price': 244, 'tradingsymbol': 'POWERGRID', 'trigger_values': [239], 'instrument_token': 3834113}, 'orders': [{'exchange': 'NSE', 'tradingsymbol': 'POWERGRID', 'product': 'CNC', 'order_type': 'LIMIT', 'transaction_type': 'BUY', 'quantity': 29, 'price': 239.2, 'result': None}], 'meta': {}}
2026-01-14 11:29:34,368 - __main__ - INFO - GTT Order 20: {'id': 301052657, 'user_id': 'OVF854', 'parent_trigger': None, 'type': 'single', 'created_at': '2026-01-07 11:17:38', 'updated_at': '2026-01-07 11:17:38', 'expires_at': '2027-01-07 11:17:38', 'status': 'active', 'condition': {'exchange': 'NSE', 'last_price': 248.4, 'tradingsymbol': 'POWERGRID', 'trigger_values': [243.4], 'instrument_token': 3834113}, 'orders': [{'exchange': 'NSE', 'tradingsymbol': 'POWERGRID', 'product': 'CNC', 'order_type': 'LIMIT', 'transaction_type': 'BUY', 'quantity': 25, 'price': 243.6, 'result': None}], 'meta': {}}
2026-01-14 11:29:34,368 - __main__ - INFO - GTT Order 21: {'id': 301052654, 'user_id': 'OVF854', 'parent_trigger': None, 'type': 'single', 'created_at': '2026-01-07 11:17:38', 'updated_at': '2026-01-07 11:17:38', 'expires_at': '2027-01-07 11:17:38', 'status': 'active', 'condition': {'exchange': 'NSE', 'last_price': 252.4, 'tradingsymbol': 'POWERGRID', 'trigger_values': [247.4], 'instrument_token': 3834113}, 'orders': [{'exchange': 'NSE', 'tradingsymbol': 'POWERGRID', 'product': 'CNC', 'order_type': 'LIMIT', 'transaction_type': 'BUY', 'quantity': 22, 'price': 247.6, 'result': None}], 'meta': {}}
2026-01-14 11:29:34,368 - __main__ - INFO - GTT Order 22: {'id': 301052653, 'user_id': 'OVF854', 'parent_trigger': None, 'type': 'single', 'created_at': '2026-01-07 11:17:37', 'updated_at': '2026-01-07 11:17:37', 'expires_at': '2027-01-07 11:17:37', 'status': 'active', 'condition': {'exchange': 'NSE', 'last_price': 256, 'tradingsymbol': 'POWERGRID', 'trigger_values': [251], 'instrument_token': 3834113}, 'orders': [{'exchange': 'NSE', 'tradingsymbol': 'POWERGRID', 'product': 'CNC', 'order_type': 'LIMIT', 'transaction_type': 'BUY', 'quantity': 19, 'price': 251.3, 'result': None}], 'meta': {}}
2026-01-14 11:29:34,368 - __main__ - INFO - GTT Order 23: {'id': 300890292, 'user_id': 'OVF854', 'parent_trigger': None, 'type': 'single', 'created_at': '2026-01-06 12:44:52', 'updated_at': '2026-01-06 12:44:52', 'expires_at': '2027-01-06 12:44:52', 'status': 'active', 'condition': {'exchange': 'NSE', 'last_price': 318.6, 'tradingsymbol': 'NTPC', 'trigger_values': [313.6], 'instrument_token': 2977281}, 'orders': [{'exchange': 'NSE', 'tradingsymbol': 'NTPC', 'product': 'CNC', 'order_type': 'LIMIT', 'transaction_type': 'BUY', 'quantity': 24, 'price': 313.9, 'result': None}], 'meta': {}}
2026-01-14 11:29:34,368 - __main__ - INFO - GTT Order 24: {'id': 300890291, 'user_id': 'OVF854', 'parent_trigger': None, 'type': 'single', 'created_at': '2026-01-06 12:44:52', 'updated_at': '2026-01-06 12:44:52', 'expires_at': '2027-01-06 12:44:52', 'status': 'active', 'condition': {'exchange': 'NSE', 'last_price': 324.3, 'tradingsymbol': 'NTPC', 'trigger_values': [319.3], 'instrument_token': 2977281}, 'orders': [{'exchange': 'NSE', 'tradingsymbol': 'NTPC', 'product': 'CNC', 'order_type': 'LIMIT', 'transaction_type': 'BUY', 'quantity': 21, 'price': 319.6, 'result': None}], 'meta': {}}
2026-01-14 11:29:34,368 - __main__ - INFO - GTT Order 25: {'id': 300890290, 'user_id': 'OVF854', 'parent_trigger': None, 'type': 'single', 'created_at': '2026-01-06 12:44:52', 'updated_at': '2026-01-06 12:44:52', 'expires_at': '2027-01-06 12:44:52', 'status': 'active', 'condition': {'exchange': 'NSE', 'last_price': 329.6, 'tradingsymbol': 'NTPC', 'trigger_values': [324.6], 'instrument_token': 2977281}, 'orders': [{'exchange': 'NSE', 'tradingsymbol': 'NTPC', 'product': 'CNC', 'order_type': 'LIMIT', 'transaction_type': 'BUY', 'quantity': 18, 'price': 324.9, 'result': None}], 'meta': {}}
2026-01-14 11:29:34,368 - __main__ - INFO - GTT Order 26: {'id': 300890288, 'user_id': 'OVF854', 'parent_trigger': None, 'type': 'single', 'created_at': '2026-01-06 12:44:51', 'updated_at': '2026-01-06 12:44:51', 'expires_at': '2027-01-06 12:44:51', 'status': 'active', 'condition': {'exchange': 'NSE', 'last_price': 334.5, 'tradingsymbol': 'NTPC', 'trigger_values': [329.5], 'instrument_token': 2977281}, 'orders': [{'exchange': 'NSE', 'tradingsymbol': 'NTPC', 'product': 'CNC', 'order_type': 'LIMIT', 'transaction_type': 'BUY', 'quantity': 16, 'price': 329.8, 'result': None}], 'meta': {}}
2026-01-14 11:29:34,368 - __main__ - INFO - GTT Order 27: {'id': 300889811, 'user_id': 'OVF854', 'parent_trigger': None, 'type': 'single', 'created_at': '2026-01-06 12:42:44', 'updated_at': '2026-01-06 12:42:44', 'expires_at': '2027-01-06 12:42:44', 'status': 'active', 'condition': {'exchange': 'NSE', 'last_price': 173.5, 'tradingsymbol': 'TATASTEEL', 'trigger_values': [168.5], 'instrument_token': 895745}, 'orders': [{'exchange': 'NSE', 'tradingsymbol': 'TATASTEEL', 'product': 'CNC', 'order_type': 'LIMIT', 'transaction_type': 'BUY', 'quantity': 29, 'price': 168.7, 'result': None}], 'meta': {}}
2026-01-14 11:29:34,368 - __main__ - INFO - GTT Order 28: {'id': 300889809, 'user_id': 'OVF854', 'parent_trigger': None, 'type': 'single', 'created_at': '2026-01-06 12:42:44', 'updated_at': '2026-01-06 12:42:44', 'expires_at': '2027-01-06 12:42:44', 'status': 'active', 'condition': {'exchange': 'NSE', 'last_price': 175.5, 'tradingsymbol': 'TATASTEEL', 'trigger_values': [170.5], 'instrument_token': 895745}, 'orders': [{'exchange': 'NSE', 'tradingsymbol': 'TATASTEEL', 'product': 'CNC', 'order_type': 'LIMIT', 'transaction_type': 'BUY', 'quantity': 26, 'price': 170.7, 'result': None}], 'meta': {}}
2026-01-14 11:29:34,368 - __main__ - INFO - GTT Order 29: {'id': 300889808, 'user_id': 'OVF854', 'parent_trigger': None, 'type': 'single', 'created_at': '2026-01-06 12:42:44', 'updated_at': '2026-01-06 12:42:44', 'expires_at': '2027-01-06 12:42:44', 'status': 'active', 'condition': {'exchange': 'NSE', 'last_price': 177.5, 'tradingsymbol': 'TATASTEEL', 'trigger_values': [172.5], 'instrument_token': 895745}, 'orders': [{'exchange': 'NSE', 'tradingsymbol': 'TATASTEEL', 'product': 'CNC', 'order_type': 'LIMIT', 'transaction_type': 'BUY', 'quantity': 24, 'price': 172.7, 'result': None}], 'meta': {}}
2026-01-14 11:29:34,368 - __main__ - INFO - GTT Order 30: {'id': 300889806, 'user_id': 'OVF854', 'parent_trigger': None, 'type': 'single', 'created_at': '2026-01-06 12:42:44', 'updated_at': '2026-01-06 12:42:44', 'expires_at': '2027-01-06 12:42:44', 'status': 'active', 'condition': {'exchange': 'NSE', 'last_price': 179.4, 'tradingsymbol': 'TATASTEEL', 'trigger_values': [174.4], 'instrument_token': 895745}, 'orders': [{'exchange': 'NSE', 'tradingsymbol': 'TATASTEEL', 'product': 'CNC', 'order_type': 'LIMIT', 'transaction_type': 'BUY', 'quantity': 22, 'price': 174.6, 'result': None}], 'meta': {}}
2026-01-14 11:29:34,368 - __main__ - INFO - GTT Order 31: {'id': 300889803, 'user_id': 'OVF854', 'parent_trigger': None, 'type': 'single', 'created_at': '2026-01-06 12:42:44', 'updated_at': '2026-01-06 12:42:44', 'expires_at': '2027-01-06 12:42:43', 'status': 'active', 'condition': {'exchange': 'NSE', 'last_price': 181.1, 'tradingsymbol': 'TATASTEEL', 'trigger_values': [176.1], 'instrument_token': 895745}, 'orders': [{'exchange': 'NSE', 'tradingsymbol': 'TATASTEEL', 'product': 'CNC', 'order_type': 'LIMIT', 'transaction_type': 'BUY', 'quantity': 20, 'price': 176.3, 'result': None}], 'meta': {}}
2026-01-14 11:29:34,369 - __main__ - INFO - GTT Order 32: {'id': 300709566, 'user_id': 'OVF854', 'parent_trigger': None, 'type': 'single', 'created_at': '2026-01-05 12:55:14', 'updated_at': '2026-01-05 12:55:14', 'expires_at': '2027-01-05 12:55:14', 'status': 'active', 'condition': {'exchange': 'NSE', 'last_price': 368.61, 'tradingsymbol': 'ITC', 'trigger_values': [369.61], 'instrument_token': 424961}, 'orders': [{'exchange': 'NSE', 'tradingsymbol': 'ITC', 'product': 'CNC', 'order_type': 'LIMIT', 'transaction_type': 'SELL', 'quantity': 124, 'price': 369.24, 'result': None}], 'meta': {}}
2026-01-14 11:29:34,369 - __main__ - INFO - GTT Order 33: {'id': 300604296, 'user_id': 'OVF854', 'parent_trigger': None, 'type': 'single', 'created_at': '2026-01-04 23:18:34', 'updated_at': '2026-01-04 23:18:34', 'expires_at': '2027-01-04 23:18:34', 'status': 'active', 'condition': {'exchange': 'NSE', 'last_price': 324.58, 'tradingsymbol': 'JIOFIN', 'trigger_values': [325.58], 'instrument_token': 4644609}, 'orders': [{'exchange': 'NSE', 'tradingsymbol': 'JIOFIN', 'product': 'CNC', 'order_type': 'LIMIT', 'transaction_type': 'SELL', 'quantity': 180, 'price': 325.25, 'result': None}], 'meta': {}}
2026-01-14 11:29:34,369 - __main__ - INFO - GTT Order 34: {'id': 301651407, 'user_id': 'OVF854', 'parent_trigger': None, 'type': 'single', 'created_at': '2026-01-12 10:47:24', 'updated_at': '2026-01-14 10:25:04', 'expires_at': '2027-01-12 10:47:24', 'status': 'triggered', 'condition': {'exchange': 'NSE', 'last_price': 343.8, 'tradingsymbol': 'NTPC', 'trigger_values': [344.8], 'instrument_token': 2977281}, 'orders': [{'exchange': 'NSE', 'tradingsymbol': 'NTPC', 'product': 'CNC', 'order_type': 'LIMIT', 'transaction_type': 'SELL', 'quantity': 52, 'price': 344.5, 'result': {'account_id': 'OVF854', 'exchange': 'NSE', 'tradingsymbol': 'NTPC', 'validity': 'DAY', 'product': 'CNC', 'order_type': 'LIMIT', 'transaction_type': 'SELL', 'quantity': 52, 'price': 344.5, 'ltp_atp': 'LTP', 'squareoff_abs_tick': 'absolute', 'stoploss_abs_tick': 'absolute', 'timestamp': '2026-01-14 10:25:04', 'triggered_at': 344.8, 'order_result': {'status': 'success', 'order_id': '260114150578963', 'rejection_reason': ''}}}], 'meta': {}}
2026-01-14 11:29:34,369 - __main__ - INFO - GTT Order 35: {'id': 301781198, 'user_id': 'OVF854', 'parent_trigger': None, 'type': 'single', 'created_at': '2026-01-12 21:56:58', 'updated_at': '2026-01-14 09:33:36', 'expires_at': '2027-01-12 21:56:58', 'status': 'triggered', 'condition': {'exchange': 'NSE', 'last_price': 183.5, 'tradingsymbol': 'TATASTEEL', 'trigger_values': [184.5], 'instrument_token': 895745}, 'orders': [{'exchange': 'NSE', 'tradingsymbol': 'TATASTEEL', 'product': 'CNC', 'order_type': 'LIMIT', 'transaction_type': 'SELL', 'quantity': 117, 'price': 184.3, 'result': {'account_id': 'OVF854', 'exchange': 'NSE', 'tradingsymbol': 'TATASTEEL', 'validity': 'DAY', 'product': 'CNC', 'order_type': 'LIMIT', 'transaction_type': 'SELL', 'quantity': 117, 'price': 184.3, 'ltp_atp': 'LTP', 'squareoff_abs_tick': 'absolute', 'stoploss_abs_tick': 'absolute', 'timestamp': '2026-01-14 09:33:36', 'triggered_at': 184.5, 'order_result': {'status': 'success', 'order_id': '260114150245381', 'rejection_reason': ''}}}], 'meta': {}}
2026-01-14 11:29:34,369 - __main__ - INFO - Order: Symbol=ONGC, Status=ACTIVE, Company=NTPC
2026-01-14 11:29:34,369 - __main__ - INFO - Order: Symbol=ONGC, Status=ACTIVE, Company=NTPC
2026-01-14 11:29:34,369 - __main__ - INFO - Order: Symbol=ONGC, Status=ACTIVE, Company=NTPC
2026-01-14 11:29:34,369 - __main__ - INFO - Order: Symbol=ONGC, Status=ACTIVE, Company=NTPC
2026-01-14 11:29:34,369 - __main__ - INFO - Order: Symbol=ONGC, Status=ACTIVE, Company=NTPC
2026-01-14 11:29:34,369 - __main__ - INFO - Order: Symbol=ONGC, Status=ACTIVE, Company=NTPC
2026-01-14 11:29:34,369 - __main__ - INFO - Order: Symbol=ONGC, Status=ACTIVE, Company=NTPC
2026-01-14 11:29:34,369 - __main__ - INFO - Order: Symbol=ONGC, Status=ACTIVE, Company=NTPC
2026-01-14 11:29:34,369 - __main__ - INFO - Order: Symbol=ONGC, Status=ACTIVE, Company=NTPC
2026-01-14 11:29:34,369 - __main__ - INFO - Order: Symbol=WIPRO, Status=ACTIVE, Company=NTPC
2026-01-14 11:29:34,369 - __main__ - INFO - Order: Symbol=POWERGRID, Status=ACTIVE, Company=NTPC
2026-01-14 11:29:34,369 - __main__ - INFO - Order: Symbol=WIPRO, Status=ACTIVE, Company=NTPC
2026-01-14 11:29:34,369 - __main__ - INFO - Order: Symbol=WIPRO, Status=ACTIVE, Company=NTPC
2026-01-14 11:29:34,369 - __main__ - INFO - Order: Symbol=WIPRO, Status=ACTIVE, Company=NTPC
2026-01-14 11:29:34,369 - __main__ - INFO - Order: Symbol=WIPRO, Status=ACTIVE, Company=NTPC
2026-01-14 11:29:34,369 - __main__ - INFO - Order: Symbol=WIPRO, Status=ACTIVE, Company=NTPC
2026-01-14 11:29:34,369 - __main__ - INFO - Order: Symbol=WIPRO, Status=ACTIVE, Company=NTPC
2026-01-14 11:29:34,369 - __main__ - INFO - Order: Symbol=WIPRO, Status=ACTIVE, Company=NTPC
2026-01-14 11:29:34,369 - __main__ - INFO - Order: Symbol=POWERGRID, Status=ACTIVE, Company=NTPC
2026-01-14 11:29:34,369 - __main__ - INFO - Order: Symbol=POWERGRID, Status=ACTIVE, Company=NTPC
2026-01-14 11:29:34,369 - __main__ - INFO - Order: Symbol=POWERGRID, Status=ACTIVE, Company=NTPC
2026-01-14 11:29:34,369 - __main__ - INFO - Order: Symbol=POWERGRID, Status=ACTIVE, Company=NTPC
2026-01-14 11:29:34,369 - __main__ - INFO - Order: Symbol=NTPC, Status=ACTIVE, Company=NTPC
2026-01-14 11:29:34,369 - __main__ - INFO - ✅ Added active order for NTPC (Status: ACTIVE)
2026-01-14 11:29:34,369 - __main__ - INFO - Order: Symbol=NTPC, Status=ACTIVE, Company=NTPC
2026-01-14 11:29:34,369 - __main__ - INFO - ✅ Added active order for NTPC (Status: ACTIVE)
2026-01-14 11:29:34,369 - __main__ - INFO - Order: Symbol=NTPC, Status=ACTIVE, Company=NTPC
2026-01-14 11:29:34,369 - __main__ - INFO - ✅ Added active order for NTPC (Status: ACTIVE)
2026-01-14 11:29:34,369 - __main__ - INFO - Order: Symbol=NTPC, Status=ACTIVE, Company=NTPC
2026-01-14 11:29:34,369 - __main__ - INFO - ✅ Added active order for NTPC (Status: ACTIVE)
2026-01-14 11:29:34,369 - __main__ - INFO - Order: Symbol=TATASTEEL, Status=ACTIVE, Company=NTPC
2026-01-14 11:29:34,369 - __main__ - INFO - Order: Symbol=TATASTEEL, Status=ACTIVE, Company=NTPC
2026-01-14 11:29:34,369 - __main__ - INFO - Order: Symbol=TATASTEEL, Status=ACTIVE, Company=NTPC
2026-01-14 11:29:34,369 - __main__ - INFO - Order: Symbol=TATASTEEL, Status=ACTIVE, Company=NTPC
2026-01-14 11:29:34,369 - __main__ - INFO - Order: Symbol=TATASTEEL, Status=ACTIVE, Company=NTPC
2026-01-14 11:29:34,369 - __main__ - INFO - Order: Symbol=ITC, Status=ACTIVE, Company=NTPC
2026-01-14 11:29:34,369 - __main__ - INFO - Order: Symbol=JIOFIN, Status=ACTIVE, Company=NTPC
2026-01-14 11:29:34,370 - __main__ - INFO - Order: Symbol=NTPC, Status=TRIGGERED, Company=NTPC
2026-01-14 11:29:34,370 - __main__ - INFO - ⚠️  Found NTPC order but status is 'TRIGGERED' (not active)
2026-01-14 11:29:34,370 - __main__ - INFO - Order: Symbol=TATASTEEL, Status=TRIGGERED, Company=NTPC
2026-01-14 11:29:34,370 - __main__ - INFO - Found 4 active GTT orders for NTPC
2026-01-14 11:29:35,893 - __main__ - INFO - Starting deletion of GTT orders...
2026-01-14 11:29:35,893 - __main__ - INFO - Starting deletion of 4 GTT orders for NTPC
2026-01-14 11:29:35,893 - __main__ - INFO - Deleting GTT order: Trigger ID 300890292, Symbol: NTPC, Quantity: 0, Price: Rs.0.00
2026-01-14 11:29:36,121 - __main__ - INFO - Successfully deleted GTT order with trigger ID: 300890292
2026-01-14 11:29:36,121 - __main__ - INFO - Deleting GTT order: Trigger ID 300890291, Symbol: NTPC, Quantity: 0, Price: Rs.0.00
2026-01-14 11:29:36,482 - __main__ - INFO - Successfully deleted GTT order with trigger ID: 300890291
2026-01-14 11:29:36,482 - __main__ - INFO - Deleting GTT order: Trigger ID 300890290, Symbol: NTPC, Quantity: 0, Price: Rs.0.00
2026-01-14 11:29:36,613 - __main__ - INFO - Successfully deleted GTT order with trigger ID: 300890290
2026-01-14 11:29:36,613 - __main__ - INFO - Deleting GTT order: Trigger ID 300890288, Symbol: NTPC, Quantity: 0, Price: Rs.0.00
2026-01-14 11:29:36,727 - __main__ - INFO - Successfully deleted GTT order with trigger ID: 300890288
2026-01-14 11:29:36,727 - __main__ - INFO - Deletion summary saved to workdir/orders/NTPC_gtt_deletion_20260114_112936.json
2026-01-14 11:29:36,727 - __main__ - INFO - GTT order deletion process completed successfully
