2026-01-07 10:32:03,966 - __main__ - INFO - Initializing GTT Order Deleter for WIPRO
2026-01-07 10:32:03,967 - __main__ - INFO - Configuration loaded successfully
2026-01-07 10:32:03,968 - __main__ - INFO - Starting GTT order deletion process
2026-01-07 10:32:27,691 - __main__ - INFO - Initializing GTT Order Deleter for WIPRO
2026-01-07 10:32:27,692 - __main__ - INFO - Configuration loaded successfully
2026-01-07 10:32:27,693 - __main__ - INFO - Starting GTT order deletion process
2026-01-07 10:32:27,819 - __main__ - INFO - Successfully connected to Kite Connect
2026-01-07 10:32:27,922 - __main__ - INFO - Retrieved 42 total GTT orders
2026-01-07 10:32:27,922 - __main__ - INFO - GTT Order 1: {'id': 300912478, 'user_id': 'OVF854', 'parent_trigger': None, 'type': 'single', 'created_at': '2026-01-06 14:09:19', 'updated_at': '2026-01-06 14:32:01', 'expires_at': '2027-01-06 14:09:19', 'status': 'active', 'condition': {'exchange': 'NSE', 'last_price': 186.34, 'tradingsymbol': 'TATASTEEL', 'trigger_values': [189.3], 'instrument_token': 895745}, 'orders': [{'exchange': 'NSE', 'tradingsymbol': 'TATASTEEL', 'product': 'CNC', 'order_type': 'LIMIT', 'transaction_type': 'SELL', 'quantity': 30, 'price': 189.2, 'result': None}], 'meta': {}}
2026-01-07 10:32:27,922 - __main__ - INFO - GTT Order 2: {'id': 300890292, 'user_id': 'OVF854', 'parent_trigger': None, 'type': 'single', 'created_at': '2026-01-06 12:44:52', 'updated_at': '2026-01-06 12:44:52', 'expires_at': '2027-01-06 12:44:52', 'status': 'active', 'condition': {'exchange': 'NSE', 'last_price': 318.6, 'tradingsymbol': 'NTPC', 'trigger_values': [313.6], 'instrument_token': 2977281}, 'orders': [{'exchange': 'NSE', 'tradingsymbol': 'NTPC', 'product': 'CNC', 'order_type': 'LIMIT', 'transaction_type': 'BUY', 'quantity': 24, 'price': 313.9, 'result': None}], 'meta': {}}
2026-01-07 10:32:27,922 - __main__ - INFO - GTT Order 3: {'id': 300890291, 'user_id': 'OVF854', 'parent_trigger': None, 'type': 'single', 'created_at': '2026-01-06 12:44:52', 'updated_at': '2026-01-06 12:44:52', 'expires_at': '2027-01-06 12:44:52', 'status': 'active', 'condition': {'exchange': 'NSE', 'last_price': 324.3, 'tradingsymbol': 'NTPC', 'trigger_values': [319.3], 'instrument_token': 2977281}, 'orders': [{'exchange': 'NSE', 'tradingsymbol': 'NTPC', 'product': 'CNC', 'order_type': 'LIMIT', 'transaction_type': 'BUY', 'quantity': 21, 'price': 319.6, 'result': None}], 'meta': {}}
2026-01-07 10:32:27,922 - __main__ - INFO - GTT Order 4: {'id': 300890290, 'user_id': 'OVF854', 'parent_trigger': None, 'type': 'single', 'created_at': '2026-01-06 12:44:52', 'updated_at': '2026-01-06 12:44:52', 'expires_at': '2027-01-06 12:44:52', 'status': 'active', 'condition': {'exchange': 'NSE', 'last_price': 329.6, 'tradingsymbol': 'NTPC', 'trigger_values': [324.6], 'instrument_token': 2977281}, 'orders': [{'exchange': 'NSE', 'tradingsymbol': 'NTPC', 'product': 'CNC', 'order_type': 'LIMIT', 'transaction_type': 'BUY', 'quantity': 18, 'price': 324.9, 'result': None}], 'meta': {}}
2026-01-07 10:32:27,922 - __main__ - INFO - GTT Order 5: {'id': 300890288, 'user_id': 'OVF854', 'parent_trigger': None, 'type': 'single', 'created_at': '2026-01-06 12:44:51', 'updated_at': '2026-01-06 12:44:51', 'expires_at': '2027-01-06 12:44:51', 'status': 'active', 'condition': {'exchange': 'NSE', 'last_price': 334.5, 'tradingsymbol': 'NTPC', 'trigger_values': [329.5], 'instrument_token': 2977281}, 'orders': [{'exchange': 'NSE', 'tradingsymbol': 'NTPC', 'product': 'CNC', 'order_type': 'LIMIT', 'transaction_type': 'BUY', 'quantity': 16, 'price': 329.8, 'result': None}], 'meta': {}}
2026-01-07 10:32:27,922 - __main__ - INFO - GTT Order 6: {'id': 300890286, 'user_id': 'OVF854', 'parent_trigger': None, 'type': 'single', 'created_at': '2026-01-06 12:44:51', 'updated_at': '2026-01-06 12:44:51', 'expires_at': '2027-01-06 12:44:51', 'status': 'active', 'condition': {'exchange': 'NSE', 'last_price': 338.9, 'tradingsymbol': 'NTPC', 'trigger_values': [333.9], 'instrument_token': 2977281}, 'orders': [{'exchange': 'NSE', 'tradingsymbol': 'NTPC', 'product': 'CNC', 'order_type': 'LIMIT', 'transaction_type': 'BUY', 'quantity': 13, 'price': 334.2, 'result': None}], 'meta': {}}
2026-01-07 10:32:27,922 - __main__ - INFO - GTT Order 7: {'id': 300890285, 'user_id': 'OVF854', 'parent_trigger': None, 'type': 'single', 'created_at': '2026-01-06 12:44:51', 'updated_at': '2026-01-06 12:44:51', 'expires_at': '2027-01-06 12:44:51', 'status': 'active', 'condition': {'exchange': 'NSE', 'last_price': 342.8, 'tradingsymbol': 'NTPC', 'trigger_values': [337.8], 'instrument_token': 2977281}, 'orders': [{'exchange': 'NSE', 'tradingsymbol': 'NTPC', 'product': 'CNC', 'order_type': 'LIMIT', 'transaction_type': 'BUY', 'quantity': 11, 'price': 338.1, 'result': None}], 'meta': {}}
2026-01-07 10:32:27,922 - __main__ - INFO - GTT Order 8: {'id': 300890283, 'user_id': 'OVF854', 'parent_trigger': None, 'type': 'single', 'created_at': '2026-01-06 12:44:51', 'updated_at': '2026-01-06 12:44:51', 'expires_at': '2027-01-06 12:44:51', 'status': 'active', 'condition': {'exchange': 'NSE', 'last_price': 346.2, 'tradingsymbol': 'NTPC', 'trigger_values': [341.2], 'instrument_token': 2977281}, 'orders': [{'exchange': 'NSE', 'tradingsymbol': 'NTPC', 'product': 'CNC', 'order_type': 'LIMIT', 'transaction_type': 'BUY', 'quantity': 9, 'price': 341.5, 'result': None}], 'meta': {}}
2026-01-07 10:32:27,922 - __main__ - INFO - GTT Order 9: {'id': 300890282, 'user_id': 'OVF854', 'parent_trigger': None, 'type': 'single', 'created_at': '2026-01-06 12:44:51', 'updated_at': '2026-01-06 12:44:51', 'expires_at': '2027-01-06 12:44:51', 'status': 'active', 'condition': {'exchange': 'NSE', 'last_price': 349, 'tradingsymbol': 'NTPC', 'trigger_values': [344], 'instrument_token': 2977281}, 'orders': [{'exchange': 'NSE', 'tradingsymbol': 'NTPC', 'product': 'CNC', 'order_type': 'LIMIT', 'transaction_type': 'BUY', 'quantity': 8, 'price': 344.3, 'result': None}], 'meta': {}}
2026-01-07 10:32:27,922 - __main__ - INFO - GTT Order 10: {'id': 300890281, 'user_id': 'OVF854', 'parent_trigger': None, 'type': 'single', 'created_at': '2026-01-06 12:44:51', 'updated_at': '2026-01-06 12:44:51', 'expires_at': '2027-01-06 12:44:51', 'status': 'active', 'condition': {'exchange': 'NSE', 'last_price': 351.2, 'tradingsymbol': 'NTPC', 'trigger_values': [346.2], 'instrument_token': 2977281}, 'orders': [{'exchange': 'NSE', 'tradingsymbol': 'NTPC', 'product': 'CNC', 'order_type': 'LIMIT', 'transaction_type': 'BUY', 'quantity': 6, 'price': 346.5, 'result': None}], 'meta': {}}
2026-01-07 10:32:27,922 - __main__ - INFO - GTT Order 11: {'id': 300889811, 'user_id': 'OVF854', 'parent_trigger': None, 'type': 'single', 'created_at': '2026-01-06 12:42:44', 'updated_at': '2026-01-06 12:42:44', 'expires_at': '2027-01-06 12:42:44', 'status': 'active', 'condition': {'exchange': 'NSE', 'last_price': 173.5, 'tradingsymbol': 'TATASTEEL', 'trigger_values': [168.5], 'instrument_token': 895745}, 'orders': [{'exchange': 'NSE', 'tradingsymbol': 'TATASTEEL', 'product': 'CNC', 'order_type': 'LIMIT', 'transaction_type': 'BUY', 'quantity': 29, 'price': 168.7, 'result': None}], 'meta': {}}
2026-01-07 10:32:27,922 - __main__ - INFO - GTT Order 12: {'id': 300889809, 'user_id': 'OVF854', 'parent_trigger': None, 'type': 'single', 'created_at': '2026-01-06 12:42:44', 'updated_at': '2026-01-06 12:42:44', 'expires_at': '2027-01-06 12:42:44', 'status': 'active', 'condition': {'exchange': 'NSE', 'last_price': 175.5, 'tradingsymbol': 'TATASTEEL', 'trigger_values': [170.5], 'instrument_token': 895745}, 'orders': [{'exchange': 'NSE', 'tradingsymbol': 'TATASTEEL', 'product': 'CNC', 'order_type': 'LIMIT', 'transaction_type': 'BUY', 'quantity': 26, 'price': 170.7, 'result': None}], 'meta': {}}
2026-01-07 10:32:27,922 - __main__ - INFO - GTT Order 13: {'id': 300889808, 'user_id': 'OVF854', 'parent_trigger': None, 'type': 'single', 'created_at': '2026-01-06 12:42:44', 'updated_at': '2026-01-06 12:42:44', 'expires_at': '2027-01-06 12:42:44', 'status': 'active', 'condition': {'exchange': 'NSE', 'last_price': 177.5, 'tradingsymbol': 'TATASTEEL', 'trigger_values': [172.5], 'instrument_token': 895745}, 'orders': [{'exchange': 'NSE', 'tradingsymbol': 'TATASTEEL', 'product': 'CNC', 'order_type': 'LIMIT', 'transaction_type': 'BUY', 'quantity': 24, 'price': 172.7, 'result': None}], 'meta': {}}
2026-01-07 10:32:27,923 - __main__ - INFO - GTT Order 14: {'id': 300889806, 'user_id': 'OVF854', 'parent_trigger': None, 'type': 'single', 'created_at': '2026-01-06 12:42:44', 'updated_at': '2026-01-06 12:42:44', 'expires_at': '2027-01-06 12:42:44', 'status': 'active', 'condition': {'exchange': 'NSE', 'last_price': 179.4, 'tradingsymbol': 'TATASTEEL', 'trigger_values': [174.4], 'instrument_token': 895745}, 'orders': [{'exchange': 'NSE', 'tradingsymbol': 'TATASTEEL', 'product': 'CNC', 'order_type': 'LIMIT', 'transaction_type': 'BUY', 'quantity': 22, 'price': 174.6, 'result': None}], 'meta': {}}
2026-01-07 10:32:27,923 - __main__ - INFO - GTT Order 15: {'id': 300889803, 'user_id': 'OVF854', 'parent_trigger': None, 'type': 'single', 'created_at': '2026-01-06 12:42:44', 'updated_at': '2026-01-06 12:42:44', 'expires_at': '2027-01-06 12:42:43', 'status': 'active', 'condition': {'exchange': 'NSE', 'last_price': 181.1, 'tradingsymbol': 'TATASTEEL', 'trigger_values': [176.1], 'instrument_token': 895745}, 'orders': [{'exchange': 'NSE', 'tradingsymbol': 'TATASTEEL', 'product': 'CNC', 'order_type': 'LIMIT', 'transaction_type': 'BUY', 'quantity': 20, 'price': 176.3, 'result': None}], 'meta': {}}
2026-01-07 10:32:27,923 - __main__ - INFO - GTT Order 16: {'id': 300889800, 'user_id': 'OVF854', 'parent_trigger': None, 'type': 'single', 'created_at': '2026-01-06 12:42:43', 'updated_at': '2026-01-06 12:42:43', 'expires_at': '2027-01-06 12:42:43', 'status': 'active', 'condition': {'exchange': 'NSE', 'last_price': 182.8, 'tradingsymbol': 'TATASTEEL', 'trigger_values': [177.8], 'instrument_token': 895745}, 'orders': [{'exchange': 'NSE', 'tradingsymbol': 'TATASTEEL', 'product': 'CNC', 'order_type': 'LIMIT', 'transaction_type': 'BUY', 'quantity': 18, 'price': 178, 'result': None}], 'meta': {}}
2026-01-07 10:32:27,923 - __main__ - INFO - GTT Order 17: {'id': 300889799, 'user_id': 'OVF854', 'parent_trigger': None, 'type': 'single', 'created_at': '2026-01-06 12:42:43', 'updated_at': '2026-01-06 12:42:43', 'expires_at': '2027-01-06 12:42:43', 'status': 'active', 'condition': {'exchange': 'NSE', 'last_price': 184.3, 'tradingsymbol': 'TATASTEEL', 'trigger_values': [179.3], 'instrument_token': 895745}, 'orders': [{'exchange': 'NSE', 'tradingsymbol': 'TATASTEEL', 'product': 'CNC', 'order_type': 'LIMIT', 'transaction_type': 'BUY', 'quantity': 16, 'price': 179.5, 'result': None}], 'meta': {}}
2026-01-07 10:32:27,923 - __main__ - INFO - GTT Order 18: {'id': 300889796, 'user_id': 'OVF854', 'parent_trigger': None, 'type': 'single', 'created_at': '2026-01-06 12:42:43', 'updated_at': '2026-01-06 12:42:43', 'expires_at': '2027-01-06 12:42:43', 'status': 'active', 'condition': {'exchange': 'NSE', 'last_price': 185.8, 'tradingsymbol': 'TATASTEEL', 'trigger_values': [180.8], 'instrument_token': 895745}, 'orders': [{'exchange': 'NSE', 'tradingsymbol': 'TATASTEEL', 'product': 'CNC', 'order_type': 'LIMIT', 'transaction_type': 'BUY', 'quantity': 14, 'price': 181, 'result': None}], 'meta': {}}
2026-01-07 10:32:27,923 - __main__ - INFO - GTT Order 19: {'id': 300889795, 'user_id': 'OVF854', 'parent_trigger': None, 'type': 'single', 'created_at': '2026-01-06 12:42:43', 'updated_at': '2026-01-06 12:42:43', 'expires_at': '2027-01-06 12:42:43', 'status': 'active', 'condition': {'exchange': 'NSE', 'last_price': 187.1, 'tradingsymbol': 'TATASTEEL', 'trigger_values': [182.1], 'instrument_token': 895745}, 'orders': [{'exchange': 'NSE', 'tradingsymbol': 'TATASTEEL', 'product': 'CNC', 'order_type': 'LIMIT', 'transaction_type': 'BUY', 'quantity': 13, 'price': 182.3, 'result': None}], 'meta': {}}
2026-01-07 10:32:27,923 - __main__ - INFO - GTT Order 20: {'id': 300889794, 'user_id': 'OVF854', 'parent_trigger': None, 'type': 'single', 'created_at': '2026-01-06 12:42:43', 'updated_at': '2026-01-06 12:42:43', 'expires_at': '2027-01-06 12:42:43', 'status': 'active', 'condition': {'exchange': 'NSE', 'last_price': 188.3, 'tradingsymbol': 'TATASTEEL', 'trigger_values': [183.3], 'instrument_token': 895745}, 'orders': [{'exchange': 'NSE', 'tradingsymbol': 'TATASTEEL', 'product': 'CNC', 'order_type': 'LIMIT', 'transaction_type': 'BUY', 'quantity': 11, 'price': 183.5, 'result': None}], 'meta': {}}
2026-01-07 10:32:27,923 - __main__ - INFO - GTT Order 21: {'id': 300889792, 'user_id': 'OVF854', 'parent_trigger': None, 'type': 'single', 'created_at': '2026-01-06 12:42:42', 'updated_at': '2026-01-06 12:42:42', 'expires_at': '2027-01-06 12:42:42', 'status': 'active', 'condition': {'exchange': 'NSE', 'last_price': 189.3, 'tradingsymbol': 'TATASTEEL', 'trigger_values': [184.3], 'instrument_token': 895745}, 'orders': [{'exchange': 'NSE', 'tradingsymbol': 'TATASTEEL', 'product': 'CNC', 'order_type': 'LIMIT', 'transaction_type': 'BUY', 'quantity': 10, 'price': 184.5, 'result': None}], 'meta': {}}
2026-01-07 10:32:27,923 - __main__ - INFO - GTT Order 22: {'id': 300846045, 'user_id': 'OVF854', 'parent_trigger': None, 'type': 'single', 'created_at': '2026-01-06 10:24:33', 'updated_at': '2026-01-06 10:24:33', 'expires_at': '2027-01-06 10:24:33', 'status': 'active', 'condition': {'exchange': 'NSE', 'last_price': 242.9, 'tradingsymbol': 'WIPRO', 'trigger_values': [237.9], 'instrument_token': 969473}, 'orders': [{'exchange': 'NSE', 'tradingsymbol': 'WIPRO', 'product': 'CNC', 'order_type': 'LIMIT', 'transaction_type': 'BUY', 'quantity': 24, 'price': 238.1, 'result': None}], 'meta': {}}
2026-01-07 10:32:27,923 - __main__ - INFO - GTT Order 23: {'id': 300846044, 'user_id': 'OVF854', 'parent_trigger': None, 'type': 'single', 'created_at': '2026-01-06 10:24:33', 'updated_at': '2026-01-06 10:24:33', 'expires_at': '2027-01-06 10:24:33', 'status': 'active', 'condition': {'exchange': 'NSE', 'last_price': 247.3, 'tradingsymbol': 'WIPRO', 'trigger_values': [242.3], 'instrument_token': 969473}, 'orders': [{'exchange': 'NSE', 'tradingsymbol': 'WIPRO', 'product': 'CNC', 'order_type': 'LIMIT', 'transaction_type': 'BUY', 'quantity': 21, 'price': 242.5, 'result': None}], 'meta': {}}
2026-01-07 10:32:27,923 - __main__ - INFO - GTT Order 24: {'id': 300846043, 'user_id': 'OVF854', 'parent_trigger': None, 'type': 'single', 'created_at': '2026-01-06 10:24:33', 'updated_at': '2026-01-06 10:24:33', 'expires_at': '2027-01-06 10:24:33', 'status': 'active', 'condition': {'exchange': 'NSE', 'last_price': 251.3, 'tradingsymbol': 'WIPRO', 'trigger_values': [246.3], 'instrument_token': 969473}, 'orders': [{'exchange': 'NSE', 'tradingsymbol': 'WIPRO', 'product': 'CNC', 'order_type': 'LIMIT', 'transaction_type': 'BUY', 'quantity': 18, 'price': 246.5, 'result': None}], 'meta': {}}
2026-01-07 10:32:27,923 - __main__ - INFO - GTT Order 25: {'id': 300846040, 'user_id': 'OVF854', 'parent_trigger': None, 'type': 'single', 'created_at': '2026-01-06 10:24:33', 'updated_at': '2026-01-06 10:24:33', 'expires_at': '2027-01-06 10:24:33', 'status': 'active', 'condition': {'exchange': 'NSE', 'last_price': 254.9, 'tradingsymbol': 'WIPRO', 'trigger_values': [249.9], 'instrument_token': 969473}, 'orders': [{'exchange': 'NSE', 'tradingsymbol': 'WIPRO', 'product': 'CNC', 'order_type': 'LIMIT', 'transaction_type': 'BUY', 'quantity': 16, 'price': 250.2, 'result': None}], 'meta': {}}
2026-01-07 10:32:27,923 - __main__ - INFO - GTT Order 26: {'id': 300846039, 'user_id': 'OVF854', 'parent_trigger': None, 'type': 'single', 'created_at': '2026-01-06 10:24:33', 'updated_at': '2026-01-06 10:24:33', 'expires_at': '2027-01-06 10:24:32', 'status': 'active', 'condition': {'exchange': 'NSE', 'last_price': 258.2, 'tradingsymbol': 'WIPRO', 'trigger_values': [253.2], 'instrument_token': 969473}, 'orders': [{'exchange': 'NSE', 'tradingsymbol': 'WIPRO', 'product': 'CNC', 'order_type': 'LIMIT', 'transaction_type': 'BUY', 'quantity': 13, 'price': 253.5, 'result': None}], 'meta': {}}
2026-01-07 10:32:27,923 - __main__ - INFO - GTT Order 27: {'id': 300846037, 'user_id': 'OVF854', 'parent_trigger': None, 'type': 'single', 'created_at': '2026-01-06 10:24:32', 'updated_at': '2026-01-06 10:24:32', 'expires_at': '2027-01-06 10:24:32', 'status': 'active', 'condition': {'exchange': 'NSE', 'last_price': 261.2, 'tradingsymbol': 'WIPRO', 'trigger_values': [256.2], 'instrument_token': 969473}, 'orders': [{'exchange': 'NSE', 'tradingsymbol': 'WIPRO', 'product': 'CNC', 'order_type': 'LIMIT', 'transaction_type': 'BUY', 'quantity': 11, 'price': 256.5, 'result': None}], 'meta': {}}
2026-01-07 10:32:27,923 - __main__ - INFO - GTT Order 28: {'id': 300846034, 'user_id': 'OVF854', 'parent_trigger': None, 'type': 'single', 'created_at': '2026-01-06 10:24:32', 'updated_at': '2026-01-06 10:24:32', 'expires_at': '2027-01-06 10:24:32', 'status': 'active', 'condition': {'exchange': 'NSE', 'last_price': 263.7, 'tradingsymbol': 'WIPRO', 'trigger_values': [258.7], 'instrument_token': 969473}, 'orders': [{'exchange': 'NSE', 'tradingsymbol': 'WIPRO', 'product': 'CNC', 'order_type': 'LIMIT', 'transaction_type': 'BUY', 'quantity': 9, 'price': 259, 'result': None}], 'meta': {}}
2026-01-07 10:32:27,923 - __main__ - INFO - GTT Order 29: {'id': 300846031, 'user_id': 'OVF854', 'parent_trigger': None, 'type': 'single', 'created_at': '2026-01-06 10:24:32', 'updated_at': '2026-01-06 10:24:32', 'expires_at': '2027-01-06 10:24:32', 'status': 'active', 'condition': {'exchange': 'NSE', 'last_price': 265.9, 'tradingsymbol': 'WIPRO', 'trigger_values': [260.9], 'instrument_token': 969473}, 'orders': [{'exchange': 'NSE', 'tradingsymbol': 'WIPRO', 'product': 'CNC', 'order_type': 'LIMIT', 'transaction_type': 'BUY', 'quantity': 8, 'price': 261.2, 'result': None}], 'meta': {}}
2026-01-07 10:32:27,923 - __main__ - INFO - GTT Order 30: {'id': 300846029, 'user_id': 'OVF854', 'parent_trigger': None, 'type': 'single', 'created_at': '2026-01-06 10:24:32', 'updated_at': '2026-01-06 10:24:32', 'expires_at': '2027-01-06 10:24:32', 'status': 'active', 'condition': {'exchange': 'NSE', 'last_price': 267.6, 'tradingsymbol': 'WIPRO', 'trigger_values': [262.6], 'instrument_token': 969473}, 'orders': [{'exchange': 'NSE', 'tradingsymbol': 'WIPRO', 'product': 'CNC', 'order_type': 'LIMIT', 'transaction_type': 'BUY', 'quantity': 6, 'price': 262.9, 'result': None}], 'meta': {}}
2026-01-07 10:32:27,923 - __main__ - INFO - GTT Order 31: {'id': 300709566, 'user_id': 'OVF854', 'parent_trigger': None, 'type': 'single', 'created_at': '2026-01-05 12:55:14', 'updated_at': '2026-01-05 12:55:14', 'expires_at': '2027-01-05 12:55:14', 'status': 'active', 'condition': {'exchange': 'NSE', 'last_price': 368.61, 'tradingsymbol': 'ITC', 'trigger_values': [369.61], 'instrument_token': 424961}, 'orders': [{'exchange': 'NSE', 'tradingsymbol': 'ITC', 'product': 'CNC', 'order_type': 'LIMIT', 'transaction_type': 'SELL', 'quantity': 124, 'price': 369.24, 'result': None}], 'meta': {}}
2026-01-07 10:32:27,923 - __main__ - INFO - GTT Order 32: {'id': 300606226, 'user_id': 'OVF854', 'parent_trigger': None, 'type': 'single', 'created_at': '2026-01-05 00:03:38', 'updated_at': '2026-01-05 00:03:38', 'expires_at': '2027-01-05 00:03:38', 'status': 'active', 'condition': {'exchange': 'NSE', 'last_price': 222.6, 'tradingsymbol': 'ONGC', 'trigger_values': [217.6], 'instrument_token': 633601}, 'orders': [{'exchange': 'NSE', 'tradingsymbol': 'ONGC', 'product': 'CNC', 'order_type': 'LIMIT', 'transaction_type': 'BUY', 'quantity': 43, 'price': 217.8, 'result': None}], 'meta': {}}
2026-01-07 10:32:27,923 - __main__ - INFO - GTT Order 33: {'id': 300606225, 'user_id': 'OVF854', 'parent_trigger': None, 'type': 'single', 'created_at': '2026-01-05 00:03:38', 'updated_at': '2026-01-05 00:03:38', 'expires_at': '2027-01-05 00:03:38', 'status': 'active', 'condition': {'exchange': 'NSE', 'last_price': 225.5, 'tradingsymbol': 'ONGC', 'trigger_values': [220.5], 'instrument_token': 633601}, 'orders': [{'exchange': 'NSE', 'tradingsymbol': 'ONGC', 'product': 'CNC', 'order_type': 'LIMIT', 'transaction_type': 'BUY', 'quantity': 39, 'price': 220.7, 'result': None}], 'meta': {}}
2026-01-07 10:32:27,923 - __main__ - INFO - GTT Order 34: {'id': 300606224, 'user_id': 'OVF854', 'parent_trigger': None, 'type': 'single', 'created_at': '2026-01-05 00:03:38', 'updated_at': '2026-01-05 00:03:38', 'expires_at': '2027-01-05 00:03:38', 'status': 'active', 'condition': {'exchange': 'NSE', 'last_price': 228.2, 'tradingsymbol': 'ONGC', 'trigger_values': [223.2], 'instrument_token': 633601}, 'orders': [{'exchange': 'NSE', 'tradingsymbol': 'ONGC', 'product': 'CNC', 'order_type': 'LIMIT', 'transaction_type': 'BUY', 'quantity': 36, 'price': 223.4, 'result': None}], 'meta': {}}
2026-01-07 10:32:27,923 - __main__ - INFO - GTT Order 35: {'id': 300606223, 'user_id': 'OVF854', 'parent_trigger': None, 'type': 'single', 'created_at': '2026-01-05 00:03:38', 'updated_at': '2026-01-05 00:03:38', 'expires_at': '2027-01-05 00:03:38', 'status': 'active', 'condition': {'exchange': 'NSE', 'last_price': 230.7, 'tradingsymbol': 'ONGC', 'trigger_values': [225.7], 'instrument_token': 633601}, 'orders': [{'exchange': 'NSE', 'tradingsymbol': 'ONGC', 'product': 'CNC', 'order_type': 'LIMIT', 'transaction_type': 'BUY', 'quantity': 32, 'price': 225.9, 'result': None}], 'meta': {}}
2026-01-07 10:32:27,923 - __main__ - INFO - GTT Order 36: {'id': 300606222, 'user_id': 'OVF854', 'parent_trigger': None, 'type': 'single', 'created_at': '2026-01-05 00:03:38', 'updated_at': '2026-01-05 00:03:38', 'expires_at': '2027-01-05 00:03:38', 'status': 'active', 'condition': {'exchange': 'NSE', 'last_price': 233.1, 'tradingsymbol': 'ONGC', 'trigger_values': [228.1], 'instrument_token': 633601}, 'orders': [{'exchange': 'NSE', 'tradingsymbol': 'ONGC', 'product': 'CNC', 'order_type': 'LIMIT', 'transaction_type': 'BUY', 'quantity': 29, 'price': 228.3, 'result': None}], 'meta': {}}
2026-01-07 10:32:27,923 - __main__ - INFO - GTT Order 37: {'id': 300606221, 'user_id': 'OVF854', 'parent_trigger': None, 'type': 'single', 'created_at': '2026-01-05 00:03:37', 'updated_at': '2026-01-05 00:03:37', 'expires_at': '2027-01-05 00:03:37', 'status': 'active', 'condition': {'exchange': 'NSE', 'last_price': 235.4, 'tradingsymbol': 'ONGC', 'trigger_values': [230.4], 'instrument_token': 633601}, 'orders': [{'exchange': 'NSE', 'tradingsymbol': 'ONGC', 'product': 'CNC', 'order_type': 'LIMIT', 'transaction_type': 'BUY', 'quantity': 26, 'price': 230.6, 'result': None}], 'meta': {}}
2026-01-07 10:32:27,923 - __main__ - INFO - GTT Order 38: {'id': 300606219, 'user_id': 'OVF854', 'parent_trigger': None, 'type': 'single', 'created_at': '2026-01-05 00:03:37', 'updated_at': '2026-01-05 00:03:37', 'expires_at': '2027-01-05 00:03:37', 'status': 'active', 'condition': {'exchange': 'NSE', 'last_price': 237.5, 'tradingsymbol': 'ONGC', 'trigger_values': [232.5], 'instrument_token': 633601}, 'orders': [{'exchange': 'NSE', 'tradingsymbol': 'ONGC', 'product': 'CNC', 'order_type': 'LIMIT', 'transaction_type': 'BUY', 'quantity': 23, 'price': 232.7, 'result': None}], 'meta': {}}
2026-01-07 10:32:27,923 - __main__ - INFO - GTT Order 39: {'id': 300606218, 'user_id': 'OVF854', 'parent_trigger': None, 'type': 'single', 'created_at': '2026-01-05 00:03:37', 'updated_at': '2026-01-05 00:03:37', 'expires_at': '2027-01-05 00:03:37', 'status': 'active', 'condition': {'exchange': 'NSE', 'last_price': 239.4, 'tradingsymbol': 'ONGC', 'trigger_values': [234.4], 'instrument_token': 633601}, 'orders': [{'exchange': 'NSE', 'tradingsymbol': 'ONGC', 'product': 'CNC', 'order_type': 'LIMIT', 'transaction_type': 'BUY', 'quantity': 20, 'price': 234.6, 'result': None}], 'meta': {}}
2026-01-07 10:32:27,923 - __main__ - INFO - GTT Order 40: {'id': 300604296, 'user_id': 'OVF854', 'parent_trigger': None, 'type': 'single', 'created_at': '2026-01-04 23:18:34', 'updated_at': '2026-01-04 23:18:34', 'expires_at': '2027-01-04 23:18:34', 'status': 'active', 'condition': {'exchange': 'NSE', 'last_price': 324.58, 'tradingsymbol': 'JIOFIN', 'trigger_values': [325.58], 'instrument_token': 4644609}, 'orders': [{'exchange': 'NSE', 'tradingsymbol': 'JIOFIN', 'product': 'CNC', 'order_type': 'LIMIT', 'transaction_type': 'SELL', 'quantity': 180, 'price': 325.25, 'result': None}], 'meta': {}}
2026-01-07 10:32:27,923 - __main__ - INFO - GTT Order 41: {'id': 300890280, 'user_id': 'OVF854', 'parent_trigger': None, 'type': 'single', 'created_at': '2026-01-06 12:44:50', 'updated_at': '2026-01-07 09:49:31', 'expires_at': '2027-01-06 12:44:50', 'status': 'triggered', 'condition': {'exchange': 'NSE', 'last_price': 352.8, 'tradingsymbol': 'NTPC', 'trigger_values': [347.8], 'instrument_token': 2977281}, 'orders': [{'exchange': 'NSE', 'tradingsymbol': 'NTPC', 'product': 'CNC', 'order_type': 'LIMIT', 'transaction_type': 'BUY', 'quantity': 5, 'price': 348.1, 'result': {'account_id': 'OVF854', 'exchange': 'NSE', 'tradingsymbol': 'NTPC', 'validity': 'DAY', 'product': 'CNC', 'order_type': 'LIMIT', 'transaction_type': 'BUY', 'quantity': 5, 'price': 348.1, 'ltp_atp': 'LTP', 'squareoff_abs_tick': 'absolute', 'stoploss_abs_tick': 'absolute', 'timestamp': '2026-01-07 09:49:31', 'triggered_at': 347.8, 'order_result': {'status': 'success', 'order_id': '260107150391212', 'rejection_reason': ''}}}], 'meta': {}}
2026-01-07 10:32:27,923 - __main__ - INFO - GTT Order 42: {'id': 300848390, 'user_id': 'OVF854', 'parent_trigger': None, 'type': 'single', 'created_at': '2026-01-06 10:30:34', 'updated_at': '2026-01-07 09:18:21', 'expires_at': '2027-01-06 10:30:34', 'status': 'triggered', 'condition': {'exchange': 'NSE', 'last_price': 264.7, 'tradingsymbol': 'WIPRO', 'trigger_values': [267.2], 'instrument_token': 969473}, 'orders': [{'exchange': 'NSE', 'tradingsymbol': 'WIPRO', 'product': 'CNC', 'order_type': 'LIMIT', 'transaction_type': 'SELL', 'quantity': 5, 'price': 267.15, 'result': {'account_id': 'OVF854', 'exchange': 'NSE', 'tradingsymbol': 'WIPRO', 'validity': 'DAY', 'product': 'CNC', 'order_type': 'LIMIT', 'transaction_type': 'SELL', 'quantity': 5, 'price': 267.15, 'ltp_atp': 'LTP', 'squareoff_abs_tick': 'absolute', 'stoploss_abs_tick': 'absolute', 'timestamp': '2026-01-07 09:18:21', 'triggered_at': 267.3, 'order_result': {'status': 'success', 'order_id': '260107150102675', 'rejection_reason': ''}}}], 'meta': {}}
2026-01-07 10:32:27,923 - __main__ - INFO - Order: Symbol=TATASTEEL, Status=ACTIVE, Company=WIPRO
2026-01-07 10:32:27,923 - __main__ - INFO - Order: Symbol=NTPC, Status=ACTIVE, Company=WIPRO
2026-01-07 10:32:27,923 - __main__ - INFO - Order: Symbol=NTPC, Status=ACTIVE, Company=WIPRO
2026-01-07 10:32:27,923 - __main__ - INFO - Order: Symbol=NTPC, Status=ACTIVE, Company=WIPRO
2026-01-07 10:32:27,923 - __main__ - INFO - Order: Symbol=NTPC, Status=ACTIVE, Company=WIPRO
2026-01-07 10:32:27,923 - __main__ - INFO - Order: Symbol=NTPC, Status=ACTIVE, Company=WIPRO
2026-01-07 10:32:27,923 - __main__ - INFO - Order: Symbol=NTPC, Status=ACTIVE, Company=WIPRO
2026-01-07 10:32:27,923 - __main__ - INFO - Order: Symbol=NTPC, Status=ACTIVE, Company=WIPRO
2026-01-07 10:32:27,923 - __main__ - INFO - Order: Symbol=NTPC, Status=ACTIVE, Company=WIPRO
2026-01-07 10:32:27,923 - __main__ - INFO - Order: Symbol=NTPC, Status=ACTIVE, Company=WIPRO
2026-01-07 10:32:27,923 - __main__ - INFO - Order: Symbol=TATASTEEL, Status=ACTIVE, Company=WIPRO
2026-01-07 10:32:27,924 - __main__ - INFO - Order: Symbol=TATASTEEL, Status=ACTIVE, Company=WIPRO
2026-01-07 10:32:27,924 - __main__ - INFO - Order: Symbol=TATASTEEL, Status=ACTIVE, Company=WIPRO
2026-01-07 10:32:27,924 - __main__ - INFO - Order: Symbol=TATASTEEL, Status=ACTIVE, Company=WIPRO
2026-01-07 10:32:27,924 - __main__ - INFO - Order: Symbol=TATASTEEL, Status=ACTIVE, Company=WIPRO
2026-01-07 10:32:27,924 - __main__ - INFO - Order: Symbol=TATASTEEL, Status=ACTIVE, Company=WIPRO
2026-01-07 10:32:27,924 - __main__ - INFO - Order: Symbol=TATASTEEL, Status=ACTIVE, Company=WIPRO
2026-01-07 10:32:27,924 - __main__ - INFO - Order: Symbol=TATASTEEL, Status=ACTIVE, Company=WIPRO
2026-01-07 10:32:27,924 - __main__ - INFO - Order: Symbol=TATASTEEL, Status=ACTIVE, Company=WIPRO
2026-01-07 10:32:27,924 - __main__ - INFO - Order: Symbol=TATASTEEL, Status=ACTIVE, Company=WIPRO
2026-01-07 10:32:27,924 - __main__ - INFO - Order: Symbol=TATASTEEL, Status=ACTIVE, Company=WIPRO
2026-01-07 10:32:27,924 - __main__ - INFO - Order: Symbol=WIPRO, Status=ACTIVE, Company=WIPRO
2026-01-07 10:32:27,924 - __main__ - INFO - ✅ Added active order for WIPRO (Status: ACTIVE)
2026-01-07 10:32:27,924 - __main__ - INFO - Order: Symbol=WIPRO, Status=ACTIVE, Company=WIPRO
2026-01-07 10:32:27,924 - __main__ - INFO - ✅ Added active order for WIPRO (Status: ACTIVE)
2026-01-07 10:32:27,924 - __main__ - INFO - Order: Symbol=WIPRO, Status=ACTIVE, Company=WIPRO
2026-01-07 10:32:27,924 - __main__ - INFO - ✅ Added active order for WIPRO (Status: ACTIVE)
2026-01-07 10:32:27,924 - __main__ - INFO - Order: Symbol=WIPRO, Status=ACTIVE, Company=WIPRO
2026-01-07 10:32:27,924 - __main__ - INFO - ✅ Added active order for WIPRO (Status: ACTIVE)
2026-01-07 10:32:27,924 - __main__ - INFO - Order: Symbol=WIPRO, Status=ACTIVE, Company=WIPRO
2026-01-07 10:32:27,924 - __main__ - INFO - ✅ Added active order for WIPRO (Status: ACTIVE)
2026-01-07 10:32:27,924 - __main__ - INFO - Order: Symbol=WIPRO, Status=ACTIVE, Company=WIPRO
2026-01-07 10:32:27,924 - __main__ - INFO - ✅ Added active order for WIPRO (Status: ACTIVE)
2026-01-07 10:32:27,924 - __main__ - INFO - Order: Symbol=WIPRO, Status=ACTIVE, Company=WIPRO
2026-01-07 10:32:27,924 - __main__ - INFO - ✅ Added active order for WIPRO (Status: ACTIVE)
2026-01-07 10:32:27,924 - __main__ - INFO - Order: Symbol=WIPRO, Status=ACTIVE, Company=WIPRO
2026-01-07 10:32:27,924 - __main__ - INFO - ✅ Added active order for WIPRO (Status: ACTIVE)
2026-01-07 10:32:27,924 - __main__ - INFO - Order: Symbol=WIPRO, Status=ACTIVE, Company=WIPRO
2026-01-07 10:32:27,924 - __main__ - INFO - ✅ Added active order for WIPRO (Status: ACTIVE)
2026-01-07 10:32:27,924 - __main__ - INFO - Order: Symbol=ITC, Status=ACTIVE, Company=WIPRO
2026-01-07 10:32:27,924 - __main__ - INFO - Order: Symbol=ONGC, Status=ACTIVE, Company=WIPRO
2026-01-07 10:32:27,924 - __main__ - INFO - Order: Symbol=ONGC, Status=ACTIVE, Company=WIPRO
2026-01-07 10:32:27,924 - __main__ - INFO - Order: Symbol=ONGC, Status=ACTIVE, Company=WIPRO
2026-01-07 10:32:27,924 - __main__ - INFO - Order: Symbol=ONGC, Status=ACTIVE, Company=WIPRO
2026-01-07 10:32:27,924 - __main__ - INFO - Order: Symbol=ONGC, Status=ACTIVE, Company=WIPRO
2026-01-07 10:32:27,924 - __main__ - INFO - Order: Symbol=ONGC, Status=ACTIVE, Company=WIPRO
2026-01-07 10:32:27,924 - __main__ - INFO - Order: Symbol=ONGC, Status=ACTIVE, Company=WIPRO
2026-01-07 10:32:27,924 - __main__ - INFO - Order: Symbol=ONGC, Status=ACTIVE, Company=WIPRO
2026-01-07 10:32:27,924 - __main__ - INFO - Order: Symbol=JIOFIN, Status=ACTIVE, Company=WIPRO
2026-01-07 10:32:27,924 - __main__ - INFO - Order: Symbol=NTPC, Status=TRIGGERED, Company=WIPRO
2026-01-07 10:32:27,924 - __main__ - INFO - Order: Symbol=WIPRO, Status=TRIGGERED, Company=WIPRO
2026-01-07 10:32:27,924 - __main__ - INFO - ⚠️  Found WIPRO order but status is 'TRIGGERED' (not active)
2026-01-07 10:32:27,924 - __main__ - INFO - Found 9 active GTT orders for WIPRO
2026-01-07 10:32:37,341 - __main__ - INFO - Starting deletion of GTT orders...
2026-01-07 10:32:37,342 - __main__ - INFO - Starting deletion of 9 GTT orders for WIPRO
2026-01-07 10:32:37,342 - __main__ - INFO - Deleting GTT order: Trigger ID 300846045, Symbol: WIPRO, Quantity: 0, Price: Rs.0.00
2026-01-07 10:32:37,483 - __main__ - INFO - Successfully deleted GTT order with trigger ID: 300846045
2026-01-07 10:32:37,484 - __main__ - INFO - Deleting GTT order: Trigger ID 300846044, Symbol: WIPRO, Quantity: 0, Price: Rs.0.00
2026-01-07 10:32:37,591 - __main__ - INFO - Successfully deleted GTT order with trigger ID: 300846044
2026-01-07 10:32:37,591 - __main__ - INFO - Deleting GTT order: Trigger ID 300846043, Symbol: WIPRO, Quantity: 0, Price: Rs.0.00
2026-01-07 10:32:37,701 - __main__ - INFO - Successfully deleted GTT order with trigger ID: 300846043
2026-01-07 10:32:37,701 - __main__ - INFO - Deleting GTT order: Trigger ID 300846040, Symbol: WIPRO, Quantity: 0, Price: Rs.0.00
2026-01-07 10:32:37,821 - __main__ - INFO - Successfully deleted GTT order with trigger ID: 300846040
2026-01-07 10:32:37,821 - __main__ - INFO - Deleting GTT order: Trigger ID 300846039, Symbol: WIPRO, Quantity: 0, Price: Rs.0.00
2026-01-07 10:32:37,942 - __main__ - INFO - Successfully deleted GTT order with trigger ID: 300846039
2026-01-07 10:32:37,942 - __main__ - INFO - Deleting GTT order: Trigger ID 300846037, Symbol: WIPRO, Quantity: 0, Price: Rs.0.00
2026-01-07 10:32:38,055 - __main__ - INFO - Successfully deleted GTT order with trigger ID: 300846037
2026-01-07 10:32:38,055 - __main__ - INFO - Deleting GTT order: Trigger ID 300846034, Symbol: WIPRO, Quantity: 0, Price: Rs.0.00
2026-01-07 10:32:38,152 - __main__ - INFO - Successfully deleted GTT order with trigger ID: 300846034
2026-01-07 10:32:38,152 - __main__ - INFO - Deleting GTT order: Trigger ID 300846031, Symbol: WIPRO, Quantity: 0, Price: Rs.0.00
2026-01-07 10:32:38,259 - __main__ - INFO - Successfully deleted GTT order with trigger ID: 300846031
2026-01-07 10:32:38,259 - __main__ - INFO - Deleting GTT order: Trigger ID 300846029, Symbol: WIPRO, Quantity: 0, Price: Rs.0.00
2026-01-07 10:32:38,947 - __main__ - INFO - Successfully deleted GTT order with trigger ID: 300846029
2026-01-07 10:32:38,948 - __main__ - INFO - Deletion summary saved to workdir/orders/WIPRO_gtt_deletion_20260107_103238.json
2026-01-07 10:32:38,948 - __main__ - INFO - GTT order deletion process completed successfully
