2026-01-01 22:07:44,480 - __main__ - INFO - Initializing GTT Order Deleter for ITC
2026-01-01 22:07:44,481 - __main__ - INFO - Configuration loaded successfully
2026-01-01 22:07:44,482 - __main__ - INFO - Starting GTT order deletion process
2026-01-01 22:07:44,619 - __main__ - INFO - Successfully connected to Kite Connect
2026-01-01 22:07:44,727 - __main__ - INFO - Retrieved 16 total GTT orders
2026-01-01 22:07:44,727 - __main__ - INFO - GTT Order 1: {'id': 300372419, 'user_id': 'OVF854', 'parent_trigger': None, 'type': 'single', 'created_at': '2026-01-01 21:52:20', 'updated_at': '2026-01-01 21:52:20', 'expires_at': '2027-01-01 21:52:20', 'status': 'active', 'condition': {'exchange': 'NSE', 'last_price': 349.8, 'tradingsymbol': 'ITC', 'trigger_values': [344.8], 'instrument_token': 424961}, 'orders': [{'exchange': 'NSE', 'tradingsymbol': 'ITC', 'product': 'CNC', 'order_type': 'LIMIT', 'transaction_type': 'BUY', 'quantity': 32, 'price': 345.1, 'result': None}], 'meta': {}}
2026-01-01 22:07:44,727 - __main__ - INFO - GTT Order 2: {'id': 300372418, 'user_id': 'OVF854', 'parent_trigger': None, 'type': 'single', 'created_at': '2026-01-01 21:52:20', 'updated_at': '2026-01-01 21:52:20', 'expires_at': '2027-01-01 21:52:20', 'status': 'active', 'condition': {'exchange': 'NSE', 'last_price': 351.6, 'tradingsymbol': 'ITC', 'trigger_values': [346.6], 'instrument_token': 424961}, 'orders': [{'exchange': 'NSE', 'tradingsymbol': 'ITC', 'product': 'CNC', 'order_type': 'LIMIT', 'transaction_type': 'BUY', 'quantity': 31, 'price': 346.9, 'result': None}], 'meta': {}}
2026-01-01 22:07:44,727 - __main__ - INFO - GTT Order 3: {'id': 300372417, 'user_id': 'OVF854', 'parent_trigger': None, 'type': 'single', 'created_at': '2026-01-01 21:52:19', 'updated_at': '2026-01-01 21:52:19', 'expires_at': '2027-01-01 21:52:19', 'status': 'active', 'condition': {'exchange': 'NSE', 'last_price': 353.4, 'tradingsymbol': 'ITC', 'trigger_values': [348.4], 'instrument_token': 424961}, 'orders': [{'exchange': 'NSE', 'tradingsymbol': 'ITC', 'product': 'CNC', 'order_type': 'LIMIT', 'transaction_type': 'BUY', 'quantity': 30, 'price': 348.8, 'result': None}], 'meta': {}}
2026-01-01 22:07:44,727 - __main__ - INFO - GTT Order 4: {'id': 300372416, 'user_id': 'OVF854', 'parent_trigger': None, 'type': 'single', 'created_at': '2026-01-01 21:52:19', 'updated_at': '2026-01-01 21:52:19', 'expires_at': '2027-01-01 21:52:19', 'status': 'active', 'condition': {'exchange': 'NSE', 'last_price': 355.2, 'tradingsymbol': 'ITC', 'trigger_values': [350.2], 'instrument_token': 424961}, 'orders': [{'exchange': 'NSE', 'tradingsymbol': 'ITC', 'product': 'CNC', 'order_type': 'LIMIT', 'transaction_type': 'BUY', 'quantity': 29, 'price': 350.6, 'result': None}], 'meta': {}}
2026-01-01 22:07:44,727 - __main__ - INFO - GTT Order 5: {'id': 300372415, 'user_id': 'OVF854', 'parent_trigger': None, 'type': 'single', 'created_at': '2026-01-01 21:52:19', 'updated_at': '2026-01-01 21:52:19', 'expires_at': '2027-01-01 21:52:19', 'status': 'active', 'condition': {'exchange': 'NSE', 'last_price': 357, 'tradingsymbol': 'ITC', 'trigger_values': [352], 'instrument_token': 424961}, 'orders': [{'exchange': 'NSE', 'tradingsymbol': 'ITC', 'product': 'CNC', 'order_type': 'LIMIT', 'transaction_type': 'BUY', 'quantity': 28, 'price': 352.4, 'result': None}], 'meta': {}}
2026-01-01 22:07:44,727 - __main__ - INFO - GTT Order 6: {'id': 300372414, 'user_id': 'OVF854', 'parent_trigger': None, 'type': 'single', 'created_at': '2026-01-01 21:52:19', 'updated_at': '2026-01-01 21:52:19', 'expires_at': '2027-01-01 21:52:19', 'status': 'active', 'condition': {'exchange': 'NSE', 'last_price': 358.8, 'tradingsymbol': 'ITC', 'trigger_values': [353.8], 'instrument_token': 424961}, 'orders': [{'exchange': 'NSE', 'tradingsymbol': 'ITC', 'product': 'CNC', 'order_type': 'LIMIT', 'transaction_type': 'BUY', 'quantity': 27, 'price': 354.1, 'result': None}], 'meta': {}}
2026-01-01 22:07:44,727 - __main__ - INFO - GTT Order 7: {'id': 300372413, 'user_id': 'OVF854', 'parent_trigger': None, 'type': 'single', 'created_at': '2026-01-01 21:52:19', 'updated_at': '2026-01-01 21:52:19', 'expires_at': '2027-01-01 21:52:19', 'status': 'active', 'condition': {'exchange': 'NSE', 'last_price': 360.6, 'tradingsymbol': 'ITC', 'trigger_values': [355.6], 'instrument_token': 424961}, 'orders': [{'exchange': 'NSE', 'tradingsymbol': 'ITC', 'product': 'CNC', 'order_type': 'LIMIT', 'transaction_type': 'BUY', 'quantity': 26, 'price': 355.9, 'result': None}], 'meta': {}}
2026-01-01 22:07:44,727 - __main__ - INFO - GTT Order 8: {'id': 300372412, 'user_id': 'OVF854', 'parent_trigger': None, 'type': 'single', 'created_at': '2026-01-01 21:52:18', 'updated_at': '2026-01-01 21:52:18', 'expires_at': '2027-01-01 21:52:18', 'status': 'active', 'condition': {'exchange': 'NSE', 'last_price': 362.4, 'tradingsymbol': 'ITC', 'trigger_values': [357.4], 'instrument_token': 424961}, 'orders': [{'exchange': 'NSE', 'tradingsymbol': 'ITC', 'product': 'CNC', 'order_type': 'LIMIT', 'transaction_type': 'BUY', 'quantity': 25, 'price': 357.8, 'result': None}], 'meta': {}}
2026-01-01 22:07:44,727 - __main__ - INFO - GTT Order 9: {'id': 300372411, 'user_id': 'OVF854', 'parent_trigger': None, 'type': 'single', 'created_at': '2026-01-01 21:52:18', 'updated_at': '2026-01-01 21:52:18', 'expires_at': '2027-01-01 21:52:18', 'status': 'active', 'condition': {'exchange': 'NSE', 'last_price': 364.2, 'tradingsymbol': 'ITC', 'trigger_values': [359.2], 'instrument_token': 424961}, 'orders': [{'exchange': 'NSE', 'tradingsymbol': 'ITC', 'product': 'CNC', 'order_type': 'LIMIT', 'transaction_type': 'BUY', 'quantity': 24, 'price': 359.6, 'result': None}], 'meta': {}}
2026-01-01 22:07:44,727 - __main__ - INFO - GTT Order 10: {'id': 285990355, 'user_id': 'OVF854', 'parent_trigger': None, 'type': 'single', 'created_at': '2025-09-02 16:38:56', 'updated_at': '2025-09-02 18:16:27', 'expires_at': '2026-09-02 16:38:56', 'status': 'active', 'condition': {'exchange': 'NSE', 'last_price': 311.75, 'tradingsymbol': 'JIOFIN', 'trigger_values': [330.1], 'instrument_token': 4644609}, 'orders': [{'exchange': 'NSE', 'tradingsymbol': 'JIOFIN', 'product': 'CNC', 'order_type': 'LIMIT', 'transaction_type': 'SELL', 'quantity': 173, 'price': 330, 'result': None}], 'meta': {}}
2026-01-01 22:07:44,727 - __main__ - INFO - GTT Order 11: {'id': 299753197, 'user_id': 'OVF854', 'parent_trigger': None, 'type': 'single', 'created_at': '2025-12-28 22:35:36', 'updated_at': '2026-01-01 09:20:09', 'expires_at': '2026-12-28 22:35:36', 'status': 'triggered', 'condition': {'exchange': 'NSE', 'last_price': 401.2, 'tradingsymbol': 'ITC', 'trigger_values': [393.6], 'instrument_token': 424961}, 'orders': [{'exchange': 'NSE', 'tradingsymbol': 'ITC', 'product': 'CNC', 'order_type': 'LIMIT', 'transaction_type': 'BUY', 'quantity': 10, 'price': 394, 'result': {'account_id': 'OVF854', 'exchange': 'NSE', 'tradingsymbol': 'ITC', 'validity': 'DAY', 'product': 'CNC', 'order_type': 'LIMIT', 'transaction_type': 'BUY', 'quantity': 10, 'price': 394, 'ltp_atp': 'LTP', 'squareoff_abs_tick': 'absolute', 'stoploss_abs_tick': 'absolute', 'timestamp': '2026-01-01 09:20:09', 'triggered_at': 393.55, 'order_result': {'status': 'success', 'order_id': '260101150102461', 'rejection_reason': ''}}}], 'meta': {}}
2026-01-01 22:07:44,727 - __main__ - INFO - GTT Order 12: {'id': 299753196, 'user_id': 'OVF854', 'parent_trigger': None, 'type': 'single', 'created_at': '2025-12-28 22:35:36', 'updated_at': '2026-01-01 09:16:27', 'expires_at': '2026-12-28 22:35:36', 'status': 'triggered', 'condition': {'exchange': 'NSE', 'last_price': 401.2, 'tradingsymbol': 'ITC', 'trigger_values': [394.8], 'instrument_token': 424961}, 'orders': [{'exchange': 'NSE', 'tradingsymbol': 'ITC', 'product': 'CNC', 'order_type': 'LIMIT', 'transaction_type': 'BUY', 'quantity': 9, 'price': 395.2, 'result': {'account_id': 'OVF854', 'exchange': 'NSE', 'tradingsymbol': 'ITC', 'validity': 'DAY', 'product': 'CNC', 'order_type': 'LIMIT', 'transaction_type': 'BUY', 'quantity': 9, 'price': 395.2, 'ltp_atp': 'LTP', 'squareoff_abs_tick': 'absolute', 'stoploss_abs_tick': 'absolute', 'timestamp': '2026-01-01 09:16:27', 'triggered_at': 394.45, 'order_result': {'status': 'success', 'order_id': '260101150057765', 'rejection_reason': ''}}}], 'meta': {}}
2026-01-01 22:07:44,727 - __main__ - INFO - GTT Order 13: {'id': 299753195, 'user_id': 'OVF854', 'parent_trigger': None, 'type': 'single', 'created_at': '2025-12-28 22:35:36', 'updated_at': '2026-01-01 09:15:58', 'expires_at': '2026-12-28 22:35:36', 'status': 'triggered', 'condition': {'exchange': 'NSE', 'last_price': 401.2, 'tradingsymbol': 'ITC', 'trigger_values': [396], 'instrument_token': 424961}, 'orders': [{'exchange': 'NSE', 'tradingsymbol': 'ITC', 'product': 'CNC', 'order_type': 'LIMIT', 'transaction_type': 'BUY', 'quantity': 8, 'price': 396.4, 'result': {'account_id': 'OVF854', 'exchange': 'NSE', 'tradingsymbol': 'ITC', 'validity': 'DAY', 'product': 'CNC', 'order_type': 'LIMIT', 'transaction_type': 'BUY', 'quantity': 8, 'price': 396.4, 'ltp_atp': 'LTP', 'squareoff_abs_tick': 'absolute', 'stoploss_abs_tick': 'absolute', 'timestamp': '2026-01-01 09:15:58', 'triggered_at': 395.15, 'order_result': {'status': 'success', 'order_id': '260101150050206', 'rejection_reason': ''}}}], 'meta': {}}
2026-01-01 22:07:44,727 - __main__ - INFO - GTT Order 14: {'id': 299753194, 'user_id': 'OVF854', 'parent_trigger': None, 'type': 'single', 'created_at': '2025-12-28 22:35:36', 'updated_at': '2026-01-01 09:15:41', 'expires_at': '2026-12-28 22:35:36', 'status': 'triggered', 'condition': {'exchange': 'NSE', 'last_price': 401.05, 'tradingsymbol': 'ITC', 'trigger_values': [397.2], 'instrument_token': 424961}, 'orders': [{'exchange': 'NSE', 'tradingsymbol': 'ITC', 'product': 'CNC', 'order_type': 'LIMIT', 'transaction_type': 'BUY', 'quantity': 7, 'price': 397.65, 'result': {'account_id': 'OVF854', 'exchange': 'NSE', 'tradingsymbol': 'ITC', 'validity': 'DAY', 'product': 'CNC', 'order_type': 'LIMIT', 'transaction_type': 'BUY', 'quantity': 7, 'price': 397.65, 'ltp_atp': 'LTP', 'squareoff_abs_tick': 'absolute', 'stoploss_abs_tick': 'absolute', 'timestamp': '2026-01-01 09:15:41', 'triggered_at': 396.65, 'order_result': {'status': 'success', 'order_id': '260101150046117', 'rejection_reason': ''}}}], 'meta': {}}
2026-01-01 22:07:44,727 - __main__ - INFO - GTT Order 15: {'id': 299753193, 'user_id': 'OVF854', 'parent_trigger': None, 'type': 'single', 'created_at': '2025-12-28 22:35:35', 'updated_at': '2026-01-01 09:15:37', 'expires_at': '2026-12-28 22:35:35', 'status': 'triggered', 'condition': {'exchange': 'NSE', 'last_price': 403.45, 'tradingsymbol': 'ITC', 'trigger_values': [398.45], 'instrument_token': 424961}, 'orders': [{'exchange': 'NSE', 'tradingsymbol': 'ITC', 'product': 'CNC', 'order_type': 'LIMIT', 'transaction_type': 'BUY', 'quantity': 6, 'price': 398.85, 'result': {'account_id': 'OVF854', 'exchange': 'NSE', 'tradingsymbol': 'ITC', 'validity': 'DAY', 'product': 'CNC', 'order_type': 'LIMIT', 'transaction_type': 'BUY', 'quantity': 6, 'price': 398.85, 'ltp_atp': 'LTP', 'squareoff_abs_tick': 'absolute', 'stoploss_abs_tick': 'absolute', 'timestamp': '2026-01-01 09:15:37', 'triggered_at': 397.35, 'order_result': {'status': 'success', 'order_id': '260101150044991', 'rejection_reason': ''}}}], 'meta': {}}
2026-01-01 22:07:44,727 - __main__ - INFO - GTT Order 16: {'id': 299753192, 'user_id': 'OVF854', 'parent_trigger': None, 'type': 'single', 'created_at': '2025-12-28 22:35:35', 'updated_at': '2026-01-01 09:15:32', 'expires_at': '2026-12-28 22:35:35', 'status': 'triggered', 'condition': {'exchange': 'NSE', 'last_price': 401, 'tradingsymbol': 'ITC', 'trigger_values': [399.65], 'instrument_token': 424961}, 'orders': [{'exchange': 'NSE', 'tradingsymbol': 'ITC', 'product': 'CNC', 'order_type': 'LIMIT', 'transaction_type': 'BUY', 'quantity': 5, 'price': 400, 'result': {'account_id': 'OVF854', 'exchange': 'NSE', 'tradingsymbol': 'ITC', 'validity': 'DAY', 'product': 'CNC', 'order_type': 'LIMIT', 'transaction_type': 'BUY', 'quantity': 5, 'price': 400, 'ltp_atp': 'LTP', 'squareoff_abs_tick': 'absolute', 'stoploss_abs_tick': 'absolute', 'timestamp': '2026-01-01 09:15:31', 'triggered_at': 399.55, 'order_result': {'status': 'success', 'order_id': '260101150043564', 'rejection_reason': ''}}}], 'meta': {}}
2026-01-01 22:07:44,727 - __main__ - INFO - Order: Symbol=ITC, Status=ACTIVE, Company=ITC
2026-01-01 22:07:44,727 - __main__ - INFO - ✅ Added active order for ITC (Status: ACTIVE)
2026-01-01 22:07:44,727 - __main__ - INFO - Order: Symbol=ITC, Status=ACTIVE, Company=ITC
2026-01-01 22:07:44,727 - __main__ - INFO - ✅ Added active order for ITC (Status: ACTIVE)
2026-01-01 22:07:44,727 - __main__ - INFO - Order: Symbol=ITC, Status=ACTIVE, Company=ITC
2026-01-01 22:07:44,727 - __main__ - INFO - ✅ Added active order for ITC (Status: ACTIVE)
2026-01-01 22:07:44,727 - __main__ - INFO - Order: Symbol=ITC, Status=ACTIVE, Company=ITC
2026-01-01 22:07:44,727 - __main__ - INFO - ✅ Added active order for ITC (Status: ACTIVE)
2026-01-01 22:07:44,727 - __main__ - INFO - Order: Symbol=ITC, Status=ACTIVE, Company=ITC
2026-01-01 22:07:44,727 - __main__ - INFO - ✅ Added active order for ITC (Status: ACTIVE)
2026-01-01 22:07:44,727 - __main__ - INFO - Order: Symbol=ITC, Status=ACTIVE, Company=ITC
2026-01-01 22:07:44,728 - __main__ - INFO - ✅ Added active order for ITC (Status: ACTIVE)
2026-01-01 22:07:44,728 - __main__ - INFO - Order: Symbol=ITC, Status=ACTIVE, Company=ITC
2026-01-01 22:07:44,728 - __main__ - INFO - ✅ Added active order for ITC (Status: ACTIVE)
2026-01-01 22:07:44,728 - __main__ - INFO - Order: Symbol=ITC, Status=ACTIVE, Company=ITC
2026-01-01 22:07:44,728 - __main__ - INFO - ✅ Added active order for ITC (Status: ACTIVE)
2026-01-01 22:07:44,728 - __main__ - INFO - Order: Symbol=ITC, Status=ACTIVE, Company=ITC
2026-01-01 22:07:44,728 - __main__ - INFO - ✅ Added active order for ITC (Status: ACTIVE)
2026-01-01 22:07:44,728 - __main__ - INFO - Order: Symbol=JIOFIN, Status=ACTIVE, Company=ITC
2026-01-01 22:07:44,728 - __main__ - INFO - Order: Symbol=ITC, Status=TRIGGERED, Company=ITC
2026-01-01 22:07:44,728 - __main__ - INFO - ⚠️  Found ITC order but status is 'TRIGGERED' (not active)
2026-01-01 22:07:44,728 - __main__ - INFO - Order: Symbol=ITC, Status=TRIGGERED, Company=ITC
2026-01-01 22:07:44,728 - __main__ - INFO - ⚠️  Found ITC order but status is 'TRIGGERED' (not active)
2026-01-01 22:07:44,728 - __main__ - INFO - Order: Symbol=ITC, Status=TRIGGERED, Company=ITC
2026-01-01 22:07:44,728 - __main__ - INFO - ⚠️  Found ITC order but status is 'TRIGGERED' (not active)
2026-01-01 22:07:44,728 - __main__ - INFO - Order: Symbol=ITC, Status=TRIGGERED, Company=ITC
2026-01-01 22:07:44,728 - __main__ - INFO - ⚠️  Found ITC order but status is 'TRIGGERED' (not active)
2026-01-01 22:07:44,728 - __main__ - INFO - Order: Symbol=ITC, Status=TRIGGERED, Company=ITC
2026-01-01 22:07:44,728 - __main__ - INFO - ⚠️  Found ITC order but status is 'TRIGGERED' (not active)
2026-01-01 22:07:44,728 - __main__ - INFO - Order: Symbol=ITC, Status=TRIGGERED, Company=ITC
2026-01-01 22:07:44,728 - __main__ - INFO - ⚠️  Found ITC order but status is 'TRIGGERED' (not active)
2026-01-01 22:07:44,728 - __main__ - INFO - Found 9 active GTT orders for ITC
2026-01-01 22:08:02,359 - __main__ - INFO - Starting deletion of GTT orders...
2026-01-01 22:08:02,360 - __main__ - INFO - Starting deletion of 9 GTT orders for ITC
2026-01-01 22:08:02,360 - __main__ - INFO - Deleting GTT order: Trigger ID 300372419, Symbol: ITC, Quantity: 0, Price: Rs.0.00
2026-01-01 22:08:02,468 - __main__ - INFO - Successfully deleted GTT order with trigger ID: 300372419
2026-01-01 22:08:02,468 - __main__ - INFO - Deleting GTT order: Trigger ID 300372418, Symbol: ITC, Quantity: 0, Price: Rs.0.00
2026-01-01 22:08:02,567 - __main__ - INFO - Successfully deleted GTT order with trigger ID: 300372418
2026-01-01 22:08:02,567 - __main__ - INFO - Deleting GTT order: Trigger ID 300372417, Symbol: ITC, Quantity: 0, Price: Rs.0.00
2026-01-01 22:08:02,669 - __main__ - INFO - Successfully deleted GTT order with trigger ID: 300372417
2026-01-01 22:08:02,669 - __main__ - INFO - Deleting GTT order: Trigger ID 300372416, Symbol: ITC, Quantity: 0, Price: Rs.0.00
2026-01-01 22:08:02,767 - __main__ - INFO - Successfully deleted GTT order with trigger ID: 300372416
2026-01-01 22:08:02,767 - __main__ - INFO - Deleting GTT order: Trigger ID 300372415, Symbol: ITC, Quantity: 0, Price: Rs.0.00
2026-01-01 22:08:02,862 - __main__ - INFO - Successfully deleted GTT order with trigger ID: 300372415
2026-01-01 22:08:02,862 - __main__ - INFO - Deleting GTT order: Trigger ID 300372414, Symbol: ITC, Quantity: 0, Price: Rs.0.00
2026-01-01 22:08:02,964 - __main__ - INFO - Successfully deleted GTT order with trigger ID: 300372414
2026-01-01 22:08:02,964 - __main__ - INFO - Deleting GTT order: Trigger ID 300372413, Symbol: ITC, Quantity: 0, Price: Rs.0.00
2026-01-01 22:08:03,070 - __main__ - INFO - Successfully deleted GTT order with trigger ID: 300372413
2026-01-01 22:08:03,070 - __main__ - INFO - Deleting GTT order: Trigger ID 300372412, Symbol: ITC, Quantity: 0, Price: Rs.0.00
2026-01-01 22:08:03,167 - __main__ - INFO - Successfully deleted GTT order with trigger ID: 300372412
2026-01-01 22:08:03,167 - __main__ - INFO - Deleting GTT order: Trigger ID 300372411, Symbol: ITC, Quantity: 0, Price: Rs.0.00
2026-01-01 22:08:03,268 - __main__ - INFO - Successfully deleted GTT order with trigger ID: 300372411
2026-01-01 22:08:03,269 - __main__ - INFO - Deletion summary saved to workdir/orders/ITC_gtt_deletion_20260101_220803.json
2026-01-01 22:08:03,269 - __main__ - INFO - GTT order deletion process completed successfully
