2025-07-01 10:29:04,829 - __main__ - INFO - Starting GTT Fall Buy strategy for NTPC on NSE
2025-07-01 10:29:05,230 - breeze_sdk_api - WARNING - Session expired or invalid, attempting to regenerate token
2025-07-01 10:29:05,231 - breeze_sdk_api - INFO - login_url = https://api.icicidirect.com/apiuser/login?api_key=3088X_y892P%257c%23516%60r8i9kx2K485%268
2025-07-01 10:31:42,189 - __main__ - INFO - Starting GTT Fall Buy strategy for NTPC on NSE
2025-07-01 10:31:44,584 - breeze_sdk_api - INFO - Successfully initialized Breeze API with credentials
2025-07-01 10:31:44,585 - __main__ - INFO - Successfully initialized Breeze API
2025-07-01 10:33:43,544 - __main__ - INFO - Starting GTT Fall Buy strategy for NTPC on NSE
2025-07-01 10:33:45,342 - breeze_sdk_api - INFO - Successfully initialized Breeze API with credentials
2025-07-01 10:33:45,343 - __main__ - INFO - Successfully initialized Breeze API
2025-07-01 10:33:56,235 - __main__ - INFO - Starting GTT Fall Buy strategy for NTPC on NSE
2025-07-01 10:33:57,954 - breeze_sdk_api - INFO - Successfully initialized Breeze API with credentials
2025-07-01 10:33:57,955 - __main__ - INFO - Successfully initialized Breeze API
2025-07-01 10:33:58,160 - __main__ - INFO - Successfully initialized Kite API
2025-07-01 10:33:58,161 - __main__ - INFO - Will place 5 GTT orders
2025-07-01 10:33:58,164 - __main__ - INFO - Loaded GTT history: 6 orders
2025-07-01 10:33:58,164 - __main__ - INFO - Found 6 existing GTT orders in history file
2025-07-01 10:33:58,370 - __main__ - INFO - Found 14 current GTT orders in Kite API
2025-07-01 10:33:58,371 - __main__ - INFO - API Order 1: ID=278170580, Symbol=POWERGRID, Type=BUY, Status=active
2025-07-01 10:33:58,371 - __main__ - INFO - API Order 2: ID=278170575, Symbol=POWERGRID, Type=BUY, Status=active
2025-07-01 10:33:58,371 - __main__ - INFO - API Order 3: ID=278170572, Symbol=POWERGRID, Type=BUY, Status=active
2025-07-01 10:33:58,372 - __main__ - INFO - API Order 4: ID=278170569, Symbol=POWERGRID, Type=BUY, Status=active
2025-07-01 10:33:58,372 - __main__ - INFO - API Order 5: ID=278097454, Symbol=ONGC, Type=SELL, Status=active
2025-07-01 10:33:58,373 - __main__ - INFO - API Order 6: ID=278110159, Symbol=NTPC, Type=BUY, Status=active
2025-07-01 10:33:58,373 - __main__ - INFO - API Order 7: ID=278110157, Symbol=NTPC, Type=BUY, Status=active
2025-07-01 10:33:58,373 - __main__ - INFO - API Order 8: ID=278110154, Symbol=NTPC, Type=BUY, Status=active
2025-07-01 10:33:58,374 - __main__ - INFO - API Order 9: ID=278075503, Symbol=ONGC, Type=BUY, Status=active
2025-07-01 10:33:58,374 - __main__ - INFO - API Order 10: ID=278021230, Symbol=ONGC, Type=BUY, Status=active
2025-07-01 10:33:58,374 - __main__ - INFO - API Order 11: ID=278021229, Symbol=ONGC, Type=BUY, Status=active
2025-07-01 10:33:58,375 - __main__ - INFO - API Order 12: ID=278021228, Symbol=ONGC, Type=BUY, Status=active
2025-07-01 10:33:58,375 - __main__ - INFO - API Order 13: ID=278021226, Symbol=ONGC, Type=BUY, Status=active
2025-07-01 10:33:58,375 - __main__ - INFO - API Order 14: ID=278110153, Symbol=NTPC, Type=BUY, Status=triggered
2025-07-01 10:33:58,376 - __main__ - INFO - Found 3 active NTPC buy orders in Kite API
2025-07-01 10:33:58,376 - __main__ - INFO - Already have 5 active buy orders in history file. No need to place new orders.
2025-07-01 10:33:58,377 - __main__ - INFO - If you want to place new orders, first cancel existing ones using --cancel_orders flag.
2025-07-01 10:33:58,377 - __main__ - INFO - Using 6 existing orders for monitoring
2025-07-01 10:33:58,378 - __main__ - INFO - Setting up real-time tick data monitoring...
2025-07-01 10:33:59,031 - breeze_sdk_api - INFO - Setting on_ticks function: <bound method BreezeApi.on_ticks of <breeze_sdk_api.BreezeApi object at 0x00000159DED77E50>>
2025-07-01 10:33:59,032 - breeze_sdk_api - INFO - Successfully connected to WebSocket
2025-07-01 10:33:59,032 - __main__ - INFO - Connected to Breeze WebSocket for real-time data
2025-07-01 10:33:59,189 - breeze_sdk_api - INFO - token = {'exchange_code': 'NSE', 'exchange_stock_code': 'NTPC', 'isec_stock_code': 'NTPC', 'isec_token': '11630', 'company name': 'NTPC LIMITED', 'isec_token_level1': '4.1!11630', 'isec_token_level2': '4.2!11630'}
2025-07-01 10:33:59,189 - breeze_sdk_api - INFO - Got token name for NTPC: 4.1!11630
2025-07-01 10:33:59,190 - __main__ - INFO - Stock token for tick data: 4.1!11630
2025-07-01 10:33:59,190 - breeze_sdk_api - INFO - Setting on_ticks function: <function main.<locals>.tick_handler at 0x00000159DEDA23B0>
2025-07-01 10:33:59,190 - __main__ - INFO - Tick handler set up successfully
2025-07-01 10:33:59,191 - breeze_sdk_api - INFO - Successfully subscribed to OHLC feed for token: 4.1!11630
2025-07-01 10:33:59,191 - __main__ - INFO - Subscribed to real-time feed for NTPC
2025-07-01 10:33:59,191 - __main__ - INFO - Real-time tick data monitoring is now active!
2025-07-01 10:33:59,192 - __main__ - INFO - The system will now respond to price changes in real-time
2025-07-01 10:46:50,125 - __main__ - INFO - Program terminated by user
