2025-06-27 09:16:46,746 - __main__ - INFO - Starting GTT Fall Buy strategy for ONGC on NSE
2025-06-27 09:16:49,198 - breeze_sdk_api - INFO - Successfully initialized Breeze API with credentials
2025-06-27 09:16:49,199 - __main__ - INFO - Successfully initialized Breeze API
2025-06-27 09:16:49,310 - __main__ - INFO - Successfully initialized Kite API
2025-06-27 09:16:49,311 - __main__ - INFO - Will place 5 GTT orders
2025-06-27 09:16:49,326 - __main__ - INFO - Loaded GTT history: 7 orders
2025-06-27 09:16:49,326 - __main__ - INFO - Found 7 existing GTT orders in history file
2025-06-27 09:16:49,452 - __main__ - INFO - Found 14 current GTT orders in Kite API
2025-06-27 09:16:49,463 - __main__ - INFO - API Order 1: ID=278170580, Symbol=POWERGRID, Type=BUY, Status=active
2025-06-27 09:16:49,464 - __main__ - INFO - API Order 2: ID=278170575, Symbol=POWERGRID, Type=BUY, Status=active
2025-06-27 09:16:49,465 - __main__ - INFO - API Order 3: ID=278170572, Symbol=POWERGRID, Type=BUY, Status=active
2025-06-27 09:16:49,465 - __main__ - INFO - API Order 4: ID=278170569, Symbol=POWERGRID, Type=BUY, Status=active
2025-06-27 09:16:49,465 - __main__ - INFO - API Order 5: ID=278097454, Symbol=ONGC, Type=SELL, Status=active
2025-06-27 09:16:49,466 - __main__ - INFO - API Order 6: ID=278110159, Symbol=NTPC, Type=BUY, Status=active
2025-06-27 09:16:49,467 - __main__ - INFO - API Order 7: ID=278110157, Symbol=NTPC, Type=BUY, Status=active
2025-06-27 09:16:49,467 - __main__ - INFO - API Order 8: ID=278110154, Symbol=NTPC, Type=BUY, Status=active
2025-06-27 09:16:49,467 - __main__ - INFO - API Order 9: ID=278110153, Symbol=NTPC, Type=BUY, Status=active
2025-06-27 09:16:49,468 - __main__ - INFO - API Order 10: ID=278075503, Symbol=ONGC, Type=BUY, Status=active
2025-06-27 09:16:49,468 - __main__ - INFO - API Order 11: ID=278021230, Symbol=ONGC, Type=BUY, Status=active
2025-06-27 09:16:49,469 - __main__ - INFO - API Order 12: ID=278021229, Symbol=ONGC, Type=BUY, Status=active
2025-06-27 09:16:49,470 - __main__ - INFO - API Order 13: ID=278021228, Symbol=ONGC, Type=BUY, Status=active
2025-06-27 09:16:49,470 - __main__ - INFO - API Order 14: ID=278021226, Symbol=ONGC, Type=BUY, Status=active
2025-06-27 09:16:49,471 - __main__ - INFO - Found 5 active ONGC buy orders in Kite API
2025-06-27 09:16:49,471 - __main__ - INFO - Already have 5 active buy orders in Kite API. No need to place new orders.
2025-06-27 09:16:49,472 - __main__ - INFO - If you want to place new orders, first cancel existing ones using --cancel_orders flag.
2025-06-27 09:16:49,475 - __main__ - INFO - GTT history saved: 6 orders
2025-06-27 09:16:49,475 - __main__ - INFO - Using 6 existing orders for monitoring
2025-06-27 09:16:49,476 - __main__ - INFO - Setting up real-time tick data monitoring...
2025-06-27 09:16:49,794 - breeze_sdk_api - INFO - Setting on_ticks function: <bound method BreezeApi.on_ticks of <breeze_sdk_api.BreezeApi object at 0x0000019697097F10>>
2025-06-27 09:16:49,795 - breeze_sdk_api - INFO - Successfully connected to WebSocket
2025-06-27 09:16:49,796 - __main__ - INFO - Connected to Breeze WebSocket for real-time data
2025-06-27 09:16:49,905 - breeze_sdk_api - INFO - token = {'exchange_code': 'NSE', 'exchange_stock_code': 'ONGC', 'isec_stock_code': 'ONGC', 'isec_token': '2475', 'company name': 'OIL AND NATURAL GAS CORPORATIO', 'isec_token_level1': '4.1!2475', 'isec_token_level2': '4.2!2475'}
2025-06-27 09:16:49,905 - breeze_sdk_api - INFO - Got token name for ONGC: 4.1!2475
2025-06-27 09:16:49,906 - __main__ - INFO - Stock token for tick data: 4.1!2475
2025-06-27 09:16:49,907 - breeze_sdk_api - INFO - Setting on_ticks function: <function main.<locals>.tick_handler at 0x00000196970C2560>
2025-06-27 09:16:49,907 - __main__ - INFO - Tick handler set up successfully
2025-06-27 09:16:49,908 - breeze_sdk_api - INFO - Successfully subscribed to OHLC feed for token: 4.1!2475
2025-06-27 09:16:49,909 - __main__ - INFO - Subscribed to real-time feed for ONGC
2025-06-27 09:16:49,909 - __main__ - INFO - Real-time tick data monitoring is now active!
2025-06-27 09:16:49,910 - __main__ - INFO - The system will now respond to price changes in real-time
2025-06-27 20:00:49,905 - __main__ - INFO - Program terminated by user
