2025-06-25 18:18:30,693 - __main__ - INFO - Starting GTT Fall Buy strategy for ONGC on NSE
2025-06-25 18:18:30,937 - breeze_sdk_api - WARNING - Session expired or invalid, attempting to regenerate token
2025-06-25 18:18:30,937 - breeze_sdk_api - INFO - login_url = https://api.icicidirect.com/apiuser/login?api_key=3088X_y892P%257c%23516%60r8i9kx2K485%268
2025-06-25 18:19:34,648 - __main__ - INFO - Starting GTT Fall Buy strategy for ONGC on NSE
2025-06-25 18:19:36,929 - breeze_sdk_api - INFO - Successfully initialized Breeze API with credentials
2025-06-25 18:19:36,930 - __main__ - INFO - Successfully initialized Breeze API
2025-06-25 18:21:18,798 - __main__ - INFO - Starting GTT Fall Buy strategy for ONGC on NSE
2025-06-25 18:21:20,434 - breeze_sdk_api - INFO - Successfully initialized Breeze API with credentials
2025-06-25 18:21:20,434 - __main__ - INFO - Successfully initialized Breeze API
2025-06-25 18:21:20,588 - __main__ - INFO - Successfully initialized Kite API
2025-06-25 18:21:20,588 - __main__ - INFO - Will place 5 GTT orders
2025-06-25 18:21:20,589 - __main__ - INFO - GTT history file exists but is empty: workdir\orders\ONGC_gtt_history.json
2025-06-25 18:21:20,589 - __main__ - INFO - Found 0 existing GTT orders
2025-06-25 18:21:20,743 - breeze_sdk_api - INFO - token = {'exchange_code': 'NSE', 'exchange_stock_code': 'ONGC', 'isec_stock_code': 'ONGC', 'isec_token': '2475', 'company name': 'OIL AND NATURAL GAS CORPORATIO', 'isec_token_level1': '4.1!2475', 'isec_token_level2': '4.2!2475'}
2025-06-25 18:21:20,744 - breeze_sdk_api - INFO - Got token name for ONGC: 4.1!2475
2025-06-25 18:21:21,022 - __main__ - INFO - Current price for ONGC: 241.91
2025-06-25 18:21:21,023 - __main__ - INFO - Found 0 actually active orders on exchange
2025-06-25 18:21:21,023 - __main__ - INFO - Starting fresh fall buy strategy from current price: 241.91
2025-06-25 18:21:21,023 - __main__ - INFO - DEBUG: existing_order_count=0, i=1, order_number=1
2025-06-25 18:21:21,024 - __main__ - INFO - DEBUG: Attempting to place order 1/5
2025-06-25 18:21:21,080 - __main__ - INFO - Placing GTT order 1: 1 shares @ 241.26 (trigger: 241.16) - 1% drop from entry
2025-06-25 18:21:21,081 - __main__ - INFO - DEBUG: Price validation - Order: 241.26, Trigger: 241.16, Tick size: 0.01
2025-06-25 18:21:21,081 - __main__ - INFO - DEBUG: Checking if price 241.26 is similar to existing orders...
2025-06-25 18:21:21,082 - __main__ - INFO - DEBUG: Price check passed, proceeding with order placement...
2025-06-25 18:21:21,216 - __main__ - INFO - Successfully placed GTT order 1: 277956497
2025-06-25 18:21:21,216 - __main__ - INFO - DEBUG: Order 1 placed successfully. Total placed: 1
2025-06-25 18:21:21,217 - __main__ - INFO - DEBUG: Updated previous_order_price to 241.26
2025-06-25 18:21:21,217 - __main__ - INFO - DEBUG: existing_order_count=0, i=2, order_number=2
2025-06-25 18:21:21,217 - __main__ - INFO - DEBUG: Attempting to place order 2/5
2025-06-25 18:21:21,220 - __main__ - INFO - Placing GTT order 2: 2 shares @ 238.85 (trigger: 238.75) - 2% drop from entry
2025-06-25 18:21:21,220 - __main__ - INFO - DEBUG: Price validation - Order: 238.85, Trigger: 238.75, Tick size: 0.01
2025-06-25 18:21:21,220 - __main__ - INFO - DEBUG: Checking if price 238.85 is similar to existing orders...
2025-06-25 18:21:21,220 - __main__ - INFO - DEBUG: Price check passed, proceeding with order placement...
2025-06-25 18:21:21,329 - __main__ - INFO - Successfully placed GTT order 2: 277956498
2025-06-25 18:21:21,330 - __main__ - INFO - DEBUG: Order 2 placed successfully. Total placed: 2
2025-06-25 18:21:21,331 - __main__ - INFO - DEBUG: Updated previous_order_price to 238.85
2025-06-25 18:21:21,332 - __main__ - INFO - DEBUG: existing_order_count=0, i=3, order_number=3
2025-06-25 18:21:21,332 - __main__ - INFO - DEBUG: Attempting to place order 3/5
2025-06-25 18:21:21,335 - __main__ - INFO - Placing GTT order 3: 3 shares @ 236.46 (trigger: 236.36) - 3% drop from entry
2025-06-25 18:21:21,335 - __main__ - INFO - DEBUG: Price validation - Order: 236.46, Trigger: 236.36, Tick size: 0.01
2025-06-25 18:21:21,335 - __main__ - INFO - DEBUG: Checking if price 236.46 is similar to existing orders...
2025-06-25 18:21:21,335 - __main__ - INFO - DEBUG: Price check passed, proceeding with order placement...
2025-06-25 18:21:21,456 - __main__ - INFO - Successfully placed GTT order 3: 277956500
2025-06-25 18:21:21,456 - __main__ - INFO - DEBUG: Order 3 placed successfully. Total placed: 3
2025-06-25 18:21:21,457 - __main__ - INFO - DEBUG: Updated previous_order_price to 236.46
2025-06-25 18:21:21,457 - __main__ - INFO - DEBUG: existing_order_count=0, i=4, order_number=4
2025-06-25 18:21:21,457 - __main__ - INFO - DEBUG: Attempting to place order 4/5
2025-06-25 18:21:21,459 - __main__ - INFO - Placing GTT order 4: 4 shares @ 234.10 (trigger: 234.00) - 4% drop from entry
2025-06-25 18:21:21,459 - __main__ - INFO - DEBUG: Price validation - Order: 234.10, Trigger: 234.00, Tick size: 0.01
2025-06-25 18:21:21,459 - __main__ - INFO - DEBUG: Checking if price 234.10 is similar to existing orders...
2025-06-25 18:21:21,460 - __main__ - INFO - DEBUG: Price check passed, proceeding with order placement...
2025-06-25 18:21:21,632 - __main__ - INFO - Successfully placed GTT order 4: 277956501
2025-06-25 18:21:21,632 - __main__ - INFO - DEBUG: Order 4 placed successfully. Total placed: 4
2025-06-25 18:21:21,632 - __main__ - INFO - DEBUG: Updated previous_order_price to 234.1
2025-06-25 18:21:21,632 - __main__ - INFO - DEBUG: existing_order_count=0, i=5, order_number=5
2025-06-25 18:21:21,633 - __main__ - INFO - DEBUG: Attempting to place order 5/5
2025-06-25 18:21:21,635 - __main__ - INFO - Placing GTT order 5: 5 shares @ 231.76 (trigger: 231.66) - 5% drop from entry
2025-06-25 18:21:21,635 - __main__ - INFO - DEBUG: Price validation - Order: 231.76, Trigger: 231.66, Tick size: 0.01
2025-06-25 18:21:21,635 - __main__ - INFO - DEBUG: Checking if price 231.76 is similar to existing orders...
2025-06-25 18:21:21,635 - __main__ - INFO - DEBUG: Price check passed, proceeding with order placement...
2025-06-25 18:21:21,772 - __main__ - INFO - Successfully placed GTT order 5: 277956502
2025-06-25 18:21:21,772 - __main__ - INFO - DEBUG: Order 5 placed successfully. Total placed: 5
2025-06-25 18:21:21,772 - __main__ - INFO - DEBUG: Updated previous_order_price to 231.76
2025-06-25 18:21:21,773 - __main__ - INFO - DEBUG: Order placement loop completed. orders_placed=5, num_orders=5
2025-06-25 18:21:21,773 - __main__ - INFO - Total GTT orders placed: 5/5
2025-06-25 18:21:21,773 - __main__ - INFO - SUCCESS: All 5 orders were placed successfully!
2025-06-25 18:21:21,773 - __main__ - INFO - DEBUG: existing_gtt_orders count: 0
2025-06-25 18:21:21,773 - __main__ - INFO - DEBUG: new_gtt_orders count: 5
2025-06-25 18:21:21,773 - __main__ - INFO - DEBUG: all_gtt_orders count: 5
2025-06-25 18:21:21,774 - __main__ - INFO - DEBUG: Attempting to save GTT history with 5 orders...
2025-06-25 18:21:21,774 - __main__ - INFO - DEBUG: save_gtt_history called with 5 orders for ONGC
2025-06-25 18:21:21,774 - __main__ - INFO - DEBUG: Orders directory ensured: workdir\orders
2025-06-25 18:21:21,775 - __main__ - INFO - DEBUG: History data prepared with 5 orders
2025-06-25 18:21:21,775 - __main__ - INFO - DEBUG: Saving to file: workdir\orders\ONGC_gtt_history.json
2025-06-25 18:21:21,776 - __main__ - INFO - GTT history saved to workdir\orders\ONGC_gtt_history.json
2025-06-25 18:21:21,776 - __main__ - INFO - DEBUG: File saved successfully. File size: 2743 bytes
2025-06-25 18:21:21,777 - __main__ - INFO - DEBUG: GTT history save completed
2025-06-25 18:21:21,777 - __main__ - INFO - Total GTT orders in account: 0
2025-06-25 18:21:21,778 - __main__ - INFO - Starting GTT order monitoring thread
2025-06-25 18:21:21,779 - __main__ - INFO - Setting up real-time tick data monitoring...
2025-06-25 18:21:21,779 - __main__ - INFO - === GTT Order Monitoring Cycle ===
2025-06-25 18:21:22,156 - breeze_sdk_api - INFO - Setting on_ticks function: <bound method BreezeApi.on_ticks of <breeze_sdk_api.BreezeApi object at 0x00000196B0CB3B80>>
2025-06-25 18:21:22,156 - breeze_sdk_api - INFO - Successfully connected to WebSocket
2025-06-25 18:21:22,157 - __main__ - INFO - Connected to Breeze WebSocket for real-time data
2025-06-25 18:21:22,267 - breeze_sdk_api - INFO - token = {'exchange_code': 'NSE', 'exchange_stock_code': 'ONGC', 'isec_stock_code': 'ONGC', 'isec_token': '2475', 'company name': 'OIL AND NATURAL GAS CORPORATIO', 'isec_token_level1': '4.1!2475', 'isec_token_level2': '4.2!2475'}
2025-06-25 18:21:22,267 - breeze_sdk_api - INFO - Got token name for ONGC: 4.1!2475
2025-06-25 18:21:22,268 - __main__ - INFO - Stock token for tick data: 4.1!2475
2025-06-25 18:21:22,268 - breeze_sdk_api - INFO - Setting on_ticks function: <function main.<locals>.tick_handler at 0x00000196D42E2EF0>
2025-06-25 18:21:22,268 - __main__ - INFO - Tick handler set up successfully
2025-06-25 18:21:22,269 - breeze_sdk_api - INFO - Successfully subscribed to OHLC feed for token: 4.1!2475
2025-06-25 18:21:22,269 - __main__ - INFO - Subscribed to real-time feed for ONGC
2025-06-25 18:21:22,269 - __main__ - INFO - Real-time tick data monitoring is now active!
2025-06-25 18:21:22,269 - __main__ - INFO - The system will now respond to price changes in real-time
2025-06-25 18:21:22,270 - __main__ - INFO - GTT order monitoring started.
2025-06-25 18:21:22,270 - __main__ - INFO - Monitoring will automatically stop when market closes for 1 hour.
2025-06-25 18:21:22,270 - __main__ - INFO - Press Ctrl+C to stop manually.
2025-06-25 18:21:25,386 - __main__ - INFO - Market hours: CLOSED
2025-06-25 18:21:25,386 - __main__ - INFO - Market closed cycle 1/12
2025-06-25 18:21:25,511 - breeze_sdk_api - INFO - token = {'exchange_code': 'NSE', 'exchange_stock_code': 'ONGC', 'isec_stock_code': 'ONGC', 'isec_token': '2475', 'company name': 'OIL AND NATURAL GAS CORPORATIO', 'isec_token_level1': '4.1!2475', 'isec_token_level2': '4.2!2475'}
2025-06-25 18:21:25,511 - breeze_sdk_api - INFO - Got token name for ONGC: 4.1!2475
2025-06-25 18:21:25,747 - __main__ - INFO - Current GTT orders in account: 0
2025-06-25 18:21:25,748 - __main__ - INFO - Active buy orders for ONGC: 0
2025-06-25 18:21:25,748 - __main__ - INFO - Need to place 5 more buy orders to maintain 5 active orders
2025-06-25 18:21:25,748 - __main__ - INFO - Current active orders: 0/5
2025-06-25 18:21:25,748 - __main__ - WARNING - No active buy orders found, cannot determine price for new orders
2025-06-25 18:21:25,749 - __main__ - INFO - No shares available for selling
2025-06-25 18:21:25,749 - __main__ - INFO - === End Monitoring Cycle ===
2025-06-25 18:23:25,758 - __main__ - INFO - === GTT Order Monitoring Cycle ===
2025-06-25 18:23:25,758 - __main__ - INFO - Market hours: CLOSED
2025-06-25 18:23:25,759 - __main__ - INFO - Market closed cycle 2/12
2025-06-25 18:23:25,899 - breeze_sdk_api - INFO - token = {'exchange_code': 'NSE', 'exchange_stock_code': 'ONGC', 'isec_stock_code': 'ONGC', 'isec_token': '2475', 'company name': 'OIL AND NATURAL GAS CORPORATIO', 'isec_token_level1': '4.1!2475', 'isec_token_level2': '4.2!2475'}
2025-06-25 18:23:25,899 - breeze_sdk_api - INFO - Got token name for ONGC: 4.1!2475
2025-06-25 18:23:26,151 - __main__ - INFO - Current GTT orders in account: 0
2025-06-25 18:23:26,151 - __main__ - INFO - Active buy orders for ONGC: 0
2025-06-25 18:23:26,152 - __main__ - INFO - Need to place 5 more buy orders to maintain 5 active orders
2025-06-25 18:23:26,152 - __main__ - INFO - Current active orders: 0/5
2025-06-25 18:23:26,152 - __main__ - WARNING - No active buy orders found, cannot determine price for new orders
2025-06-25 18:23:26,152 - __main__ - INFO - No shares available for selling
2025-06-25 18:23:26,153 - __main__ - INFO - === End Monitoring Cycle ===
2025-06-25 18:25:26,169 - __main__ - INFO - === GTT Order Monitoring Cycle ===
2025-06-25 18:25:26,169 - __main__ - INFO - Market hours: CLOSED
2025-06-25 18:25:26,170 - __main__ - INFO - Market closed cycle 3/12
2025-06-25 18:25:26,289 - breeze_sdk_api - INFO - token = {'exchange_code': 'NSE', 'exchange_stock_code': 'ONGC', 'isec_stock_code': 'ONGC', 'isec_token': '2475', 'company name': 'OIL AND NATURAL GAS CORPORATIO', 'isec_token_level1': '4.1!2475', 'isec_token_level2': '4.2!2475'}
2025-06-25 18:25:26,289 - breeze_sdk_api - INFO - Got token name for ONGC: 4.1!2475
2025-06-25 18:25:26,549 - __main__ - INFO - Current GTT orders in account: 0
2025-06-25 18:25:26,549 - __main__ - INFO - Active buy orders for ONGC: 0
2025-06-25 18:25:26,550 - __main__ - INFO - Need to place 5 more buy orders to maintain 5 active orders
2025-06-25 18:25:26,550 - __main__ - INFO - Current active orders: 0/5
2025-06-25 18:25:26,550 - __main__ - WARNING - No active buy orders found, cannot determine price for new orders
2025-06-25 18:25:26,550 - __main__ - INFO - No shares available for selling
2025-06-25 18:25:26,551 - __main__ - INFO - === End Monitoring Cycle ===
2025-06-25 18:27:26,554 - __main__ - INFO - === GTT Order Monitoring Cycle ===
2025-06-25 18:27:26,554 - __main__ - INFO - Market hours: CLOSED
2025-06-25 18:27:26,555 - __main__ - INFO - Market closed cycle 4/12
2025-06-25 18:27:26,670 - breeze_sdk_api - INFO - token = {'exchange_code': 'NSE', 'exchange_stock_code': 'ONGC', 'isec_stock_code': 'ONGC', 'isec_token': '2475', 'company name': 'OIL AND NATURAL GAS CORPORATIO', 'isec_token_level1': '4.1!2475', 'isec_token_level2': '4.2!2475'}
2025-06-25 18:27:26,671 - breeze_sdk_api - INFO - Got token name for ONGC: 4.1!2475
2025-06-25 18:27:27,000 - __main__ - INFO - Current GTT orders in account: 0
2025-06-25 18:27:27,001 - __main__ - INFO - Active buy orders for ONGC: 0
2025-06-25 18:27:27,001 - __main__ - INFO - Need to place 5 more buy orders to maintain 5 active orders
2025-06-25 18:27:27,001 - __main__ - INFO - Current active orders: 0/5
2025-06-25 18:27:27,002 - __main__ - WARNING - No active buy orders found, cannot determine price for new orders
2025-06-25 18:27:27,002 - __main__ - INFO - No shares available for selling
2025-06-25 18:27:27,002 - __main__ - INFO - === End Monitoring Cycle ===
2025-06-25 18:29:27,018 - __main__ - INFO - === GTT Order Monitoring Cycle ===
2025-06-25 18:29:27,018 - __main__ - INFO - Market hours: CLOSED
2025-06-25 18:29:27,019 - __main__ - INFO - Market closed cycle 5/12
2025-06-25 18:29:27,135 - breeze_sdk_api - INFO - token = {'exchange_code': 'NSE', 'exchange_stock_code': 'ONGC', 'isec_stock_code': 'ONGC', 'isec_token': '2475', 'company name': 'OIL AND NATURAL GAS CORPORATIO', 'isec_token_level1': '4.1!2475', 'isec_token_level2': '4.2!2475'}
2025-06-25 18:29:27,135 - breeze_sdk_api - INFO - Got token name for ONGC: 4.1!2475
2025-06-25 18:29:27,404 - __main__ - INFO - Current GTT orders in account: 0
2025-06-25 18:29:27,404 - __main__ - INFO - Active buy orders for ONGC: 0
2025-06-25 18:29:27,404 - __main__ - INFO - Need to place 5 more buy orders to maintain 5 active orders
2025-06-25 18:29:27,405 - __main__ - INFO - Current active orders: 0/5
2025-06-25 18:29:27,405 - __main__ - WARNING - No active buy orders found, cannot determine price for new orders
2025-06-25 18:29:27,405 - __main__ - INFO - No shares available for selling
2025-06-25 18:29:27,406 - __main__ - INFO - === End Monitoring Cycle ===
2025-06-25 18:30:39,456 - __main__ - INFO - Received interrupt signal. Stopping monitoring...
2025-06-25 18:30:49,461 - __main__ - INFO - Monitoring stopped by user.
2025-06-25 18:30:49,461 - __main__ - INFO - Waiting for monitoring thread to finish...
2025-06-25 18:31:19,463 - __main__ - INFO - Cleaning up WebSocket connection...
2025-06-25 18:31:19,463 - __main__ - INFO - WebSocket not initialized, skipping cleanup
2025-06-25 18:31:19,464 - __main__ - INFO - GTT Fall Buy strategy completed.
2025-06-25 18:31:19,465 - __main__ - INFO - Stop monitoring signal set
2025-06-25 18:38:09,912 - __main__ - INFO - Starting GTT Fall Buy strategy for ONGC on NSE
2025-06-25 18:38:15,093 - breeze_sdk_api - INFO - Successfully initialized Breeze API with credentials
2025-06-25 18:38:15,094 - __main__ - INFO - Successfully initialized Breeze API
2025-06-25 18:38:15,299 - __main__ - INFO - Successfully initialized Kite API
2025-06-25 18:38:15,299 - __main__ - INFO - Will place 5 GTT orders
2025-06-25 18:38:15,300 - __main__ - INFO - GTT history file exists but is empty: workdir\orders\ONGC_gtt_history.json
2025-06-25 18:38:15,300 - __main__ - INFO - Found 0 existing GTT orders
2025-06-25 18:38:15,483 - breeze_sdk_api - INFO - token = {'exchange_code': 'NSE', 'exchange_stock_code': 'ONGC', 'isec_stock_code': 'ONGC', 'isec_token': '2475', 'company name': 'OIL AND NATURAL GAS CORPORATIO', 'isec_token_level1': '4.1!2475', 'isec_token_level2': '4.2!2475'}
2025-06-25 18:38:15,483 - breeze_sdk_api - INFO - Got token name for ONGC: 4.1!2475
2025-06-25 18:38:15,870 - __main__ - INFO - Current price for ONGC: 241.91
2025-06-25 18:38:22,781 - __main__ - INFO - Tick size for ONGC: 0.01
2025-06-25 18:38:22,783 - __main__ - INFO - Found 0 actually active orders on exchange
2025-06-25 18:38:22,783 - __main__ - INFO - Starting fresh fall buy strategy from current price: 241.91
2025-06-25 18:38:22,786 - __main__ - ERROR - Unexpected error: name 'active_buy_orders' is not defined
Traceback (most recent call last):
  File "c:\Users\pkudithi\OneDrive - NVIDIA Corporation\Documents\GitHub\kiteconnect\code\ongc_gtt_fall_buy.py", line 1329, in main
    logger.info(f"DEBUG: existing_order_count={len(active_buy_orders)}, i={i}, order_number={order_number}")
NameError: name 'active_buy_orders' is not defined

2025-06-25 18:43:33,735 - __main__ - INFO - Starting GTT Fall Buy strategy for ONGC on NSE
2025-06-25 18:43:35,441 - breeze_sdk_api - INFO - Successfully initialized Breeze API with credentials
2025-06-25 18:43:35,441 - __main__ - INFO - Successfully initialized Breeze API
2025-06-25 18:43:35,594 - __main__ - INFO - Successfully initialized Kite API
2025-06-25 18:43:35,594 - __main__ - INFO - Will place 5 GTT orders
2025-06-25 18:43:35,595 - __main__ - INFO - GTT history file exists but is empty: workdir\orders\ONGC_gtt_history.json
2025-06-25 18:43:35,595 - __main__ - INFO - Found 0 existing GTT orders
2025-06-25 18:43:35,722 - breeze_sdk_api - INFO - token = {'exchange_code': 'NSE', 'exchange_stock_code': 'ONGC', 'isec_stock_code': 'ONGC', 'isec_token': '2475', 'company name': 'OIL AND NATURAL GAS CORPORATIO', 'isec_token_level1': '4.1!2475', 'isec_token_level2': '4.2!2475'}
2025-06-25 18:43:35,722 - breeze_sdk_api - INFO - Got token name for ONGC: 4.1!2475
2025-06-25 18:43:35,980 - __main__ - INFO - Current price for ONGC: 241.91
2025-06-25 18:43:36,178 - __main__ - INFO - Tick size for ONGC: 0.01
2025-06-25 18:43:36,179 - __main__ - INFO - Found 0 actually active buy orders on exchange
2025-06-25 18:43:36,179 - __main__ - INFO - Starting fresh fall buy strategy from current price: 241.91
2025-06-25 18:43:36,180 - __main__ - INFO - DEBUG: existing_order_count=0, i=1, order_number=1
2025-06-25 18:43:36,180 - __main__ - INFO - DEBUG: Attempting to place order 1/5
2025-06-25 18:43:36,182 - __main__ - INFO - DEBUG: Subsequent order - calculated prices using 1.0% drop from previous price
2025-06-25 18:43:36,182 - __main__ - INFO - Placing GTT order 1: 1 shares @ 239.51 (trigger: 239.49) - 1% drop from entry
2025-06-25 18:43:36,182 - __main__ - INFO - DEBUG: Price validation - Order: 239.51, Trigger: 239.49, Tick size: 0.01
2025-06-25 18:43:36,183 - __main__ - INFO - DEBUG: Checking if price 239.51 is similar to existing orders...
2025-06-25 18:43:36,183 - __main__ - INFO - DEBUG: Price check passed, proceeding with order placement...
2025-06-25 18:43:36,306 - __main__ - INFO - Successfully placed GTT order 1: 277957374
2025-06-25 18:43:36,307 - __main__ - INFO - DEBUG: Order 1 placed successfully. Total placed: 1
2025-06-25 18:43:36,307 - __main__ - INFO - DEBUG: existing_order_count=0, i=2, order_number=2
2025-06-25 18:43:36,307 - __main__ - INFO - DEBUG: Attempting to place order 2/5
2025-06-25 18:43:36,309 - __main__ - INFO - DEBUG: Subsequent order - calculated prices using 1.0% drop from previous price
2025-06-25 18:43:36,309 - __main__ - INFO - Placing GTT order 2: 2 shares @ 237.13 (trigger: 237.11) - 2% drop from entry
2025-06-25 18:43:36,309 - __main__ - INFO - DEBUG: Price validation - Order: 237.13, Trigger: 237.11, Tick size: 0.01
2025-06-25 18:43:36,309 - __main__ - INFO - DEBUG: Checking if price 237.13 is similar to existing orders...
2025-06-25 18:43:36,309 - __main__ - INFO - DEBUG: Price check passed, proceeding with order placement...
2025-06-25 18:43:36,413 - __main__ - INFO - Successfully placed GTT order 2: 277957375
2025-06-25 18:43:36,413 - __main__ - INFO - DEBUG: Order 2 placed successfully. Total placed: 2
2025-06-25 18:43:36,414 - __main__ - INFO - DEBUG: existing_order_count=0, i=3, order_number=3
2025-06-25 18:43:36,415 - __main__ - INFO - DEBUG: Attempting to place order 3/5
2025-06-25 18:43:36,417 - __main__ - INFO - DEBUG: Subsequent order - calculated prices using 1.0% drop from previous price
2025-06-25 18:43:36,417 - __main__ - INFO - Placing GTT order 3: 3 shares @ 234.78 (trigger: 234.76) - 3% drop from entry
2025-06-25 18:43:36,417 - __main__ - INFO - DEBUG: Price validation - Order: 234.78, Trigger: 234.76, Tick size: 0.01
2025-06-25 18:43:36,417 - __main__ - INFO - DEBUG: Checking if price 234.78 is similar to existing orders...
2025-06-25 18:43:36,418 - __main__ - INFO - DEBUG: Price check passed, proceeding with order placement...
2025-06-25 18:43:36,547 - __main__ - INFO - Successfully placed GTT order 3: 277957376
2025-06-25 18:43:36,548 - __main__ - INFO - DEBUG: Order 3 placed successfully. Total placed: 3
2025-06-25 18:43:36,548 - __main__ - INFO - DEBUG: existing_order_count=0, i=4, order_number=4
2025-06-25 18:43:36,549 - __main__ - INFO - DEBUG: Attempting to place order 4/5
2025-06-25 18:43:36,551 - __main__ - INFO - DEBUG: Subsequent order - calculated prices using 1.0% drop from previous price
2025-06-25 18:43:36,551 - __main__ - INFO - Placing GTT order 4: 4 shares @ 232.45 (trigger: 232.43) - 4% drop from entry
2025-06-25 18:43:36,551 - __main__ - INFO - DEBUG: Price validation - Order: 232.45, Trigger: 232.43, Tick size: 0.01
2025-06-25 18:43:36,551 - __main__ - INFO - DEBUG: Checking if price 232.45 is similar to existing orders...
2025-06-25 18:43:36,552 - __main__ - INFO - DEBUG: Price check passed, proceeding with order placement...
2025-06-25 18:43:36,708 - __main__ - INFO - Successfully placed GTT order 4: 277957377
2025-06-25 18:43:36,709 - __main__ - INFO - DEBUG: Order 4 placed successfully. Total placed: 4
2025-06-25 18:43:36,709 - __main__ - INFO - DEBUG: existing_order_count=0, i=5, order_number=5
2025-06-25 18:43:36,709 - __main__ - INFO - DEBUG: Attempting to place order 5/5
2025-06-25 18:43:36,711 - __main__ - INFO - DEBUG: Subsequent order - calculated prices using 1.0% drop from previous price
2025-06-25 18:43:36,712 - __main__ - INFO - Placing GTT order 5: 5 shares @ 230.15 (trigger: 230.13) - 5% drop from entry
2025-06-25 18:43:36,712 - __main__ - INFO - DEBUG: Price validation - Order: 230.15, Trigger: 230.13, Tick size: 0.01
2025-06-25 18:43:36,712 - __main__ - INFO - DEBUG: Checking if price 230.15 is similar to existing orders...
2025-06-25 18:43:36,712 - __main__ - INFO - DEBUG: Price check passed, proceeding with order placement...
2025-06-25 18:43:36,802 - __main__ - INFO - Successfully placed GTT order 5: 277957378
2025-06-25 18:43:36,802 - __main__ - INFO - DEBUG: Order 5 placed successfully. Total placed: 5
2025-06-25 18:43:36,803 - __main__ - INFO - DEBUG: Order placement loop completed. orders_placed=5, num_orders=5
2025-06-25 18:43:36,803 - __main__ - INFO - Total GTT orders placed: 5/5
2025-06-25 18:43:36,803 - __main__ - INFO - SUCCESS: All 5 orders were placed successfully!
2025-06-25 18:43:36,803 - __main__ - INFO - DEBUG: existing_gtt_orders count: 0
2025-06-25 18:43:36,803 - __main__ - INFO - DEBUG: new_gtt_orders count: 5
2025-06-25 18:43:36,804 - __main__ - INFO - DEBUG: all_gtt_orders count: 5
2025-06-25 18:43:36,804 - __main__ - INFO - DEBUG: Attempting to save GTT history with 5 orders...
2025-06-25 18:43:36,804 - __main__ - INFO - DEBUG: save_gtt_history called with 5 orders for ONGC
2025-06-25 18:43:36,804 - __main__ - INFO - DEBUG: Orders directory ensured: workdir\orders
2025-06-25 18:43:36,805 - __main__ - INFO - DEBUG: History data prepared with 5 orders
2025-06-25 18:43:36,805 - __main__ - INFO - DEBUG: Saving to file: workdir\orders\ONGC_gtt_history.json
2025-06-25 18:43:36,806 - __main__ - INFO - GTT history saved to workdir\orders\ONGC_gtt_history.json
2025-06-25 18:43:36,806 - __main__ - INFO - DEBUG: File saved successfully. File size: 2745 bytes
2025-06-25 18:43:36,806 - __main__ - INFO - DEBUG: GTT history save completed
2025-06-25 18:43:36,807 - __main__ - INFO - Total GTT orders in account: 0
2025-06-25 18:43:36,818 - __main__ - INFO - Starting GTT order monitoring thread
2025-06-25 18:43:36,818 - __main__ - INFO - Setting up real-time tick data monitoring...
2025-06-25 18:43:36,818 - __main__ - INFO - === GTT Order Monitoring Cycle ===
2025-06-25 18:43:37,034 - breeze_sdk_api - INFO - Setting on_ticks function: <bound method BreezeApi.on_ticks of <breeze_sdk_api.BreezeApi object at 0x000002412CF23370>>
2025-06-25 18:43:37,035 - breeze_sdk_api - INFO - Successfully connected to WebSocket
2025-06-25 18:43:37,035 - __main__ - INFO - Connected to Breeze WebSocket for real-time data
2025-06-25 18:43:37,154 - breeze_sdk_api - INFO - token = {'exchange_code': 'NSE', 'exchange_stock_code': 'ONGC', 'isec_stock_code': 'ONGC', 'isec_token': '2475', 'company name': 'OIL AND NATURAL GAS CORPORATIO', 'isec_token_level1': '4.1!2475', 'isec_token_level2': '4.2!2475'}
2025-06-25 18:43:37,155 - breeze_sdk_api - INFO - Got token name for ONGC: 4.1!2475
2025-06-25 18:43:37,155 - __main__ - INFO - Stock token for tick data: 4.1!2475
2025-06-25 18:43:37,155 - breeze_sdk_api - INFO - Setting on_ticks function: <function main.<locals>.tick_handler at 0x000002412CF37910>
2025-06-25 18:43:37,156 - __main__ - INFO - Tick handler set up successfully
2025-06-25 18:43:37,156 - breeze_sdk_api - INFO - Successfully subscribed to OHLC feed for token: 4.1!2475
2025-06-25 18:43:37,157 - __main__ - INFO - Subscribed to real-time feed for ONGC
2025-06-25 18:43:37,157 - __main__ - INFO - Real-time tick data monitoring is now active!
2025-06-25 18:43:37,157 - __main__ - INFO - The system will now respond to price changes in real-time
2025-06-25 18:43:37,158 - __main__ - INFO - GTT order monitoring started.
2025-06-25 18:43:37,158 - __main__ - INFO - Monitoring will automatically stop when market closes for 1 hour.
2025-06-25 18:43:37,158 - __main__ - INFO - Press Ctrl+C to stop manually.
2025-06-25 18:43:40,373 - __main__ - INFO - Market hours: CLOSED
2025-06-25 18:43:40,373 - __main__ - INFO - Market closed cycle 1/12
2025-06-25 18:43:40,528 - breeze_sdk_api - INFO - token = {'exchange_code': 'NSE', 'exchange_stock_code': 'ONGC', 'isec_stock_code': 'ONGC', 'isec_token': '2475', 'company name': 'OIL AND NATURAL GAS CORPORATIO', 'isec_token_level1': '4.1!2475', 'isec_token_level2': '4.2!2475'}
2025-06-25 18:43:40,528 - breeze_sdk_api - INFO - Got token name for ONGC: 4.1!2475
2025-06-25 18:43:40,798 - __main__ - INFO - Current GTT orders in account: 0
2025-06-25 18:43:40,798 - __main__ - INFO - Active buy orders for ONGC: 0
2025-06-25 18:43:40,799 - __main__ - INFO - Need to place 5 more buy orders to maintain 5 active orders
2025-06-25 18:43:40,799 - __main__ - INFO - Current active orders: 0/5
2025-06-25 18:43:40,799 - __main__ - WARNING - No active buy orders found, cannot determine price for new orders
2025-06-25 18:43:40,800 - __main__ - INFO - No shares available for selling
2025-06-25 18:43:40,800 - __main__ - INFO - === End Monitoring Cycle ===
2025-06-25 18:45:40,808 - __main__ - INFO - === GTT Order Monitoring Cycle ===
2025-06-25 18:45:40,808 - __main__ - INFO - Market hours: CLOSED
2025-06-25 18:45:40,809 - __main__ - INFO - Market closed cycle 2/12
2025-06-25 18:45:40,984 - breeze_sdk_api - INFO - token = {'exchange_code': 'NSE', 'exchange_stock_code': 'ONGC', 'isec_stock_code': 'ONGC', 'isec_token': '2475', 'company name': 'OIL AND NATURAL GAS CORPORATIO', 'isec_token_level1': '4.1!2475', 'isec_token_level2': '4.2!2475'}
2025-06-25 18:45:40,985 - breeze_sdk_api - INFO - Got token name for ONGC: 4.1!2475
2025-06-25 18:45:41,262 - __main__ - INFO - Current GTT orders in account: 0
2025-06-25 18:45:41,263 - __main__ - INFO - Active buy orders for ONGC: 0
2025-06-25 18:45:41,263 - __main__ - INFO - Need to place 5 more buy orders to maintain 5 active orders
2025-06-25 18:45:41,263 - __main__ - INFO - Current active orders: 0/5
2025-06-25 18:45:41,263 - __main__ - WARNING - No active buy orders found, cannot determine price for new orders
2025-06-25 18:45:41,264 - __main__ - INFO - No shares available for selling
2025-06-25 18:45:41,264 - __main__ - INFO - === End Monitoring Cycle ===
2025-06-25 18:47:41,273 - __main__ - INFO - === GTT Order Monitoring Cycle ===
2025-06-25 18:47:41,274 - __main__ - INFO - Market hours: CLOSED
2025-06-25 18:47:41,274 - __main__ - INFO - Market closed cycle 3/12
2025-06-25 18:47:41,380 - breeze_sdk_api - INFO - token = {'exchange_code': 'NSE', 'exchange_stock_code': 'ONGC', 'isec_stock_code': 'ONGC', 'isec_token': '2475', 'company name': 'OIL AND NATURAL GAS CORPORATIO', 'isec_token_level1': '4.1!2475', 'isec_token_level2': '4.2!2475'}
2025-06-25 18:47:41,380 - breeze_sdk_api - INFO - Got token name for ONGC: 4.1!2475
2025-06-25 18:47:42,282 - __main__ - INFO - Current GTT orders in account: 0
2025-06-25 18:47:42,282 - __main__ - INFO - Active buy orders for ONGC: 0
2025-06-25 18:47:42,282 - __main__ - INFO - Need to place 5 more buy orders to maintain 5 active orders
2025-06-25 18:47:42,282 - __main__ - INFO - Current active orders: 0/5
2025-06-25 18:47:42,283 - __main__ - WARNING - No active buy orders found, cannot determine price for new orders
2025-06-25 18:47:42,283 - __main__ - INFO - No shares available for selling
2025-06-25 18:47:42,283 - __main__ - INFO - === End Monitoring Cycle ===
2025-06-25 18:49:42,294 - __main__ - INFO - === GTT Order Monitoring Cycle ===
2025-06-25 18:49:42,294 - __main__ - INFO - Market hours: CLOSED
2025-06-25 18:49:42,295 - __main__ - INFO - Market closed cycle 4/12
2025-06-25 18:49:42,395 - breeze_sdk_api - INFO - token = {'exchange_code': 'NSE', 'exchange_stock_code': 'ONGC', 'isec_stock_code': 'ONGC', 'isec_token': '2475', 'company name': 'OIL AND NATURAL GAS CORPORATIO', 'isec_token_level1': '4.1!2475', 'isec_token_level2': '4.2!2475'}
2025-06-25 18:49:42,396 - breeze_sdk_api - INFO - Got token name for ONGC: 4.1!2475
2025-06-25 18:49:42,621 - __main__ - INFO - Current GTT orders in account: 0
2025-06-25 18:49:42,621 - __main__ - INFO - Active buy orders for ONGC: 0
2025-06-25 18:49:42,621 - __main__ - INFO - Need to place 5 more buy orders to maintain 5 active orders
2025-06-25 18:49:42,622 - __main__ - INFO - Current active orders: 0/5
2025-06-25 18:49:42,622 - __main__ - WARNING - No active buy orders found, cannot determine price for new orders
2025-06-25 18:49:42,622 - __main__ - INFO - No shares available for selling
2025-06-25 18:49:42,622 - __main__ - INFO - === End Monitoring Cycle ===
2025-06-25 18:51:42,626 - __main__ - INFO - === GTT Order Monitoring Cycle ===
2025-06-25 18:51:42,627 - __main__ - INFO - Market hours: CLOSED
2025-06-25 18:51:42,627 - __main__ - INFO - Market closed cycle 5/12
2025-06-25 18:51:42,718 - breeze_sdk_api - INFO - token = {'exchange_code': 'NSE', 'exchange_stock_code': 'ONGC', 'isec_stock_code': 'ONGC', 'isec_token': '2475', 'company name': 'OIL AND NATURAL GAS CORPORATIO', 'isec_token_level1': '4.1!2475', 'isec_token_level2': '4.2!2475'}
2025-06-25 18:51:42,718 - breeze_sdk_api - INFO - Got token name for ONGC: 4.1!2475
2025-06-25 18:51:42,937 - __main__ - INFO - Current GTT orders in account: 0
2025-06-25 18:51:42,937 - __main__ - INFO - Active buy orders for ONGC: 0
2025-06-25 18:51:42,937 - __main__ - INFO - Need to place 5 more buy orders to maintain 5 active orders
2025-06-25 18:51:42,937 - __main__ - INFO - Current active orders: 0/5
2025-06-25 18:51:42,937 - __main__ - WARNING - No active buy orders found, cannot determine price for new orders
2025-06-25 18:51:42,938 - __main__ - INFO - No shares available for selling
2025-06-25 18:51:42,938 - __main__ - INFO - === End Monitoring Cycle ===
2025-06-25 18:53:42,953 - __main__ - INFO - === GTT Order Monitoring Cycle ===
2025-06-25 18:53:42,953 - __main__ - INFO - Market hours: CLOSED
2025-06-25 18:53:42,954 - __main__ - INFO - Market closed cycle 6/12
2025-06-25 18:53:43,083 - breeze_sdk_api - INFO - token = {'exchange_code': 'NSE', 'exchange_stock_code': 'ONGC', 'isec_stock_code': 'ONGC', 'isec_token': '2475', 'company name': 'OIL AND NATURAL GAS CORPORATIO', 'isec_token_level1': '4.1!2475', 'isec_token_level2': '4.2!2475'}
2025-06-25 18:53:43,084 - breeze_sdk_api - INFO - Got token name for ONGC: 4.1!2475
2025-06-25 18:53:43,400 - __main__ - INFO - Current GTT orders in account: 0
2025-06-25 18:53:43,400 - __main__ - INFO - Active buy orders for ONGC: 0
2025-06-25 18:53:43,401 - __main__ - INFO - Need to place 5 more buy orders to maintain 5 active orders
2025-06-25 18:53:43,401 - __main__ - INFO - Current active orders: 0/5
2025-06-25 18:53:43,401 - __main__ - WARNING - No active buy orders found, cannot determine price for new orders
2025-06-25 18:53:43,402 - __main__ - INFO - No shares available for selling
2025-06-25 18:53:43,402 - __main__ - INFO - === End Monitoring Cycle ===
2025-06-25 18:55:43,407 - __main__ - INFO - === GTT Order Monitoring Cycle ===
2025-06-25 18:55:43,407 - __main__ - INFO - Market hours: CLOSED
2025-06-25 18:55:43,408 - __main__ - INFO - Market closed cycle 7/12
2025-06-25 18:55:43,499 - breeze_sdk_api - INFO - token = {'exchange_code': 'NSE', 'exchange_stock_code': 'ONGC', 'isec_stock_code': 'ONGC', 'isec_token': '2475', 'company name': 'OIL AND NATURAL GAS CORPORATIO', 'isec_token_level1': '4.1!2475', 'isec_token_level2': '4.2!2475'}
2025-06-25 18:55:43,499 - breeze_sdk_api - INFO - Got token name for ONGC: 4.1!2475
2025-06-25 18:55:43,734 - __main__ - INFO - Current GTT orders in account: 0
2025-06-25 18:55:43,734 - __main__ - INFO - Active buy orders for ONGC: 0
2025-06-25 18:55:43,735 - __main__ - INFO - Need to place 5 more buy orders to maintain 5 active orders
2025-06-25 18:55:43,735 - __main__ - INFO - Current active orders: 0/5
2025-06-25 18:55:43,735 - __main__ - WARNING - No active buy orders found, cannot determine price for new orders
2025-06-25 18:55:43,735 - __main__ - INFO - No shares available for selling
2025-06-25 18:55:43,735 - __main__ - INFO - === End Monitoring Cycle ===
2025-06-25 18:57:43,739 - __main__ - INFO - === GTT Order Monitoring Cycle ===
2025-06-25 18:57:43,739 - __main__ - INFO - Market hours: CLOSED
2025-06-25 18:57:43,739 - __main__ - INFO - Market closed cycle 8/12
2025-06-25 18:57:43,838 - breeze_sdk_api - INFO - token = {'exchange_code': 'NSE', 'exchange_stock_code': 'ONGC', 'isec_stock_code': 'ONGC', 'isec_token': '2475', 'company name': 'OIL AND NATURAL GAS CORPORATIO', 'isec_token_level1': '4.1!2475', 'isec_token_level2': '4.2!2475'}
2025-06-25 18:57:43,838 - breeze_sdk_api - INFO - Got token name for ONGC: 4.1!2475
2025-06-25 18:57:44,631 - __main__ - INFO - Current GTT orders in account: 0
2025-06-25 18:57:44,632 - __main__ - INFO - Active buy orders for ONGC: 0
2025-06-25 18:57:44,632 - __main__ - INFO - Need to place 5 more buy orders to maintain 5 active orders
2025-06-25 18:57:44,632 - __main__ - INFO - Current active orders: 0/5
2025-06-25 18:57:44,632 - __main__ - WARNING - No active buy orders found, cannot determine price for new orders
2025-06-25 18:57:44,633 - __main__ - INFO - No shares available for selling
2025-06-25 18:57:44,633 - __main__ - INFO - === End Monitoring Cycle ===
2025-06-25 18:59:44,635 - __main__ - INFO - === GTT Order Monitoring Cycle ===
2025-06-25 18:59:44,635 - __main__ - INFO - Market hours: CLOSED
2025-06-25 18:59:44,636 - __main__ - INFO - Market closed cycle 9/12
2025-06-25 18:59:44,751 - breeze_sdk_api - INFO - token = {'exchange_code': 'NSE', 'exchange_stock_code': 'ONGC', 'isec_stock_code': 'ONGC', 'isec_token': '2475', 'company name': 'OIL AND NATURAL GAS CORPORATIO', 'isec_token_level1': '4.1!2475', 'isec_token_level2': '4.2!2475'}
2025-06-25 18:59:44,751 - breeze_sdk_api - INFO - Got token name for ONGC: 4.1!2475
2025-06-25 18:59:45,045 - __main__ - INFO - Current GTT orders in account: 0
2025-06-25 18:59:45,046 - __main__ - INFO - Active buy orders for ONGC: 0
2025-06-25 18:59:45,046 - __main__ - INFO - Need to place 5 more buy orders to maintain 5 active orders
2025-06-25 18:59:45,046 - __main__ - INFO - Current active orders: 0/5
2025-06-25 18:59:45,047 - __main__ - WARNING - No active buy orders found, cannot determine price for new orders
2025-06-25 18:59:45,047 - __main__ - INFO - No shares available for selling
2025-06-25 18:59:45,047 - __main__ - INFO - === End Monitoring Cycle ===
2025-06-25 19:01:45,051 - __main__ - INFO - === GTT Order Monitoring Cycle ===
2025-06-25 19:01:45,052 - __main__ - INFO - Market hours: CLOSED
2025-06-25 19:01:45,053 - __main__ - INFO - Market closed cycle 10/12
2025-06-25 19:01:45,146 - breeze_sdk_api - INFO - token = {'exchange_code': 'NSE', 'exchange_stock_code': 'ONGC', 'isec_stock_code': 'ONGC', 'isec_token': '2475', 'company name': 'OIL AND NATURAL GAS CORPORATIO', 'isec_token_level1': '4.1!2475', 'isec_token_level2': '4.2!2475'}
2025-06-25 19:01:45,146 - breeze_sdk_api - INFO - Got token name for ONGC: 4.1!2475
2025-06-25 19:01:45,947 - __main__ - INFO - Current GTT orders in account: 0
2025-06-25 19:01:45,947 - __main__ - INFO - Active buy orders for ONGC: 0
2025-06-25 19:01:45,947 - __main__ - INFO - Need to place 5 more buy orders to maintain 5 active orders
2025-06-25 19:01:45,948 - __main__ - INFO - Current active orders: 0/5
2025-06-25 19:01:45,948 - __main__ - WARNING - No active buy orders found, cannot determine price for new orders
2025-06-25 19:01:45,948 - __main__ - INFO - No shares available for selling
2025-06-25 19:01:45,948 - __main__ - INFO - === End Monitoring Cycle ===
2025-06-25 19:03:45,955 - __main__ - INFO - === GTT Order Monitoring Cycle ===
2025-06-25 19:03:45,955 - __main__ - INFO - Market hours: CLOSED
2025-06-25 19:03:45,956 - __main__ - INFO - Market closed cycle 11/12
2025-06-25 19:03:46,040 - breeze_sdk_api - INFO - token = {'exchange_code': 'NSE', 'exchange_stock_code': 'ONGC', 'isec_stock_code': 'ONGC', 'isec_token': '2475', 'company name': 'OIL AND NATURAL GAS CORPORATIO', 'isec_token_level1': '4.1!2475', 'isec_token_level2': '4.2!2475'}
2025-06-25 19:03:46,041 - breeze_sdk_api - INFO - Got token name for ONGC: 4.1!2475
2025-06-25 19:03:46,270 - __main__ - INFO - Current GTT orders in account: 0
2025-06-25 19:03:46,270 - __main__ - INFO - Active buy orders for ONGC: 0
2025-06-25 19:03:46,270 - __main__ - INFO - Need to place 5 more buy orders to maintain 5 active orders
2025-06-25 19:03:46,271 - __main__ - INFO - Current active orders: 0/5
2025-06-25 19:03:46,271 - __main__ - WARNING - No active buy orders found, cannot determine price for new orders
2025-06-25 19:03:46,271 - __main__ - INFO - No shares available for selling
2025-06-25 19:03:46,271 - __main__ - INFO - === End Monitoring Cycle ===
2025-06-25 19:05:46,281 - __main__ - INFO - === GTT Order Monitoring Cycle ===
2025-06-25 19:05:46,281 - __main__ - INFO - Market hours: CLOSED
2025-06-25 19:05:46,282 - __main__ - INFO - Market closed cycle 12/12
2025-06-25 19:05:46,282 - __main__ - INFO - Market has been closed for 1 hour. Stopping monitoring.
2025-06-25 19:05:46,282 - __main__ - INFO - GTT order monitoring stopped
2025-06-25 19:06:07,494 - __main__ - INFO - Monitoring thread has stopped. Exiting main thread.
2025-06-25 19:06:07,494 - __main__ - INFO - Cleaning up WebSocket connection...
2025-06-25 19:06:07,494 - __main__ - INFO - WebSocket not initialized, skipping cleanup
2025-06-25 19:06:07,494 - __main__ - INFO - GTT Fall Buy strategy completed.
2025-06-25 19:06:07,495 - __main__ - INFO - Stop monitoring signal set
