2025-06-30 09:37:52,738 - __main__ - INFO - Starting GTT Fall Buy strategy for ONGC on NSE
2025-06-30 09:37:52,933 - breeze_sdk_api - WARNING - Session expired or invalid, attempting to regenerate token
2025-06-30 09:37:52,934 - breeze_sdk_api - INFO - login_url = https://api.icicidirect.com/apiuser/login?api_key=3088X_y892P%257c%23516%60r8i9kx2K485%268
2025-06-30 09:42:55,076 - __main__ - INFO - Starting GTT Fall Buy strategy for ONGC on NSE
2025-06-30 09:42:56,888 - breeze_sdk_api - INFO - Successfully initialized Breeze API with credentials
2025-06-30 09:42:56,888 - __main__ - INFO - Successfully initialized Breeze API
2025-06-30 09:42:57,085 - __main__ - INFO - Successfully initialized Kite API
2025-06-30 09:42:57,085 - __main__ - INFO - Will place 5 GTT orders
2025-06-30 09:42:57,087 - __main__ - INFO - Loaded GTT history: 6 orders
2025-06-30 09:42:57,087 - __main__ - INFO - Found 6 existing GTT orders in history file
2025-06-30 09:42:57,235 - __main__ - INFO - Found 14 current GTT orders in Kite API
2025-06-30 09:42:57,236 - __main__ - INFO - API Order 1: ID=278170580, Symbol=POWERGRID, Type=BUY, Status=active
2025-06-30 09:42:57,236 - __main__ - INFO - API Order 2: ID=278170575, Symbol=POWERGRID, Type=BUY, Status=active
2025-06-30 09:42:57,236 - __main__ - INFO - API Order 3: ID=278170572, Symbol=POWERGRID, Type=BUY, Status=active
2025-06-30 09:42:57,237 - __main__ - INFO - API Order 4: ID=278170569, Symbol=POWERGRID, Type=BUY, Status=active
2025-06-30 09:42:57,237 - __main__ - INFO - API Order 5: ID=278097454, Symbol=ONGC, Type=SELL, Status=active
2025-06-30 09:42:57,238 - __main__ - INFO - API Order 6: ID=278110159, Symbol=NTPC, Type=BUY, Status=active
2025-06-30 09:42:57,238 - __main__ - INFO - API Order 7: ID=278110157, Symbol=NTPC, Type=BUY, Status=active
2025-06-30 09:42:57,238 - __main__ - INFO - API Order 8: ID=278110154, Symbol=NTPC, Type=BUY, Status=active
2025-06-30 09:42:57,239 - __main__ - INFO - API Order 9: ID=278110153, Symbol=NTPC, Type=BUY, Status=active
2025-06-30 09:42:57,239 - __main__ - INFO - API Order 10: ID=278075503, Symbol=ONGC, Type=BUY, Status=active
2025-06-30 09:42:57,239 - __main__ - INFO - API Order 11: ID=278021230, Symbol=ONGC, Type=BUY, Status=active
2025-06-30 09:42:57,239 - __main__ - INFO - API Order 12: ID=278021229, Symbol=ONGC, Type=BUY, Status=active
2025-06-30 09:42:57,240 - __main__ - INFO - API Order 13: ID=278021228, Symbol=ONGC, Type=BUY, Status=active
2025-06-30 09:42:57,240 - __main__ - INFO - API Order 14: ID=278021226, Symbol=ONGC, Type=BUY, Status=active
2025-06-30 09:42:57,240 - __main__ - INFO - Found 5 active ONGC buy orders in Kite API
2025-06-30 09:42:57,240 - __main__ - INFO - Already have 5 active buy orders in Kite API. No need to place new orders.
2025-06-30 09:42:57,241 - __main__ - INFO - If you want to place new orders, first cancel existing ones using --cancel_orders flag.
2025-06-30 09:42:57,242 - __main__ - INFO - GTT history saved: 6 orders
2025-06-30 09:42:57,243 - __main__ - INFO - Using 6 existing orders for monitoring
2025-06-30 09:42:57,243 - __main__ - INFO - Setting up real-time tick data monitoring...
2025-06-30 09:42:58,043 - breeze_sdk_api - INFO - Setting on_ticks function: <bound method BreezeApi.on_ticks of <breeze_sdk_api.BreezeApi object at 0x0000027A8D807E20>>
2025-06-30 09:42:58,043 - breeze_sdk_api - INFO - Successfully connected to WebSocket
2025-06-30 09:42:58,044 - __main__ - INFO - Connected to Breeze WebSocket for real-time data
2025-06-30 09:42:58,163 - breeze_sdk_api - INFO - token = {'exchange_code': 'NSE', 'exchange_stock_code': 'ONGC', 'isec_stock_code': 'ONGC', 'isec_token': '2475', 'company name': 'OIL AND NATURAL GAS CORPORATIO', 'isec_token_level1': '4.1!2475', 'isec_token_level2': '4.2!2475'}
2025-06-30 09:42:58,164 - breeze_sdk_api - INFO - Got token name for ONGC: 4.1!2475
2025-06-30 09:42:58,164 - __main__ - INFO - Stock token for tick data: 4.1!2475
2025-06-30 09:42:58,164 - breeze_sdk_api - INFO - Setting on_ticks function: <function main.<locals>.tick_handler at 0x0000027A8D832560>
2025-06-30 09:42:58,165 - __main__ - INFO - Tick handler set up successfully
2025-06-30 09:42:58,165 - breeze_sdk_api - INFO - Successfully subscribed to OHLC feed for token: 4.1!2475
2025-06-30 09:42:58,165 - __main__ - INFO - Subscribed to real-time feed for ONGC
2025-06-30 09:42:58,166 - __main__ - INFO - Real-time tick data monitoring is now active!
2025-06-30 09:42:58,166 - __main__ - INFO - The system will now respond to price changes in real-time
2025-06-30 17:59:52,688 - __main__ - INFO - Program terminated by user
