2026-01-07 11:16:15,458 - __main__ - INFO - Using max_fall_pct from config: 10.0
2026-01-07 11:16:15,458 - __main__ - INFO - Using fall_power from config: 1.7
2026-01-07 11:16:15,458 - __main__ - INFO - Using size_power from config: 1.6
2026-01-07 11:16:15,458 - __main__ - INFO - Using size_multiplier from config: 3.8
2026-01-07 11:16:15,458 - __main__ - INFO - Convex accumulation parameters:
2026-01-07 11:16:15,458 - __main__ - INFO -   Steps: 11
2026-01-07 11:16:15,458 - __main__ - INFO -   Base shares: 6
2026-01-07 11:16:15,458 - __main__ - INFO -   Max fall: 10.0%
2026-01-07 11:16:15,458 - __main__ - INFO -   Fall power: 1.7
2026-01-07 11:16:15,458 - __main__ - INFO -   Size power: 1.6
2026-01-07 11:16:15,458 - __main__ - INFO -   Size multiplier: 3.8
2026-01-07 11:16:15,458 - __main__ - INFO - Initializing Convex Accumulation Order Scheduler for POWERGRID
2026-01-07 11:16:15,458 - __main__ - INFO - Steps: 11, Current price: Rs.265.5
2026-01-07 11:16:15,459 - __main__ - INFO - Configuration loaded successfully
2026-01-07 11:16:15,460 - __main__ - INFO - Starting convex accumulation order scheduling process
2026-01-07 11:16:15,578 - __main__ - INFO - Successfully connected to Kite Connect
2026-01-07 11:16:15,578 - __main__ - WARNING - pytz not available, assuming market is closed - will skip first order
2026-01-07 11:16:15,578 - __main__ - INFO - Using provided current price as base: Rs.265.5
2026-01-07 11:16:15,578 - __main__ - INFO - Market is closed - skipping first order and starting with GTT orders
2026-01-07 11:16:15,578 - __main__ - INFO - Order 1: SKIPPED (Market closed - AMO not supported)
2026-01-07 11:16:15,578 - __main__ - INFO - Order 2: Price: Rs.265.0, Trigger: Rs.264.7, Type: GTT ORDER, Fall: 0.20%, Quantity: 7, Value: Rs.1855.0
2026-01-07 11:16:15,578 - __main__ - INFO - Order 3: Price: Rs.263.8, Trigger: Rs.263.5, Type: GTT ORDER, Fall: 0.65%, Quantity: 8, Value: Rs.2110.4
2026-01-07 11:16:15,578 - __main__ - INFO - Order 4: Price: Rs.262.1, Trigger: Rs.261.8, Type: GTT ORDER, Fall: 1.29%, Quantity: 9, Value: Rs.2358.9
2026-01-07 11:16:15,579 - __main__ - INFO - Order 5: Price: Rs.259.9, Trigger: Rs.259.6, Type: GTT ORDER, Fall: 2.11%, Quantity: 11, Value: Rs.2858.9
2026-01-07 11:16:15,579 - __main__ - INFO - Order 6: Price: Rs.257.3, Trigger: Rs.257.0, Type: GTT ORDER, Fall: 3.08%, Quantity: 14, Value: Rs.3602.2
2026-01-07 11:16:15,579 - __main__ - INFO - Order 7: Price: Rs.254.4, Trigger: Rs.254.1, Type: GTT ORDER, Fall: 4.20%, Quantity: 16, Value: Rs.4070.4
2026-01-07 11:16:15,579 - __main__ - INFO - Order 8: Price: Rs.251.0, Trigger: Rs.250.7, Type: GTT ORDER, Fall: 5.45%, Quantity: 19, Value: Rs.4769.0
2026-01-07 11:16:15,579 - __main__ - INFO - Order 9: Price: Rs.247.3, Trigger: Rs.247.1, Type: GTT ORDER, Fall: 6.84%, Quantity: 22, Value: Rs.5440.6
2026-01-07 11:16:15,579 - __main__ - INFO - Order 10: Price: Rs.243.3, Trigger: Rs.243.1, Type: GTT ORDER, Fall: 8.36%, Quantity: 25, Value: Rs.6082.5
2026-01-07 11:16:15,579 - __main__ - INFO - Order 11: Price: Rs.239.0, Trigger: Rs.238.8, Type: GTT ORDER, Fall: 10.00%, Quantity: 29, Value: Rs.6931.0
2026-01-07 11:16:30,988 - __main__ - INFO - Order placement cancelled by user
2026-01-07 11:16:38,387 - __main__ - INFO - Using max_fall_pct from config: 10.0
2026-01-07 11:16:38,387 - __main__ - INFO - Using fall_power from config: 1.7
2026-01-07 11:16:38,387 - __main__ - INFO - Using size_power from config: 1.6
2026-01-07 11:16:38,387 - __main__ - INFO - Using size_multiplier from config: 3.8
2026-01-07 11:16:38,387 - __main__ - INFO - Convex accumulation parameters:
2026-01-07 11:16:38,387 - __main__ - INFO -   Steps: 11
2026-01-07 11:16:38,387 - __main__ - INFO -   Base shares: 6
2026-01-07 11:16:38,387 - __main__ - INFO -   Max fall: 10.0%
2026-01-07 11:16:38,387 - __main__ - INFO -   Fall power: 1.7
2026-01-07 11:16:38,387 - __main__ - INFO -   Size power: 1.6
2026-01-07 11:16:38,387 - __main__ - INFO -   Size multiplier: 3.8
2026-01-07 11:16:38,388 - __main__ - INFO - Initializing Convex Accumulation Order Scheduler for POWERGRID
2026-01-07 11:16:38,388 - __main__ - INFO - Steps: 11, Current price: Rs.265.8
2026-01-07 11:16:38,389 - __main__ - INFO - Configuration loaded successfully
2026-01-07 11:16:38,390 - __main__ - INFO - Starting convex accumulation order scheduling process
2026-01-07 11:16:38,520 - __main__ - INFO - Successfully connected to Kite Connect
2026-01-07 11:16:38,520 - __main__ - WARNING - pytz not available, assuming market is closed - will skip first order
2026-01-07 11:16:38,520 - __main__ - INFO - Using provided current price as base: Rs.265.8
2026-01-07 11:16:38,520 - __main__ - INFO - Market is closed - skipping first order and starting with GTT orders
2026-01-07 11:16:38,520 - __main__ - INFO - Order 1: SKIPPED (Market closed - AMO not supported)
2026-01-07 11:16:38,520 - __main__ - INFO - Order 2: Price: Rs.265.3, Trigger: Rs.265.0, Type: GTT ORDER, Fall: 0.20%, Quantity: 7, Value: Rs.1857.1
2026-01-07 11:16:38,520 - __main__ - INFO - Order 3: Price: Rs.264.1, Trigger: Rs.263.8, Type: GTT ORDER, Fall: 0.65%, Quantity: 8, Value: Rs.2112.8
2026-01-07 11:16:38,521 - __main__ - INFO - Order 4: Price: Rs.262.4, Trigger: Rs.262.1, Type: GTT ORDER, Fall: 1.29%, Quantity: 9, Value: Rs.2361.6
2026-01-07 11:16:38,521 - __main__ - INFO - Order 5: Price: Rs.260.2, Trigger: Rs.259.9, Type: GTT ORDER, Fall: 2.11%, Quantity: 11, Value: Rs.2862.2
2026-01-07 11:16:38,521 - __main__ - INFO - Order 6: Price: Rs.257.6, Trigger: Rs.257.3, Type: GTT ORDER, Fall: 3.08%, Quantity: 14, Value: Rs.3606.4
2026-01-07 11:16:38,521 - __main__ - INFO - Order 7: Price: Rs.254.6, Trigger: Rs.254.3, Type: GTT ORDER, Fall: 4.20%, Quantity: 16, Value: Rs.4073.6
2026-01-07 11:16:38,521 - __main__ - INFO - Order 8: Price: Rs.251.3, Trigger: Rs.251.0, Type: GTT ORDER, Fall: 5.45%, Quantity: 19, Value: Rs.4774.7
2026-01-07 11:16:38,521 - __main__ - INFO - Order 9: Price: Rs.247.6, Trigger: Rs.247.4, Type: GTT ORDER, Fall: 6.84%, Quantity: 22, Value: Rs.5447.2
2026-01-07 11:16:38,521 - __main__ - INFO - Order 10: Price: Rs.243.6, Trigger: Rs.243.4, Type: GTT ORDER, Fall: 8.36%, Quantity: 25, Value: Rs.6090.0
2026-01-07 11:16:38,521 - __main__ - INFO - Order 11: Price: Rs.239.2, Trigger: Rs.239.0, Type: GTT ORDER, Fall: 10.00%, Quantity: 29, Value: Rs.6936.8
2026-01-07 11:17:29,354 - __main__ - INFO - Placing orders...
2026-01-07 11:17:29,354 - __main__ - INFO - Skipping order 1 - Market closed, AMO not supported
2026-01-07 11:17:29,354 - __main__ - INFO - Order 1 skipped successfully
2026-01-07 11:17:29,354 - __main__ - INFO - Placing GTT order 2 for POWERGRID
2026-01-07 11:17:29,589 - __main__ - INFO - GTT order 2 placed successfully with trigger ID: 301052610
2026-01-07 11:17:29,590 - __main__ - INFO - Placing GTT order 3 for POWERGRID
2026-01-07 11:17:29,842 - __main__ - INFO - GTT order 3 placed successfully with trigger ID: 301052613
2026-01-07 11:17:29,842 - __main__ - INFO - Placing GTT order 4 for POWERGRID
2026-01-07 11:17:37,028 - __main__ - INFO - GTT order 4 placed successfully with trigger ID: 301052645
2026-01-07 11:17:37,028 - __main__ - INFO - Placing GTT order 5 for POWERGRID
2026-01-07 11:17:37,236 - __main__ - INFO - GTT order 5 placed successfully with trigger ID: 301052647
2026-01-07 11:17:37,236 - __main__ - INFO - Placing GTT order 6 for POWERGRID
2026-01-07 11:17:37,445 - __main__ - INFO - GTT order 6 placed successfully with trigger ID: 301052649
2026-01-07 11:17:37,446 - __main__ - INFO - Placing GTT order 7 for POWERGRID
2026-01-07 11:17:37,633 - __main__ - INFO - GTT order 7 placed successfully with trigger ID: 301052651
2026-01-07 11:17:37,633 - __main__ - INFO - Placing GTT order 8 for POWERGRID
2026-01-07 11:17:37,825 - __main__ - INFO - GTT order 8 placed successfully with trigger ID: 301052653
2026-01-07 11:17:37,825 - __main__ - INFO - Placing GTT order 9 for POWERGRID
2026-01-07 11:17:38,027 - __main__ - INFO - GTT order 9 placed successfully with trigger ID: 301052654
2026-01-07 11:17:38,027 - __main__ - INFO - Placing GTT order 10 for POWERGRID
2026-01-07 11:17:38,298 - __main__ - INFO - GTT order 10 placed successfully with trigger ID: 301052657
2026-01-07 11:17:38,298 - __main__ - INFO - Placing GTT order 11 for POWERGRID
2026-01-07 11:17:38,715 - __main__ - INFO - GTT order 11 placed successfully with trigger ID: 301052660
2026-01-07 11:17:38,716 - __main__ - INFO - Order summary saved to workdir/orders/POWERGRID_gtt_orders_20260107_111738.json
2026-01-07 11:17:38,716 - __main__ - INFO - Convex accumulation order scheduling process completed successfully
2026-01-07 11:36:01,818 - __main__ - INFO - Initializing GTT Sell Order Scheduler for POWERGRID
2026-01-07 11:36:01,818 - __main__ - INFO - Target net profit: 1.0%
2026-01-07 11:36:01,818 - __main__ - INFO - Starting GTT sell order scheduling process
2026-01-07 11:36:02,085 - __main__ - INFO - Successfully connected to Kite Connect
2026-01-07 11:36:36,711 - __main__ - INFO - Order placement cancelled by user
2026-01-07 11:36:39,868 - __main__ - INFO - Initializing GTT Sell Order Scheduler for POWERGRID
2026-01-07 11:36:39,869 - __main__ - INFO - Target net profit: 1.0%
2026-01-07 11:36:39,869 - __main__ - INFO - Starting GTT sell order scheduling process
2026-01-07 11:36:40,003 - __main__ - INFO - Successfully connected to Kite Connect
2026-01-07 11:36:43,013 - __main__ - INFO - Placing GTT sell order...
2026-01-07 11:36:43,664 - __main__ - WARNING - Could not fetch current price: Insufficient permission for that call.
2026-01-07 11:36:43,826 - __main__ - INFO - GTT sell order placed successfully. Trigger ID: 301058007
2026-01-07 11:36:43,827 - __main__ - INFO - GTT sell order scheduling process completed successfully
2026-01-07 16:08:26,179 - __main__ - INFO - Initializing GTT Sell Order Scheduler for POWERGRID
2026-01-07 16:08:26,179 - __main__ - INFO - Target net profit: 1.0%
2026-01-07 16:08:26,179 - __main__ - INFO - Starting GTT sell order scheduling process
2026-01-07 16:08:45,498 - __main__ - INFO - Initializing GTT Sell Order Scheduler for POWERGRID
2026-01-07 16:08:45,498 - __main__ - INFO - Target net profit: 1.0%
2026-01-07 16:08:45,499 - __main__ - INFO - Starting GTT sell order scheduling process
2026-01-07 16:08:45,597 - __main__ - INFO - Successfully connected to Kite Connect
2026-01-07 16:08:49,630 - __main__ - INFO - Placing GTT sell order...
2026-01-07 16:08:49,918 - __main__ - WARNING - Could not fetch current price: Insufficient permission for that call.
2026-01-07 16:08:50,017 - __main__ - INFO - GTT sell order placed successfully. Trigger ID: 301118522
2026-01-07 16:08:50,017 - __main__ - INFO - GTT sell order scheduling process completed successfully
