2025-06-27 09:11:32,404 - __main__ - INFO - Starting GTT Fall Buy strategy for POWERGRID on NSE
2025-06-27 09:11:32,587 - breeze_sdk_api - WARNING - Session expired or invalid, attempting to regenerate token
2025-06-27 09:11:32,588 - breeze_sdk_api - INFO - login_url = https://api.icicidirect.com/apiuser/login?api_key=3088X_y892P%257c%23516%60r8i9kx2K485%268
2025-06-27 09:12:40,996 - __main__ - INFO - Starting GTT Fall Buy strategy for POWERGRID on NSE
2025-06-27 09:12:42,487 - breeze_sdk_api - INFO - Successfully initialized Breeze API with credentials
2025-06-27 09:12:42,487 - __main__ - INFO - Successfully initialized Breeze API
2025-06-27 09:13:18,507 - __main__ - INFO - Starting GTT Fall Buy strategy for POWERGRID on NSE
2025-06-27 09:13:19,674 - breeze_sdk_api - INFO - Successfully initialized Breeze API with credentials
2025-06-27 09:13:19,675 - __main__ - INFO - Successfully initialized Breeze API
2025-06-27 09:13:20,113 - __main__ - INFO - Successfully initialized Kite API
2025-06-27 09:13:20,113 - __main__ - INFO - Will place 5 GTT orders
2025-06-27 09:13:20,130 - __main__ - INFO - Loaded GTT history: 5 orders
2025-06-27 09:13:20,130 - __main__ - INFO - Found 5 existing GTT orders in history file
2025-06-27 09:13:20,250 - __main__ - INFO - Found 15 current GTT orders in Kite API
2025-06-27 09:13:20,250 - __main__ - INFO - API Order 1: ID=278121329, Symbol=POWERGRID, Type=BUY, Status=active
2025-06-27 09:13:20,251 - __main__ - INFO - API Order 2: ID=278121327, Symbol=POWERGRID, Type=BUY, Status=active
2025-06-27 09:13:20,251 - __main__ - INFO - API Order 3: ID=278121325, Symbol=POWERGRID, Type=BUY, Status=active
2025-06-27 09:13:20,251 - __main__ - INFO - API Order 4: ID=278121324, Symbol=POWERGRID, Type=BUY, Status=active
2025-06-27 09:13:20,252 - __main__ - INFO - API Order 5: ID=278097454, Symbol=ONGC, Type=SELL, Status=active
2025-06-27 09:13:20,252 - __main__ - INFO - API Order 6: ID=278110159, Symbol=NTPC, Type=BUY, Status=active
2025-06-27 09:13:20,252 - __main__ - INFO - API Order 7: ID=278110157, Symbol=NTPC, Type=BUY, Status=active
2025-06-27 09:13:20,253 - __main__ - INFO - API Order 8: ID=278110154, Symbol=NTPC, Type=BUY, Status=active
2025-06-27 09:13:20,253 - __main__ - INFO - API Order 9: ID=278110153, Symbol=NTPC, Type=BUY, Status=active
2025-06-27 09:13:20,253 - __main__ - INFO - API Order 10: ID=278075503, Symbol=ONGC, Type=BUY, Status=active
2025-06-27 09:13:20,254 - __main__ - INFO - API Order 11: ID=278021230, Symbol=ONGC, Type=BUY, Status=active
2025-06-27 09:13:20,254 - __main__ - INFO - API Order 12: ID=278021229, Symbol=ONGC, Type=BUY, Status=active
2025-06-27 09:13:20,254 - __main__ - INFO - API Order 13: ID=278021228, Symbol=ONGC, Type=BUY, Status=active
2025-06-27 09:13:20,255 - __main__ - INFO - API Order 14: ID=278021226, Symbol=ONGC, Type=BUY, Status=active
2025-06-27 09:13:20,255 - __main__ - INFO - API Order 15: ID=278021225, Symbol=ONGC, Type=BUY, Status=triggered
2025-06-27 09:13:20,255 - __main__ - INFO - Found 4 active POWERGRID buy orders in Kite API
2025-06-27 09:13:20,256 - __main__ - INFO - Already have 5 active buy orders in history file. No need to place new orders.
2025-06-27 09:13:20,256 - __main__ - INFO - If you want to place new orders, first cancel existing ones using --cancel_orders flag.
2025-06-27 09:13:20,256 - __main__ - INFO - Using 5 existing orders for monitoring
2025-06-27 09:13:20,256 - __main__ - INFO - Setting up real-time tick data monitoring...
2025-06-27 09:13:20,553 - breeze_sdk_api - INFO - Setting on_ticks function: <bound method BreezeApi.on_ticks of <breeze_sdk_api.BreezeApi object at 0x0000029F03957EE0>>
2025-06-27 09:13:20,553 - breeze_sdk_api - INFO - Successfully connected to WebSocket
2025-06-27 09:13:20,553 - __main__ - INFO - Connected to Breeze WebSocket for real-time data
2025-06-27 09:13:20,704 - breeze_sdk_api - INFO - token = {'exchange_code': 'NSE', 'exchange_stock_code': 'POWERGRID', 'isec_stock_code': 'POWGRI', 'isec_token': '14977', 'company name': 'POWER GRID CORPORATION OF INDI', 'isec_token_level1': '4.1!14977', 'isec_token_level2': '4.2!14977'}
2025-06-27 09:13:20,705 - breeze_sdk_api - INFO - Got token name for POWERGRID: 4.1!14977
2025-06-27 09:13:20,705 - __main__ - INFO - Stock token for tick data: 4.1!14977
2025-06-27 09:13:20,705 - breeze_sdk_api - INFO - Setting on_ticks function: <function main.<locals>.tick_handler at 0x0000029F0397A3B0>
2025-06-27 09:13:20,706 - __main__ - INFO - Tick handler set up successfully
2025-06-27 09:13:20,706 - breeze_sdk_api - INFO - Successfully subscribed to OHLC feed for token: 4.1!14977
2025-06-27 09:13:20,706 - __main__ - INFO - Subscribed to real-time feed for POWERGRID
2025-06-27 09:13:20,707 - __main__ - INFO - Real-time tick data monitoring is now active!
2025-06-27 09:13:20,707 - __main__ - INFO - The system will now respond to price changes in real-time
2025-06-27 09:13:52,991 - __main__ - INFO - Program terminated by user
2025-06-27 09:14:33,575 - __main__ - INFO - Starting GTT Fall Buy strategy for POWERGRID on NSE
2025-06-27 09:14:35,178 - breeze_sdk_api - INFO - Successfully initialized Breeze API with credentials
2025-06-27 09:14:35,179 - __main__ - INFO - Successfully initialized Breeze API
2025-06-27 09:14:35,295 - __main__ - INFO - Successfully initialized Kite API
2025-06-27 09:14:35,296 - __main__ - INFO - Will place 5 GTT orders
2025-06-27 09:14:35,296 - __main__ - INFO - GTT history file is empty: workdir\orders\POWERGRID_gtt_history.json
2025-06-27 09:14:35,297 - __main__ - INFO - Found 0 existing GTT orders in history file
2025-06-27 09:14:35,427 - __main__ - INFO - Found 10 current GTT orders in Kite API
2025-06-27 09:14:35,428 - __main__ - INFO - API Order 1: ID=278097454, Symbol=ONGC, Type=SELL, Status=active
2025-06-27 09:14:35,429 - __main__ - INFO - API Order 2: ID=278110159, Symbol=NTPC, Type=BUY, Status=active
2025-06-27 09:14:35,430 - __main__ - INFO - API Order 3: ID=278110157, Symbol=NTPC, Type=BUY, Status=active
2025-06-27 09:14:35,431 - __main__ - INFO - API Order 4: ID=278110154, Symbol=NTPC, Type=BUY, Status=active
2025-06-27 09:14:35,431 - __main__ - INFO - API Order 5: ID=278110153, Symbol=NTPC, Type=BUY, Status=active
2025-06-27 09:14:35,432 - __main__ - INFO - API Order 6: ID=278075503, Symbol=ONGC, Type=BUY, Status=active
2025-06-27 09:14:35,433 - __main__ - INFO - API Order 7: ID=278021230, Symbol=ONGC, Type=BUY, Status=active
2025-06-27 09:14:35,434 - __main__ - INFO - API Order 8: ID=278021229, Symbol=ONGC, Type=BUY, Status=active
2025-06-27 09:14:35,435 - __main__ - INFO - API Order 9: ID=278021228, Symbol=ONGC, Type=BUY, Status=active
2025-06-27 09:14:35,436 - __main__ - INFO - API Order 10: ID=278021226, Symbol=ONGC, Type=BUY, Status=active
2025-06-27 09:14:35,437 - __main__ - INFO - Found 0 active POWERGRID buy orders in Kite API
2025-06-27 09:14:35,882 - breeze_sdk_api - INFO - token = {'exchange_code': 'NSE', 'exchange_stock_code': 'POWERGRID', 'isec_stock_code': 'POWGRI', 'isec_token': '14977', 'company name': 'POWER GRID CORPORATION OF INDI', 'isec_token_level1': '4.1!14977', 'isec_token_level2': '4.2!14977'}
2025-06-27 09:14:35,883 - breeze_sdk_api - INFO - Got token name for POWERGRID: 4.1!14977
2025-06-27 09:14:36,297 - __main__ - INFO - Current price for POWERGRID: 295.0
2025-06-27 09:14:36,440 - __main__ - INFO - Found 0 actually active buy orders on exchange
2025-06-27 09:14:36,441 - __main__ - INFO - Starting fresh fall buy strategy from current price: 295.0
2025-06-27 09:14:36,902 - __main__ - INFO - Placing MARKET order 1: 1 shares @ LTP (295.00)
2025-06-27 09:14:37,359 - __main__ - ERROR - Failed to place MARKET order 1
2025-06-27 09:14:37,360 - __main__ - INFO - Total GTT orders placed: 0/5
2025-06-27 09:14:37,360 - __main__ - WARNING - WARNING: Only 0 out of 5 orders were placed successfully!
2025-06-27 09:14:37,361 - __main__ - WARNING - This could be due to:
2025-06-27 09:14:37,362 - __main__ - WARNING - 1. Order placement failures
2025-06-27 09:14:37,363 - __main__ - WARNING - 2. Similar price checks preventing orders
2025-06-27 09:14:37,364 - __main__ - WARNING - 3. API errors during order placement
2025-06-27 09:14:37,367 - __main__ - INFO - GTT history saved: 0 orders
2025-06-27 09:14:37,391 - __main__ - INFO - Loaded GTT history: 0 orders
2025-06-27 09:14:37,392 - __main__ - ERROR - No GTT orders were placed successfully
2025-06-27 09:14:37,393 - __main__ - INFO - Setting up real-time tick data monitoring...
2025-06-27 09:14:37,674 - breeze_sdk_api - INFO - Setting on_ticks function: <bound method BreezeApi.on_ticks of <breeze_sdk_api.BreezeApi object at 0x0000017D27A67E50>>
2025-06-27 09:14:37,674 - breeze_sdk_api - INFO - Successfully connected to WebSocket
2025-06-27 09:14:37,675 - __main__ - INFO - Connected to Breeze WebSocket for real-time data
2025-06-27 09:14:37,909 - breeze_sdk_api - INFO - token = {'exchange_code': 'NSE', 'exchange_stock_code': 'POWERGRID', 'isec_stock_code': 'POWGRI', 'isec_token': '14977', 'company name': 'POWER GRID CORPORATION OF INDI', 'isec_token_level1': '4.1!14977', 'isec_token_level2': '4.2!14977'}
2025-06-27 09:14:37,910 - breeze_sdk_api - INFO - Got token name for POWERGRID: 4.1!14977
2025-06-27 09:14:37,911 - __main__ - INFO - Stock token for tick data: 4.1!14977
2025-06-27 09:14:37,912 - breeze_sdk_api - INFO - Setting on_ticks function: <function main.<locals>.tick_handler at 0x0000017D27A92710>
2025-06-27 09:14:37,912 - __main__ - INFO - Tick handler set up successfully
2025-06-27 09:14:37,914 - breeze_sdk_api - INFO - Successfully subscribed to OHLC feed for token: 4.1!14977
2025-06-27 09:14:37,915 - __main__ - INFO - Subscribed to real-time feed for POWERGRID
2025-06-27 09:14:37,916 - __main__ - INFO - Real-time tick data monitoring is now active!
2025-06-27 09:14:37,917 - __main__ - INFO - The system will now respond to price changes in real-time
2025-06-27 09:14:37,918 - __main__ - INFO - GTT order monitoring started.
2025-06-27 09:14:37,918 - __main__ - INFO - Press Ctrl+C to stop manually.
2025-06-27 09:15:08,762 - __main__ - INFO - Received interrupt signal. Stopping monitoring...
2025-06-27 09:15:08,763 - __main__ - INFO - Monitoring stopped by user.
2025-06-27 09:15:08,764 - __main__ - INFO - Cleaning up WebSocket connection...
2025-06-27 09:15:08,765 - __main__ - INFO - WebSocket not initialized, skipping cleanup
2025-06-27 09:15:08,767 - __main__ - INFO - GTT Fall Buy strategy completed.
2025-06-27 09:15:33,450 - __main__ - INFO - Starting GTT Fall Buy strategy for POWERGRID on NSE
2025-06-27 09:15:36,070 - breeze_sdk_api - INFO - Successfully initialized Breeze API with credentials
2025-06-27 09:15:36,072 - __main__ - INFO - Successfully initialized Breeze API
2025-06-27 09:15:36,262 - __main__ - INFO - Successfully initialized Kite API
2025-06-27 09:15:36,264 - __main__ - INFO - Will place 5 GTT orders
2025-06-27 09:15:36,266 - __main__ - INFO - GTT history file is empty: workdir\orders\POWERGRID_gtt_history.json
2025-06-27 09:15:36,267 - __main__ - INFO - Found 0 existing GTT orders in history file
2025-06-27 09:15:36,455 - __main__ - INFO - Found 10 current GTT orders in Kite API
2025-06-27 09:15:36,456 - __main__ - INFO - API Order 1: ID=278097454, Symbol=ONGC, Type=SELL, Status=active
2025-06-27 09:15:36,458 - __main__ - INFO - API Order 2: ID=278110159, Symbol=NTPC, Type=BUY, Status=active
2025-06-27 09:15:36,459 - __main__ - INFO - API Order 3: ID=278110157, Symbol=NTPC, Type=BUY, Status=active
2025-06-27 09:15:36,460 - __main__ - INFO - API Order 4: ID=278110154, Symbol=NTPC, Type=BUY, Status=active
2025-06-27 09:15:36,462 - __main__ - INFO - API Order 5: ID=278110153, Symbol=NTPC, Type=BUY, Status=active
2025-06-27 09:15:36,463 - __main__ - INFO - API Order 6: ID=278075503, Symbol=ONGC, Type=BUY, Status=active
2025-06-27 09:15:36,464 - __main__ - INFO - API Order 7: ID=278021230, Symbol=ONGC, Type=BUY, Status=active
2025-06-27 09:15:36,466 - __main__ - INFO - API Order 8: ID=278021229, Symbol=ONGC, Type=BUY, Status=active
2025-06-27 09:15:36,468 - __main__ - INFO - API Order 9: ID=278021228, Symbol=ONGC, Type=BUY, Status=active
2025-06-27 09:15:36,469 - __main__ - INFO - API Order 10: ID=278021226, Symbol=ONGC, Type=BUY, Status=active
2025-06-27 09:15:36,471 - __main__ - INFO - Found 0 active POWERGRID buy orders in Kite API
2025-06-27 09:15:37,310 - breeze_sdk_api - INFO - token = {'exchange_code': 'NSE', 'exchange_stock_code': 'POWERGRID', 'isec_stock_code': 'POWGRI', 'isec_token': '14977', 'company name': 'POWER GRID CORPORATION OF INDI', 'isec_token_level1': '4.1!14977', 'isec_token_level2': '4.2!14977'}
2025-06-27 09:15:37,311 - breeze_sdk_api - INFO - Got token name for POWERGRID: 4.1!14977
2025-06-27 09:15:38,624 - __main__ - INFO - Current price for POWERGRID: 294.3
2025-06-27 09:15:38,827 - __main__ - INFO - Found 0 actually active buy orders on exchange
2025-06-27 09:15:38,828 - __main__ - INFO - Starting fresh fall buy strategy from current price: 294.3
2025-06-27 09:15:39,947 - __main__ - INFO - Placing MARKET order 1: 1 shares @ LTP (294.30)
2025-06-27 09:15:40,590 - __main__ - INFO - Successfully placed MARKET order 1: 250627120050140
2025-06-27 09:15:40,606 - __main__ - INFO - GTT history saved: 1 orders
2025-06-27 09:15:40,614 - __main__ - INFO - Placing GTT order 2: 2 shares @ 291.45 (trigger: 291.35)
2025-06-27 09:15:40,946 - __main__ - INFO - Successfully placed GTT order 2: 278170569
2025-06-27 09:15:40,953 - __main__ - INFO - GTT history saved: 2 orders
2025-06-27 09:15:40,973 - __main__ - INFO - Placing GTT order 3: 3 shares @ 288.65 (trigger: 288.55)
2025-06-27 09:15:41,210 - __main__ - INFO - Successfully placed GTT order 3: 278170572
2025-06-27 09:15:41,216 - __main__ - INFO - GTT history saved: 3 orders
2025-06-27 09:15:41,223 - __main__ - INFO - Placing GTT order 4: 4 shares @ 285.85 (trigger: 285.75)
2025-06-27 09:15:41,429 - __main__ - INFO - Successfully placed GTT order 4: 278170575
2025-06-27 09:15:41,436 - __main__ - INFO - GTT history saved: 4 orders
2025-06-27 09:15:41,444 - __main__ - INFO - Placing GTT order 5: 5 shares @ 283.10 (trigger: 283.00)
2025-06-27 09:15:41,663 - __main__ - INFO - Successfully placed GTT order 5: 278170580
2025-06-27 09:15:41,672 - __main__ - INFO - GTT history saved: 5 orders
2025-06-27 09:15:41,674 - __main__ - INFO - Total GTT orders placed: 5/5
2025-06-27 09:15:41,675 - __main__ - INFO - SUCCESS: All 5 orders were placed successfully!
2025-06-27 09:15:41,683 - __main__ - INFO - GTT history saved: 5 orders
2025-06-27 09:15:41,736 - __main__ - INFO - Loaded GTT history: 5 orders
2025-06-27 09:15:41,963 - __main__ - INFO - Total GTT orders in account: 14
2025-06-27 09:15:41,964 - __main__ - INFO - GTT Order: {'id': 278170580, 'user_id': 'OVF854', 'parent_trigger': None, 'type': 'single', 'created_at': '2025-06-27 09:15:41', 'updated_at': '2025-06-27 09:15:41', 'expires_at': '2026-06-27 09:15:41', 'status': 'active', 'condition': {'exchange': 'NSE', 'last_price': 294.3, 'tradingsymbol': 'POWERGRID', 'trigger_values': [283], 'instrument_token': 3834113}, 'orders': [{'exchange': 'NSE', 'tradingsymbol': 'POWERGRID', 'product': 'CNC', 'order_type': 'LIMIT', 'transaction_type': 'BUY', 'quantity': 5, 'price': 283.1, 'result': None}], 'meta': {}}
2025-06-27 09:15:41,966 - __main__ - INFO - GTT Order: {'id': 278170575, 'user_id': 'OVF854', 'parent_trigger': None, 'type': 'single', 'created_at': '2025-06-27 09:15:41', 'updated_at': '2025-06-27 09:15:41', 'expires_at': '2026-06-27 09:15:41', 'status': 'active', 'condition': {'exchange': 'NSE', 'last_price': 294.3, 'tradingsymbol': 'POWERGRID', 'trigger_values': [285.75], 'instrument_token': 3834113}, 'orders': [{'exchange': 'NSE', 'tradingsymbol': 'POWERGRID', 'product': 'CNC', 'order_type': 'LIMIT', 'transaction_type': 'BUY', 'quantity': 4, 'price': 285.85, 'result': None}], 'meta': {}}
2025-06-27 09:15:41,967 - __main__ - INFO - GTT Order: {'id': 278170572, 'user_id': 'OVF854', 'parent_trigger': None, 'type': 'single', 'created_at': '2025-06-27 09:15:41', 'updated_at': '2025-06-27 09:15:41', 'expires_at': '2026-06-27 09:15:41', 'status': 'active', 'condition': {'exchange': 'NSE', 'last_price': 294.3, 'tradingsymbol': 'POWERGRID', 'trigger_values': [288.55], 'instrument_token': 3834113}, 'orders': [{'exchange': 'NSE', 'tradingsymbol': 'POWERGRID', 'product': 'CNC', 'order_type': 'LIMIT', 'transaction_type': 'BUY', 'quantity': 3, 'price': 288.65, 'result': None}], 'meta': {}}
2025-06-27 09:15:41,969 - __main__ - INFO - GTT Order: {'id': 278170569, 'user_id': 'OVF854', 'parent_trigger': None, 'type': 'single', 'created_at': '2025-06-27 09:15:40', 'updated_at': '2025-06-27 09:15:40', 'expires_at': '2026-06-27 09:15:40', 'status': 'active', 'condition': {'exchange': 'NSE', 'last_price': 294.3, 'tradingsymbol': 'POWERGRID', 'trigger_values': [291.35], 'instrument_token': 3834113}, 'orders': [{'exchange': 'NSE', 'tradingsymbol': 'POWERGRID', 'product': 'CNC', 'order_type': 'LIMIT', 'transaction_type': 'BUY', 'quantity': 2, 'price': 291.45, 'result': None}], 'meta': {}}
2025-06-27 09:15:41,970 - __main__ - INFO - GTT Order: {'id': 278097454, 'user_id': 'OVF854', 'parent_trigger': None, 'type': 'single', 'created_at': '2025-06-26 14:04:55', 'updated_at': '2025-06-26 15:05:28', 'expires_at': '2026-06-26 14:04:55', 'status': 'active', 'condition': {'exchange': 'NSE', 'last_price': 244.68, 'tradingsymbol': 'ONGC', 'trigger_values': [261], 'instrument_token': 633601}, 'orders': [{'exchange': 'NSE', 'tradingsymbol': 'ONGC', 'product': 'CNC', 'order_type': 'LIMIT', 'transaction_type': 'SELL', 'quantity': 1, 'price': 260.55, 'result': None}], 'meta': {}}
2025-06-27 09:15:41,972 - __main__ - INFO - GTT Order: {'id': 278110159, 'user_id': 'OVF854', 'parent_trigger': None, 'type': 'single', 'created_at': '2025-06-26 14:48:57', 'updated_at': '2025-06-26 14:48:57', 'expires_at': '2026-06-26 14:48:57', 'status': 'active', 'condition': {'exchange': 'NSE', 'last_price': 336.75, 'tradingsymbol': 'NTPC', 'trigger_values': [323.8], 'instrument_token': 2977281}, 'orders': [{'exchange': 'NSE', 'tradingsymbol': 'NTPC', 'product': 'CNC', 'order_type': 'LIMIT', 'transaction_type': 'BUY', 'quantity': 5, 'price': 323.9, 'result': None}], 'meta': {}}
2025-06-27 09:15:41,973 - __main__ - INFO - GTT Order: {'id': 278110157, 'user_id': 'OVF854', 'parent_trigger': None, 'type': 'single', 'created_at': '2025-06-26 14:48:57', 'updated_at': '2025-06-26 14:48:57', 'expires_at': '2026-06-26 14:48:57', 'status': 'active', 'condition': {'exchange': 'NSE', 'last_price': 336.75, 'tradingsymbol': 'NTPC', 'trigger_values': [326.95], 'instrument_token': 2977281}, 'orders': [{'exchange': 'NSE', 'tradingsymbol': 'NTPC', 'product': 'CNC', 'order_type': 'LIMIT', 'transaction_type': 'BUY', 'quantity': 4, 'price': 327.05, 'result': None}], 'meta': {}}
2025-06-27 09:15:41,975 - __main__ - INFO - GTT Order: {'id': 278110154, 'user_id': 'OVF854', 'parent_trigger': None, 'type': 'single', 'created_at': '2025-06-26 14:48:56', 'updated_at': '2025-06-26 14:48:56', 'expires_at': '2026-06-26 14:48:56', 'status': 'active', 'condition': {'exchange': 'NSE', 'last_price': 336.75, 'tradingsymbol': 'NTPC', 'trigger_values': [330.15], 'instrument_token': 2977281}, 'orders': [{'exchange': 'NSE', 'tradingsymbol': 'NTPC', 'product': 'CNC', 'order_type': 'LIMIT', 'transaction_type': 'BUY', 'quantity': 3, 'price': 330.25, 'result': None}], 'meta': {}}
2025-06-27 09:15:41,976 - __main__ - INFO - GTT Order: {'id': 278110153, 'user_id': 'OVF854', 'parent_trigger': None, 'type': 'single', 'created_at': '2025-06-26 14:48:56', 'updated_at': '2025-06-26 14:48:56', 'expires_at': '2026-06-26 14:48:56', 'status': 'active', 'condition': {'exchange': 'NSE', 'last_price': 336.75, 'tradingsymbol': 'NTPC', 'trigger_values': [333.4], 'instrument_token': 2977281}, 'orders': [{'exchange': 'NSE', 'tradingsymbol': 'NTPC', 'product': 'CNC', 'order_type': 'LIMIT', 'transaction_type': 'BUY', 'quantity': 2, 'price': 333.5, 'result': None}], 'meta': {}}
2025-06-27 09:15:41,978 - __main__ - INFO - GTT Order: {'id': 278075503, 'user_id': 'OVF854', 'parent_trigger': None, 'type': 'single', 'created_at': '2025-06-26 12:45:34', 'updated_at': '2025-06-26 12:45:34', 'expires_at': '2026-06-26 12:45:34', 'status': 'active', 'condition': {'exchange': 'NSE', 'last_price': 243.23, 'tradingsymbol': 'ONGC', 'trigger_values': [230.3], 'instrument_token': 633601}, 'orders': [{'exchange': 'NSE', 'tradingsymbol': 'ONGC', 'product': 'CNC', 'order_type': 'LIMIT', 'transaction_type': 'BUY', 'quantity': 6, 'price': 228, 'result': None}], 'meta': {}}
2025-06-27 09:15:41,979 - __main__ - INFO - GTT Order: {'id': 278021230, 'user_id': 'OVF854', 'parent_trigger': None, 'type': 'single', 'created_at': '2025-06-26 09:56:38', 'updated_at': '2025-06-26 09:56:38', 'expires_at': '2026-06-26 09:56:38', 'status': 'active', 'condition': {'exchange': 'NSE', 'last_price': 242.73, 'tradingsymbol': 'ONGC', 'trigger_values': [232.61], 'instrument_token': 633601}, 'orders': [{'exchange': 'NSE', 'tradingsymbol': 'ONGC', 'product': 'CNC', 'order_type': 'LIMIT', 'transaction_type': 'BUY', 'quantity': 5, 'price': 232.63, 'result': None}], 'meta': {}}
2025-06-27 09:15:41,981 - __main__ - INFO - GTT Order: {'id': 278021229, 'user_id': 'OVF854', 'parent_trigger': None, 'type': 'single', 'created_at': '2025-06-26 09:56:38', 'updated_at': '2025-06-26 09:56:38', 'expires_at': '2026-06-26 09:56:38', 'status': 'active', 'condition': {'exchange': 'NSE', 'last_price': 242.73, 'tradingsymbol': 'ONGC', 'trigger_values': [234.94], 'instrument_token': 633601}, 'orders': [{'exchange': 'NSE', 'tradingsymbol': 'ONGC', 'product': 'CNC', 'order_type': 'LIMIT', 'transaction_type': 'BUY', 'quantity': 4, 'price': 234.96, 'result': None}], 'meta': {}}
2025-06-27 09:15:41,982 - __main__ - INFO - GTT Order: {'id': 278021228, 'user_id': 'OVF854', 'parent_trigger': None, 'type': 'single', 'created_at': '2025-06-26 09:56:38', 'updated_at': '2025-06-26 09:56:38', 'expires_at': '2026-06-26 09:56:38', 'status': 'active', 'condition': {'exchange': 'NSE', 'last_price': 242.73, 'tradingsymbol': 'ONGC', 'trigger_values': [237.29], 'instrument_token': 633601}, 'orders': [{'exchange': 'NSE', 'tradingsymbol': 'ONGC', 'product': 'CNC', 'order_type': 'LIMIT', 'transaction_type': 'BUY', 'quantity': 3, 'price': 237.31, 'result': None}], 'meta': {}}
2025-06-27 09:15:41,984 - __main__ - INFO - GTT Order: {'id': 278021226, 'user_id': 'OVF854', 'parent_trigger': None, 'type': 'single', 'created_at': '2025-06-26 09:56:38', 'updated_at': '2025-06-26 09:56:38', 'expires_at': '2026-06-26 09:56:38', 'status': 'active', 'condition': {'exchange': 'NSE', 'last_price': 242.73, 'tradingsymbol': 'ONGC', 'trigger_values': [239.67], 'instrument_token': 633601}, 'orders': [{'exchange': 'NSE', 'tradingsymbol': 'ONGC', 'product': 'CNC', 'order_type': 'LIMIT', 'transaction_type': 'BUY', 'quantity': 2, 'price': 239.69, 'result': None}], 'meta': {}}
2025-06-27 09:15:41,985 - __main__ - INFO - Setting up real-time tick data monitoring...
2025-06-27 09:15:42,898 - breeze_sdk_api - INFO - Setting on_ticks function: <bound method BreezeApi.on_ticks of <breeze_sdk_api.BreezeApi object at 0x000002774C3D7EB0>>
2025-06-27 09:15:42,900 - breeze_sdk_api - INFO - Successfully connected to WebSocket
2025-06-27 09:15:42,902 - __main__ - INFO - Connected to Breeze WebSocket for real-time data
2025-06-27 09:15:43,523 - breeze_sdk_api - INFO - token = {'exchange_code': 'NSE', 'exchange_stock_code': 'POWERGRID', 'isec_stock_code': 'POWGRI', 'isec_token': '14977', 'company name': 'POWER GRID CORPORATION OF INDI', 'isec_token_level1': '4.1!14977', 'isec_token_level2': '4.2!14977'}
2025-06-27 09:15:43,524 - breeze_sdk_api - INFO - Got token name for POWERGRID: 4.1!14977
2025-06-27 09:15:43,525 - __main__ - INFO - Stock token for tick data: 4.1!14977
2025-06-27 09:15:43,526 - breeze_sdk_api - INFO - Setting on_ticks function: <function main.<locals>.tick_handler at 0x000002774C403010>
2025-06-27 09:15:43,527 - __main__ - INFO - Tick handler set up successfully
2025-06-27 09:15:43,528 - breeze_sdk_api - INFO - Successfully subscribed to OHLC feed for token: 4.1!14977
2025-06-27 09:15:43,530 - __main__ - INFO - Subscribed to real-time feed for POWERGRID
2025-06-27 09:15:43,531 - __main__ - INFO - Real-time tick data monitoring is now active!
2025-06-27 09:15:43,532 - __main__ - INFO - The system will now respond to price changes in real-time
2025-06-27 09:15:43,534 - __main__ - INFO - GTT order monitoring started.
2025-06-27 09:15:43,535 - __main__ - INFO - Press Ctrl+C to stop manually.
2025-06-27 09:16:43,815 - breeze_sdk_api - INFO - token = {'exchange_code': 'NSE', 'exchange_stock_code': 'POWERGRID', 'isec_stock_code': 'POWGRI', 'isec_token': '14977', 'company name': 'POWER GRID CORPORATION OF INDI', 'isec_token_level1': '4.1!14977', 'isec_token_level2': '4.2!14977'}
2025-06-27 09:16:43,816 - breeze_sdk_api - INFO - Got token name for POWERGRID: 4.1!14977
2025-06-27 09:16:44,114 - __main__ - INFO - Periodic monitoring check at price: 294.80
2025-06-27 09:16:44,115 - __main__ - WARNING - Error during periodic monitoring check: name 'logger' is not defined
2025-06-27 09:17:14,371 - breeze_sdk_api - INFO - token = {'exchange_code': 'NSE', 'exchange_stock_code': 'POWERGRID', 'isec_stock_code': 'POWGRI', 'isec_token': '14977', 'company name': 'POWER GRID CORPORATION OF INDI', 'isec_token_level1': '4.1!14977', 'isec_token_level2': '4.2!14977'}
2025-06-27 09:17:14,372 - breeze_sdk_api - INFO - Got token name for POWERGRID: 4.1!14977
2025-06-27 09:17:14,799 - __main__ - INFO - Periodic monitoring check at price: 294.85
2025-06-27 09:17:14,799 - __main__ - WARNING - Error during periodic monitoring check: name 'logger' is not defined
2025-06-27 09:17:44,908 - breeze_sdk_api - INFO - token = {'exchange_code': 'NSE', 'exchange_stock_code': 'POWERGRID', 'isec_stock_code': 'POWGRI', 'isec_token': '14977', 'company name': 'POWER GRID CORPORATION OF INDI', 'isec_token_level1': '4.1!14977', 'isec_token_level2': '4.2!14977'}
2025-06-27 09:17:44,909 - breeze_sdk_api - INFO - Got token name for POWERGRID: 4.1!14977
2025-06-27 09:17:45,140 - __main__ - INFO - Periodic monitoring check at price: 294.45
2025-06-27 09:17:45,141 - __main__ - WARNING - Error during periodic monitoring check: name 'logger' is not defined
2025-06-27 09:18:15,282 - breeze_sdk_api - INFO - token = {'exchange_code': 'NSE', 'exchange_stock_code': 'POWERGRID', 'isec_stock_code': 'POWGRI', 'isec_token': '14977', 'company name': 'POWER GRID CORPORATION OF INDI', 'isec_token_level1': '4.1!14977', 'isec_token_level2': '4.2!14977'}
2025-06-27 09:18:15,282 - breeze_sdk_api - INFO - Got token name for POWERGRID: 4.1!14977
2025-06-27 09:18:15,555 - __main__ - INFO - Periodic monitoring check at price: 294.70
2025-06-27 09:18:15,555 - __main__ - WARNING - Error during periodic monitoring check: name 'logger' is not defined
2025-06-27 09:18:45,663 - breeze_sdk_api - INFO - token = {'exchange_code': 'NSE', 'exchange_stock_code': 'POWERGRID', 'isec_stock_code': 'POWGRI', 'isec_token': '14977', 'company name': 'POWER GRID CORPORATION OF INDI', 'isec_token_level1': '4.1!14977', 'isec_token_level2': '4.2!14977'}
2025-06-27 09:18:45,664 - breeze_sdk_api - INFO - Got token name for POWERGRID: 4.1!14977
2025-06-27 09:18:45,900 - __main__ - INFO - Periodic monitoring check at price: 294.85
2025-06-27 09:18:45,901 - __main__ - WARNING - Error during periodic monitoring check: name 'logger' is not defined
2025-06-27 09:19:16,060 - breeze_sdk_api - INFO - token = {'exchange_code': 'NSE', 'exchange_stock_code': 'POWERGRID', 'isec_stock_code': 'POWGRI', 'isec_token': '14977', 'company name': 'POWER GRID CORPORATION OF INDI', 'isec_token_level1': '4.1!14977', 'isec_token_level2': '4.2!14977'}
2025-06-27 09:19:16,061 - breeze_sdk_api - INFO - Got token name for POWERGRID: 4.1!14977
2025-06-27 09:19:16,340 - __main__ - INFO - Periodic monitoring check at price: 294.95
2025-06-27 09:19:16,340 - __main__ - WARNING - Error during periodic monitoring check: name 'logger' is not defined
2025-06-27 09:19:46,456 - breeze_sdk_api - INFO - token = {'exchange_code': 'NSE', 'exchange_stock_code': 'POWERGRID', 'isec_stock_code': 'POWGRI', 'isec_token': '14977', 'company name': 'POWER GRID CORPORATION OF INDI', 'isec_token_level1': '4.1!14977', 'isec_token_level2': '4.2!14977'}
2025-06-27 09:19:46,456 - breeze_sdk_api - INFO - Got token name for POWERGRID: 4.1!14977
2025-06-27 09:19:46,713 - __main__ - INFO - Periodic monitoring check at price: 295.00
2025-06-27 09:19:46,714 - __main__ - WARNING - Error during periodic monitoring check: name 'logger' is not defined
2025-06-27 09:20:16,869 - breeze_sdk_api - INFO - token = {'exchange_code': 'NSE', 'exchange_stock_code': 'POWERGRID', 'isec_stock_code': 'POWGRI', 'isec_token': '14977', 'company name': 'POWER GRID CORPORATION OF INDI', 'isec_token_level1': '4.1!14977', 'isec_token_level2': '4.2!14977'}
2025-06-27 09:20:16,869 - breeze_sdk_api - INFO - Got token name for POWERGRID: 4.1!14977
2025-06-27 09:20:17,094 - __main__ - INFO - Periodic monitoring check at price: 294.80
2025-06-27 09:20:17,094 - __main__ - WARNING - Error during periodic monitoring check: name 'logger' is not defined
2025-06-27 09:20:47,236 - breeze_sdk_api - INFO - token = {'exchange_code': 'NSE', 'exchange_stock_code': 'POWERGRID', 'isec_stock_code': 'POWGRI', 'isec_token': '14977', 'company name': 'POWER GRID CORPORATION OF INDI', 'isec_token_level1': '4.1!14977', 'isec_token_level2': '4.2!14977'}
2025-06-27 09:20:47,237 - breeze_sdk_api - INFO - Got token name for POWERGRID: 4.1!14977
2025-06-27 09:20:47,556 - __main__ - INFO - Periodic monitoring check at price: 294.95
2025-06-27 09:20:47,556 - __main__ - WARNING - Error during periodic monitoring check: name 'logger' is not defined
2025-06-27 09:21:17,705 - breeze_sdk_api - INFO - token = {'exchange_code': 'NSE', 'exchange_stock_code': 'POWERGRID', 'isec_stock_code': 'POWGRI', 'isec_token': '14977', 'company name': 'POWER GRID CORPORATION OF INDI', 'isec_token_level1': '4.1!14977', 'isec_token_level2': '4.2!14977'}
2025-06-27 09:21:17,706 - breeze_sdk_api - INFO - Got token name for POWERGRID: 4.1!14977
2025-06-27 09:21:17,926 - __main__ - INFO - Periodic monitoring check at price: 295.00
2025-06-27 09:21:17,927 - __main__ - WARNING - Error during periodic monitoring check: name 'logger' is not defined
2025-06-27 09:21:48,046 - breeze_sdk_api - INFO - token = {'exchange_code': 'NSE', 'exchange_stock_code': 'POWERGRID', 'isec_stock_code': 'POWGRI', 'isec_token': '14977', 'company name': 'POWER GRID CORPORATION OF INDI', 'isec_token_level1': '4.1!14977', 'isec_token_level2': '4.2!14977'}
2025-06-27 09:21:48,046 - breeze_sdk_api - INFO - Got token name for POWERGRID: 4.1!14977
2025-06-27 09:21:48,273 - __main__ - INFO - Periodic monitoring check at price: 294.85
2025-06-27 09:21:48,274 - __main__ - WARNING - Error during periodic monitoring check: name 'logger' is not defined
2025-06-27 09:22:18,389 - breeze_sdk_api - INFO - token = {'exchange_code': 'NSE', 'exchange_stock_code': 'POWERGRID', 'isec_stock_code': 'POWGRI', 'isec_token': '14977', 'company name': 'POWER GRID CORPORATION OF INDI', 'isec_token_level1': '4.1!14977', 'isec_token_level2': '4.2!14977'}
2025-06-27 09:22:18,389 - breeze_sdk_api - INFO - Got token name for POWERGRID: 4.1!14977
2025-06-27 09:22:18,748 - __main__ - INFO - Periodic monitoring check at price: 294.60
2025-06-27 09:22:18,748 - __main__ - WARNING - Error during periodic monitoring check: name 'logger' is not defined
2025-06-27 09:22:48,858 - breeze_sdk_api - INFO - token = {'exchange_code': 'NSE', 'exchange_stock_code': 'POWERGRID', 'isec_stock_code': 'POWGRI', 'isec_token': '14977', 'company name': 'POWER GRID CORPORATION OF INDI', 'isec_token_level1': '4.1!14977', 'isec_token_level2': '4.2!14977'}
2025-06-27 09:22:48,858 - breeze_sdk_api - INFO - Got token name for POWERGRID: 4.1!14977
2025-06-27 09:22:49,101 - __main__ - INFO - Periodic monitoring check at price: 294.60
2025-06-27 09:22:49,102 - __main__ - WARNING - Error during periodic monitoring check: name 'logger' is not defined
2025-06-27 09:23:19,213 - breeze_sdk_api - INFO - token = {'exchange_code': 'NSE', 'exchange_stock_code': 'POWERGRID', 'isec_stock_code': 'POWGRI', 'isec_token': '14977', 'company name': 'POWER GRID CORPORATION OF INDI', 'isec_token_level1': '4.1!14977', 'isec_token_level2': '4.2!14977'}
2025-06-27 09:23:19,213 - breeze_sdk_api - INFO - Got token name for POWERGRID: 4.1!14977
2025-06-27 09:23:19,480 - __main__ - INFO - Periodic monitoring check at price: 294.40
2025-06-27 09:23:19,481 - __main__ - WARNING - Error during periodic monitoring check: name 'logger' is not defined
2025-06-27 09:23:49,616 - breeze_sdk_api - INFO - token = {'exchange_code': 'NSE', 'exchange_stock_code': 'POWERGRID', 'isec_stock_code': 'POWGRI', 'isec_token': '14977', 'company name': 'POWER GRID CORPORATION OF INDI', 'isec_token_level1': '4.1!14977', 'isec_token_level2': '4.2!14977'}
2025-06-27 09:23:49,616 - breeze_sdk_api - INFO - Got token name for POWERGRID: 4.1!14977
2025-06-27 09:23:49,903 - __main__ - INFO - Periodic monitoring check at price: 294.40
2025-06-27 09:23:49,904 - __main__ - WARNING - Error during periodic monitoring check: name 'logger' is not defined
2025-06-27 09:24:20,010 - breeze_sdk_api - INFO - token = {'exchange_code': 'NSE', 'exchange_stock_code': 'POWERGRID', 'isec_stock_code': 'POWGRI', 'isec_token': '14977', 'company name': 'POWER GRID CORPORATION OF INDI', 'isec_token_level1': '4.1!14977', 'isec_token_level2': '4.2!14977'}
2025-06-27 09:24:20,010 - breeze_sdk_api - INFO - Got token name for POWERGRID: 4.1!14977
2025-06-27 09:24:20,226 - __main__ - INFO - Periodic monitoring check at price: 294.50
2025-06-27 09:24:20,227 - __main__ - WARNING - Error during periodic monitoring check: name 'logger' is not defined
2025-06-27 09:24:50,334 - breeze_sdk_api - INFO - token = {'exchange_code': 'NSE', 'exchange_stock_code': 'POWERGRID', 'isec_stock_code': 'POWGRI', 'isec_token': '14977', 'company name': 'POWER GRID CORPORATION OF INDI', 'isec_token_level1': '4.1!14977', 'isec_token_level2': '4.2!14977'}
2025-06-27 09:24:50,335 - breeze_sdk_api - INFO - Got token name for POWERGRID: 4.1!14977
2025-06-27 09:24:50,587 - __main__ - INFO - Periodic monitoring check at price: 294.55
2025-06-27 09:24:50,587 - __main__ - WARNING - Error during periodic monitoring check: name 'logger' is not defined
2025-06-27 09:25:20,719 - breeze_sdk_api - INFO - token = {'exchange_code': 'NSE', 'exchange_stock_code': 'POWERGRID', 'isec_stock_code': 'POWGRI', 'isec_token': '14977', 'company name': 'POWER GRID CORPORATION OF INDI', 'isec_token_level1': '4.1!14977', 'isec_token_level2': '4.2!14977'}
2025-06-27 09:25:20,719 - breeze_sdk_api - INFO - Got token name for POWERGRID: 4.1!14977
2025-06-27 09:25:20,970 - __main__ - INFO - Periodic monitoring check at price: 294.65
2025-06-27 09:25:20,970 - __main__ - WARNING - Error during periodic monitoring check: name 'logger' is not defined
2025-06-27 09:25:51,097 - breeze_sdk_api - INFO - token = {'exchange_code': 'NSE', 'exchange_stock_code': 'POWERGRID', 'isec_stock_code': 'POWGRI', 'isec_token': '14977', 'company name': 'POWER GRID CORPORATION OF INDI', 'isec_token_level1': '4.1!14977', 'isec_token_level2': '4.2!14977'}
2025-06-27 09:25:51,097 - breeze_sdk_api - INFO - Got token name for POWERGRID: 4.1!14977
2025-06-27 09:25:51,330 - __main__ - INFO - Periodic monitoring check at price: 294.55
2025-06-27 09:25:51,331 - __main__ - WARNING - Error during periodic monitoring check: name 'logger' is not defined
2025-06-27 09:26:21,484 - breeze_sdk_api - INFO - token = {'exchange_code': 'NSE', 'exchange_stock_code': 'POWERGRID', 'isec_stock_code': 'POWGRI', 'isec_token': '14977', 'company name': 'POWER GRID CORPORATION OF INDI', 'isec_token_level1': '4.1!14977', 'isec_token_level2': '4.2!14977'}
2025-06-27 09:26:21,484 - breeze_sdk_api - INFO - Got token name for POWERGRID: 4.1!14977
2025-06-27 09:26:21,781 - __main__ - INFO - Periodic monitoring check at price: 294.50
2025-06-27 09:26:21,782 - __main__ - WARNING - Error during periodic monitoring check: name 'logger' is not defined
2025-06-27 09:26:24,237 - __main__ - INFO - Received interrupt signal. Stopping monitoring...
2025-06-27 09:26:24,237 - __main__ - INFO - Monitoring stopped by user.
2025-06-27 09:26:24,238 - __main__ - INFO - Cleaning up WebSocket connection...
2025-06-27 09:26:24,239 - __main__ - INFO - WebSocket not initialized, skipping cleanup
2025-06-27 09:26:24,239 - __main__ - INFO - GTT Fall Buy strategy completed.
2025-06-27 09:26:28,308 - __main__ - INFO - Starting GTT Fall Buy strategy for POWERGRID on NSE
2025-06-27 09:26:29,364 - breeze_sdk_api - INFO - Successfully initialized Breeze API with credentials
2025-06-27 09:26:29,364 - __main__ - INFO - Successfully initialized Breeze API
2025-06-27 09:26:29,550 - __main__ - INFO - Successfully initialized Kite API
2025-06-27 09:26:29,551 - __main__ - INFO - Will place 5 GTT orders
2025-06-27 09:26:29,553 - __main__ - INFO - Loaded GTT history: 5 orders
2025-06-27 09:26:29,554 - __main__ - INFO - Found 5 existing GTT orders in history file
2025-06-27 09:26:29,653 - __main__ - INFO - Found 14 current GTT orders in Kite API
2025-06-27 09:26:29,654 - __main__ - INFO - API Order 1: ID=278170580, Symbol=POWERGRID, Type=BUY, Status=active
2025-06-27 09:26:29,654 - __main__ - INFO - API Order 2: ID=278170575, Symbol=POWERGRID, Type=BUY, Status=active
2025-06-27 09:26:29,655 - __main__ - INFO - API Order 3: ID=278170572, Symbol=POWERGRID, Type=BUY, Status=active
2025-06-27 09:26:29,655 - __main__ - INFO - API Order 4: ID=278170569, Symbol=POWERGRID, Type=BUY, Status=active
2025-06-27 09:26:29,656 - __main__ - INFO - API Order 5: ID=278097454, Symbol=ONGC, Type=SELL, Status=active
2025-06-27 09:26:29,657 - __main__ - INFO - API Order 6: ID=278110159, Symbol=NTPC, Type=BUY, Status=active
2025-06-27 09:26:29,657 - __main__ - INFO - API Order 7: ID=278110157, Symbol=NTPC, Type=BUY, Status=active
2025-06-27 09:26:29,658 - __main__ - INFO - API Order 8: ID=278110154, Symbol=NTPC, Type=BUY, Status=active
2025-06-27 09:26:29,658 - __main__ - INFO - API Order 9: ID=278110153, Symbol=NTPC, Type=BUY, Status=active
2025-06-27 09:26:29,659 - __main__ - INFO - API Order 10: ID=278075503, Symbol=ONGC, Type=BUY, Status=active
2025-06-27 09:26:29,659 - __main__ - INFO - API Order 11: ID=278021230, Symbol=ONGC, Type=BUY, Status=active
2025-06-27 09:26:29,660 - __main__ - INFO - API Order 12: ID=278021229, Symbol=ONGC, Type=BUY, Status=active
2025-06-27 09:26:29,661 - __main__ - INFO - API Order 13: ID=278021228, Symbol=ONGC, Type=BUY, Status=active
2025-06-27 09:26:29,661 - __main__ - INFO - API Order 14: ID=278021226, Symbol=ONGC, Type=BUY, Status=active
2025-06-27 09:26:29,661 - __main__ - INFO - Found 4 active POWERGRID buy orders in Kite API
2025-06-27 09:26:29,662 - __main__ - INFO - Already have 5 active buy orders in history file. No need to place new orders.
2025-06-27 09:26:29,662 - __main__ - INFO - If you want to place new orders, first cancel existing ones using --cancel_orders flag.
2025-06-27 09:26:29,663 - __main__ - INFO - Using 5 existing orders for monitoring
2025-06-27 09:26:29,663 - __main__ - INFO - Setting up real-time tick data monitoring...
2025-06-27 09:26:29,961 - breeze_sdk_api - INFO - Setting on_ticks function: <bound method BreezeApi.on_ticks of <breeze_sdk_api.BreezeApi object at 0x00000195C8707E80>>
2025-06-27 09:26:29,962 - breeze_sdk_api - INFO - Successfully connected to WebSocket
2025-06-27 09:26:29,962 - __main__ - INFO - Connected to Breeze WebSocket for real-time data
2025-06-27 09:26:30,101 - breeze_sdk_api - INFO - token = {'exchange_code': 'NSE', 'exchange_stock_code': 'POWERGRID', 'isec_stock_code': 'POWGRI', 'isec_token': '14977', 'company name': 'POWER GRID CORPORATION OF INDI', 'isec_token_level1': '4.1!14977', 'isec_token_level2': '4.2!14977'}
2025-06-27 09:26:30,101 - breeze_sdk_api - INFO - Got token name for POWERGRID: 4.1!14977
2025-06-27 09:26:30,101 - __main__ - INFO - Stock token for tick data: 4.1!14977
2025-06-27 09:26:30,102 - breeze_sdk_api - INFO - Setting on_ticks function: <function main.<locals>.tick_handler at 0x00000195C8726320>
2025-06-27 09:26:30,102 - __main__ - INFO - Tick handler set up successfully
2025-06-27 09:26:30,103 - breeze_sdk_api - INFO - Successfully subscribed to OHLC feed for token: 4.1!14977
2025-06-27 09:26:30,103 - __main__ - INFO - Subscribed to real-time feed for POWERGRID
2025-06-27 09:26:30,104 - __main__ - INFO - Real-time tick data monitoring is now active!
2025-06-27 09:26:30,104 - __main__ - INFO - The system will now respond to price changes in real-time
2025-06-27 20:00:50,757 - __main__ - INFO - Program terminated by user
