2026-01-06 10:23:51,201 - __main__ - INFO - Using max_fall_pct from config: 10.0
2026-01-06 10:23:51,201 - __main__ - INFO - Using fall_power from config: 1.7
2026-01-06 10:23:51,201 - __main__ - INFO - Using size_power from config: 1.6
2026-01-06 10:23:51,201 - __main__ - INFO - Using size_multiplier from config: 3.8
2026-01-06 10:23:51,201 - __main__ - INFO - Convex accumulation parameters:
2026-01-06 10:23:51,201 - __main__ - INFO -   Steps: 15
2026-01-06 10:23:51,201 - __main__ - INFO -   Base shares: 5
2026-01-06 10:23:51,201 - __main__ - INFO -   Max fall: 10.0%
2026-01-06 10:23:51,201 - __main__ - INFO -   Fall power: 1.7
2026-01-06 10:23:51,201 - __main__ - INFO -   Size power: 1.6
2026-01-06 10:23:51,201 - __main__ - INFO -   Size multiplier: 3.8
2026-01-06 10:23:51,201 - __main__ - INFO - Initializing Convex Accumulation Order Scheduler for WIPRO
2026-01-06 10:23:51,201 - __main__ - INFO - Steps: 15, Current price: Rs.264.6
2026-01-06 10:23:51,202 - __main__ - INFO - Configuration loaded successfully
2026-01-06 10:23:51,203 - __main__ - INFO - Starting convex accumulation order scheduling process
2026-01-06 10:23:51,339 - __main__ - INFO - Successfully connected to Kite Connect
2026-01-06 10:23:51,339 - __main__ - WARNING - pytz not available, assuming market is closed - will skip first order
2026-01-06 10:23:51,340 - __main__ - INFO - Using provided current price as base: Rs.264.6
2026-01-06 10:23:51,340 - __main__ - INFO - Market is closed - skipping first order and starting with GTT orders
2026-01-06 10:23:51,340 - __main__ - INFO - Order 1: SKIPPED (Market closed - AMO not supported)
2026-01-06 10:23:51,340 - __main__ - INFO - Order 2: Price: Rs.264.3, Trigger: Rs.264.0, Type: GTT ORDER, Fall: 0.11%, Quantity: 5, Value: Rs.1321.5
2026-01-06 10:23:51,340 - __main__ - INFO - Order 3: Price: Rs.263.6, Trigger: Rs.263.3, Type: GTT ORDER, Fall: 0.37%, Quantity: 6, Value: Rs.1581.6
2026-01-06 10:23:51,340 - __main__ - INFO - Order 4: Price: Rs.262.7, Trigger: Rs.262.4, Type: GTT ORDER, Fall: 0.73%, Quantity: 7, Value: Rs.1838.9
2026-01-06 10:23:51,340 - __main__ - INFO - Order 5: Price: Rs.261.5, Trigger: Rs.261.2, Type: GTT ORDER, Fall: 1.19%, Quantity: 8, Value: Rs.2092.0
2026-01-06 10:23:51,340 - __main__ - INFO - Order 6: Price: Rs.260.0, Trigger: Rs.259.7, Type: GTT ORDER, Fall: 1.74%, Quantity: 9, Value: Rs.2340.0
2026-01-06 10:23:51,340 - __main__ - INFO - Order 7: Price: Rs.258.3, Trigger: Rs.258.0, Type: GTT ORDER, Fall: 2.37%, Quantity: 10, Value: Rs.2583.0
2026-01-06 10:23:51,340 - __main__ - INFO - Order 8: Price: Rs.256.5, Trigger: Rs.256.2, Type: GTT ORDER, Fall: 3.08%, Quantity: 11, Value: Rs.2821.5
2026-01-06 10:23:51,340 - __main__ - INFO - Order 9: Price: Rs.254.4, Trigger: Rs.254.1, Type: GTT ORDER, Fall: 3.86%, Quantity: 13, Value: Rs.3307.2
2026-01-06 10:23:51,340 - __main__ - INFO - Order 10: Price: Rs.252.1, Trigger: Rs.251.8, Type: GTT ORDER, Fall: 4.72%, Quantity: 14, Value: Rs.3529.4
2026-01-06 10:23:51,340 - __main__ - INFO - Order 11: Price: Rs.249.7, Trigger: Rs.249.5, Type: GTT ORDER, Fall: 5.64%, Quantity: 16, Value: Rs.3995.2
2026-01-06 10:23:51,340 - __main__ - INFO - Order 12: Price: Rs.247.0, Trigger: Rs.246.8, Type: GTT ORDER, Fall: 6.64%, Quantity: 18, Value: Rs.4446.0
2026-01-06 10:23:51,340 - __main__ - INFO - Order 13: Price: Rs.244.2, Trigger: Rs.244.0, Type: GTT ORDER, Fall: 7.69%, Quantity: 20, Value: Rs.4884.0
2026-01-06 10:23:51,340 - __main__ - INFO - Order 14: Price: Rs.241.3, Trigger: Rs.241.1, Type: GTT ORDER, Fall: 8.82%, Quantity: 22, Value: Rs.5308.6
2026-01-06 10:23:51,340 - __main__ - INFO - Order 15: Price: Rs.238.1, Trigger: Rs.237.9, Type: GTT ORDER, Fall: 10.00%, Quantity: 24, Value: Rs.5714.4
2026-01-06 10:23:58,749 - __main__ - INFO - Order placement cancelled by user
2026-01-06 10:24:06,280 - __main__ - INFO - Using max_fall_pct from config: 10.0
2026-01-06 10:24:06,280 - __main__ - INFO - Using fall_power from config: 1.7
2026-01-06 10:24:06,280 - __main__ - INFO - Using size_power from config: 1.6
2026-01-06 10:24:06,280 - __main__ - INFO - Using size_multiplier from config: 3.8
2026-01-06 10:24:06,280 - __main__ - INFO - Convex accumulation parameters:
2026-01-06 10:24:06,280 - __main__ - INFO -   Steps: 10
2026-01-06 10:24:06,280 - __main__ - INFO -   Base shares: 5
2026-01-06 10:24:06,280 - __main__ - INFO -   Max fall: 10.0%
2026-01-06 10:24:06,280 - __main__ - INFO -   Fall power: 1.7
2026-01-06 10:24:06,280 - __main__ - INFO -   Size power: 1.6
2026-01-06 10:24:06,280 - __main__ - INFO -   Size multiplier: 3.8
2026-01-06 10:24:06,280 - __main__ - INFO - Initializing Convex Accumulation Order Scheduler for WIPRO
2026-01-06 10:24:06,280 - __main__ - INFO - Steps: 10, Current price: Rs.264.6
2026-01-06 10:24:06,281 - __main__ - INFO - Configuration loaded successfully
2026-01-06 10:24:06,281 - __main__ - INFO - Starting convex accumulation order scheduling process
2026-01-06 10:24:06,397 - __main__ - INFO - Successfully connected to Kite Connect
2026-01-06 10:24:06,397 - __main__ - WARNING - pytz not available, assuming market is closed - will skip first order
2026-01-06 10:24:06,397 - __main__ - INFO - Using provided current price as base: Rs.264.6
2026-01-06 10:24:06,397 - __main__ - INFO - Market is closed - skipping first order and starting with GTT orders
2026-01-06 10:24:06,397 - __main__ - INFO - Order 1: SKIPPED (Market closed - AMO not supported)
2026-01-06 10:24:06,397 - __main__ - INFO - Order 2: Price: Rs.264.0, Trigger: Rs.263.7, Type: GTT ORDER, Fall: 0.24%, Quantity: 6, Value: Rs.1584.0
2026-01-06 10:24:06,398 - __main__ - INFO - Order 3: Price: Rs.262.5, Trigger: Rs.262.2, Type: GTT ORDER, Fall: 0.78%, Quantity: 7, Value: Rs.1837.5
2026-01-06 10:24:06,398 - __main__ - INFO - Order 4: Price: Rs.260.5, Trigger: Rs.260.2, Type: GTT ORDER, Fall: 1.54%, Quantity: 8, Value: Rs.2084.0
2026-01-06 10:24:06,398 - __main__ - INFO - Order 5: Price: Rs.257.9, Trigger: Rs.257.6, Type: GTT ORDER, Fall: 2.52%, Quantity: 10, Value: Rs.2579.0
2026-01-06 10:24:06,398 - __main__ - INFO - Order 6: Price: Rs.254.9, Trigger: Rs.254.6, Type: GTT ORDER, Fall: 3.68%, Quantity: 12, Value: Rs.3058.8
2026-01-06 10:24:06,398 - __main__ - INFO - Order 7: Price: Rs.251.3, Trigger: Rs.251.0, Type: GTT ORDER, Fall: 5.02%, Quantity: 15, Value: Rs.3769.5
2026-01-06 10:24:06,398 - __main__ - INFO - Order 8: Price: Rs.247.3, Trigger: Rs.247.1, Type: GTT ORDER, Fall: 6.52%, Quantity: 18, Value: Rs.4451.4
2026-01-06 10:24:06,398 - __main__ - INFO - Order 9: Price: Rs.242.9, Trigger: Rs.242.7, Type: GTT ORDER, Fall: 8.19%, Quantity: 21, Value: Rs.5100.9
2026-01-06 10:24:06,398 - __main__ - INFO - Order 10: Price: Rs.238.1, Trigger: Rs.237.9, Type: GTT ORDER, Fall: 10.00%, Quantity: 24, Value: Rs.5714.4
2026-01-06 10:24:11,435 - __main__ - INFO - Order placement cancelled by user
2026-01-06 10:24:20,587 - __main__ - INFO - Using max_fall_pct from config: 10.0
2026-01-06 10:24:20,587 - __main__ - INFO - Using fall_power from config: 1.7
2026-01-06 10:24:20,587 - __main__ - INFO - Using size_power from config: 1.6
2026-01-06 10:24:20,587 - __main__ - INFO - Using size_multiplier from config: 3.8
2026-01-06 10:24:20,587 - __main__ - INFO - Convex accumulation parameters:
2026-01-06 10:24:20,587 - __main__ - INFO -   Steps: 11
2026-01-06 10:24:20,587 - __main__ - INFO -   Base shares: 5
2026-01-06 10:24:20,587 - __main__ - INFO -   Max fall: 10.0%
2026-01-06 10:24:20,587 - __main__ - INFO -   Fall power: 1.7
2026-01-06 10:24:20,587 - __main__ - INFO -   Size power: 1.6
2026-01-06 10:24:20,587 - __main__ - INFO -   Size multiplier: 3.8
2026-01-06 10:24:20,587 - __main__ - INFO - Initializing Convex Accumulation Order Scheduler for WIPRO
2026-01-06 10:24:20,587 - __main__ - INFO - Steps: 11, Current price: Rs.264.6
2026-01-06 10:24:20,588 - __main__ - INFO - Configuration loaded successfully
2026-01-06 10:24:20,589 - __main__ - INFO - Starting convex accumulation order scheduling process
2026-01-06 10:24:20,729 - __main__ - INFO - Successfully connected to Kite Connect
2026-01-06 10:24:20,729 - __main__ - WARNING - pytz not available, assuming market is closed - will skip first order
2026-01-06 10:24:20,729 - __main__ - INFO - Using provided current price as base: Rs.264.6
2026-01-06 10:24:20,729 - __main__ - INFO - Market is closed - skipping first order and starting with GTT orders
2026-01-06 10:24:20,729 - __main__ - INFO - Order 1: SKIPPED (Market closed - AMO not supported)
2026-01-06 10:24:20,729 - __main__ - INFO - Order 2: Price: Rs.264.1, Trigger: Rs.263.8, Type: GTT ORDER, Fall: 0.20%, Quantity: 5, Value: Rs.1320.5
2026-01-06 10:24:20,729 - __main__ - INFO - Order 3: Price: Rs.262.9, Trigger: Rs.262.6, Type: GTT ORDER, Fall: 0.65%, Quantity: 6, Value: Rs.1577.4
2026-01-06 10:24:20,729 - __main__ - INFO - Order 4: Price: Rs.261.2, Trigger: Rs.260.9, Type: GTT ORDER, Fall: 1.29%, Quantity: 8, Value: Rs.2089.6
2026-01-06 10:24:20,729 - __main__ - INFO - Order 5: Price: Rs.259.0, Trigger: Rs.258.7, Type: GTT ORDER, Fall: 2.11%, Quantity: 9, Value: Rs.2331.0
2026-01-06 10:24:20,729 - __main__ - INFO - Order 6: Price: Rs.256.5, Trigger: Rs.256.2, Type: GTT ORDER, Fall: 3.08%, Quantity: 11, Value: Rs.2821.5
2026-01-06 10:24:20,729 - __main__ - INFO - Order 7: Price: Rs.253.5, Trigger: Rs.253.2, Type: GTT ORDER, Fall: 4.20%, Quantity: 13, Value: Rs.3295.5
2026-01-06 10:24:20,729 - __main__ - INFO - Order 8: Price: Rs.250.2, Trigger: Rs.249.9, Type: GTT ORDER, Fall: 5.45%, Quantity: 16, Value: Rs.4003.2
2026-01-06 10:24:20,729 - __main__ - INFO - Order 9: Price: Rs.246.5, Trigger: Rs.246.3, Type: GTT ORDER, Fall: 6.84%, Quantity: 18, Value: Rs.4437.0
2026-01-06 10:24:20,729 - __main__ - INFO - Order 10: Price: Rs.242.5, Trigger: Rs.242.3, Type: GTT ORDER, Fall: 8.36%, Quantity: 21, Value: Rs.5092.5
2026-01-06 10:24:20,729 - __main__ - INFO - Order 11: Price: Rs.238.1, Trigger: Rs.237.9, Type: GTT ORDER, Fall: 10.00%, Quantity: 24, Value: Rs.5714.4
2026-01-06 10:24:31,816 - __main__ - INFO - Placing orders...
2026-01-06 10:24:31,817 - __main__ - INFO - Skipping order 1 - Market closed, AMO not supported
2026-01-06 10:24:31,817 - __main__ - INFO - Order 1 skipped successfully
2026-01-06 10:24:31,817 - __main__ - INFO - Placing GTT order 2 for WIPRO
2026-01-06 10:24:32,015 - __main__ - INFO - GTT order 2 placed successfully with trigger ID: 300846025
2026-01-06 10:24:32,015 - __main__ - INFO - Placing GTT order 3 for WIPRO
2026-01-06 10:24:32,202 - __main__ - INFO - GTT order 3 placed successfully with trigger ID: 300846029
2026-01-06 10:24:32,202 - __main__ - INFO - Placing GTT order 4 for WIPRO
2026-01-06 10:24:32,390 - __main__ - INFO - GTT order 4 placed successfully with trigger ID: 300846031
2026-01-06 10:24:32,390 - __main__ - INFO - Placing GTT order 5 for WIPRO
2026-01-06 10:24:32,587 - __main__ - INFO - GTT order 5 placed successfully with trigger ID: 300846034
2026-01-06 10:24:32,587 - __main__ - INFO - Placing GTT order 6 for WIPRO
2026-01-06 10:24:32,781 - __main__ - INFO - GTT order 6 placed successfully with trigger ID: 300846037
2026-01-06 10:24:32,781 - __main__ - INFO - Placing GTT order 7 for WIPRO
2026-01-06 10:24:32,966 - __main__ - INFO - GTT order 7 placed successfully with trigger ID: 300846039
2026-01-06 10:24:32,966 - __main__ - INFO - Placing GTT order 8 for WIPRO
2026-01-06 10:24:33,159 - __main__ - INFO - GTT order 8 placed successfully with trigger ID: 300846040
2026-01-06 10:24:33,159 - __main__ - INFO - Placing GTT order 9 for WIPRO
2026-01-06 10:24:33,349 - __main__ - INFO - GTT order 9 placed successfully with trigger ID: 300846043
2026-01-06 10:24:33,349 - __main__ - INFO - Placing GTT order 10 for WIPRO
2026-01-06 10:24:33,553 - __main__ - INFO - GTT order 10 placed successfully with trigger ID: 300846044
2026-01-06 10:24:33,553 - __main__ - INFO - Placing GTT order 11 for WIPRO
2026-01-06 10:24:33,747 - __main__ - INFO - GTT order 11 placed successfully with trigger ID: 300846045
2026-01-06 10:24:33,748 - __main__ - INFO - Order summary saved to workdir/orders/WIPRO_gtt_orders_20260106_102433.json
2026-01-06 10:24:33,748 - __main__ - INFO - Convex accumulation order scheduling process completed successfully
2026-01-06 10:29:59,778 - __main__ - INFO - Initializing GTT Sell Order Scheduler for WIPRO
2026-01-06 10:29:59,778 - __main__ - INFO - Target net profit: 1.0%
2026-01-06 10:29:59,778 - __main__ - INFO - Starting GTT sell order scheduling process
2026-01-06 10:29:59,906 - __main__ - INFO - Successfully connected to Kite Connect
2026-01-06 10:30:33,625 - __main__ - INFO - Placing GTT sell order...
2026-01-06 10:30:33,983 - __main__ - WARNING - Could not fetch current price: Insufficient permission for that call.
2026-01-06 10:30:34,078 - __main__ - INFO - GTT sell order placed successfully. Trigger ID: 300848390
2026-01-06 10:30:34,078 - __main__ - INFO - GTT sell order scheduling process completed successfully
2026-01-06 15:37:27,147 - __main__ - INFO - Initializing GTT Sell Order Scheduler for WIPRO
2026-01-06 15:37:27,148 - __main__ - INFO - Target net profit: 1.0%
2026-01-06 15:37:27,148 - __main__ - INFO - Starting GTT sell order scheduling process
2026-01-06 15:37:34,301 - __main__ - INFO - Successfully connected to Kite Connect
